Log file open, 10/31/19 21:30:00
LogWindows: Failed to load 'aqProf.dll' (GetLastError=126)
LogWindows: File 'aqProf.dll' does not exist
LogWindows: Failed to load 'VtuneApi.dll' (GetLastError=126)
LogWindows: File 'VtuneApi.dll' does not exist
LogWindows: Failed to load 'VtuneApi32e.dll' (GetLastError=126)
LogWindows: File 'VtuneApi32e.dll' does not exist
LogConsoleResponse: Display: Failed to find resolution value strings in scalability ini. Falling back to default.
LogInit: Display: Running engine for game: PlatformerTask
LogPakFile: Registered encryption key '00000000000000000000000000000000': 0 pak files mounted, 0 remain pending
LogPlatformFile: Not using cached read wrapper
LogTaskGraph: Started task graph with 5 named threads and 35 total threads with 3 sets of task threads.
LogStats: Stats thread started at 0.441307
LogD3D11RHI: Loaded GFSDK_Aftermath_Lib.x64.dll
LogICUInternationalization: ICU TimeZone Detection - Raw Offset: +10:00, Platform Override: ''
LogPluginManager: Mounting plugin Paper2D
LogPluginManager: Mounting plugin AISupport
LogPluginManager: Mounting plugin LightPropagationVolume
LogPluginManager: Mounting plugin ActorLayerUtilities
LogPluginManager: Mounting plugin AnimationSharing
LogPluginManager: Mounting plugin CLionSourceCodeAccess
LogPluginManager: Mounting plugin CodeLiteSourceCodeAccess
LogPluginManager: Mounting plugin GitSourceControl
LogPluginManager: Mounting plugin KDevelopSourceCodeAccess
LogPluginManager: Mounting plugin NullSourceCodeAccess
LogPluginManager: Mounting plugin PerforceSourceControl
LogPluginManager: Mounting plugin SubversionSourceControl
LogPluginManager: Mounting plugin UObjectPlugin
LogPluginManager: Mounting plugin VisualStudioCodeSourceCodeAccess
LogPluginManager: Mounting plugin VisualStudioSourceCodeAccess
LogPluginManager: Mounting plugin XCodeSourceCodeAccess
LogPluginManager: Mounting plugin AssetManagerEditor
LogPluginManager: Mounting plugin CryptoKeys
LogPluginManager: Mounting plugin DataValidation
LogPluginManager: Mounting plugin FacialAnimation
LogPluginManager: Mounting plugin GameplayTagsEditor
LogPluginManager: Mounting plugin MacGraphicsSwitching
LogPluginManager: Mounting plugin MaterialAnalyzer
LogPluginManager: Mounting plugin MobileLauncherProfileWizard
LogPluginManager: Mounting plugin PluginBrowser
LogPluginManager: Mounting plugin SpeedTreeImporter
LogPluginManager: Mounting plugin DatasmithContent
LogPluginManager: Mounting plugin VariantManagerContent
LogPluginManager: Mounting plugin AlembicImporter
LogPluginManager: Mounting plugin AppleImageUtils
LogPluginManager: Mounting plugin AppleVision
LogPluginManager: Mounting plugin BackChannel
LogPluginManager: Mounting plugin CharacterAI
LogPluginManager: Mounting plugin GeometryCache
LogPluginManager: Mounting plugin HTML5Networking
LogPluginManager: Mounting plugin ProxyLODPlugin
LogPluginManager: Mounting plugin SkeletalReduction
LogPluginManager: Mounting plugin MagicLeap
LogPluginManager: Mounting plugin MagicLeapMedia
LogPluginManager: Mounting plugin AndroidMedia
LogPluginManager: Mounting plugin AvfMedia
LogPluginManager: Mounting plugin ImgMedia
LogPluginManager: Mounting plugin LinearTimecode
LogPluginManager: Mounting plugin MediaCompositing
LogPluginManager: Mounting plugin MediaPlayerEditor
LogPluginManager: Mounting plugin WebMMedia
LogPluginManager: Mounting plugin WmfMedia
LogPluginManager: Mounting plugin TcpMessaging
LogPluginManager: Mounting plugin UdpMessaging
LogPluginManager: Mounting plugin ActorSequence
LogPluginManager: Mounting plugin LevelSequenceEditor
LogPluginManager: Mounting plugin MatineeToLevelSequence
LogPluginManager: Mounting plugin NetcodeUnitTest
LogPluginManager: Mounting plugin NUTUnrealEngine4
LogPluginManager: Mounting plugin OnlineSubsystemGooglePlay
LogPluginManager: Mounting plugin OnlineSubsystemIOS
LogPluginManager: Mounting plugin OnlineSubsystem
LogPluginManager: Mounting plugin OnlineSubsystemNull
LogPluginManager: Mounting plugin OnlineSubsystemUtils
LogPluginManager: Mounting plugin LauncherChunkInstaller
LogPluginManager: Mounting plugin AndroidDeviceProfileSelector
LogPluginManager: Mounting plugin AndroidMoviePlayer
LogPluginManager: Mounting plugin AndroidPermission
LogPluginManager: Mounting plugin AppleMoviePlayer
LogPluginManager: Mounting plugin ArchVisCharacter
LogPluginManager: Mounting plugin AudioCapture
LogPluginManager: Mounting plugin CableComponent
LogPluginManager: Mounting plugin CustomMeshComponent
LogPluginManager: Mounting plugin EditableMesh
LogPluginManager: Mounting plugin ExampleDeviceProfileSelector
LogPluginManager: Mounting plugin Firebase
LogPluginManager: Mounting plugin GoogleCloudMessaging
LogPluginManager: Mounting plugin IOSDeviceProfileSelector
LogPluginManager: Mounting plugin LinuxDeviceProfileSelector
LogPluginManager: Mounting plugin LocationServicesBPLibrary
LogPluginManager: Mounting plugin MobilePatchingUtils
LogPluginManager: Mounting plugin OculusVR
LogPluginManager: Mounting plugin PhysXVehicles
LogPluginManager: Mounting plugin ProceduralMeshComponent
LogPluginManager: Mounting plugin RuntimePhysXCooking
LogPluginManager: Mounting plugin SignificanceManager
LogPluginManager: Mounting plugin SteamVR
LogPluginManager: Mounting plugin WebMMoviePlayer
LogPluginManager: Mounting plugin WindowsMoviePlayer
LogInit: Using libcurl 7.55.1-DEV
LogInit:  - built for x86_64-pc-win32
LogInit:  - supports SSL with OpenSSL/1.1.1
LogInit:  - supports HTTP deflate (compression) using libz 1.2.8
LogInit:  - other features:
LogInit:      CURL_VERSION_SSL
LogInit:      CURL_VERSION_LIBZ
LogInit:      CURL_VERSION_IPV6
LogInit:      CURL_VERSION_ASYNCHDNS
LogInit:      CURL_VERSION_LARGEFILE
LogInit:      CURL_VERSION_IDN
LogInit:  CurlRequestOptions (configurable via config and command line):
LogInit:  - bVerifyPeer = true  - Libcurl will verify peer certificate
LogInit:  - bUseHttpProxy = false  - Libcurl will NOT use HTTP proxy
LogInit:  - bDontReuseConnections = false  - Libcurl will reuse connections
LogInit:  - MaxHostConnections = 16  - Libcurl will limit the number of connections to a host
LogInit:  - LocalHostAddr = Default
LogInit:  - BufferSize = 65536
LogInit: WinSock: version 1.1 (2.2), MaxSocks=32767, MaxUdp=65467
LogInit: Build: ++UE4+Release-4.22-CL-7053642
LogInit: Engine Version: 4.22.3-7053642+++UE4+Release-4.22
LogInit: Compatible Engine Version: 4.22.0-5660361+++UE4+Release-4.22
LogInit: Net CL: 5660361
LogInit: OS: Windows 10 (Release 1903) (), CPU: Intel(R) Core(TM) i7-8750H CPU @ 2.20GHz, GPU: Intel(R) UHD Graphics 630
LogInit: Compiled (64-bit): Jun 18 2019 03:09:11
LogInit: Compiled with Visual C++: 19.16.27025.01
LogInit: Build Configuration: Development
LogInit: Branch Name: ++UE4+Release-4.22
LogInit: Command Line:  -EpicPortal -epicusername=EllaniMai -epicuserid=e3fc7ebc0dd94a948bf96baf5b37e0ef -epiclocale=en-US
LogInit: Base Directory: C:/Users/ellan/Desktop/UE_4.22/Engine/Binaries/Win64/
LogInit: Installed Engine Build: 1
LogDevObjectVersion: Number of dev versions registered: 23
LogDevObjectVersion:   Dev-Blueprints (B0D832E4-1F89-4F0D-ACCF-7EB736FD4AA2): 10
LogDevObjectVersion:   Dev-Build (E1C64328-A22C-4D53-A36C-8E866417BD8C): 0
LogDevObjectVersion:   Dev-Core (375EC13C-06E4-48FB-B500-84F0262A717E): 3
LogDevObjectVersion:   Dev-Editor (E4B068ED-F494-42E9-A231-DA0B2E46BB41): 30
LogDevObjectVersion:   Dev-Framework (CFFC743F-43B0-4480-9391-14DF171D2073): 35
LogDevObjectVersion:   Dev-Mobile (B02B49B5-BB20-44E9-A304-32B752E40360): 2
LogDevObjectVersion:   Dev-Networking (A4E4105C-59A1-49B5-A7C5-40C4547EDFEE): 0
LogDevObjectVersion:   Dev-Online (39C831C9-5AE6-47DC-9A44-9C173E1C8E7C): 0
LogDevObjectVersion:   Dev-Physics (78F01B33-EBEA-4F98-B9B4-84EACCB95AA2): 0
LogDevObjectVersion:   Dev-Platform (6631380F-2D4D-43E0-8009-CF276956A95A): 0
LogDevObjectVersion:   Dev-Rendering (12F88B9F-8875-4AFC-A67C-D90C383ABD29): 28
LogDevObjectVersion:   Dev-Sequencer (7B5AE74C-D270-4C10-A958-57980B212A5A): 11
LogDevObjectVersion:   Dev-VR (D7296918-1DD6-4BDD-9DE2-64A83CC13884): 2
LogDevObjectVersion:   Dev-LoadTimes (C2A15278-BFE7-4AFE-6C17-90FF531DF755): 1
LogDevObjectVersion:   Private-Geometry (6EACA3D4-40EC-4CC1-B786-8BED09428FC5): 3
LogDevObjectVersion:   Dev-AnimPhys (29E575DD-E0A3-4627-9D10-D276232CDCEA): 17
LogDevObjectVersion:   Dev-Anim (AF43A65D-7FD3-4947-9873-3E8ED9C1BB05): 2
LogDevObjectVersion:   Dev-ReflectionCapture (6B266CEC-1EC7-4B8F-A30B-E4D90942FC07): 1
LogDevObjectVersion:   Dev-Automation (0DF73D61-A23F-47EA-B727-89E90C41499A): 1
LogDevObjectVersion:   FortniteMain (601D1886-AC64-4F84-AA16-D3DE0DEAC7D6): 25
LogDevObjectVersion:   Dev-Enterprise (9DFFBCD6-494F-0158-E221-12823C92A888): 6
LogDevObjectVersion:   Dev-Niagara (F2AED0AC-9AFE-416F-8664-AA7FFA26D6FC): 1
LogDevObjectVersion:   Dev-Destruction (174F1F0B-B4C6-45A5-B13F-2EE8D0FB917D): 2
LogInit: Presizing for max 16777216 objects, including 0 objects not considered by GC, pre-allocating 0 bytes for permanent pool.
LogInit: Object subsystem initialized
LogConfig: Setting CVar [[con.DebugEarlyDefault:1]]
LogConfig: Setting CVar [[r.setres:1280x720]]
[2019.10.31-10.30.00:848][  0]LogConfig: Setting CVar [[r.VSync:0]]
[2019.10.31-10.30.00:848][  0]LogConfig: Setting CVar [[r.RHICmdBypass:0]]
[2019.10.31-10.30.00:848][  0]LogConfig: Applying CVar settings from Section [/Script/Engine.RendererSettings] File [C:/Users/ellan/Documents/GitHub/3D-Platformer/PlatformerTask/Saved/Config/Windows/Engine.ini]
[2019.10.31-10.30.00:848][  0]LogConfig: Setting CVar [[r.GPUCrashDebugging:0]]
[2019.10.31-10.30.00:848][  0]LogConfig: Applying CVar settings from Section [/Script/Engine.RendererOverrideSettings] File [C:/Users/ellan/Documents/GitHub/3D-Platformer/PlatformerTask/Saved/Config/Windows/Engine.ini]
[2019.10.31-10.30.00:848][  0]LogConfig: Applying CVar settings from Section [/Script/Engine.StreamingSettings] File [C:/Users/ellan/Documents/GitHub/3D-Platformer/PlatformerTask/Saved/Config/Windows/Engine.ini]
[2019.10.31-10.30.00:848][  0]LogConfig: Setting CVar [[s.MinBulkDataSizeForAsyncLoading:131072]]
[2019.10.31-10.30.00:848][  0]LogConfig: Setting CVar [[s.AsyncLoadingThreadEnabled:0]]
[2019.10.31-10.30.00:848][  0]LogConfig: Setting CVar [[s.EventDrivenLoaderEnabled:1]]
[2019.10.31-10.30.00:848][  0]LogConfig: Setting CVar [[s.WarnIfTimeLimitExceeded:0]]
[2019.10.31-10.30.00:848][  0]LogConfig: Setting CVar [[s.TimeLimitExceededMultiplier:1.5]]
[2019.10.31-10.30.00:849][  0]LogConfig: Setting CVar [[s.TimeLimitExceededMinTime:0.005]]
[2019.10.31-10.30.00:849][  0]LogConfig: Setting CVar [[s.UseBackgroundLevelStreaming:1]]
[2019.10.31-10.30.00:850][  0]LogConfig: Setting CVar [[s.PriorityAsyncLoadingExtraTime:15.0]]
[2019.10.31-10.30.00:850][  0]LogConfig: Setting CVar [[s.LevelStreamingActorsUpdateTimeLimit:5.0]]
[2019.10.31-10.30.00:850][  0]LogConfig: Setting CVar [[s.PriorityLevelStreamingActorsUpdateExtraTime:5.0]]
[2019.10.31-10.30.00:850][  0]LogConfig: Setting CVar [[s.LevelStreamingComponentsRegistrationGranularity:10]]
[2019.10.31-10.30.00:850][  0]LogConfig: Setting CVar [[s.UnregisterComponentsTimeLimit:1.0]]
[2019.10.31-10.30.00:850][  0]LogConfig: Setting CVar [[s.LevelStreamingComponentsUnregistrationGranularity:5]]
[2019.10.31-10.30.00:850][  0]LogConfig: Applying CVar settings from Section [/Script/Engine.GarbageCollectionSettings] File [C:/Users/ellan/Documents/GitHub/3D-Platformer/PlatformerTask/Saved/Config/Windows/Engine.ini]
[2019.10.31-10.30.00:850][  0]LogConfig: Setting CVar [[gc.MaxObjectsNotConsideredByGC:1]]
[2019.10.31-10.30.00:850][  0]LogConfig: Setting CVar [[gc.SizeOfPermanentObjectPool:0]]
[2019.10.31-10.30.00:850][  0]LogConfig: Setting CVar [[gc.FlushStreamingOnGC:0]]
[2019.10.31-10.30.00:850][  0]LogConfig: Setting CVar [[gc.NumRetriesBeforeForcingGC:10]]
[2019.10.31-10.30.00:850][  0]LogConfig: Setting CVar [[gc.AllowParallelGC:1]]
[2019.10.31-10.30.00:850][  0]LogConfig: Setting CVar [[gc.TimeBetweenPurgingPendingKillObjects:61.1]]
[2019.10.31-10.30.00:850][  0]LogConfig: Setting CVar [[gc.MaxObjectsInEditor:16777216]]
[2019.10.31-10.30.00:850][  0]LogConfig: Setting CVar [[gc.IncrementalBeginDestroyEnabled:1]]
[2019.10.31-10.30.00:850][  0]LogConfig: Setting CVar [[gc.CreateGCClusters:1]]
[2019.10.31-10.30.00:850][  0]LogConfig: Setting CVar [[gc.MinGCClusterSize:5]]
[2019.10.31-10.30.00:850][  0]LogConfig: Setting CVar [[gc.ActorClusteringEnabled:0]]
[2019.10.31-10.30.00:850][  0]LogConfig: Setting CVar [[gc.BlueprintClusteringEnabled:0]]
[2019.10.31-10.30.00:850][  0]LogConfig: Setting CVar [[gc.UseDisregardForGCOnDedicatedServers:0]]
[2019.10.31-10.30.00:850][  0]LogConfig: Applying CVar settings from Section [/Script/Engine.NetworkSettings] File [C:/Users/ellan/Documents/GitHub/3D-Platformer/PlatformerTask/Saved/Config/Windows/Engine.ini]
[2019.10.31-10.30.00:850][  0]LogConfig: Applying CVar settings from Section [/Script/UnrealEd.CookerSettings] File [C:/Users/ellan/Documents/GitHub/3D-Platformer/PlatformerTask/Saved/Config/Windows/Engine.ini]
[2019.10.31-10.30.00:861][  0]LogConfig: Applying CVar settings from Section [ViewDistanceQuality@3] File [C:/Users/ellan/Documents/GitHub/3D-Platformer/PlatformerTask/Saved/Config/Windows/Scalability.ini]
[2019.10.31-10.30.00:861][  0]LogConfig: Setting CVar [[r.SkeletalMeshLODBias:0]]
[2019.10.31-10.30.00:861][  0]LogConfig: Setting CVar [[r.ViewDistanceScale:1.0]]
[2019.10.31-10.30.00:861][  0]LogConfig: Applying CVar settings from Section [AntiAliasingQuality@3] File [C:/Users/ellan/Documents/GitHub/3D-Platformer/PlatformerTask/Saved/Config/Windows/Scalability.ini]
[2019.10.31-10.30.00:861][  0]LogConfig: Setting CVar [[r.PostProcessAAQuality:4]]
[2019.10.31-10.30.00:861][  0]LogConfig: Applying CVar settings from Section [ShadowQuality@3] File [C:/Users/ellan/Documents/GitHub/3D-Platformer/PlatformerTask/Saved/Config/Windows/Scalability.ini]
[2019.10.31-10.30.00:861][  0]LogConfig: Setting CVar [[r.LightFunctionQuality:1]]
[2019.10.31-10.30.00:862][  0]LogConfig: Setting CVar [[r.ShadowQuality:5]]
[2019.10.31-10.30.00:862][  0]LogConfig: Setting CVar [[r.Shadow.CSM.MaxCascades:10]]
[2019.10.31-10.30.00:862][  0]LogConfig: Setting CVar [[r.Shadow.MaxResolution:2048]]
[2019.10.31-10.30.00:862][  0]LogConfig: Setting CVar [[r.Shadow.MaxCSMResolution:2048]]
[2019.10.31-10.30.00:862][  0]LogConfig: Setting CVar [[r.Shadow.RadiusThreshold:0.01]]
[2019.10.31-10.30.00:862][  0]LogConfig: Setting CVar [[r.Shadow.DistanceScale:1.0]]
[2019.10.31-10.30.00:862][  0]LogConfig: Setting CVar [[r.Shadow.CSM.TransitionScale:1.0]]
[2019.10.31-10.30.00:862][  0]LogConfig: Setting CVar [[r.Shadow.PreShadowResolutionFactor:1.0]]
[2019.10.31-10.30.00:862][  0]LogConfig: Setting CVar [[r.DistanceFieldShadowing:1]]
[2019.10.31-10.30.00:862][  0]LogConfig: Setting CVar [[r.DistanceFieldAO:1]]
[2019.10.31-10.30.00:862][  0]LogConfig: Setting CVar [[r.AOQuality:2]]
[2019.10.31-10.30.00:862][  0]LogConfig: Setting CVar [[r.VolumetricFog:1]]
[2019.10.31-10.30.00:862][  0]LogConfig: Setting CVar [[r.VolumetricFog.GridPixelSize:8]]
[2019.10.31-10.30.00:862][  0]LogConfig: Setting CVar [[r.VolumetricFog.GridSizeZ:128]]
[2019.10.31-10.30.00:862][  0]LogConfig: Setting CVar [[r.VolumetricFog.HistoryMissSupersampleCount:4]]
[2019.10.31-10.30.00:862][  0]LogConfig: Setting CVar [[r.LightMaxDrawDistanceScale:1]]
[2019.10.31-10.30.00:862][  0]LogConfig: Setting CVar [[r.CapsuleShadows:1]]
[2019.10.31-10.30.00:863][  0]LogConfig: Applying CVar settings from Section [PostProcessQuality@3] File [C:/Users/ellan/Documents/GitHub/3D-Platformer/PlatformerTask/Saved/Config/Windows/Scalability.ini]
[2019.10.31-10.30.00:863][  0]LogConfig: Setting CVar [[r.MotionBlurQuality:4]]
[2019.10.31-10.30.00:863][  0]LogConfig: Setting CVar [[r.AmbientOcclusionMipLevelFactor:0.4]]
[2019.10.31-10.30.00:863][  0]LogConfig: Setting CVar [[r.AmbientOcclusionMaxQuality:100]]
[2019.10.31-10.30.00:863][  0]LogConfig: Setting CVar [[r.AmbientOcclusionLevels:-1]]
[2019.10.31-10.30.00:863][  0]LogConfig: Setting CVar [[r.AmbientOcclusionRadiusScale:1.0]]
[2019.10.31-10.30.00:863][  0]LogConfig: Setting CVar [[r.DepthOfFieldQuality:2]]
[2019.10.31-10.30.00:863][  0]LogConfig: Setting CVar [[r.RenderTargetPoolMin:400]]
[2019.10.31-10.30.00:863][  0]LogConfig: Setting CVar [[r.LensFlareQuality:2]]
[2019.10.31-10.30.00:863][  0]LogConfig: Setting CVar [[r.SceneColorFringeQuality:1]]
[2019.10.31-10.30.00:863][  0]LogConfig: Setting CVar [[r.EyeAdaptationQuality:2]]
[2019.10.31-10.30.00:863][  0]LogConfig: Setting CVar [[r.BloomQuality:5]]
[2019.10.31-10.30.00:863][  0]LogConfig: Setting CVar [[r.FastBlurThreshold:100]]
[2019.10.31-10.30.00:863][  0]LogConfig: Setting CVar [[r.Upscale.Quality:3]]
[2019.10.31-10.30.00:863][  0]LogConfig: Setting CVar [[r.Tonemapper.GrainQuantization:1]]
[2019.10.31-10.30.00:863][  0]LogConfig: Setting CVar [[r.LightShaftQuality:1]]
[2019.10.31-10.30.00:863][  0]LogConfig: Setting CVar [[r.Filter.SizeScale:1]]
[2019.10.31-10.30.00:863][  0]LogConfig: Setting CVar [[r.Tonemapper.Quality:5]]
[2019.10.31-10.30.00:863][  0]LogConfig: Setting CVar [[r.DOF.Gather.AccumulatorQuality:1        ; higher gathering accumulator quality]]
[2019.10.31-10.30.00:864][  0]LogConfig: Setting CVar [[r.DOF.Gather.PostfilterMethod:1          ; Median3x3 postfilering method]]
[2019.10.31-10.30.00:864][  0]LogConfig: Setting CVar [[r.DOF.Gather.EnableBokehSettings:0       ; no bokeh simulation when gathering]]
[2019.10.31-10.30.00:864][  0]LogConfig: Setting CVar [[r.DOF.Gather.RingCount:4                 ; medium number of samples when gathering]]
[2019.10.31-10.30.00:864][  0]LogConfig: Setting CVar [[r.DOF.Scatter.ForegroundCompositing:1    ; additive foreground scattering]]
[2019.10.31-10.30.00:864][  0]LogConfig: Setting CVar [[r.DOF.Scatter.BackgroundCompositing:2    ; additive background scattering]]
[2019.10.31-10.30.00:864][  0]LogConfig: Setting CVar [[r.DOF.Scatter.EnableBokehSettings:1      ; bokeh simulation when scattering]]
[2019.10.31-10.30.00:864][  0]LogConfig: Setting CVar [[r.DOF.Scatter.MaxSpriteRatio:0.1         ; only a maximum of 10% of scattered bokeh]]
[2019.10.31-10.30.00:864][  0]LogConfig: Setting CVar [[r.DOF.Recombine.Quality:1                ; cheap slight out of focus]]
[2019.10.31-10.30.00:864][  0]LogConfig: Setting CVar [[r.DOF.Recombine.EnableBokehSettings:0    ; no bokeh simulation on slight out of focus]]
[2019.10.31-10.30.00:864][  0]LogConfig: Setting CVar [[r.DOF.TemporalAAQuality:1                ; more stable temporal accumulation]]
[2019.10.31-10.30.00:864][  0]LogConfig: Setting CVar [[r.DOF.Kernel.MaxForegroundRadius:0.025]]
[2019.10.31-10.30.00:864][  0]LogConfig: Setting CVar [[r.DOF.Kernel.MaxBackgroundRadius:0.025]]
[2019.10.31-10.30.00:864][  0]LogConfig: Applying CVar settings from Section [TextureQuality@3] File [C:/Users/ellan/Documents/GitHub/3D-Platformer/PlatformerTask/Saved/Config/Windows/Scalability.ini]
[2019.10.31-10.30.00:864][  0]LogConfig: Setting CVar [[r.Streaming.MipBias:0]]
[2019.10.31-10.30.00:864][  0]LogConfig: Setting CVar [[r.Streaming.AmortizeCPUToGPUCopy:0]]
[2019.10.31-10.30.00:864][  0]LogConfig: Setting CVar [[r.Streaming.MaxNumTexturesToStreamPerFrame:0]]
[2019.10.31-10.30.00:864][  0]LogConfig: Setting CVar [[r.Streaming.Boost:1]]
[2019.10.31-10.30.00:864][  0]LogConfig: Setting CVar [[r.MaxAnisotropy:8]]
[2019.10.31-10.30.00:865][  0]LogConfig: Setting CVar [[r.Streaming.LimitPoolSizeToVRAM:0]]
[2019.10.31-10.30.00:865][  0]LogConfig: Setting CVar [[r.Streaming.PoolSize:1000]]
[2019.10.31-10.30.00:865][  0]LogConfig: Setting CVar [[r.Streaming.MaxEffectiveScreenSize:0]]
[2019.10.31-10.30.00:865][  0]LogConfig: Applying CVar settings from Section [EffectsQuality@3] File [C:/Users/ellan/Documents/GitHub/3D-Platformer/PlatformerTask/Saved/Config/Windows/Scalability.ini]
[2019.10.31-10.30.00:865][  0]LogConfig: Setting CVar [[r.TranslucencyLightingVolumeDim:64]]
[2019.10.31-10.30.00:865][  0]LogConfig: Setting CVar [[r.RefractionQuality:2]]
[2019.10.31-10.30.00:865][  0]LogConfig: Setting CVar [[r.SSR.Quality:3]]
[2019.10.31-10.30.00:865][  0]LogConfig: Setting CVar [[r.SceneColorFormat:4]]
[2019.10.31-10.30.00:865][  0]LogConfig: Setting CVar [[r.DetailMode:2]]
[2019.10.31-10.30.00:865][  0]LogConfig: Setting CVar [[r.TranslucencyVolumeBlur:1]]
[2019.10.31-10.30.00:865][  0]LogConfig: Setting CVar [[r.MaterialQualityLevel:1 ; High quality]]
[2019.10.31-10.30.00:865][  0]LogConfig: Setting CVar [[r.SSS.Scale:1]]
[2019.10.31-10.30.00:865][  0]LogConfig: Setting CVar [[r.SSS.SampleSet:2]]
[2019.10.31-10.30.00:865][  0]LogConfig: Setting CVar [[r.SSS.Quality:1]]
[2019.10.31-10.30.00:865][  0]LogConfig: Setting CVar [[r.SSS.HalfRes:1]]
[2019.10.31-10.30.00:865][  0]LogConfig: Setting CVar [[r.EmitterSpawnRateScale:1.0]]
[2019.10.31-10.30.00:865][  0]LogConfig: Setting CVar [[r.ParticleLightQuality:2]]
[2019.10.31-10.30.00:865][  0]LogConfig: Applying CVar settings from Section [FoliageQuality@3] File [C:/Users/ellan/Documents/GitHub/3D-Platformer/PlatformerTask/Saved/Config/Windows/Scalability.ini]
[2019.10.31-10.30.00:865][  0]LogConfig: Setting CVar [[foliage.DensityScale:1.0]]
[2019.10.31-10.30.00:866][  0]LogConfig: Setting CVar [[grass.DensityScale:1.0]]
[2019.10.31-10.30.00:866][  0]LogInit: Selected Device Profile: [Windows]
[2019.10.31-10.30.00:866][  0]LogInit: Applying CVar settings loaded from the selected device profile: [Windows]
[2019.10.31-10.30.00:903][  0]LogHAL: Display: Platform has ~ 16 GB [17016786944 / 17179869184 / 16], which maps to Larger [LargestMinGB=32, LargerMinGB=12, DefaultMinGB=8, SmallerMinGB=6, SmallestMinGB=0)
[2019.10.31-10.30.00:903][  0]LogConfig: Setting CVar [[r.Vulkan.UseRealUBs:0		; Required until we fix HLR fall-out]]
[2019.10.31-10.30.00:903][  0]LogInit: Going up to parent DeviceProfile []
[2019.10.31-10.30.00:903][  0]LogConfig: Applying CVar settings from Section [ViewDistanceQuality@3] File [C:/Users/ellan/Documents/GitHub/3D-Platformer/PlatformerTask/Saved/Config/Windows/Scalability.ini]
[2019.10.31-10.30.00:903][  0]LogConfig: Setting CVar [[r.SkeletalMeshLODBias:0]]
[2019.10.31-10.30.00:903][  0]LogConfig: Setting CVar [[r.ViewDistanceScale:1.0]]
[2019.10.31-10.30.00:903][  0]LogConfig: Applying CVar settings from Section [AntiAliasingQuality@3] File [C:/Users/ellan/Documents/GitHub/3D-Platformer/PlatformerTask/Saved/Config/Windows/Scalability.ini]
[2019.10.31-10.30.00:903][  0]LogConfig: Setting CVar [[r.PostProcessAAQuality:4]]
[2019.10.31-10.30.00:903][  0]LogConfig: Applying CVar settings from Section [ShadowQuality@3] File [C:/Users/ellan/Documents/GitHub/3D-Platformer/PlatformerTask/Saved/Config/Windows/Scalability.ini]
[2019.10.31-10.30.00:903][  0]LogConfig: Setting CVar [[r.LightFunctionQuality:1]]
[2019.10.31-10.30.00:903][  0]LogConfig: Setting CVar [[r.ShadowQuality:5]]
[2019.10.31-10.30.00:903][  0]LogConfig: Setting CVar [[r.Shadow.CSM.MaxCascades:10]]
[2019.10.31-10.30.00:904][  0]LogConfig: Setting CVar [[r.Shadow.MaxResolution:2048]]
[2019.10.31-10.30.00:904][  0]LogConfig: Setting CVar [[r.Shadow.MaxCSMResolution:2048]]
[2019.10.31-10.30.00:904][  0]LogConfig: Setting CVar [[r.Shadow.RadiusThreshold:0.01]]
[2019.10.31-10.30.00:904][  0]LogConfig: Setting CVar [[r.Shadow.DistanceScale:1.0]]
[2019.10.31-10.30.00:904][  0]LogConfig: Setting CVar [[r.Shadow.CSM.TransitionScale:1.0]]
[2019.10.31-10.30.00:904][  0]LogConfig: Setting CVar [[r.Shadow.PreShadowResolutionFactor:1.0]]
[2019.10.31-10.30.00:904][  0]LogConfig: Setting CVar [[r.DistanceFieldShadowing:1]]
[2019.10.31-10.30.00:904][  0]LogConfig: Setting CVar [[r.DistanceFieldAO:1]]
[2019.10.31-10.30.00:904][  0]LogConfig: Setting CVar [[r.AOQuality:2]]
[2019.10.31-10.30.00:904][  0]LogConfig: Setting CVar [[r.VolumetricFog:1]]
[2019.10.31-10.30.00:904][  0]LogConfig: Setting CVar [[r.VolumetricFog.GridPixelSize:8]]
[2019.10.31-10.30.00:904][  0]LogConfig: Setting CVar [[r.VolumetricFog.GridSizeZ:128]]
[2019.10.31-10.30.00:904][  0]LogConfig: Setting CVar [[r.VolumetricFog.HistoryMissSupersampleCount:4]]
[2019.10.31-10.30.00:904][  0]LogConfig: Setting CVar [[r.LightMaxDrawDistanceScale:1]]
[2019.10.31-10.30.00:904][  0]LogConfig: Setting CVar [[r.CapsuleShadows:1]]
[2019.10.31-10.30.00:904][  0]LogConfig: Applying CVar settings from Section [PostProcessQuality@3] File [C:/Users/ellan/Documents/GitHub/3D-Platformer/PlatformerTask/Saved/Config/Windows/Scalability.ini]
[2019.10.31-10.30.00:904][  0]LogConfig: Setting CVar [[r.MotionBlurQuality:4]]
[2019.10.31-10.30.00:904][  0]LogConfig: Setting CVar [[r.AmbientOcclusionMipLevelFactor:0.4]]
[2019.10.31-10.30.00:904][  0]LogConfig: Setting CVar [[r.AmbientOcclusionMaxQuality:100]]
[2019.10.31-10.30.00:904][  0]LogConfig: Setting CVar [[r.AmbientOcclusionLevels:-1]]
[2019.10.31-10.30.00:905][  0]LogConfig: Setting CVar [[r.AmbientOcclusionRadiusScale:1.0]]
[2019.10.31-10.30.00:905][  0]LogConfig: Setting CVar [[r.DepthOfFieldQuality:2]]
[2019.10.31-10.30.00:905][  0]LogConfig: Setting CVar [[r.RenderTargetPoolMin:400]]
[2019.10.31-10.30.00:905][  0]LogConfig: Setting CVar [[r.LensFlareQuality:2]]
[2019.10.31-10.30.00:905][  0]LogConfig: Setting CVar [[r.SceneColorFringeQuality:1]]
[2019.10.31-10.30.00:905][  0]LogConfig: Setting CVar [[r.EyeAdaptationQuality:2]]
[2019.10.31-10.30.00:905][  0]LogConfig: Setting CVar [[r.BloomQuality:5]]
[2019.10.31-10.30.00:905][  0]LogConfig: Setting CVar [[r.FastBlurThreshold:100]]
[2019.10.31-10.30.00:905][  0]LogConfig: Setting CVar [[r.Upscale.Quality:3]]
[2019.10.31-10.30.00:905][  0]LogConfig: Setting CVar [[r.Tonemapper.GrainQuantization:1]]
[2019.10.31-10.30.00:905][  0]LogConfig: Setting CVar [[r.LightShaftQuality:1]]
[2019.10.31-10.30.00:905][  0]LogConfig: Setting CVar [[r.Filter.SizeScale:1]]
[2019.10.31-10.30.00:905][  0]LogConfig: Setting CVar [[r.Tonemapper.Quality:5]]
[2019.10.31-10.30.00:905][  0]LogConfig: Setting CVar [[r.DOF.Gather.AccumulatorQuality:1        ; higher gathering accumulator quality]]
[2019.10.31-10.30.00:905][  0]LogConfig: Setting CVar [[r.DOF.Gather.PostfilterMethod:1          ; Median3x3 postfilering method]]
[2019.10.31-10.30.00:905][  0]LogConfig: Setting CVar [[r.DOF.Gather.EnableBokehSettings:0       ; no bokeh simulation when gathering]]
[2019.10.31-10.30.00:905][  0]LogConfig: Setting CVar [[r.DOF.Gather.RingCount:4                 ; medium number of samples when gathering]]
[2019.10.31-10.30.00:906][  0]LogConfig: Setting CVar [[r.DOF.Scatter.ForegroundCompositing:1    ; additive foreground scattering]]
[2019.10.31-10.30.00:906][  0]LogConfig: Setting CVar [[r.DOF.Scatter.BackgroundCompositing:2    ; additive background scattering]]
[2019.10.31-10.30.00:906][  0]LogConfig: Setting CVar [[r.DOF.Scatter.EnableBokehSettings:1      ; bokeh simulation when scattering]]
[2019.10.31-10.30.00:906][  0]LogConfig: Setting CVar [[r.DOF.Scatter.MaxSpriteRatio:0.1         ; only a maximum of 10% of scattered bokeh]]
[2019.10.31-10.30.00:906][  0]LogConfig: Setting CVar [[r.DOF.Recombine.Quality:1                ; cheap slight out of focus]]
[2019.10.31-10.30.00:906][  0]LogConfig: Setting CVar [[r.DOF.Recombine.EnableBokehSettings:0    ; no bokeh simulation on slight out of focus]]
[2019.10.31-10.30.00:906][  0]LogConfig: Setting CVar [[r.DOF.TemporalAAQuality:1                ; more stable temporal accumulation]]
[2019.10.31-10.30.00:906][  0]LogConfig: Setting CVar [[r.DOF.Kernel.MaxForegroundRadius:0.025]]
[2019.10.31-10.30.00:906][  0]LogConfig: Setting CVar [[r.DOF.Kernel.MaxBackgroundRadius:0.025]]
[2019.10.31-10.30.00:906][  0]LogConfig: Applying CVar settings from Section [TextureQuality@3] File [C:/Users/ellan/Documents/GitHub/3D-Platformer/PlatformerTask/Saved/Config/Windows/Scalability.ini]
[2019.10.31-10.30.00:906][  0]LogConfig: Setting CVar [[r.Streaming.MipBias:0]]
[2019.10.31-10.30.00:906][  0]LogConfig: Setting CVar [[r.Streaming.AmortizeCPUToGPUCopy:0]]
[2019.10.31-10.30.00:906][  0]LogConfig: Setting CVar [[r.Streaming.MaxNumTexturesToStreamPerFrame:0]]
[2019.10.31-10.30.00:906][  0]LogConfig: Setting CVar [[r.Streaming.Boost:1]]
[2019.10.31-10.30.00:906][  0]LogConfig: Setting CVar [[r.MaxAnisotropy:8]]
[2019.10.31-10.30.00:906][  0]LogConfig: Setting CVar [[r.Streaming.LimitPoolSizeToVRAM:0]]
[2019.10.31-10.30.00:906][  0]LogConfig: Setting CVar [[r.Streaming.PoolSize:1000]]
[2019.10.31-10.30.00:906][  0]LogConfig: Setting CVar [[r.Streaming.MaxEffectiveScreenSize:0]]
[2019.10.31-10.30.00:907][  0]LogConfig: Applying CVar settings from Section [EffectsQuality@3] File [C:/Users/ellan/Documents/GitHub/3D-Platformer/PlatformerTask/Saved/Config/Windows/Scalability.ini]
[2019.10.31-10.30.00:907][  0]LogConfig: Setting CVar [[r.TranslucencyLightingVolumeDim:64]]
[2019.10.31-10.30.00:907][  0]LogConfig: Setting CVar [[r.RefractionQuality:2]]
[2019.10.31-10.30.00:907][  0]LogConfig: Setting CVar [[r.SSR.Quality:3]]
[2019.10.31-10.30.00:907][  0]LogConfig: Setting CVar [[r.SceneColorFormat:4]]
[2019.10.31-10.30.00:907][  0]LogConfig: Setting CVar [[r.DetailMode:2]]
[2019.10.31-10.30.00:907][  0]LogConfig: Setting CVar [[r.TranslucencyVolumeBlur:1]]
[2019.10.31-10.30.00:907][  0]LogConfig: Setting CVar [[r.MaterialQualityLevel:1 ; High quality]]
[2019.10.31-10.30.00:907][  0]LogConfig: Setting CVar [[r.SSS.Scale:1]]
[2019.10.31-10.30.00:907][  0]LogConfig: Setting CVar [[r.SSS.SampleSet:2]]
[2019.10.31-10.30.00:907][  0]LogConfig: Setting CVar [[r.SSS.Quality:1]]
[2019.10.31-10.30.00:907][  0]LogConfig: Setting CVar [[r.SSS.HalfRes:1]]
[2019.10.31-10.30.00:907][  0]LogConfig: Setting CVar [[r.EmitterSpawnRateScale:1.0]]
[2019.10.31-10.30.00:907][  0]LogConfig: Setting CVar [[r.ParticleLightQuality:2]]
[2019.10.31-10.30.00:907][  0]LogConfig: Applying CVar settings from Section [FoliageQuality@3] File [C:/Users/ellan/Documents/GitHub/3D-Platformer/PlatformerTask/Saved/Config/Windows/Scalability.ini]
[2019.10.31-10.30.00:907][  0]LogConfig: Setting CVar [[foliage.DensityScale:1.0]]
[2019.10.31-10.30.00:907][  0]LogConfig: Setting CVar [[grass.DensityScale:1.0]]
[2019.10.31-10.30.00:907][  0]LogConfig: Applying CVar settings from Section [Startup] File [../../../Engine/Config/ConsoleVariables.ini]
[2019.10.31-10.30.00:909][  0]LogConfig: Setting CVar [[net.UseAdaptiveNetUpdateFrequency:0]]
[2019.10.31-10.30.00:909][  0]LogConfig: Setting CVar [[p.chaos.AllowCreatePhysxBodies:1]]
[2019.10.31-10.30.00:909][  0]LogConfig: Applying CVar settings from Section [ConsoleVariables] File [C:/Users/ellan/Documents/GitHub/3D-Platformer/PlatformerTask/Saved/Config/Windows/Engine.ini]
[2019.10.31-10.30.00:909][  0]LogInit: Computer: MSI
[2019.10.31-10.30.00:909][  0]LogInit: User: ellan
[2019.10.31-10.30.00:909][  0]LogInit: CPU Page size=4096, Cores=6
[2019.10.31-10.30.00:909][  0]LogInit: High frequency timer resolution =10.000000 MHz
[2019.10.31-10.30.00:910][  0]LogMemory: Memory total: Physical=15.8GB (16GB approx)
[2019.10.31-10.30.00:910][  0]LogMemory: Platform Memory Stats for Windows
[2019.10.31-10.30.00:910][  0]LogMemory: Process Physical Memory: 99.55 MB used, 99.55 MB peak
[2019.10.31-10.30.00:910][  0]LogMemory: Process Virtual Memory: 91.89 MB used, 91.89 MB peak
[2019.10.31-10.30.00:910][  0]LogMemory: Physical Memory: 8277.31 MB used,  7951.16 MB free, 16228.47 MB total
[2019.10.31-10.30.00:910][  0]LogMemory: Virtual Memory: 4662.57 MB used,  134213064.00 MB free, 134217728.00 MB total
[2019.10.31-10.30.01:594][  0]LogInit: Using OS detected language (en-US).
[2019.10.31-10.30.01:594][  0]LogInit: Using OS detected locale (en-AU).
[2019.10.31-10.30.01:597][  0]LogTextLocalizationManager: No specific localization for 'en-US' exists, so the 'en' localization will be used.
[2019.10.31-10.30.02:172][  0]LogInit: Setting process to per monitor DPI aware
[2019.10.31-10.30.02:294][  0]LogSlate: New Slate User Created.  User Index 0, Is Virtual User: 0
[2019.10.31-10.30.02:294][  0]LogSlate: Slate User Registered.  User Index 0, Is Virtual User: 0
[2019.10.31-10.30.02:744][  0]LogHMD: Failed to initialize OpenVR with code 110
[2019.10.31-10.30.02:744][  0]LogD3D11RHI: D3D11 adapters:
[2019.10.31-10.30.02:843][  0]LogD3D11RHI:    0. 'NVIDIA GeForce RTX 2060' (Feature Level 11_0)
[2019.10.31-10.30.02:843][  0]LogD3D11RHI:       5980/0/8114 MB DedicatedVideo/DedicatedSystem/SharedSystem, Outputs:1, VendorId:0x10de
[2019.10.31-10.30.02:863][  0]LogD3D11RHI:    1. 'Intel(R) UHD Graphics 630' (Feature Level 11_0)
[2019.10.31-10.30.02:863][  0]LogD3D11RHI:       128/0/8114 MB DedicatedVideo/DedicatedSystem/SharedSystem, Outputs:0, VendorId:0x8086
[2019.10.31-10.30.02:866][  0]LogD3D11RHI:    2. 'Microsoft Basic Render Driver' (Feature Level 11_0)
[2019.10.31-10.30.02:866][  0]LogD3D11RHI:       0/0/8114 MB DedicatedVideo/DedicatedSystem/SharedSystem, Outputs:0, VendorId:0x1414
[2019.10.31-10.30.02:866][  0]LogD3D11RHI: Chosen D3D11 Adapter: 0
[2019.10.31-10.30.02:922][  0]LogD3D11RHI: Creating new Direct3DDevice
[2019.10.31-10.30.02:923][  0]LogD3D11RHI:     GPU DeviceId: 0x1f11 (for the marketing name, search the web for "GPU Device Id")
[2019.10.31-10.30.02:923][  0]LogWindows: EnumDisplayDevices:
[2019.10.31-10.30.02:923][  0]LogWindows:    0. 'Intel(R) UHD Graphics 630' (P:1 D:1)
[2019.10.31-10.30.02:923][  0]LogWindows:    1. 'Intel(R) UHD Graphics 630' (P:0 D:0)
[2019.10.31-10.30.02:924][  0]LogWindows:    2. 'Intel(R) UHD Graphics 630' (P:0 D:0)
[2019.10.31-10.30.02:924][  0]LogWindows:    3. 'NVIDIA GeForce RTX 2060' (P:0 D:0)
[2019.10.31-10.30.02:924][  0]LogWindows:    4. 'NVIDIA GeForce RTX 2060' (P:0 D:0)
[2019.10.31-10.30.02:925][  0]LogWindows:    5. 'NVIDIA GeForce RTX 2060' (P:0 D:0)
[2019.10.31-10.30.02:925][  0]LogWindows:    6. 'NVIDIA GeForce RTX 2060' (P:0 D:0)
[2019.10.31-10.30.02:925][  0]LogWindows: DebugString: PrimaryIsNotTheChoosenAdapter PrimaryIsNotTheChoosenAdapter PrimaryIsNotTheChoosenAdapter FoundDriverCount:4 
[2019.10.31-10.30.02:925][  0]LogD3D11RHI:     Adapter Name: NVIDIA GeForce RTX 2060
[2019.10.31-10.30.02:925][  0]LogD3D11RHI:   Driver Version: 417.77 (internal:25.21.14.1777, unified:417.77)
[2019.10.31-10.30.02:925][  0]LogD3D11RHI:      Driver Date: 1-17-2019
[2019.10.31-10.30.02:925][  0]LogRHI: Texture pool is 4186 MB (70% of 5980 MB)
[2019.10.31-10.30.02:988][  0]LogD3D11RHI: Async texture creation enabled
[2019.10.31-10.30.02:991][  0]LogRendererCore: FGlobalReadBuffer::InitRHI
[2019.10.31-10.30.02:992][  0]LogRendererCore: FGlobalReadBuffer::InitRHI
[2019.10.31-10.30.02:992][  0]LogRendererCore: FGlobalReadBuffer::InitRHI
[2019.10.31-10.30.03:005][  0]LogD3D11RHI: GPU Timing Frequency: 1000.000000 (Debug: 2 2)
[2019.10.31-10.30.03:857][  0]LogTemp: Display: Module 'AllDesktopTargetPlatform' loaded TargetPlatform 'AllDesktop'
[2019.10.31-10.30.03:874][  0]LogTemp: Display: Module 'MacClientTargetPlatform' loaded TargetPlatform 'MacClient'
[2019.10.31-10.30.03:892][  0]LogTemp: Display: Module 'MacNoEditorTargetPlatform' loaded TargetPlatform 'MacNoEditor'
[2019.10.31-10.30.03:908][  0]LogTemp: Display: Module 'MacServerTargetPlatform' loaded TargetPlatform 'MacServer'
[2019.10.31-10.30.03:925][  0]LogTemp: Display: Module 'MacTargetPlatform' loaded TargetPlatform 'Mac'
[2019.10.31-10.30.03:940][  0]LogTemp: Display: Module 'WindowsClientTargetPlatform' loaded TargetPlatform 'WindowsClient'
[2019.10.31-10.30.03:957][  0]LogTemp: Display: Module 'WindowsNoEditorTargetPlatform' loaded TargetPlatform 'WindowsNoEditor'
[2019.10.31-10.30.03:973][  0]LogTemp: Display: Module 'WindowsServerTargetPlatform' loaded TargetPlatform 'WindowsServer'
[2019.10.31-10.30.03:981][  0]LogTemp: Display: Module 'WindowsTargetPlatform' loaded TargetPlatform 'Windows'
[2019.10.31-10.30.04:119][  0]LogTemp: Display: Module 'AndroidTargetPlatform' loaded TargetPlatform 'Android'
[2019.10.31-10.30.04:119][  0]LogTemp: Display: Module 'AndroidTargetPlatform' loaded TargetPlatform 'Android_ASTC'
[2019.10.31-10.30.04:119][  0]LogTemp: Display: Module 'AndroidTargetPlatform' loaded TargetPlatform 'Android_ATC'
[2019.10.31-10.30.04:119][  0]LogTemp: Display: Module 'AndroidTargetPlatform' loaded TargetPlatform 'Android_DXT'
[2019.10.31-10.30.04:119][  0]LogTemp: Display: Module 'AndroidTargetPlatform' loaded TargetPlatform 'Android_ETC1'
[2019.10.31-10.30.04:119][  0]LogTemp: Display: Module 'AndroidTargetPlatform' loaded TargetPlatform 'Android_ETC1a'
[2019.10.31-10.30.04:119][  0]LogTemp: Display: Module 'AndroidTargetPlatform' loaded TargetPlatform 'Android_ETC2'
[2019.10.31-10.30.04:119][  0]LogTemp: Display: Module 'AndroidTargetPlatform' loaded TargetPlatform 'Android_PVRTC'
[2019.10.31-10.30.04:119][  0]LogTemp: Display: Module 'AndroidTargetPlatform' loaded TargetPlatform 'AndroidClient'
[2019.10.31-10.30.04:119][  0]LogTemp: Display: Module 'AndroidTargetPlatform' loaded TargetPlatform 'Android_ASTCClient'
[2019.10.31-10.30.04:119][  0]LogTemp: Display: Module 'AndroidTargetPlatform' loaded TargetPlatform 'Android_ATCClient'
[2019.10.31-10.30.04:119][  0]LogTemp: Display: Module 'AndroidTargetPlatform' loaded TargetPlatform 'Android_DXTClient'
[2019.10.31-10.30.04:119][  0]LogTemp: Display: Module 'AndroidTargetPlatform' loaded TargetPlatform 'Android_ETC1Client'
[2019.10.31-10.30.04:119][  0]LogTemp: Display: Module 'AndroidTargetPlatform' loaded TargetPlatform 'Android_ETC1aClient'
[2019.10.31-10.30.04:119][  0]LogTemp: Display: Module 'AndroidTargetPlatform' loaded TargetPlatform 'Android_ETC2Client'
[2019.10.31-10.30.04:119][  0]LogTemp: Display: Module 'AndroidTargetPlatform' loaded TargetPlatform 'Android_PVRTCClient'
[2019.10.31-10.30.04:119][  0]LogTemp: Display: Module 'AndroidTargetPlatform' loaded TargetPlatform 'Android_Multi'
[2019.10.31-10.30.04:119][  0]LogTemp: Display: Module 'AndroidTargetPlatform' loaded TargetPlatform 'Android_MultiClient'
[2019.10.31-10.30.04:122][  0]LogTemp: Display: Module 'HTML5TargetPlatform' loaded TargetPlatform 'HTML5'
[2019.10.31-10.30.04:214][  0]LogTemp: Display: Module 'IOSTargetPlatform' loaded TargetPlatform 'IOSClient'
[2019.10.31-10.30.04:214][  0]LogTemp: Display: Module 'IOSTargetPlatform' loaded TargetPlatform 'IOS'
[2019.10.31-10.30.04:279][  0]LogTemp: Display: Module 'TVOSTargetPlatform' loaded TargetPlatform 'TVOSClient'
[2019.10.31-10.30.04:279][  0]LogTemp: Display: Module 'TVOSTargetPlatform' loaded TargetPlatform 'TVOS'
[2019.10.31-10.30.04:298][  0]LogTemp: Display: Module 'LinuxClientTargetPlatform' loaded TargetPlatform 'LinuxClient'
[2019.10.31-10.30.04:312][  0]LogTemp: Display: Module 'LinuxNoEditorTargetPlatform' loaded TargetPlatform 'LinuxNoEditor'
[2019.10.31-10.30.04:328][  0]LogTemp: Display: Module 'LinuxServerTargetPlatform' loaded TargetPlatform 'LinuxServer'
[2019.10.31-10.30.04:344][  0]LogTemp: Display: Module 'LinuxTargetPlatform' loaded TargetPlatform 'Linux'
[2019.10.31-10.30.04:400][  0]LogTemp: Display: Module 'LuminTargetPlatform' loaded TargetPlatform 'Lumin'
[2019.10.31-10.30.04:400][  0]LogTemp: Display: Module 'LuminTargetPlatform' loaded TargetPlatform 'LuminClient'
[2019.10.31-10.30.04:400][  0]LogTargetPlatformManager: Display: Building Assets For Windows
[2019.10.31-10.30.04:411][  0]LogAudioDebug: Display: Lib vorbis DLL was dynamically loaded.
[2019.10.31-10.30.04:479][  0]LogShaderCompilers: Guid format shader working directory is -15 characters bigger than the processId version (../../../../../Documents/GitHub/3D-Platformer/PlatformerTask/Intermediate/Shaders/WorkingDirectory/19856/).
[2019.10.31-10.30.04:479][  0]LogShaderCompilers: Cleaned the shader compiler working directory 'C:/Users/ellan/AppData/Local/Temp/UnrealShaderWorkingDir/6E750E9E4EB6E0EB912CCFB9EADB92C3/'.
[2019.10.31-10.30.04:484][  0]LogXGEController: Cannot use XGE Controller as Incredibuild is not installed on this machine.
[2019.10.31-10.30.04:484][  0]LogShaderCompilers: Cannot use XGE Shader Compiler as Incredibuild is not installed on this machine.
[2019.10.31-10.30.04:484][  0]LogShaderCompilers: Display: Using Local Shader Compiler.
[2019.10.31-10.30.05:240][  0]LogDerivedDataCache: Display: Max Cache Size: 512 MB
[2019.10.31-10.30.05:310][  0]LogDerivedDataCache: Loaded boot cache 0.07s 71MB C:/Users/ellan/AppData/Local/UnrealEngine/4.22/DerivedDataCache/Boot.ddc.
[2019.10.31-10.30.05:311][  0]LogDerivedDataCache: Display: Loaded Boot cache: C:/Users/ellan/AppData/Local/UnrealEngine/4.22/DerivedDataCache/Boot.ddc
[2019.10.31-10.30.05:311][  0]LogDerivedDataCache: FDerivedDataBackendGraph:  Pak pak cache file ../../../../../Documents/GitHub/3D-Platformer/PlatformerTask/DerivedDataCache/DDC.ddp not found, will not use a pak cache.
[2019.10.31-10.30.05:311][  0]LogDerivedDataCache: Unable to find inner node Pak for hierarchical cache Hierarchy.
[2019.10.31-10.30.05:311][  0]LogDerivedDataCache: FDerivedDataBackendGraph:  CompressedPak pak cache file ../../../../../Documents/GitHub/3D-Platformer/PlatformerTask/DerivedDataCache/Compressed.ddp not found, will not use a pak cache.
[2019.10.31-10.30.05:311][  0]LogDerivedDataCache: Unable to find inner node CompressedPak for hierarchical cache Hierarchy.
[2019.10.31-10.30.05:326][  0]LogDerivedDataCache: Display: Pak cache opened for reading ../../../Engine/DerivedDataCache/Compressed.ddp.
[2019.10.31-10.30.05:326][  0]LogDerivedDataCache: FDerivedDataBackendGraph:  EnterprisePak pak cache file ../../../Enterprise/DerivedDataCache/Compressed.ddp not found, will not use a pak cache.
[2019.10.31-10.30.05:326][  0]LogDerivedDataCache: Unable to find inner node EnterprisePak for hierarchical cache Hierarchy.
[2019.10.31-10.30.05:339][  0]LogDerivedDataCache: Using Local data cache path C:/Users/ellan/AppData/Local/UnrealEngine/Common/DerivedDataCache: Writable
[2019.10.31-10.30.05:339][  0]LogDerivedDataCache: Shared data cache path not found in *engine.ini, will not use an Shared cache.
[2019.10.31-10.30.05:339][  0]LogDerivedDataCache: Unable to find inner node Shared for hierarchical cache Hierarchy.
[2019.10.31-10.30.05:366][  0]LogMaterial: Verifying Global Shaders for PCD3D_SM5
[2019.10.31-10.30.05:368][  0]LogSlate: Using FreeType 2.6.0
[2019.10.31-10.30.05:369][  0]LogSlate: SlateFontServices - WITH_FREETYPE: 1, WITH_HARFBUZZ: 1
[2019.10.31-10.30.05:498][  0]LogAssetRegistry: FAssetRegistry took 0.0386 seconds to start up
[2019.10.31-10.30.05:914][  0]LogInit: Selected Device Profile: [Windows]
[2019.10.31-10.30.06:135][  0]LogMeshReduction: Using QuadricMeshReduction for automatic static mesh reduction
[2019.10.31-10.30.06:135][  0]LogMeshReduction: Using SimplygonMeshReduction for automatic skeletal mesh reduction
[2019.10.31-10.30.06:135][  0]LogMeshReduction: Using ProxyLODMeshReduction for automatic mesh merging
[2019.10.31-10.30.06:135][  0]LogMeshReduction: No distributed automatic mesh merging module available
[2019.10.31-10.30.06:135][  0]LogMeshMerging: No distributed automatic mesh merging module available
[2019.10.31-10.30.06:154][  0]LogNetVersion: PlatformerTask 1.0.0, NetCL: 5660361, EngineNetVer: 10, GameNetVer: 0 (Checksum: 23945371)
[2019.10.31-10.30.06:750][  0]LogPackageLocalizationCache: Processed 10 localized package path(s) for 1 prioritized culture(s) in 0.061309 seconds
[2019.10.31-10.30.06:759][  0]LogUObjectArray: 42205 objects as part of root set at end of initial load.
[2019.10.31-10.30.06:759][  0]LogUObjectAllocator: 7325032 out of 0 bytes used by permanent object pool.
[2019.10.31-10.30.06:759][  0]LogUObjectArray: CloseDisregardForGC: 0/0 objects in disregard for GC pool
[2019.10.31-10.30.08:044][  0]LogTcpMessaging: Initializing TcpMessaging bridge
[2019.10.31-10.30.08:062][  0]LogUdpMessaging: Initializing bridge on interface 0.0.0.0:0 to multicast group 230.0.0.1:6666.
[2019.10.31-10.30.08:255][  0]SourceControl: Source control is disabled
[2019.10.31-10.30.08:255][  0]SourceControl: Source control is disabled
[2019.10.31-10.30.08:256][  0]SourceControl: Source control is disabled
[2019.10.31-10.30.08:258][  0]SourceControl: Source control is disabled
[2019.10.31-10.30.08:271][  0]LogVSAccessor: Display: Unable to create Visual Studio setup instance: 80040154
[2019.10.31-10.30.08:272][  0]LogVSAccessor: Display: Unable to create Visual Studio setup instance: 80040154
[2019.10.31-10.30.08:368][  0]LogAndroidPermission: UAndroidPermissionCallbackProxy::GetInstance
[2019.10.31-10.30.09:035][  0]LogOcInput: OculusInput pre-init called
[2019.10.31-10.30.11:417][  0]LogEngine: Initializing Engine...
[2019.10.31-10.30.11:419][  0]LogHMD: Failed to initialize OpenVR with code 110
[2019.10.31-10.30.11:424][  0]LogStats: UGameplayTagsManager::InitializeManager -  0.001 s
[2019.10.31-10.30.12:227][  0]LogInit: Initializing FReadOnlyCVARCache
[2019.10.31-10.30.12:262][  0]LogAIModule: Creating AISystem for world Untitled
[2019.10.31-10.30.12:588][  0]LogInit: XAudio2 using 'Speakers (Realtek(R) Audio)' : 6 channels at 48 kHz using 32 bits per sample (channel mask 0x3f)
[2019.10.31-10.30.12:932][  0]LogInit: FAudioDevice initialized.
[2019.10.31-10.30.12:932][  0]LogNetVersion: Set ProjectVersion to 1.0.0.0. Version Checksum will be recalculated on next use.
[2019.10.31-10.30.13:021][  0]LogDerivedDataCache: Saved boot cache 0.09s 71MB C:/Users/ellan/AppData/Local/UnrealEngine/4.22/DerivedDataCache/Boot.ddc.
[2019.10.31-10.30.13:022][  0]LogInit: Texture streaming: Enabled
[2019.10.31-10.30.13:050][  0]LogEngineSessionManager: EngineSessionManager initialized
[2019.10.31-10.30.13:077][  0]LogInit: Transaction tracking system initialized
[2019.10.31-10.30.13:108][  0]BlueprintLog: New page: Editor Load
[2019.10.31-10.30.13:398][  0]LocalizationService: Localization service is disabled
[2019.10.31-10.30.13:862][  0]LogVSAccessor: Display: Unable to create Visual Studio setup instance: 80040154
[2019.10.31-10.30.13:864][  0]LogVSAccessor: Display: Unable to create Visual Studio setup instance: 80040154
[2019.10.31-10.30.14:418][  0]LogFileCache: Scanning file cache for directory 'C:/Users/ellan/Documents/GitHub/3D-Platformer/PlatformerTask/Content/' took 0.02s
[2019.10.31-10.30.14:418][  0]LogCook: Display: Max memory allowance for cook 16384mb min free memory 0mb
[2019.10.31-10.30.14:419][  0]LogCook: Display: Mobile HDR setting 1
[2019.10.31-10.30.15:075][  0]SourceControl: Source control is disabled
[2019.10.31-10.30.15:075][  0]Cmd: MAP LOAD FILE="../../../../../Documents/GitHub/3D-Platformer/PlatformerTask/Content/__MyContent/Maps/ThirdPersonExampleMap.umap" TEMPLATE=0 SHOWPROGRESS=1 FEATURELEVEL=3
[2019.10.31-10.30.15:077][  0]LogEditorServer: Warning: Can't find file '../../../../../Documents/GitHub/3D-Platformer/PlatformerTask/Content/__MyContent/Maps/ThirdPersonExampleMap.umap'
[2019.10.31-10.30.15:077][  0]Cmd: MAP CHECKDEP NOCLEARLOG
[2019.10.31-10.30.15:078][  0]MapCheck: Map check complete: 0 Error(s), 0 Warning(s), took 0.647ms to complete.
[2019.10.31-10.30.15:078][  0]LogFileHelpers: Loading map 'ThirdPersonExampleMap' took 0.002
[2019.10.31-10.30.15:357][  0]LogSlate: Updating window title bar state: overlay mode, drag disabled, window buttons hidden, title bar hidden
[2019.10.31-10.30.15:389][  0]LogSlate: Updating window title bar state: overlay mode, drag disabled, window buttons hidden, title bar hidden
[2019.10.31-10.30.15:418][  0]LogSlate: Updating window title bar state: overlay mode, drag disabled, window buttons hidden, title bar hidden
[2019.10.31-10.30.15:447][  0]LogSlate: Updating window title bar state: overlay mode, drag disabled, window buttons hidden, title bar hidden
[2019.10.31-10.30.15:480][  0]LogCollectionManager: Loaded 0 collections in 0.010182 seconds
[2019.10.31-10.30.15:528][  0]LogFileCache: Scanning file cache for directory 'C:/Users/ellan/Documents/GitHub/3D-Platformer/PlatformerTask/Saved/Collections/' took 0.01s
[2019.10.31-10.30.15:529][  0]LogFileCache: Scanning file cache for directory 'C:/Users/ellan/Documents/GitHub/3D-Platformer/PlatformerTask/Content/Developers/ellan/Collections/' took 0.01s
[2019.10.31-10.30.15:529][  0]LogFileCache: Scanning file cache for directory 'C:/Users/ellan/Documents/GitHub/3D-Platformer/PlatformerTask/Content/Collections/' took 0.00s
[2019.10.31-10.30.15:529][  0]LogCollectionManager: Rebuilt the GUID cache for 0 collections in 0.000001 seconds
[2019.10.31-10.30.15:561][  0]LogContentBrowser: Native class hierarchy populated in 0.0317 seconds. Added 2732 classes and 659 folders.
[2019.10.31-10.30.15:590][  0]LogContentBrowser: Native class hierarchy updated for 'WidgetCarousel' in 0.0008 seconds. Added 0 classes and 0 folders.
[2019.10.31-10.30.15:597][  0]LogPakFile: Registered encryption key '00000000000000000000000000000000': 0 pak files mounted, 0 remain pending
[2019.10.31-10.30.15:599][  0]LogPakFile: Registered encryption key '00000000000000000000000000000000': 0 pak files mounted, 0 remain pending
[2019.10.31-10.30.15:601][  0]LogPakFile: Registered encryption key '00000000000000000000000000000000': 0 pak files mounted, 0 remain pending
[2019.10.31-10.30.15:603][  0]LogPakFile: Registered encryption key '00000000000000000000000000000000': 0 pak files mounted, 0 remain pending
[2019.10.31-10.30.15:606][  0]LogPakFile: Registered encryption key '00000000000000000000000000000000': 0 pak files mounted, 0 remain pending
[2019.10.31-10.30.15:608][  0]LogPakFile: Registered encryption key '00000000000000000000000000000000': 0 pak files mounted, 0 remain pending
[2019.10.31-10.30.15:610][  0]LogPakFile: Registered encryption key '00000000000000000000000000000000': 0 pak files mounted, 0 remain pending
[2019.10.31-10.30.15:612][  0]LogPakFile: Registered encryption key '00000000000000000000000000000000': 0 pak files mounted, 0 remain pending
[2019.10.31-10.30.15:615][  0]LogPakFile: Registered encryption key '00000000000000000000000000000000': 0 pak files mounted, 0 remain pending
[2019.10.31-10.30.15:617][  0]LogPakFile: Registered encryption key '00000000000000000000000000000000': 0 pak files mounted, 0 remain pending
[2019.10.31-10.30.15:619][  0]LogPakFile: Registered encryption key '00000000000000000000000000000000': 0 pak files mounted, 0 remain pending
[2019.10.31-10.30.15:620][  0]LogPakFile: Registered encryption key '00000000000000000000000000000000': 0 pak files mounted, 0 remain pending
[2019.10.31-10.30.15:623][  0]LogPakFile: Registered encryption key '00000000000000000000000000000000': 0 pak files mounted, 0 remain pending
[2019.10.31-10.30.15:625][  0]LogPakFile: Registered encryption key '00000000000000000000000000000000': 0 pak files mounted, 0 remain pending
[2019.10.31-10.30.15:627][  0]LogPakFile: Registered encryption key '00000000000000000000000000000000': 0 pak files mounted, 0 remain pending
[2019.10.31-10.30.15:629][  0]LogPakFile: Registered encryption key '00000000000000000000000000000000': 0 pak files mounted, 0 remain pending
[2019.10.31-10.30.15:632][  0]LogPakFile: Registered encryption key '00000000000000000000000000000000': 0 pak files mounted, 0 remain pending
[2019.10.31-10.30.15:634][  0]LogPakFile: Registered encryption key '00000000000000000000000000000000': 0 pak files mounted, 0 remain pending
[2019.10.31-10.30.15:636][  0]LogPakFile: Registered encryption key '00000000000000000000000000000000': 0 pak files mounted, 0 remain pending
[2019.10.31-10.30.15:638][  0]LogPakFile: Registered encryption key '00000000000000000000000000000000': 0 pak files mounted, 0 remain pending
[2019.10.31-10.30.15:640][  0]LogPakFile: Registered encryption key '00000000000000000000000000000000': 0 pak files mounted, 0 remain pending
[2019.10.31-10.30.15:643][  0]LogPakFile: Registered encryption key '00000000000000000000000000000000': 0 pak files mounted, 0 remain pending
[2019.10.31-10.30.15:645][  0]LogPakFile: Registered encryption key '00000000000000000000000000000000': 0 pak files mounted, 0 remain pending
[2019.10.31-10.30.15:647][  0]LogPakFile: Registered encryption key '00000000000000000000000000000000': 0 pak files mounted, 0 remain pending
[2019.10.31-10.30.15:649][  0]LogPakFile: Registered encryption key '00000000000000000000000000000000': 0 pak files mounted, 0 remain pending
[2019.10.31-10.30.15:652][  0]LogPakFile: Registered encryption key '00000000000000000000000000000000': 0 pak files mounted, 0 remain pending
[2019.10.31-10.30.15:782][  0]LogContentBrowser: Native class hierarchy updated for 'AddContentDialog' in 0.0008 seconds. Added 0 classes and 0 folders.
[2019.10.31-10.30.15:800][  0]LogContentBrowser: Native class hierarchy updated for 'SceneOutliner' in 0.0008 seconds. Added 1 classes and 2 folders.
[2019.10.31-10.30.16:063][  0]LogContentBrowser: Native class hierarchy updated for 'HierarchicalLODOutliner' in 0.0017 seconds. Added 0 classes and 0 folders.
[2019.10.31-10.30.16:064][  0]LogLoad: (Engine Initialization) Total time: 18.09 seconds
[2019.10.31-10.30.16:064][  0]LogLoad: (Engine Initialization) Total Blueprint compile time: 0.00 seconds
[2019.10.31-10.30.16:150][  0]LogContentStreaming: Texture pool size now 1000 MB
[2019.10.31-10.30.16:154][  0]LogSlate: Took 0.001620 seconds to synchronously load lazily loaded font '../../../Engine/Content/Slate/Fonts/Roboto-Regular.ttf' (155K)
[2019.10.31-10.30.16:161][  0]LogSlate: Took 0.001479 seconds to synchronously load lazily loaded font '../../../Engine/Content/Slate/Fonts/Roboto-Bold.ttf' (160K)
[2019.10.31-10.30.16:171][  0]LogSlate: Took 0.000663 seconds to synchronously load lazily loaded font '../../../Engine/Content/Editor/Slate/Fonts/FontAwesome.ttf' (139K)
[2019.10.31-10.30.16:350][  1]LogRenderer: Reallocating scene render targets to support 444x324 Format 10 NumSamples 1 (Frame:1).
[2019.10.31-10.30.16:380][  1]LogAssetRegistry: Asset discovery search completed in 10.9056 seconds
[2019.10.31-10.30.16:387][  1]LogCollectionManager: Rebuilt the object cache for 0 collections in 0.000001 seconds (found 0 objects)
[2019.10.31-10.30.16:387][  1]LogCollectionManager: Fixed up redirectors for 0 collections in 0.000116 seconds (updated 0 objects)
[2019.10.31-10.30.17:135][ 57]LogSlate: Took 0.000363 seconds to synchronously load lazily loaded font '../../../Engine/Content/Slate/Fonts/Roboto-Light.ttf' (167K)
[2019.10.31-10.30.20:349][116]LogSlate: Took 0.001610 seconds to synchronously load lazily loaded font '../../../Engine/Content/Slate/Fonts/Roboto-Light.ttf' (167K)
[2019.10.31-10.30.21:387][164]LogRenderer: Reallocating scene render targets to support 448x324 Format 10 NumSamples 1 (Frame:167).
[2019.10.31-10.30.21:458][164]LogRenderer: Reallocating scene render targets to support 456x324 Format 10 NumSamples 1 (Frame:168).
[2019.10.31-10.30.21:529][164]LogRenderer: Reallocating scene render targets to support 460x324 Format 10 NumSamples 1 (Frame:169).
[2019.10.31-10.30.21:625][164]LogRenderer: Reallocating scene render targets to support 468x324 Format 10 NumSamples 1 (Frame:170).
[2019.10.31-10.30.21:730][164]LogRenderer: Reallocating scene render targets to support 476x324 Format 10 NumSamples 1 (Frame:171).
[2019.10.31-10.30.21:817][164]LogRenderer: Reallocating scene render targets to support 488x324 Format 10 NumSamples 1 (Frame:172).
[2019.10.31-10.30.23:899][259]LogSlate: FSceneViewport::OnFocusLost() reason 0
[2019.10.31-10.30.25:635][302]LogAIModule: Creating AISystem for world Level_1
[2019.10.31-10.30.25:672][302]LogAssetEditorManager: Opening Asset editor for World /Game/__MyContent/Maps/Level_1.Level_1
[2019.10.31-10.30.25:714][302]LogUObjectHash: Compacting FUObjectHashTables data took   3.19ms
[2019.10.31-10.30.25:714][302]Cmd: MAP LOAD FILE="../../../../../Documents/GitHub/3D-Platformer/PlatformerTask/Content/__MyContent/Maps/Level_1.umap" TEMPLATE=0 SHOWPROGRESS=1 FEATURELEVEL=3
[2019.10.31-10.30.25:714][302]LightingResults: New page: Lighting Build
[2019.10.31-10.30.25:717][302]LogContentBrowser: Native class hierarchy updated for 'StatsViewer' in 0.0003 seconds. Added 5 classes and 0 folders.
[2019.10.31-10.30.25:718][302]LoadErrors: New page: Loading map: Level_1.umap
[2019.10.31-10.30.25:721][302]MapCheck: New page: Map Check
[2019.10.31-10.30.25:721][302]LightingResults: New page: Lighting Build
[2019.10.31-10.30.25:752][302]LogUObjectHash: Compacting FUObjectHashTables data took   1.69ms
[2019.10.31-10.30.26:248][302]LogEditorServer: Finished looking for orphan Actors (0.000 secs)
[2019.10.31-10.30.26:370][302]LogUObjectHash: Compacting FUObjectHashTables data took   2.31ms
[2019.10.31-10.30.26:417][302]Cmd: MAP CHECKDEP NOCLEARLOG
[2019.10.31-10.30.26:417][302]MapCheck: Map check complete: 0 Error(s), 0 Warning(s), took 0.159ms to complete.
[2019.10.31-10.30.26:417][302]LogFileHelpers: Loading map 'Level_1' took 0.703
[2019.10.31-10.30.29:715][442]LogTemp: Repeating last play command: New Editor Window (PIE)
[2019.10.31-10.30.29:745][442]LogBlueprintUserMessages: Early PlayInEditor Detection: Level '/Game/__MyContent/Maps/Level_1.Level_1:PersistentLevel' has LevelScriptBlueprint '/Game/__MyContent/Maps/Level_1.Level_1:PersistentLevel.Level_1' with GeneratedClass '/Game/__MyContent/Maps/Level_1.Level_1_C' with ClassGeneratedBy '/Game/__MyContent/Maps/Level_1.Level_1:PersistentLevel.Level_1'
[2019.10.31-10.30.29:745][442]LogPlayLevel: PlayLevel: No blueprints needed recompiling
[2019.10.31-10.30.29:746][442]PIE: New page: PIE session: Level_1 (1 Nov 2019 8:30:29 am)
[2019.10.31-10.30.29:759][442]LogPlayLevel: Creating play world package: /Game/__MyContent/Maps/UEDPIE_0_Level_1
[2019.10.31-10.30.29:834][442]LogPlayLevel: PIE: StaticDuplicateObject took: (0.073864s)
[2019.10.31-10.30.29:835][442]LogAIModule: Creating AISystem for world Level_1
[2019.10.31-10.30.29:835][442]LogPlayLevel: PIE: World Init took: (0.000917s)
[2019.10.31-10.30.29:835][442]LogPlayLevel: PIE: Created PIE world by copying editor world from /Game/__MyContent/Maps/Level_1.Level_1 to /Game/__MyContent/Maps/UEDPIE_0_Level_1.Level_1 (0.075518s)
[2019.10.31-10.30.29:866][442]LogUObjectHash: Compacting FUObjectHashTables data took   1.26ms
[2019.10.31-10.30.29:878][442]LogInit: XAudio2 using 'Speakers (Realtek(R) Audio)' : 6 channels at 48 kHz using 32 bits per sample (channel mask 0x3f)
[2019.10.31-10.30.30:140][442]LogInit: FAudioDevice initialized.
[2019.10.31-10.30.30:175][442]LogSlate: Updating window title bar state: overlay mode, drag disabled, window buttons hidden, title bar hidden
[2019.10.31-10.30.30:253][442]LogLoad: Game class is 'MyGameMode_C'
[2019.10.31-10.30.30:275][442]LogWorld: Bringing World /Game/__MyContent/Maps/UEDPIE_0_Level_1.Level_1 up for play (max tick rate 0) at 2019.10.31-21.30.30
[2019.10.31-10.30.30:280][442]LogWorld: Bringing up level for play took: 0.022250
[2019.10.31-10.30.30:313][442]LogContentBrowser: Native class hierarchy updated for 'MovieSceneCapture' in 0.0008 seconds. Added 20 classes and 0 folders.
[2019.10.31-10.30.30:315][442]PIE: Error: SetInputMode_UIOnly expects a valid player controller as 'PlayerController' target
[2019.10.31-10.30.30:327][442]LogScript: Warning: Accessed None trying to read property My Player
	MyGameManager_C /Game/__MyContent/Maps/UEDPIE_0_Level_1.Level_1:PersistentLevel.MyGameManager_2
	Function /Game/__MyContent/Blueprints/MyGameManager.MyGameManager_C:Init:001D
[2019.10.31-10.30.30:327][442]PIE: Error: Blueprint Runtime Error: "Accessed None trying to read property My Player". Blueprint:  MyGameManager Function:  Init Graph:  Init Node:  Init
[2019.10.31-10.30.30:333][442]PIE: Play in editor start time for /Game/__MyContent/Maps/UEDPIE_0_Level_1 0.818
[2019.10.31-10.30.30:333][442]LogBlueprintUserMessages: Late PlayInEditor Detection: Level '/Game/__MyContent/Maps/Level_1.Level_1:PersistentLevel' has LevelScriptBlueprint '/Game/__MyContent/Maps/Level_1.Level_1:PersistentLevel.Level_1' with GeneratedClass '/Game/__MyContent/Maps/Level_1.Level_1_C' with ClassGeneratedBy '/Game/__MyContent/Maps/Level_1.Level_1:PersistentLevel.Level_1'
[2019.10.31-10.30.30:456][443]LogRenderer: Reallocating scene render targets to support 1016x544 Format 10 NumSamples 1 (Frame:1).
[2019.10.31-10.30.30:461][443]LogCharacterMovement: Warning: GetSimulationTimeStep() - Max iterations 8 hit while remaining time 0.083314 > MaxSimulationTimeStep (0.050) for 'AISquare', movement 'Walking'
[2019.10.31-10.30.31:647][489]PIE: Error: SetInputMode_UIOnly expects a valid player controller as 'PlayerController' target
[2019.10.31-10.30.32:734][535]PIE: Error: SetInputMode_UIOnly expects a valid player controller as 'PlayerController' target
[2019.10.31-10.30.35:144][640]PIE: Error: SetInputMode_UIOnly expects a valid player controller as 'PlayerController' target
[2019.10.31-10.30.37:264][737]LogSlate: FSceneViewport::OnFocusLost() reason 0
[2019.10.31-10.30.37:315][740]LogSlate: Updating window title bar state: overlay mode, drag disabled, window buttons hidden, title bar hidden
[2019.10.31-10.30.37:315][740]LogBlueprintUserMessages: Early EndPlayMap Detection: Level '/Game/__MyContent/Maps/Level_1.Level_1:PersistentLevel' has LevelScriptBlueprint '/Game/__MyContent/Maps/Level_1.Level_1:PersistentLevel.Level_1' with GeneratedClass '/Game/__MyContent/Maps/Level_1.Level_1_C' with ClassGeneratedBy '/Game/__MyContent/Maps/Level_1.Level_1:PersistentLevel.Level_1'
[2019.10.31-10.30.37:351][740]LogSlate: Window 'PlatformerTask Game Preview Standalone (64-bit/PCD3D_SM5)' being destroyed
[2019.10.31-10.30.37:409][740]LogPlayLevel: Display: Shutting down PIE online subsystems
[2019.10.31-10.30.37:409][740]LogBlueprintUserMessages: Late EndPlayMap Detection: Level '/Game/__MyContent/Maps/Level_1.Level_1:PersistentLevel' has LevelScriptBlueprint '/Game/__MyContent/Maps/Level_1.Level_1:PersistentLevel.Level_1' with GeneratedClass '/Game/__MyContent/Maps/Level_1.Level_1_C' with ClassGeneratedBy '/Game/__MyContent/Maps/Level_1.Level_1:PersistentLevel.Level_1'
[2019.10.31-10.30.37:496][740]LogUObjectHash: Compacting FUObjectHashTables data took   3.54ms
[2019.10.31-10.30.37:665][741]LogPlayLevel: Display: Destroying online subsystem :Context_1
[2019.10.31-10.30.40:632][834]LogAssetEditorManager: Opening Asset editor for Blueprint /Game/__MyContent/Blueprints/MyGameManager.MyGameManager
[2019.10.31-10.30.40:976][834]LogContentBrowser: Native class hierarchy updated for 'BlueprintGraph' in 0.0014 seconds. Added 121 classes and 0 folders.
[2019.10.31-10.30.42:553][834]LogSlate: Took 0.000373 seconds to synchronously load lazily loaded font '../../../Engine/Content/Slate/Fonts/Roboto-BoldCondensed.ttf' (158K)
[2019.10.31-10.30.42:607][835]LogSlate: Took 0.000398 seconds to synchronously load lazily loaded font '../../../Engine/Content/Slate/Fonts/Roboto-Italic.ttf' (157K)
[2019.10.31-10.30.46:885][968]LogSlate: Window 'Message Log' being destroyed
[2019.10.31-10.30.46:935][968]LogSlate: Window 'Message Log' being destroyed
[2019.10.31-10.30.56:961][478]BlueprintLog: New page: Compile MyGameManager
[2019.10.31-10.30.57:241][478]LogUObjectHash: Compacting FUObjectHashTables data took   4.29ms
[2019.10.31-10.31.02:820][778]LogAssetEditorManager: Opening Asset editor for Blueprint /Game/__MyContent/Blueprints/MyFunctionLibrary.MyFunctionLibrary
[2019.10.31-10.31.59:065][159]BlueprintLog: New page: Compile MyFunctionLibrary
[2019.10.31-10.31.59:165][159]LogUObjectHash: Compacting FUObjectHashTables data took   4.19ms
[2019.10.31-10.31.59:936][196]LogSavePackage: Moving '../../../../../Documents/GitHub/3D-Platformer/PlatformerTask/Saved/MyFunctionLibraryAF62C35745B7DB89AF70348F21CA0460.tmp' to '../../../../../Documents/GitHub/3D-Platformer/PlatformerTask/Content/__MyContent/Blueprints/MyFunctionLibrary.uasset'
[2019.10.31-10.32.05:279][521]LogTemp: Repeating last play command: New Editor Window (PIE)
[2019.10.31-10.32.05:320][521]LogBlueprintUserMessages: Early PlayInEditor Detection: Level '/Game/__MyContent/Maps/Level_1.Level_1:PersistentLevel' has LevelScriptBlueprint '/Game/__MyContent/Maps/Level_1.Level_1:PersistentLevel.Level_1' with GeneratedClass '/Game/__MyContent/Maps/Level_1.Level_1_C' with ClassGeneratedBy '/Game/__MyContent/Maps/Level_1.Level_1:PersistentLevel.Level_1'
[2019.10.31-10.32.05:320][521]LogPlayLevel: PlayLevel: No blueprints needed recompiling
[2019.10.31-10.32.05:320][521]PIE: New page: PIE session: Level_1 (1 Nov 2019 8:32:05 am)
[2019.10.31-10.32.05:321][521]LogPlayLevel: Creating play world package: /Game/__MyContent/Maps/UEDPIE_0_Level_1
[2019.10.31-10.32.05:399][521]LogPlayLevel: PIE: StaticDuplicateObject took: (0.077913s)
[2019.10.31-10.32.05:399][521]LogAIModule: Creating AISystem for world Level_1
[2019.10.31-10.32.05:400][521]LogPlayLevel: PIE: World Init took: (0.000738s)
[2019.10.31-10.32.05:400][521]LogPlayLevel: PIE: Created PIE world by copying editor world from /Game/__MyContent/Maps/Level_1.Level_1 to /Game/__MyContent/Maps/UEDPIE_0_Level_1.Level_1 (0.078869s)
[2019.10.31-10.32.05:501][521]LogUObjectHash: Compacting FUObjectHashTables data took   3.23ms
[2019.10.31-10.32.05:513][521]LogInit: XAudio2 using 'Speakers (Realtek(R) Audio)' : 6 channels at 48 kHz using 32 bits per sample (channel mask 0x3f)
[2019.10.31-10.32.05:764][521]LogInit: FAudioDevice initialized.
[2019.10.31-10.32.05:799][521]LogSlate: Updating window title bar state: overlay mode, drag disabled, window buttons hidden, title bar hidden
[2019.10.31-10.32.05:909][521]LogLoad: Game class is 'MyGameMode_C'
[2019.10.31-10.32.05:917][521]LogWorld: Bringing World /Game/__MyContent/Maps/UEDPIE_0_Level_1.Level_1 up for play (max tick rate 0) at 2019.10.31-21.32.05
[2019.10.31-10.32.05:918][521]LogWorld: Bringing up level for play took: 0.008586
[2019.10.31-10.32.05:952][521]PIE: Play in editor start time for /Game/__MyContent/Maps/UEDPIE_0_Level_1 0.437
[2019.10.31-10.32.05:953][521]LogBlueprintUserMessages: Late PlayInEditor Detection: Level '/Game/__MyContent/Maps/Level_1.Level_1:PersistentLevel' has LevelScriptBlueprint '/Game/__MyContent/Maps/Level_1.Level_1:PersistentLevel.Level_1' with GeneratedClass '/Game/__MyContent/Maps/Level_1.Level_1_C' with ClassGeneratedBy '/Game/__MyContent/Maps/Level_1.Level_1:PersistentLevel.Level_1'
[2019.10.31-10.32.06:018][522]LogCharacterMovement: Warning: GetSimulationTimeStep() - Max iterations 8 hit while remaining time 0.074681 > MaxSimulationTimeStep (0.050) for 'AISquare', movement 'Walking'
[2019.10.31-10.32.22:890][224]LogSlate: FSceneViewport::OnFocusLost() reason 0
[2019.10.31-10.32.23:024][228]LogSlate: Window 'PlatformerTask Game Preview Standalone (64-bit/PCD3D_SM5)' being destroyed
[2019.10.31-10.32.23:035][228]LogBlueprintUserMessages: Early EndPlayMap Detection: Level '/Game/__MyContent/Maps/Level_1.Level_1:PersistentLevel' has LevelScriptBlueprint '/Game/__MyContent/Maps/Level_1.Level_1:PersistentLevel.Level_1' with GeneratedClass '/Game/__MyContent/Maps/Level_1.Level_1_C' with ClassGeneratedBy '/Game/__MyContent/Maps/Level_1.Level_1:PersistentLevel.Level_1'
[2019.10.31-10.32.23:100][228]LogPlayLevel: Display: Shutting down PIE online subsystems
[2019.10.31-10.32.23:101][228]LogBlueprintUserMessages: Late EndPlayMap Detection: Level '/Game/__MyContent/Maps/Level_1.Level_1:PersistentLevel' has LevelScriptBlueprint '/Game/__MyContent/Maps/Level_1.Level_1:PersistentLevel.Level_1' with GeneratedClass '/Game/__MyContent/Maps/Level_1.Level_1_C' with ClassGeneratedBy '/Game/__MyContent/Maps/Level_1.Level_1:PersistentLevel.Level_1'
[2019.10.31-10.32.23:263][228]LogUObjectHash: Compacting FUObjectHashTables data took   8.86ms
[2019.10.31-10.32.23:306][229]LogPlayLevel: Display: Destroying online subsystem :Context_4
[2019.10.31-10.33.21:639][497]BlueprintLog: New page: Compile MyFunctionLibrary
[2019.10.31-10.33.21:740][497]LogUObjectHash: Compacting FUObjectHashTables data took   3.84ms
[2019.10.31-10.33.23:206][608]LogSavePackage: Moving '../../../../../Documents/GitHub/3D-Platformer/PlatformerTask/Saved/MyFunctionLibrary02D7B636490707AED1AFDD9556B8036C.tmp' to '../../../../../Documents/GitHub/3D-Platformer/PlatformerTask/Content/__MyContent/Blueprints/MyFunctionLibrary.uasset'
[2019.10.31-10.33.26:154][785]LogTemp: Repeating last play command: New Editor Window (PIE)
[2019.10.31-10.33.26:187][785]LogBlueprintUserMessages: Early PlayInEditor Detection: Level '/Game/__MyContent/Maps/Level_1.Level_1:PersistentLevel' has LevelScriptBlueprint '/Game/__MyContent/Maps/Level_1.Level_1:PersistentLevel.Level_1' with GeneratedClass '/Game/__MyContent/Maps/Level_1.Level_1_C' with ClassGeneratedBy '/Game/__MyContent/Maps/Level_1.Level_1:PersistentLevel.Level_1'
[2019.10.31-10.33.26:187][785]LogPlayLevel: PlayLevel: No blueprints needed recompiling
[2019.10.31-10.33.26:187][785]PIE: New page: PIE session: Level_1 (1 Nov 2019 8:33:26 am)
[2019.10.31-10.33.26:187][785]LogPlayLevel: Creating play world package: /Game/__MyContent/Maps/UEDPIE_0_Level_1
[2019.10.31-10.33.26:264][785]LogPlayLevel: PIE: StaticDuplicateObject took: (0.077201s)
[2019.10.31-10.33.26:265][785]LogAIModule: Creating AISystem for world Level_1
[2019.10.31-10.33.26:265][785]LogPlayLevel: PIE: World Init took: (0.000744s)
[2019.10.31-10.33.26:265][785]LogPlayLevel: PIE: Created PIE world by copying editor world from /Game/__MyContent/Maps/Level_1.Level_1 to /Game/__MyContent/Maps/UEDPIE_0_Level_1.Level_1 (0.078145s)
[2019.10.31-10.33.26:358][785]LogUObjectHash: Compacting FUObjectHashTables data took   4.40ms
[2019.10.31-10.33.26:370][785]LogInit: XAudio2 using 'Speakers (Realtek(R) Audio)' : 6 channels at 48 kHz using 32 bits per sample (channel mask 0x3f)
[2019.10.31-10.33.26:681][785]LogInit: FAudioDevice initialized.
[2019.10.31-10.33.26:717][785]LogSlate: Updating window title bar state: overlay mode, drag disabled, window buttons hidden, title bar hidden
[2019.10.31-10.33.26:820][785]LogLoad: Game class is 'MyGameMode_C'
[2019.10.31-10.33.26:830][785]LogWorld: Bringing World /Game/__MyContent/Maps/UEDPIE_0_Level_1.Level_1 up for play (max tick rate 0) at 2019.10.31-21.33.26
[2019.10.31-10.33.26:832][785]LogWorld: Bringing up level for play took: 0.010846
[2019.10.31-10.33.26:863][785]PIE: Play in editor start time for /Game/__MyContent/Maps/UEDPIE_0_Level_1 1.348
[2019.10.31-10.33.26:864][785]LogBlueprintUserMessages: Late PlayInEditor Detection: Level '/Game/__MyContent/Maps/Level_1.Level_1:PersistentLevel' has LevelScriptBlueprint '/Game/__MyContent/Maps/Level_1.Level_1:PersistentLevel.Level_1' with GeneratedClass '/Game/__MyContent/Maps/Level_1.Level_1_C' with ClassGeneratedBy '/Game/__MyContent/Maps/Level_1.Level_1:PersistentLevel.Level_1'
[2019.10.31-10.33.26:923][786]LogCharacterMovement: Warning: GetSimulationTimeStep() - Max iterations 8 hit while remaining time 0.072199 > MaxSimulationTimeStep (0.050) for 'AISquare', movement 'Walking'
[2019.10.31-10.33.37:096][275]LogSlate: FSceneViewport::OnFocusLost() reason 0
[2019.10.31-10.33.41:629][508]LogSlate: FSceneViewport::OnFocusLost() reason 0
[2019.10.31-10.33.41:741][514]LogSlate: Updating window title bar state: overlay mode, drag disabled, window buttons hidden, title bar hidden
[2019.10.31-10.33.41:741][514]LogBlueprintUserMessages: Early EndPlayMap Detection: Level '/Game/__MyContent/Maps/Level_1.Level_1:PersistentLevel' has LevelScriptBlueprint '/Game/__MyContent/Maps/Level_1.Level_1:PersistentLevel.Level_1' with GeneratedClass '/Game/__MyContent/Maps/Level_1.Level_1_C' with ClassGeneratedBy '/Game/__MyContent/Maps/Level_1.Level_1:PersistentLevel.Level_1'
[2019.10.31-10.33.41:775][514]LogSlate: Window 'PlatformerTask Game Preview Standalone (64-bit/PCD3D_SM5)' being destroyed
[2019.10.31-10.33.41:829][514]LogPlayLevel: Display: Shutting down PIE online subsystems
[2019.10.31-10.33.41:830][514]LogBlueprintUserMessages: Late EndPlayMap Detection: Level '/Game/__MyContent/Maps/Level_1.Level_1:PersistentLevel' has LevelScriptBlueprint '/Game/__MyContent/Maps/Level_1.Level_1:PersistentLevel.Level_1' with GeneratedClass '/Game/__MyContent/Maps/Level_1.Level_1_C' with ClassGeneratedBy '/Game/__MyContent/Maps/Level_1.Level_1:PersistentLevel.Level_1'
[2019.10.31-10.33.41:955][514]LogUObjectHash: Compacting FUObjectHashTables data took   8.69ms
[2019.10.31-10.33.41:993][515]LogPlayLevel: Display: Destroying online subsystem :Context_5
[2019.10.31-10.35.24:230][318]LogRHI: Error: SyncInterval 0
[2019.10.31-10.35.24:230][318]LogRHI: Error: SwapChainDesc.BufferDesc.Width 107
[2019.10.31-10.35.24:230][318]LogRHI: Error: SwapChainDesc.BufferDesc.Height 33
[2019.10.31-10.35.24:230][318]LogRHI: Error: SwapChainDesc.BufferDesc.RefreshRate.Numerator 0
[2019.10.31-10.35.24:230][318]LogRHI: Error: SwapChainDesc.BufferDesc.RefreshRate.Denominator 0
[2019.10.31-10.35.24:230][318]LogRHI: Error: SwapChainDesc.BufferDesc.Format 24
[2019.10.31-10.35.24:230][318]LogRHI: Error: SwapChainDesc.BufferDesc.ScanlineOrdering 0
[2019.10.31-10.35.24:230][318]LogRHI: Error: SwapChainDesc.BufferDesc.Scaling 0
[2019.10.31-10.35.24:230][318]LogRHI: Error: SwapChainDesc.SampleDesc.Count 1
[2019.10.31-10.35.24:230][318]LogRHI: Error: SwapChainDesc.SampleDesc.Quality 0
[2019.10.31-10.35.24:230][318]LogRHI: Error: SwapChainDesc.BufferUsage 48
[2019.10.31-10.35.24:230][318]LogRHI: Error: SwapChainDesc.BufferCount 1
[2019.10.31-10.35.24:230][318]LogRHI: Error: SwapChainDesc.OutputWindow 00000000001E093C
[2019.10.31-10.35.24:230][318]LogRHI: Error: SwapChainDesc.Windowed true
[2019.10.31-10.35.24:230][318]LogRHI: Error: SwapChainDesc.SwapEffect 0
[2019.10.31-10.35.24:230][318]LogRHI: Error: SwapChainDesc.Flags 2
[2019.10.31-10.35.24:230][318]LogD3D11RHI: Error: Result failed 
 at D:\Build\++UE4\Sync\Engine\Source\Runtime\Windows\D3D11RHI\Private\D3D11Viewport.cpp:361 
 with error E_INVALIDARG
[2019.10.31-10.35.24:230][318]LogWindows: Windows GetLastError: The operation completed successfully. (0)
[2019.10.31-10.35.27:935][318]LogThreadingWindows: Error: Runnable thread RenderThread 18 crashed.
[2019.10.31-10.35.27:935][318]LogWindows: Error: === Critical error: ===
[2019.10.31-10.35.27:935][318]LogWindows: Error: 
[2019.10.31-10.35.27:935][318]LogWindows: Error: Fatal error: [File:D:\Build\++UE4\Sync\Engine\Source\Runtime\Windows\D3D11RHI\Private\D3D11Util.cpp] [Line: 249] 
[2019.10.31-10.35.27:936][318]LogWindows: Error: Result failed 
[2019.10.31-10.35.27:936][318]LogWindows: Error:  at D:\Build\++UE4\Sync\Engine\Source\Runtime\Windows\D3D11RHI\Private\D3D11Viewport.cpp:361 
[2019.10.31-10.35.27:936][318]LogWindows: Error:  with error E_INVALIDARG
[2019.10.31-10.35.27:936][318]LogWindows: Error: 
[2019.10.31-10.35.27:936][318]LogWindows: Error: 
[2019.10.31-10.35.27:936][318]LogWindows: Error: [Callstack] 0x00007ffc4e97a839 KERNELBASE.dll!UnknownFunction []
[2019.10.31-10.35.27:936][318]LogWindows: Error: [Callstack] 0x00007ffbdbe61f37 UE4Editor-Core.dll!UnknownFunction []
[2019.10.31-10.35.27:936][318]LogWindows: Error: [Callstack] 0x00007ffbdbe646e7 UE4Editor-Core.dll!UnknownFunction []
[2019.10.31-10.35.27:936][318]LogWindows: Error: [Callstack] 0x00007ffbdbc77d1a UE4Editor-Core.dll!UnknownFunction []
[2019.10.31-10.35.27:936][318]LogWindows: Error: [Callstack] 0x00007ffbdbbffe33 UE4Editor-Core.dll!UnknownFunction []
[2019.10.31-10.35.27:937][318]LogWindows: Error: [Callstack] 0x00007ffbdbbffd18 UE4Editor-Core.dll!UnknownFunction []
[2019.10.31-10.35.27:937][318]LogWindows: Error: [Callstack] 0x00007ffbc8f9644a UE4Editor-D3D11RHI.dll!UnknownFunction []
[2019.10.31-10.35.27:937][318]LogWindows: Error: [Callstack] 0x00007ffbc8f7875e UE4Editor-D3D11RHI.dll!UnknownFunction []
[2019.10.31-10.35.27:937][318]LogWindows: Error: [Callstack] 0x00007ffbc8f8480b UE4Editor-D3D11RHI.dll!UnknownFunction []
[2019.10.31-10.35.27:937][318]LogWindows: Error: [Callstack] 0x00007ffc1355e8e0 UE4Editor-RHI.dll!UnknownFunction []
[2019.10.31-10.35.27:937][318]LogWindows: Error: [Callstack] 0x00007ffc1355e4c4 UE4Editor-RHI.dll!UnknownFunction []
[2019.10.31-10.35.27:937][318]LogWindows: Error: [Callstack] 0x00007ffc1355f444 UE4Editor-RHI.dll!UnknownFunction []
[2019.10.31-10.35.27:937][318]LogWindows: Error: [Callstack] 0x00007ffc13556bb4 UE4Editor-RHI.dll!UnknownFunction []
[2019.10.31-10.35.27:937][318]LogWindows: Error: [Callstack] 0x00007ffbc8d1769b UE4Editor-SlateRHIRenderer.dll!UnknownFunction []
[2019.10.31-10.35.27:937][318]LogWindows: Error: [Callstack] 0x00007ffbc8d1e220 UE4Editor-SlateRHIRenderer.dll!UnknownFunction []
[2019.10.31-10.35.27:937][318]LogWindows: Error: [Callstack] 0x00007ffbdba822d8 UE4Editor-Core.dll!UnknownFunction []
[2019.10.31-10.35.27:937][318]LogWindows: Error: [Callstack] 0x00007ffbdba82563 UE4Editor-Core.dll!UnknownFunction []
[2019.10.31-10.35.27:938][318]LogWindows: Error: [Callstack] 0x00007ffc132459f1 UE4Editor-RenderCore.dll!UnknownFunction []
[2019.10.31-10.35.27:938][318]LogWindows: Error: [Callstack] 0x00007ffc1324c184 UE4Editor-RenderCore.dll!UnknownFunction []
[2019.10.31-10.35.27:938][318]LogWindows: Error: [Callstack] 0x00007ffbdbe74b3f UE4Editor-Core.dll!UnknownFunction []
[2019.10.31-10.35.27:938][318]LogWindows: Error: [Callstack] 0x00007ffbdbe708a7 UE4Editor-Core.dll!UnknownFunction []
[2019.10.31-10.35.27:938][318]LogWindows: Error: [Callstack] 0x00007ffc4f7d7bd4 KERNEL32.DLL!UnknownFunction []
[2019.10.31-10.35.27:938][318]LogWindows: Error: [Callstack] 0x00007ffc5160ced1 ntdll.dll!UnknownFunction []
[2019.10.31-10.35.27:938][318]LogWindows: Error: 
[2019.10.31-10.35.27:938][318]LogWindows: Error: Crash in runnable thread RenderThread 18
[2019.10.31-10.35.27:942][318]LogOutputDevice: Warning: 

Script Stack (0 frames):

[2019.10.31-10.35.27:942][318]LogWindows: Windows GetLastError: The operation completed successfully. (0)
[2019.10.31-10.35.27:942][318]LogWindows: Error: HandleError re-entered.
[2019.10.31-10.35.27:942][318]LogWindows: FPlatformMisc::RequestExit(1)
[2019.10.31-10.35.27:952][318]Log file closed, 10/31/19 21:35:27
