Log file open, 10/19/19 23:18:53
LogWindows: Failed to load 'aqProf.dll' (GetLastError=126)
LogWindows: File 'aqProf.dll' does not exist
LogWindows: Failed to load 'VtuneApi.dll' (GetLastError=126)
LogWindows: File 'VtuneApi.dll' does not exist
LogWindows: Failed to load 'VtuneApi32e.dll' (GetLastError=126)
LogWindows: File 'VtuneApi32e.dll' does not exist
LogConsoleResponse: Display: Failed to find resolution value strings in scalability ini. Falling back to default.
LogInit: Display: Running engine for game: Project2
LogPakFile: Registered encryption key '00000000000000000000000000000000': 0 pak files mounted, 0 remain pending
LogPlatformFile: Not using cached read wrapper
LogTaskGraph: Started task graph with 5 named threads and 35 total threads with 3 sets of task threads.
LogStats: Stats thread started at 0.465180
LogD3D11RHI: Loaded GFSDK_Aftermath_Lib.x64.dll
LogICUInternationalization: ICU TimeZone Detection - Raw Offset: +10:00, Platform Override: ''
LogPluginManager: Mounting plugin Paper2D
LogPluginManager: Mounting plugin AISupport
LogPluginManager: Mounting plugin LightPropagationVolume
LogPluginManager: Mounting plugin ActorLayerUtilities
LogPluginManager: Mounting plugin AnimationSharing
LogPluginManager: Mounting plugin CLionSourceCodeAccess
LogPluginManager: Mounting plugin CodeLiteSourceCodeAccess
LogPluginManager: Mounting plugin GitSourceControl
LogPluginManager: Mounting plugin KDevelopSourceCodeAccess
LogPluginManager: Mounting plugin NullSourceCodeAccess
LogPluginManager: Mounting plugin PerforceSourceControl
LogPluginManager: Mounting plugin SubversionSourceControl
LogPluginManager: Mounting plugin UObjectPlugin
LogPluginManager: Mounting plugin VisualStudioCodeSourceCodeAccess
LogPluginManager: Mounting plugin VisualStudioSourceCodeAccess
LogPluginManager: Mounting plugin XCodeSourceCodeAccess
LogPluginManager: Mounting plugin AssetManagerEditor
LogPluginManager: Mounting plugin CryptoKeys
LogPluginManager: Mounting plugin DataValidation
LogPluginManager: Mounting plugin FacialAnimation
LogPluginManager: Mounting plugin GameplayTagsEditor
LogPluginManager: Mounting plugin MacGraphicsSwitching
LogPluginManager: Mounting plugin MaterialAnalyzer
LogPluginManager: Mounting plugin MobileLauncherProfileWizard
LogPluginManager: Mounting plugin PluginBrowser
LogPluginManager: Mounting plugin SpeedTreeImporter
LogPluginManager: Mounting plugin DatasmithContent
LogPluginManager: Mounting plugin VariantManagerContent
LogPluginManager: Mounting plugin AlembicImporter
LogPluginManager: Mounting plugin AppleImageUtils
LogPluginManager: Mounting plugin AppleVision
LogPluginManager: Mounting plugin BackChannel
LogPluginManager: Mounting plugin CharacterAI
LogPluginManager: Mounting plugin GeometryCache
LogPluginManager: Mounting plugin HTML5Networking
LogPluginManager: Mounting plugin ProxyLODPlugin
LogPluginManager: Mounting plugin SkeletalReduction
LogPluginManager: Mounting plugin MagicLeap
LogPluginManager: Mounting plugin MagicLeapMedia
LogPluginManager: Mounting plugin AndroidMedia
LogPluginManager: Mounting plugin AvfMedia
LogPluginManager: Mounting plugin ImgMedia
LogPluginManager: Mounting plugin LinearTimecode
LogPluginManager: Mounting plugin MediaCompositing
LogPluginManager: Mounting plugin MediaPlayerEditor
LogPluginManager: Mounting plugin WebMMedia
LogPluginManager: Mounting plugin WmfMedia
LogPluginManager: Mounting plugin TcpMessaging
LogPluginManager: Mounting plugin UdpMessaging
LogPluginManager: Mounting plugin ActorSequence
LogPluginManager: Mounting plugin LevelSequenceEditor
LogPluginManager: Mounting plugin MatineeToLevelSequence
LogPluginManager: Mounting plugin NetcodeUnitTest
LogPluginManager: Mounting plugin NUTUnrealEngine4
LogPluginManager: Mounting plugin OnlineSubsystemGooglePlay
LogPluginManager: Mounting plugin OnlineSubsystemIOS
LogPluginManager: Mounting plugin OnlineSubsystem
LogPluginManager: Mounting plugin OnlineSubsystemNull
LogPluginManager: Mounting plugin OnlineSubsystemUtils
LogPluginManager: Mounting plugin LauncherChunkInstaller
LogPluginManager: Mounting plugin AndroidDeviceProfileSelector
LogPluginManager: Mounting plugin AndroidMoviePlayer
LogPluginManager: Mounting plugin AndroidPermission
LogPluginManager: Mounting plugin AppleMoviePlayer
LogPluginManager: Mounting plugin ArchVisCharacter
LogPluginManager: Mounting plugin AudioCapture
LogPluginManager: Mounting plugin CableComponent
LogPluginManager: Mounting plugin CustomMeshComponent
LogPluginManager: Mounting plugin EditableMesh
LogPluginManager: Mounting plugin ExampleDeviceProfileSelector
LogPluginManager: Mounting plugin Firebase
LogPluginManager: Mounting plugin GoogleCloudMessaging
LogPluginManager: Mounting plugin IOSDeviceProfileSelector
LogPluginManager: Mounting plugin LinuxDeviceProfileSelector
LogPluginManager: Mounting plugin LocationServicesBPLibrary
LogPluginManager: Mounting plugin MobilePatchingUtils
LogPluginManager: Mounting plugin OculusVR
LogPluginManager: Mounting plugin PhysXVehicles
LogPluginManager: Mounting plugin ProceduralMeshComponent
LogPluginManager: Mounting plugin RuntimePhysXCooking
LogPluginManager: Mounting plugin SignificanceManager
LogPluginManager: Mounting plugin SteamVR
LogPluginManager: Mounting plugin WebMMoviePlayer
LogPluginManager: Mounting plugin WindowsMoviePlayer
LogInit: Using libcurl 7.55.1-DEV
LogInit:  - built for x86_64-pc-win32
LogInit:  - supports SSL with OpenSSL/1.1.1
LogInit:  - supports HTTP deflate (compression) using libz 1.2.8
LogInit:  - other features:
LogInit:      CURL_VERSION_SSL
LogInit:      CURL_VERSION_LIBZ
LogInit:      CURL_VERSION_IPV6
LogInit:      CURL_VERSION_ASYNCHDNS
LogInit:      CURL_VERSION_LARGEFILE
LogInit:      CURL_VERSION_IDN
LogInit:  CurlRequestOptions (configurable via config and command line):
LogInit:  - bVerifyPeer = true  - Libcurl will verify peer certificate
LogInit:  - bUseHttpProxy = false  - Libcurl will NOT use HTTP proxy
LogInit:  - bDontReuseConnections = false  - Libcurl will reuse connections
LogInit:  - MaxHostConnections = 16  - Libcurl will limit the number of connections to a host
LogInit:  - LocalHostAddr = Default
LogInit:  - BufferSize = 65536
LogInit: WinSock: version 1.1 (2.2), MaxSocks=32767, MaxUdp=65467
LogInit: Build: ++UE4+Release-4.22-CL-7053642
LogInit: Engine Version: 4.22.3-7053642+++UE4+Release-4.22
LogInit: Compatible Engine Version: 4.22.0-5660361+++UE4+Release-4.22
LogInit: Net CL: 5660361
LogInit: OS: Windows 10 (Release 1903) (), CPU: Intel(R) Core(TM) i7-8750H CPU @ 2.20GHz, GPU: Intel(R) UHD Graphics 630
LogInit: Compiled (64-bit): Jun 18 2019 03:09:11
LogInit: Compiled with Visual C++: 19.16.27025.01
LogInit: Build Configuration: Development
LogInit: Branch Name: ++UE4+Release-4.22
LogInit: Command Line: 
LogInit: Base Directory: C:/Users/ellan/Desktop/UE_4.22/Engine/Binaries/Win64/
LogInit: Installed Engine Build: 1
LogDevObjectVersion: Number of dev versions registered: 23
LogDevObjectVersion:   Dev-Blueprints (B0D832E4-1F89-4F0D-ACCF-7EB736FD4AA2): 10
LogDevObjectVersion:   Dev-Build (E1C64328-A22C-4D53-A36C-8E866417BD8C): 0
LogDevObjectVersion:   Dev-Core (375EC13C-06E4-48FB-B500-84F0262A717E): 3
LogDevObjectVersion:   Dev-Editor (E4B068ED-F494-42E9-A231-DA0B2E46BB41): 30
LogDevObjectVersion:   Dev-Framework (CFFC743F-43B0-4480-9391-14DF171D2073): 35
LogDevObjectVersion:   Dev-Mobile (B02B49B5-BB20-44E9-A304-32B752E40360): 2
LogDevObjectVersion:   Dev-Networking (A4E4105C-59A1-49B5-A7C5-40C4547EDFEE): 0
LogDevObjectVersion:   Dev-Online (39C831C9-5AE6-47DC-9A44-9C173E1C8E7C): 0
LogDevObjectVersion:   Dev-Physics (78F01B33-EBEA-4F98-B9B4-84EACCB95AA2): 0
LogDevObjectVersion:   Dev-Platform (6631380F-2D4D-43E0-8009-CF276956A95A): 0
LogDevObjectVersion:   Dev-Rendering (12F88B9F-8875-4AFC-A67C-D90C383ABD29): 28
LogDevObjectVersion:   Dev-Sequencer (7B5AE74C-D270-4C10-A958-57980B212A5A): 11
LogDevObjectVersion:   Dev-VR (D7296918-1DD6-4BDD-9DE2-64A83CC13884): 2
LogDevObjectVersion:   Dev-LoadTimes (C2A15278-BFE7-4AFE-6C17-90FF531DF755): 1
LogDevObjectVersion:   Private-Geometry (6EACA3D4-40EC-4CC1-B786-8BED09428FC5): 3
LogDevObjectVersion:   Dev-AnimPhys (29E575DD-E0A3-4627-9D10-D276232CDCEA): 17
LogDevObjectVersion:   Dev-Anim (AF43A65D-7FD3-4947-9873-3E8ED9C1BB05): 2
LogDevObjectVersion:   Dev-ReflectionCapture (6B266CEC-1EC7-4B8F-A30B-E4D90942FC07): 1
LogDevObjectVersion:   Dev-Automation (0DF73D61-A23F-47EA-B727-89E90C41499A): 1
LogDevObjectVersion:   FortniteMain (601D1886-AC64-4F84-AA16-D3DE0DEAC7D6): 25
LogDevObjectVersion:   Dev-Enterprise (9DFFBCD6-494F-0158-E221-12823C92A888): 6
LogDevObjectVersion:   Dev-Niagara (F2AED0AC-9AFE-416F-8664-AA7FFA26D6FC): 1
LogDevObjectVersion:   Dev-Destruction (174F1F0B-B4C6-45A5-B13F-2EE8D0FB917D): 2
LogInit: Presizing for max 16777216 objects, including 0 objects not considered by GC, pre-allocating 0 bytes for permanent pool.
LogInit: Object subsystem initialized
LogConfig: Setting CVar [[con.DebugEarlyDefault:1]]
LogConfig: Setting CVar [[r.setres:1280x720]]
[2019.10.19-12.18.54:222][  0]LogConfig: Setting CVar [[r.VSync:0]]
[2019.10.19-12.18.54:223][  0]LogConfig: Setting CVar [[r.RHICmdBypass:0]]
[2019.10.19-12.18.54:223][  0]LogConfig: Applying CVar settings from Section [/Script/Engine.RendererSettings] File [C:/Users/ellan/Documents/GitHub/3D-Platformer/Project2/Saved/Config/Windows/Engine.ini]
[2019.10.19-12.18.54:224][  0]LogConfig: Setting CVar [[r.GPUCrashDebugging:0]]
[2019.10.19-12.18.54:224][  0]LogConfig: Applying CVar settings from Section [/Script/Engine.RendererOverrideSettings] File [C:/Users/ellan/Documents/GitHub/3D-Platformer/Project2/Saved/Config/Windows/Engine.ini]
[2019.10.19-12.18.54:224][  0]LogConfig: Applying CVar settings from Section [/Script/Engine.StreamingSettings] File [C:/Users/ellan/Documents/GitHub/3D-Platformer/Project2/Saved/Config/Windows/Engine.ini]
[2019.10.19-12.18.54:224][  0]LogConfig: Setting CVar [[s.MinBulkDataSizeForAsyncLoading:131072]]
[2019.10.19-12.18.54:224][  0]LogConfig: Setting CVar [[s.AsyncLoadingThreadEnabled:0]]
[2019.10.19-12.18.54:224][  0]LogConfig: Setting CVar [[s.EventDrivenLoaderEnabled:1]]
[2019.10.19-12.18.54:224][  0]LogConfig: Setting CVar [[s.WarnIfTimeLimitExceeded:0]]
[2019.10.19-12.18.54:224][  0]LogConfig: Setting CVar [[s.TimeLimitExceededMultiplier:1.5]]
[2019.10.19-12.18.54:224][  0]LogConfig: Setting CVar [[s.TimeLimitExceededMinTime:0.005]]
[2019.10.19-12.18.54:224][  0]LogConfig: Setting CVar [[s.UseBackgroundLevelStreaming:1]]
[2019.10.19-12.18.54:224][  0]LogConfig: Setting CVar [[s.PriorityAsyncLoadingExtraTime:15.0]]
[2019.10.19-12.18.54:224][  0]LogConfig: Setting CVar [[s.LevelStreamingActorsUpdateTimeLimit:5.0]]
[2019.10.19-12.18.54:224][  0]LogConfig: Setting CVar [[s.PriorityLevelStreamingActorsUpdateExtraTime:5.0]]
[2019.10.19-12.18.54:224][  0]LogConfig: Setting CVar [[s.LevelStreamingComponentsRegistrationGranularity:10]]
[2019.10.19-12.18.54:224][  0]LogConfig: Setting CVar [[s.UnregisterComponentsTimeLimit:1.0]]
[2019.10.19-12.18.54:224][  0]LogConfig: Setting CVar [[s.LevelStreamingComponentsUnregistrationGranularity:5]]
[2019.10.19-12.18.54:224][  0]LogConfig: Applying CVar settings from Section [/Script/Engine.GarbageCollectionSettings] File [C:/Users/ellan/Documents/GitHub/3D-Platformer/Project2/Saved/Config/Windows/Engine.ini]
[2019.10.19-12.18.54:224][  0]LogConfig: Setting CVar [[gc.MaxObjectsNotConsideredByGC:1]]
[2019.10.19-12.18.54:224][  0]LogConfig: Setting CVar [[gc.SizeOfPermanentObjectPool:0]]
[2019.10.19-12.18.54:224][  0]LogConfig: Setting CVar [[gc.FlushStreamingOnGC:0]]
[2019.10.19-12.18.54:224][  0]LogConfig: Setting CVar [[gc.NumRetriesBeforeForcingGC:10]]
[2019.10.19-12.18.54:224][  0]LogConfig: Setting CVar [[gc.AllowParallelGC:1]]
[2019.10.19-12.18.54:224][  0]LogConfig: Setting CVar [[gc.TimeBetweenPurgingPendingKillObjects:61.1]]
[2019.10.19-12.18.54:224][  0]LogConfig: Setting CVar [[gc.MaxObjectsInEditor:16777216]]
[2019.10.19-12.18.54:224][  0]LogConfig: Setting CVar [[gc.IncrementalBeginDestroyEnabled:1]]
[2019.10.19-12.18.54:224][  0]LogConfig: Setting CVar [[gc.CreateGCClusters:1]]
[2019.10.19-12.18.54:224][  0]LogConfig: Setting CVar [[gc.MinGCClusterSize:5]]
[2019.10.19-12.18.54:224][  0]LogConfig: Setting CVar [[gc.ActorClusteringEnabled:0]]
[2019.10.19-12.18.54:224][  0]LogConfig: Setting CVar [[gc.BlueprintClusteringEnabled:0]]
[2019.10.19-12.18.54:224][  0]LogConfig: Setting CVar [[gc.UseDisregardForGCOnDedicatedServers:0]]
[2019.10.19-12.18.54:224][  0]LogConfig: Applying CVar settings from Section [/Script/Engine.NetworkSettings] File [C:/Users/ellan/Documents/GitHub/3D-Platformer/Project2/Saved/Config/Windows/Engine.ini]
[2019.10.19-12.18.54:224][  0]LogConfig: Applying CVar settings from Section [/Script/UnrealEd.CookerSettings] File [C:/Users/ellan/Documents/GitHub/3D-Platformer/Project2/Saved/Config/Windows/Engine.ini]
[2019.10.19-12.18.54:234][  0]LogConfig: Applying CVar settings from Section [ViewDistanceQuality@3] File [C:/Users/ellan/Documents/GitHub/3D-Platformer/Project2/Saved/Config/Windows/Scalability.ini]
[2019.10.19-12.18.54:234][  0]LogConfig: Setting CVar [[r.SkeletalMeshLODBias:0]]
[2019.10.19-12.18.54:235][  0]LogConfig: Setting CVar [[r.ViewDistanceScale:1.0]]
[2019.10.19-12.18.54:235][  0]LogConfig: Applying CVar settings from Section [AntiAliasingQuality@3] File [C:/Users/ellan/Documents/GitHub/3D-Platformer/Project2/Saved/Config/Windows/Scalability.ini]
[2019.10.19-12.18.54:235][  0]LogConfig: Setting CVar [[r.PostProcessAAQuality:4]]
[2019.10.19-12.18.54:235][  0]LogConfig: Applying CVar settings from Section [ShadowQuality@3] File [C:/Users/ellan/Documents/GitHub/3D-Platformer/Project2/Saved/Config/Windows/Scalability.ini]
[2019.10.19-12.18.54:235][  0]LogConfig: Setting CVar [[r.LightFunctionQuality:1]]
[2019.10.19-12.18.54:235][  0]LogConfig: Setting CVar [[r.ShadowQuality:5]]
[2019.10.19-12.18.54:235][  0]LogConfig: Setting CVar [[r.Shadow.CSM.MaxCascades:10]]
[2019.10.19-12.18.54:235][  0]LogConfig: Setting CVar [[r.Shadow.MaxResolution:2048]]
[2019.10.19-12.18.54:235][  0]LogConfig: Setting CVar [[r.Shadow.MaxCSMResolution:2048]]
[2019.10.19-12.18.54:235][  0]LogConfig: Setting CVar [[r.Shadow.RadiusThreshold:0.01]]
[2019.10.19-12.18.54:235][  0]LogConfig: Setting CVar [[r.Shadow.DistanceScale:1.0]]
[2019.10.19-12.18.54:235][  0]LogConfig: Setting CVar [[r.Shadow.CSM.TransitionScale:1.0]]
[2019.10.19-12.18.54:235][  0]LogConfig: Setting CVar [[r.Shadow.PreShadowResolutionFactor:1.0]]
[2019.10.19-12.18.54:235][  0]LogConfig: Setting CVar [[r.DistanceFieldShadowing:1]]
[2019.10.19-12.18.54:235][  0]LogConfig: Setting CVar [[r.DistanceFieldAO:1]]
[2019.10.19-12.18.54:235][  0]LogConfig: Setting CVar [[r.AOQuality:2]]
[2019.10.19-12.18.54:235][  0]LogConfig: Setting CVar [[r.VolumetricFog:1]]
[2019.10.19-12.18.54:235][  0]LogConfig: Setting CVar [[r.VolumetricFog.GridPixelSize:8]]
[2019.10.19-12.18.54:236][  0]LogConfig: Setting CVar [[r.VolumetricFog.GridSizeZ:128]]
[2019.10.19-12.18.54:236][  0]LogConfig: Setting CVar [[r.VolumetricFog.HistoryMissSupersampleCount:4]]
[2019.10.19-12.18.54:236][  0]LogConfig: Setting CVar [[r.LightMaxDrawDistanceScale:1]]
[2019.10.19-12.18.54:236][  0]LogConfig: Setting CVar [[r.CapsuleShadows:1]]
[2019.10.19-12.18.54:236][  0]LogConfig: Applying CVar settings from Section [PostProcessQuality@3] File [C:/Users/ellan/Documents/GitHub/3D-Platformer/Project2/Saved/Config/Windows/Scalability.ini]
[2019.10.19-12.18.54:236][  0]LogConfig: Setting CVar [[r.MotionBlurQuality:4]]
[2019.10.19-12.18.54:236][  0]LogConfig: Setting CVar [[r.AmbientOcclusionMipLevelFactor:0.4]]
[2019.10.19-12.18.54:236][  0]LogConfig: Setting CVar [[r.AmbientOcclusionMaxQuality:100]]
[2019.10.19-12.18.54:236][  0]LogConfig: Setting CVar [[r.AmbientOcclusionLevels:-1]]
[2019.10.19-12.18.54:236][  0]LogConfig: Setting CVar [[r.AmbientOcclusionRadiusScale:1.0]]
[2019.10.19-12.18.54:236][  0]LogConfig: Setting CVar [[r.DepthOfFieldQuality:2]]
[2019.10.19-12.18.54:236][  0]LogConfig: Setting CVar [[r.RenderTargetPoolMin:400]]
[2019.10.19-12.18.54:236][  0]LogConfig: Setting CVar [[r.LensFlareQuality:2]]
[2019.10.19-12.18.54:236][  0]LogConfig: Setting CVar [[r.SceneColorFringeQuality:1]]
[2019.10.19-12.18.54:236][  0]LogConfig: Setting CVar [[r.EyeAdaptationQuality:2]]
[2019.10.19-12.18.54:236][  0]LogConfig: Setting CVar [[r.BloomQuality:5]]
[2019.10.19-12.18.54:236][  0]LogConfig: Setting CVar [[r.FastBlurThreshold:100]]
[2019.10.19-12.18.54:236][  0]LogConfig: Setting CVar [[r.Upscale.Quality:3]]
[2019.10.19-12.18.54:236][  0]LogConfig: Setting CVar [[r.Tonemapper.GrainQuantization:1]]
[2019.10.19-12.18.54:237][  0]LogConfig: Setting CVar [[r.LightShaftQuality:1]]
[2019.10.19-12.18.54:237][  0]LogConfig: Setting CVar [[r.Filter.SizeScale:1]]
[2019.10.19-12.18.54:237][  0]LogConfig: Setting CVar [[r.Tonemapper.Quality:5]]
[2019.10.19-12.18.54:237][  0]LogConfig: Setting CVar [[r.DOF.Gather.AccumulatorQuality:1        ; higher gathering accumulator quality]]
[2019.10.19-12.18.54:237][  0]LogConfig: Setting CVar [[r.DOF.Gather.PostfilterMethod:1          ; Median3x3 postfilering method]]
[2019.10.19-12.18.54:237][  0]LogConfig: Setting CVar [[r.DOF.Gather.EnableBokehSettings:0       ; no bokeh simulation when gathering]]
[2019.10.19-12.18.54:237][  0]LogConfig: Setting CVar [[r.DOF.Gather.RingCount:4                 ; medium number of samples when gathering]]
[2019.10.19-12.18.54:237][  0]LogConfig: Setting CVar [[r.DOF.Scatter.ForegroundCompositing:1    ; additive foreground scattering]]
[2019.10.19-12.18.54:237][  0]LogConfig: Setting CVar [[r.DOF.Scatter.BackgroundCompositing:2    ; additive background scattering]]
[2019.10.19-12.18.54:237][  0]LogConfig: Setting CVar [[r.DOF.Scatter.EnableBokehSettings:1      ; bokeh simulation when scattering]]
[2019.10.19-12.18.54:237][  0]LogConfig: Setting CVar [[r.DOF.Scatter.MaxSpriteRatio:0.1         ; only a maximum of 10% of scattered bokeh]]
[2019.10.19-12.18.54:237][  0]LogConfig: Setting CVar [[r.DOF.Recombine.Quality:1                ; cheap slight out of focus]]
[2019.10.19-12.18.54:237][  0]LogConfig: Setting CVar [[r.DOF.Recombine.EnableBokehSettings:0    ; no bokeh simulation on slight out of focus]]
[2019.10.19-12.18.54:237][  0]LogConfig: Setting CVar [[r.DOF.TemporalAAQuality:1                ; more stable temporal accumulation]]
[2019.10.19-12.18.54:237][  0]LogConfig: Setting CVar [[r.DOF.Kernel.MaxForegroundRadius:0.025]]
[2019.10.19-12.18.54:237][  0]LogConfig: Setting CVar [[r.DOF.Kernel.MaxBackgroundRadius:0.025]]
[2019.10.19-12.18.54:237][  0]LogConfig: Applying CVar settings from Section [TextureQuality@3] File [C:/Users/ellan/Documents/GitHub/3D-Platformer/Project2/Saved/Config/Windows/Scalability.ini]
[2019.10.19-12.18.54:237][  0]LogConfig: Setting CVar [[r.Streaming.MipBias:0]]
[2019.10.19-12.18.54:237][  0]LogConfig: Setting CVar [[r.Streaming.AmortizeCPUToGPUCopy:0]]
[2019.10.19-12.18.54:237][  0]LogConfig: Setting CVar [[r.Streaming.MaxNumTexturesToStreamPerFrame:0]]
[2019.10.19-12.18.54:237][  0]LogConfig: Setting CVar [[r.Streaming.Boost:1]]
[2019.10.19-12.18.54:238][  0]LogConfig: Setting CVar [[r.MaxAnisotropy:8]]
[2019.10.19-12.18.54:238][  0]LogConfig: Setting CVar [[r.Streaming.LimitPoolSizeToVRAM:0]]
[2019.10.19-12.18.54:238][  0]LogConfig: Setting CVar [[r.Streaming.PoolSize:1000]]
[2019.10.19-12.18.54:238][  0]LogConfig: Setting CVar [[r.Streaming.MaxEffectiveScreenSize:0]]
[2019.10.19-12.18.54:238][  0]LogConfig: Applying CVar settings from Section [EffectsQuality@3] File [C:/Users/ellan/Documents/GitHub/3D-Platformer/Project2/Saved/Config/Windows/Scalability.ini]
[2019.10.19-12.18.54:238][  0]LogConfig: Setting CVar [[r.TranslucencyLightingVolumeDim:64]]
[2019.10.19-12.18.54:238][  0]LogConfig: Setting CVar [[r.RefractionQuality:2]]
[2019.10.19-12.18.54:238][  0]LogConfig: Setting CVar [[r.SSR.Quality:3]]
[2019.10.19-12.18.54:238][  0]LogConfig: Setting CVar [[r.SceneColorFormat:4]]
[2019.10.19-12.18.54:238][  0]LogConfig: Setting CVar [[r.DetailMode:2]]
[2019.10.19-12.18.54:238][  0]LogConfig: Setting CVar [[r.TranslucencyVolumeBlur:1]]
[2019.10.19-12.18.54:238][  0]LogConfig: Setting CVar [[r.MaterialQualityLevel:1 ; High quality]]
[2019.10.19-12.18.54:238][  0]LogConfig: Setting CVar [[r.SSS.Scale:1]]
[2019.10.19-12.18.54:238][  0]LogConfig: Setting CVar [[r.SSS.SampleSet:2]]
[2019.10.19-12.18.54:238][  0]LogConfig: Setting CVar [[r.SSS.Quality:1]]
[2019.10.19-12.18.54:238][  0]LogConfig: Setting CVar [[r.SSS.HalfRes:1]]
[2019.10.19-12.18.54:238][  0]LogConfig: Setting CVar [[r.EmitterSpawnRateScale:1.0]]
[2019.10.19-12.18.54:238][  0]LogConfig: Setting CVar [[r.ParticleLightQuality:2]]
[2019.10.19-12.18.54:238][  0]LogConfig: Applying CVar settings from Section [FoliageQuality@3] File [C:/Users/ellan/Documents/GitHub/3D-Platformer/Project2/Saved/Config/Windows/Scalability.ini]
[2019.10.19-12.18.54:239][  0]LogConfig: Setting CVar [[foliage.DensityScale:1.0]]
[2019.10.19-12.18.54:239][  0]LogConfig: Setting CVar [[grass.DensityScale:1.0]]
[2019.10.19-12.18.54:239][  0]LogInit: Selected Device Profile: [Windows]
[2019.10.19-12.18.54:239][  0]LogInit: Applying CVar settings loaded from the selected device profile: [Windows]
[2019.10.19-12.18.54:272][  0]LogHAL: Display: Platform has ~ 16 GB [17016786944 / 17179869184 / 16], which maps to Larger [LargestMinGB=32, LargerMinGB=12, DefaultMinGB=8, SmallerMinGB=6, SmallestMinGB=0)
[2019.10.19-12.18.54:272][  0]LogConfig: Setting CVar [[r.Vulkan.UseRealUBs:0		; Required until we fix HLR fall-out]]
[2019.10.19-12.18.54:272][  0]LogInit: Going up to parent DeviceProfile []
[2019.10.19-12.18.54:272][  0]LogConfig: Applying CVar settings from Section [ViewDistanceQuality@3] File [C:/Users/ellan/Documents/GitHub/3D-Platformer/Project2/Saved/Config/Windows/Scalability.ini]
[2019.10.19-12.18.54:273][  0]LogConfig: Setting CVar [[r.SkeletalMeshLODBias:0]]
[2019.10.19-12.18.54:273][  0]LogConfig: Setting CVar [[r.ViewDistanceScale:1.0]]
[2019.10.19-12.18.54:273][  0]LogConfig: Applying CVar settings from Section [AntiAliasingQuality@3] File [C:/Users/ellan/Documents/GitHub/3D-Platformer/Project2/Saved/Config/Windows/Scalability.ini]
[2019.10.19-12.18.54:273][  0]LogConfig: Setting CVar [[r.PostProcessAAQuality:4]]
[2019.10.19-12.18.54:273][  0]LogConfig: Applying CVar settings from Section [ShadowQuality@3] File [C:/Users/ellan/Documents/GitHub/3D-Platformer/Project2/Saved/Config/Windows/Scalability.ini]
[2019.10.19-12.18.54:273][  0]LogConfig: Setting CVar [[r.LightFunctionQuality:1]]
[2019.10.19-12.18.54:273][  0]LogConfig: Setting CVar [[r.ShadowQuality:5]]
[2019.10.19-12.18.54:273][  0]LogConfig: Setting CVar [[r.Shadow.CSM.MaxCascades:10]]
[2019.10.19-12.18.54:273][  0]LogConfig: Setting CVar [[r.Shadow.MaxResolution:2048]]
[2019.10.19-12.18.54:273][  0]LogConfig: Setting CVar [[r.Shadow.MaxCSMResolution:2048]]
[2019.10.19-12.18.54:273][  0]LogConfig: Setting CVar [[r.Shadow.RadiusThreshold:0.01]]
[2019.10.19-12.18.54:273][  0]LogConfig: Setting CVar [[r.Shadow.DistanceScale:1.0]]
[2019.10.19-12.18.54:273][  0]LogConfig: Setting CVar [[r.Shadow.CSM.TransitionScale:1.0]]
[2019.10.19-12.18.54:273][  0]LogConfig: Setting CVar [[r.Shadow.PreShadowResolutionFactor:1.0]]
[2019.10.19-12.18.54:273][  0]LogConfig: Setting CVar [[r.DistanceFieldShadowing:1]]
[2019.10.19-12.18.54:273][  0]LogConfig: Setting CVar [[r.DistanceFieldAO:1]]
[2019.10.19-12.18.54:273][  0]LogConfig: Setting CVar [[r.AOQuality:2]]
[2019.10.19-12.18.54:273][  0]LogConfig: Setting CVar [[r.VolumetricFog:1]]
[2019.10.19-12.18.54:273][  0]LogConfig: Setting CVar [[r.VolumetricFog.GridPixelSize:8]]
[2019.10.19-12.18.54:273][  0]LogConfig: Setting CVar [[r.VolumetricFog.GridSizeZ:128]]
[2019.10.19-12.18.54:273][  0]LogConfig: Setting CVar [[r.VolumetricFog.HistoryMissSupersampleCount:4]]
[2019.10.19-12.18.54:273][  0]LogConfig: Setting CVar [[r.LightMaxDrawDistanceScale:1]]
[2019.10.19-12.18.54:274][  0]LogConfig: Setting CVar [[r.CapsuleShadows:1]]
[2019.10.19-12.18.54:274][  0]LogConfig: Applying CVar settings from Section [PostProcessQuality@3] File [C:/Users/ellan/Documents/GitHub/3D-Platformer/Project2/Saved/Config/Windows/Scalability.ini]
[2019.10.19-12.18.54:274][  0]LogConfig: Setting CVar [[r.MotionBlurQuality:4]]
[2019.10.19-12.18.54:274][  0]LogConfig: Setting CVar [[r.AmbientOcclusionMipLevelFactor:0.4]]
[2019.10.19-12.18.54:274][  0]LogConfig: Setting CVar [[r.AmbientOcclusionMaxQuality:100]]
[2019.10.19-12.18.54:274][  0]LogConfig: Setting CVar [[r.AmbientOcclusionLevels:-1]]
[2019.10.19-12.18.54:274][  0]LogConfig: Setting CVar [[r.AmbientOcclusionRadiusScale:1.0]]
[2019.10.19-12.18.54:274][  0]LogConfig: Setting CVar [[r.DepthOfFieldQuality:2]]
[2019.10.19-12.18.54:274][  0]LogConfig: Setting CVar [[r.RenderTargetPoolMin:400]]
[2019.10.19-12.18.54:274][  0]LogConfig: Setting CVar [[r.LensFlareQuality:2]]
[2019.10.19-12.18.54:274][  0]LogConfig: Setting CVar [[r.SceneColorFringeQuality:1]]
[2019.10.19-12.18.54:274][  0]LogConfig: Setting CVar [[r.EyeAdaptationQuality:2]]
[2019.10.19-12.18.54:274][  0]LogConfig: Setting CVar [[r.BloomQuality:5]]
[2019.10.19-12.18.54:274][  0]LogConfig: Setting CVar [[r.FastBlurThreshold:100]]
[2019.10.19-12.18.54:274][  0]LogConfig: Setting CVar [[r.Upscale.Quality:3]]
[2019.10.19-12.18.54:274][  0]LogConfig: Setting CVar [[r.Tonemapper.GrainQuantization:1]]
[2019.10.19-12.18.54:274][  0]LogConfig: Setting CVar [[r.LightShaftQuality:1]]
[2019.10.19-12.18.54:274][  0]LogConfig: Setting CVar [[r.Filter.SizeScale:1]]
[2019.10.19-12.18.54:274][  0]LogConfig: Setting CVar [[r.Tonemapper.Quality:5]]
[2019.10.19-12.18.54:274][  0]LogConfig: Setting CVar [[r.DOF.Gather.AccumulatorQuality:1        ; higher gathering accumulator quality]]
[2019.10.19-12.18.54:274][  0]LogConfig: Setting CVar [[r.DOF.Gather.PostfilterMethod:1          ; Median3x3 postfilering method]]
[2019.10.19-12.18.54:274][  0]LogConfig: Setting CVar [[r.DOF.Gather.EnableBokehSettings:0       ; no bokeh simulation when gathering]]
[2019.10.19-12.18.54:275][  0]LogConfig: Setting CVar [[r.DOF.Gather.RingCount:4                 ; medium number of samples when gathering]]
[2019.10.19-12.18.54:275][  0]LogConfig: Setting CVar [[r.DOF.Scatter.ForegroundCompositing:1    ; additive foreground scattering]]
[2019.10.19-12.18.54:275][  0]LogConfig: Setting CVar [[r.DOF.Scatter.BackgroundCompositing:2    ; additive background scattering]]
[2019.10.19-12.18.54:275][  0]LogConfig: Setting CVar [[r.DOF.Scatter.EnableBokehSettings:1      ; bokeh simulation when scattering]]
[2019.10.19-12.18.54:275][  0]LogConfig: Setting CVar [[r.DOF.Scatter.MaxSpriteRatio:0.1         ; only a maximum of 10% of scattered bokeh]]
[2019.10.19-12.18.54:275][  0]LogConfig: Setting CVar [[r.DOF.Recombine.Quality:1                ; cheap slight out of focus]]
[2019.10.19-12.18.54:275][  0]LogConfig: Setting CVar [[r.DOF.Recombine.EnableBokehSettings:0    ; no bokeh simulation on slight out of focus]]
[2019.10.19-12.18.54:275][  0]LogConfig: Setting CVar [[r.DOF.TemporalAAQuality:1                ; more stable temporal accumulation]]
[2019.10.19-12.18.54:275][  0]LogConfig: Setting CVar [[r.DOF.Kernel.MaxForegroundRadius:0.025]]
[2019.10.19-12.18.54:275][  0]LogConfig: Setting CVar [[r.DOF.Kernel.MaxBackgroundRadius:0.025]]
[2019.10.19-12.18.54:275][  0]LogConfig: Applying CVar settings from Section [TextureQuality@3] File [C:/Users/ellan/Documents/GitHub/3D-Platformer/Project2/Saved/Config/Windows/Scalability.ini]
[2019.10.19-12.18.54:275][  0]LogConfig: Setting CVar [[r.Streaming.MipBias:0]]
[2019.10.19-12.18.54:275][  0]LogConfig: Setting CVar [[r.Streaming.AmortizeCPUToGPUCopy:0]]
[2019.10.19-12.18.54:275][  0]LogConfig: Setting CVar [[r.Streaming.MaxNumTexturesToStreamPerFrame:0]]
[2019.10.19-12.18.54:275][  0]LogConfig: Setting CVar [[r.Streaming.Boost:1]]
[2019.10.19-12.18.54:275][  0]LogConfig: Setting CVar [[r.MaxAnisotropy:8]]
[2019.10.19-12.18.54:275][  0]LogConfig: Setting CVar [[r.Streaming.LimitPoolSizeToVRAM:0]]
[2019.10.19-12.18.54:275][  0]LogConfig: Setting CVar [[r.Streaming.PoolSize:1000]]
[2019.10.19-12.18.54:275][  0]LogConfig: Setting CVar [[r.Streaming.MaxEffectiveScreenSize:0]]
[2019.10.19-12.18.54:275][  0]LogConfig: Applying CVar settings from Section [EffectsQuality@3] File [C:/Users/ellan/Documents/GitHub/3D-Platformer/Project2/Saved/Config/Windows/Scalability.ini]
[2019.10.19-12.18.54:275][  0]LogConfig: Setting CVar [[r.TranslucencyLightingVolumeDim:64]]
[2019.10.19-12.18.54:275][  0]LogConfig: Setting CVar [[r.RefractionQuality:2]]
[2019.10.19-12.18.54:276][  0]LogConfig: Setting CVar [[r.SSR.Quality:3]]
[2019.10.19-12.18.54:276][  0]LogConfig: Setting CVar [[r.SceneColorFormat:4]]
[2019.10.19-12.18.54:276][  0]LogConfig: Setting CVar [[r.DetailMode:2]]
[2019.10.19-12.18.54:276][  0]LogConfig: Setting CVar [[r.TranslucencyVolumeBlur:1]]
[2019.10.19-12.18.54:276][  0]LogConfig: Setting CVar [[r.MaterialQualityLevel:1 ; High quality]]
[2019.10.19-12.18.54:276][  0]LogConfig: Setting CVar [[r.SSS.Scale:1]]
[2019.10.19-12.18.54:276][  0]LogConfig: Setting CVar [[r.SSS.SampleSet:2]]
[2019.10.19-12.18.54:276][  0]LogConfig: Setting CVar [[r.SSS.Quality:1]]
[2019.10.19-12.18.54:276][  0]LogConfig: Setting CVar [[r.SSS.HalfRes:1]]
[2019.10.19-12.18.54:276][  0]LogConfig: Setting CVar [[r.EmitterSpawnRateScale:1.0]]
[2019.10.19-12.18.54:276][  0]LogConfig: Setting CVar [[r.ParticleLightQuality:2]]
[2019.10.19-12.18.54:276][  0]LogConfig: Applying CVar settings from Section [FoliageQuality@3] File [C:/Users/ellan/Documents/GitHub/3D-Platformer/Project2/Saved/Config/Windows/Scalability.ini]
[2019.10.19-12.18.54:276][  0]LogConfig: Setting CVar [[foliage.DensityScale:1.0]]
[2019.10.19-12.18.54:276][  0]LogConfig: Setting CVar [[grass.DensityScale:1.0]]
[2019.10.19-12.18.54:276][  0]LogConfig: Applying CVar settings from Section [Startup] File [../../../Engine/Config/ConsoleVariables.ini]
[2019.10.19-12.18.54:277][  0]LogConfig: Setting CVar [[net.UseAdaptiveNetUpdateFrequency:0]]
[2019.10.19-12.18.54:277][  0]LogConfig: Setting CVar [[p.chaos.AllowCreatePhysxBodies:1]]
[2019.10.19-12.18.54:277][  0]LogConfig: Applying CVar settings from Section [ConsoleVariables] File [C:/Users/ellan/Documents/GitHub/3D-Platformer/Project2/Saved/Config/Windows/Engine.ini]
[2019.10.19-12.18.54:278][  0]LogInit: Computer: MSI
[2019.10.19-12.18.54:278][  0]LogInit: User: ellan
[2019.10.19-12.18.54:278][  0]LogInit: CPU Page size=4096, Cores=6
[2019.10.19-12.18.54:278][  0]LogInit: High frequency timer resolution =10.000000 MHz
[2019.10.19-12.18.54:278][  0]LogMemory: Memory total: Physical=15.8GB (16GB approx)
[2019.10.19-12.18.54:278][  0]LogMemory: Platform Memory Stats for Windows
[2019.10.19-12.18.54:278][  0]LogMemory: Process Physical Memory: 97.97 MB used, 97.97 MB peak
[2019.10.19-12.18.54:278][  0]LogMemory: Process Virtual Memory: 93.80 MB used, 93.80 MB peak
[2019.10.19-12.18.54:278][  0]LogMemory: Physical Memory: 7477.70 MB used,  8750.77 MB free, 16228.47 MB total
[2019.10.19-12.18.54:278][  0]LogMemory: Virtual Memory: 4664.14 MB used,  134213064.00 MB free, 134217728.00 MB total
[2019.10.19-12.18.54:335][  0]LogInit: Using OS detected language (en-US).
[2019.10.19-12.18.54:335][  0]LogInit: Using OS detected locale (en-AU).
[2019.10.19-12.18.54:336][  0]LogTextLocalizationManager: No specific localization for 'en-US' exists, so the 'en' localization will be used.
[2019.10.19-12.18.54:555][  0]LogInit: Setting process to per monitor DPI aware
[2019.10.19-12.18.54:591][  0]LogSlate: New Slate User Created.  User Index 0, Is Virtual User: 0
[2019.10.19-12.18.54:591][  0]LogSlate: Slate User Registered.  User Index 0, Is Virtual User: 0
[2019.10.19-12.18.54:955][  0]LogHMD: Failed to initialize OpenVR with code 110
[2019.10.19-12.18.54:955][  0]LogD3D11RHI: D3D11 adapters:
[2019.10.19-12.18.55:050][  0]LogD3D11RHI:    0. 'NVIDIA GeForce RTX 2060' (Feature Level 11_0)
[2019.10.19-12.18.55:050][  0]LogD3D11RHI:       5980/0/8114 MB DedicatedVideo/DedicatedSystem/SharedSystem, Outputs:1, VendorId:0x10de
[2019.10.19-12.18.55:100][  0]LogD3D11RHI:    1. 'Intel(R) UHD Graphics 630' (Feature Level 11_0)
[2019.10.19-12.18.55:100][  0]LogD3D11RHI:       128/0/8114 MB DedicatedVideo/DedicatedSystem/SharedSystem, Outputs:0, VendorId:0x8086
[2019.10.19-12.18.55:108][  0]LogD3D11RHI:    2. 'Microsoft Basic Render Driver' (Feature Level 11_0)
[2019.10.19-12.18.55:109][  0]LogD3D11RHI:       0/0/8114 MB DedicatedVideo/DedicatedSystem/SharedSystem, Outputs:0, VendorId:0x1414
[2019.10.19-12.18.55:109][  0]LogD3D11RHI: Chosen D3D11 Adapter: 0
[2019.10.19-12.18.55:181][  0]LogD3D11RHI: Creating new Direct3DDevice
[2019.10.19-12.18.55:181][  0]LogD3D11RHI:     GPU DeviceId: 0x1f11 (for the marketing name, search the web for "GPU Device Id")
[2019.10.19-12.18.55:181][  0]LogWindows: EnumDisplayDevices:
[2019.10.19-12.18.55:181][  0]LogWindows:    0. 'Intel(R) UHD Graphics 630' (P:1 D:1)
[2019.10.19-12.18.55:181][  0]LogWindows:    1. 'Intel(R) UHD Graphics 630' (P:0 D:0)
[2019.10.19-12.18.55:182][  0]LogWindows:    2. 'Intel(R) UHD Graphics 630' (P:0 D:0)
[2019.10.19-12.18.55:182][  0]LogWindows:    3. 'NVIDIA GeForce RTX 2060' (P:0 D:0)
[2019.10.19-12.18.55:182][  0]LogWindows:    4. 'NVIDIA GeForce RTX 2060' (P:0 D:0)
[2019.10.19-12.18.55:182][  0]LogWindows:    5. 'NVIDIA GeForce RTX 2060' (P:0 D:0)
[2019.10.19-12.18.55:183][  0]LogWindows:    6. 'NVIDIA GeForce RTX 2060' (P:0 D:0)
[2019.10.19-12.18.55:183][  0]LogWindows: DebugString: PrimaryIsNotTheChoosenAdapter PrimaryIsNotTheChoosenAdapter PrimaryIsNotTheChoosenAdapter FoundDriverCount:4 
[2019.10.19-12.18.55:183][  0]LogD3D11RHI:     Adapter Name: NVIDIA GeForce RTX 2060
[2019.10.19-12.18.55:183][  0]LogD3D11RHI:   Driver Version: 417.77 (internal:25.21.14.1777, unified:417.77)
[2019.10.19-12.18.55:183][  0]LogD3D11RHI:      Driver Date: 1-17-2019
[2019.10.19-12.18.55:183][  0]LogRHI: Texture pool is 4186 MB (70% of 5980 MB)
[2019.10.19-12.18.55:236][  0]LogD3D11RHI: Async texture creation enabled
[2019.10.19-12.18.55:239][  0]LogRendererCore: FGlobalReadBuffer::InitRHI
[2019.10.19-12.18.55:240][  0]LogRendererCore: FGlobalReadBuffer::InitRHI
[2019.10.19-12.18.55:240][  0]LogRendererCore: FGlobalReadBuffer::InitRHI
[2019.10.19-12.18.55:253][  0]LogD3D11RHI: GPU Timing Frequency: 1000.000000 (Debug: 2 2)
[2019.10.19-12.18.55:854][  0]LogTemp: Display: Module 'AllDesktopTargetPlatform' loaded TargetPlatform 'AllDesktop'
[2019.10.19-12.18.55:871][  0]LogTemp: Display: Module 'MacClientTargetPlatform' loaded TargetPlatform 'MacClient'
[2019.10.19-12.18.55:885][  0]LogTemp: Display: Module 'MacNoEditorTargetPlatform' loaded TargetPlatform 'MacNoEditor'
[2019.10.19-12.18.55:898][  0]LogTemp: Display: Module 'MacServerTargetPlatform' loaded TargetPlatform 'MacServer'
[2019.10.19-12.18.55:912][  0]LogTemp: Display: Module 'MacTargetPlatform' loaded TargetPlatform 'Mac'
[2019.10.19-12.18.55:925][  0]LogTemp: Display: Module 'WindowsClientTargetPlatform' loaded TargetPlatform 'WindowsClient'
[2019.10.19-12.18.55:938][  0]LogTemp: Display: Module 'WindowsNoEditorTargetPlatform' loaded TargetPlatform 'WindowsNoEditor'
[2019.10.19-12.18.55:951][  0]LogTemp: Display: Module 'WindowsServerTargetPlatform' loaded TargetPlatform 'WindowsServer'
[2019.10.19-12.18.55:957][  0]LogTemp: Display: Module 'WindowsTargetPlatform' loaded TargetPlatform 'Windows'
[2019.10.19-12.18.56:031][  0]LogTemp: Display: Module 'AndroidTargetPlatform' loaded TargetPlatform 'Android'
[2019.10.19-12.18.56:031][  0]LogTemp: Display: Module 'AndroidTargetPlatform' loaded TargetPlatform 'Android_ASTC'
[2019.10.19-12.18.56:031][  0]LogTemp: Display: Module 'AndroidTargetPlatform' loaded TargetPlatform 'Android_ATC'
[2019.10.19-12.18.56:031][  0]LogTemp: Display: Module 'AndroidTargetPlatform' loaded TargetPlatform 'Android_DXT'
[2019.10.19-12.18.56:031][  0]LogTemp: Display: Module 'AndroidTargetPlatform' loaded TargetPlatform 'Android_ETC1'
[2019.10.19-12.18.56:031][  0]LogTemp: Display: Module 'AndroidTargetPlatform' loaded TargetPlatform 'Android_ETC1a'
[2019.10.19-12.18.56:031][  0]LogTemp: Display: Module 'AndroidTargetPlatform' loaded TargetPlatform 'Android_ETC2'
[2019.10.19-12.18.56:031][  0]LogTemp: Display: Module 'AndroidTargetPlatform' loaded TargetPlatform 'Android_PVRTC'
[2019.10.19-12.18.56:031][  0]LogTemp: Display: Module 'AndroidTargetPlatform' loaded TargetPlatform 'AndroidClient'
[2019.10.19-12.18.56:031][  0]LogTemp: Display: Module 'AndroidTargetPlatform' loaded TargetPlatform 'Android_ASTCClient'
[2019.10.19-12.18.56:031][  0]LogTemp: Display: Module 'AndroidTargetPlatform' loaded TargetPlatform 'Android_ATCClient'
[2019.10.19-12.18.56:031][  0]LogTemp: Display: Module 'AndroidTargetPlatform' loaded TargetPlatform 'Android_DXTClient'
[2019.10.19-12.18.56:031][  0]LogTemp: Display: Module 'AndroidTargetPlatform' loaded TargetPlatform 'Android_ETC1Client'
[2019.10.19-12.18.56:031][  0]LogTemp: Display: Module 'AndroidTargetPlatform' loaded TargetPlatform 'Android_ETC1aClient'
[2019.10.19-12.18.56:031][  0]LogTemp: Display: Module 'AndroidTargetPlatform' loaded TargetPlatform 'Android_ETC2Client'
[2019.10.19-12.18.56:031][  0]LogTemp: Display: Module 'AndroidTargetPlatform' loaded TargetPlatform 'Android_PVRTCClient'
[2019.10.19-12.18.56:031][  0]LogTemp: Display: Module 'AndroidTargetPlatform' loaded TargetPlatform 'Android_Multi'
[2019.10.19-12.18.56:031][  0]LogTemp: Display: Module 'AndroidTargetPlatform' loaded TargetPlatform 'Android_MultiClient'
[2019.10.19-12.18.56:033][  0]LogTemp: Display: Module 'HTML5TargetPlatform' loaded TargetPlatform 'HTML5'
[2019.10.19-12.18.56:088][  0]LogTemp: Display: Module 'IOSTargetPlatform' loaded TargetPlatform 'IOSClient'
[2019.10.19-12.18.56:088][  0]LogTemp: Display: Module 'IOSTargetPlatform' loaded TargetPlatform 'IOS'
[2019.10.19-12.18.56:117][  0]LogTemp: Display: Module 'TVOSTargetPlatform' loaded TargetPlatform 'TVOSClient'
[2019.10.19-12.18.56:117][  0]LogTemp: Display: Module 'TVOSTargetPlatform' loaded TargetPlatform 'TVOS'
[2019.10.19-12.18.56:130][  0]LogTemp: Display: Module 'LinuxClientTargetPlatform' loaded TargetPlatform 'LinuxClient'
[2019.10.19-12.18.56:142][  0]LogTemp: Display: Module 'LinuxNoEditorTargetPlatform' loaded TargetPlatform 'LinuxNoEditor'
[2019.10.19-12.18.56:154][  0]LogTemp: Display: Module 'LinuxServerTargetPlatform' loaded TargetPlatform 'LinuxServer'
[2019.10.19-12.18.56:167][  0]LogTemp: Display: Module 'LinuxTargetPlatform' loaded TargetPlatform 'Linux'
[2019.10.19-12.18.56:213][  0]LogTemp: Display: Module 'LuminTargetPlatform' loaded TargetPlatform 'Lumin'
[2019.10.19-12.18.56:213][  0]LogTemp: Display: Module 'LuminTargetPlatform' loaded TargetPlatform 'LuminClient'
[2019.10.19-12.18.56:213][  0]LogTargetPlatformManager: Display: Building Assets For Windows
[2019.10.19-12.18.56:222][  0]LogAudioDebug: Display: Lib vorbis DLL was dynamically loaded.
[2019.10.19-12.18.56:280][  0]LogShaderCompilers: Guid format shader working directory is -9 characters bigger than the processId version (../../../../../Documents/GitHub/3D-Platformer/Project2/Intermediate/Shaders/WorkingDirectory/15508/).
[2019.10.19-12.18.56:280][  0]LogShaderCompilers: Cleaned the shader compiler working directory 'C:/Users/ellan/AppData/Local/Temp/UnrealShaderWorkingDir/CA4B45A14937D2DCADB286856045A414/'.
[2019.10.19-12.18.56:283][  0]LogXGEController: Cannot use XGE Controller as Incredibuild is not installed on this machine.
[2019.10.19-12.18.56:283][  0]LogShaderCompilers: Cannot use XGE Shader Compiler as Incredibuild is not installed on this machine.
[2019.10.19-12.18.56:283][  0]LogShaderCompilers: Display: Using Local Shader Compiler.
[2019.10.19-12.18.56:774][  0]LogDerivedDataCache: Display: Max Cache Size: 512 MB
[2019.10.19-12.18.56:824][  0]LogDerivedDataCache: Loaded boot cache 0.05s 71MB C:/Users/ellan/AppData/Local/UnrealEngine/4.22/DerivedDataCache/Boot.ddc.
[2019.10.19-12.18.56:825][  0]LogDerivedDataCache: Display: Loaded Boot cache: C:/Users/ellan/AppData/Local/UnrealEngine/4.22/DerivedDataCache/Boot.ddc
[2019.10.19-12.18.56:825][  0]LogDerivedDataCache: FDerivedDataBackendGraph:  Pak pak cache file ../../../../../Documents/GitHub/3D-Platformer/Project2/DerivedDataCache/DDC.ddp not found, will not use a pak cache.
[2019.10.19-12.18.56:825][  0]LogDerivedDataCache: Unable to find inner node Pak for hierarchical cache Hierarchy.
[2019.10.19-12.18.56:825][  0]LogDerivedDataCache: FDerivedDataBackendGraph:  CompressedPak pak cache file ../../../../../Documents/GitHub/3D-Platformer/Project2/DerivedDataCache/Compressed.ddp not found, will not use a pak cache.
[2019.10.19-12.18.56:825][  0]LogDerivedDataCache: Unable to find inner node CompressedPak for hierarchical cache Hierarchy.
[2019.10.19-12.18.56:837][  0]LogDerivedDataCache: Display: Pak cache opened for reading ../../../Engine/DerivedDataCache/Compressed.ddp.
[2019.10.19-12.18.56:838][  0]LogDerivedDataCache: FDerivedDataBackendGraph:  EnterprisePak pak cache file ../../../Enterprise/DerivedDataCache/Compressed.ddp not found, will not use a pak cache.
[2019.10.19-12.18.56:838][  0]LogDerivedDataCache: Unable to find inner node EnterprisePak for hierarchical cache Hierarchy.
[2019.10.19-12.18.56:850][  0]LogDerivedDataCache: Using Local data cache path C:/Users/ellan/AppData/Local/UnrealEngine/Common/DerivedDataCache: Writable
[2019.10.19-12.18.56:850][  0]LogDerivedDataCache: Shared data cache path not found in *engine.ini, will not use an Shared cache.
[2019.10.19-12.18.56:850][  0]LogDerivedDataCache: Unable to find inner node Shared for hierarchical cache Hierarchy.
[2019.10.19-12.18.56:873][  0]LogMaterial: Verifying Global Shaders for PCD3D_SM5
[2019.10.19-12.18.56:874][  0]LogSlate: Using FreeType 2.6.0
[2019.10.19-12.18.56:874][  0]LogSlate: SlateFontServices - WITH_FREETYPE: 1, WITH_HARFBUZZ: 1
[2019.10.19-12.18.57:004][  0]LogAssetRegistry: FAssetRegistry took 0.0323 seconds to start up
[2019.10.19-12.18.57:333][  0]LogInit: Selected Device Profile: [Windows]
[2019.10.19-12.18.57:470][  0]LogMeshReduction: Using QuadricMeshReduction for automatic static mesh reduction
[2019.10.19-12.18.57:470][  0]LogMeshReduction: Using SimplygonMeshReduction for automatic skeletal mesh reduction
[2019.10.19-12.18.57:470][  0]LogMeshReduction: Using ProxyLODMeshReduction for automatic mesh merging
[2019.10.19-12.18.57:470][  0]LogMeshReduction: No distributed automatic mesh merging module available
[2019.10.19-12.18.57:470][  0]LogMeshMerging: No distributed automatic mesh merging module available
[2019.10.19-12.18.57:480][  0]LogNetVersion: Project2 1.0.0, NetCL: 5660361, EngineNetVer: 10, GameNetVer: 0 (Checksum: 3451645995)
[2019.10.19-12.18.57:939][  0]LogPackageLocalizationCache: Processed 10 localized package path(s) for 1 prioritized culture(s) in 0.046365 seconds
[2019.10.19-12.18.57:949][  0]LogUObjectArray: 42205 objects as part of root set at end of initial load.
[2019.10.19-12.18.57:949][  0]LogUObjectAllocator: 7325032 out of 0 bytes used by permanent object pool.
[2019.10.19-12.18.57:949][  0]LogUObjectArray: CloseDisregardForGC: 0/0 objects in disregard for GC pool
[2019.10.19-12.18.58:922][  0]LogTcpMessaging: Initializing TcpMessaging bridge
[2019.10.19-12.18.58:946][  0]LogUdpMessaging: Initializing bridge on interface 0.0.0.0:0 to multicast group 230.0.0.1:6666.
[2019.10.19-12.18.59:114][  0]SourceControl: Source control is disabled
[2019.10.19-12.18.59:114][  0]SourceControl: Source control is disabled
[2019.10.19-12.18.59:116][  0]SourceControl: Source control is disabled
[2019.10.19-12.18.59:117][  0]SourceControl: Source control is disabled
[2019.10.19-12.18.59:126][  0]LogVSAccessor: Display: Unable to create Visual Studio setup instance: 80040154
[2019.10.19-12.18.59:127][  0]LogVSAccessor: Display: Unable to create Visual Studio setup instance: 80040154
[2019.10.19-12.18.59:216][  0]LogAndroidPermission: UAndroidPermissionCallbackProxy::GetInstance
[2019.10.19-12.18.59:405][  0]LogOcInput: OculusInput pre-init called
[2019.10.19-12.19.00:240][  0]LogEngine: Initializing Engine...
[2019.10.19-12.19.00:241][  0]LogHMD: Failed to initialize OpenVR with code 110
[2019.10.19-12.19.00:243][  0]LogStats: UGameplayTagsManager::InitializeManager -  0.000 s
[2019.10.19-12.19.00:451][  0]LogInit: Initializing FReadOnlyCVARCache
[2019.10.19-12.19.00:468][  0]LogAIModule: Creating AISystem for world Untitled
[2019.10.19-12.19.00:490][  0]LogInit: XAudio2 using 'Speakers (Realtek(R) Audio)' : 2 channels at 48 kHz using 32 bits per sample (channel mask 0x3)
[2019.10.19-12.19.00:835][  0]LogInit: FAudioDevice initialized.
[2019.10.19-12.19.00:835][  0]LogNetVersion: Set ProjectVersion to 1.0.0.0. Version Checksum will be recalculated on next use.
[2019.10.19-12.19.00:906][  0]LogDerivedDataCache: Saved boot cache 0.07s 71MB C:/Users/ellan/AppData/Local/UnrealEngine/4.22/DerivedDataCache/Boot.ddc.
[2019.10.19-12.19.00:911][  0]LogInit: Texture streaming: Enabled
[2019.10.19-12.19.00:933][  0]LogEngineSessionManager: EngineSessionManager initialized
[2019.10.19-12.19.00:955][  0]LogInit: Transaction tracking system initialized
[2019.10.19-12.19.00:979][  0]BlueprintLog: New page: Editor Load
[2019.10.19-12.19.01:101][  0]LocalizationService: Localization service is disabled
[2019.10.19-12.19.01:382][  0]LogVSAccessor: Display: Unable to create Visual Studio setup instance: 80040154
[2019.10.19-12.19.01:383][  0]LogVSAccessor: Display: Unable to create Visual Studio setup instance: 80040154
[2019.10.19-12.19.01:602][  0]LogFileCache: Scanning file cache for directory 'C:/Users/ellan/Documents/GitHub/3D-Platformer/Project2/Content/' took 0.02s
[2019.10.19-12.19.01:602][  0]LogCook: Display: Max memory allowance for cook 16384mb min free memory 0mb
[2019.10.19-12.19.01:602][  0]LogCook: Display: Mobile HDR setting 1
[2019.10.19-12.19.01:798][  0]SourceControl: Source control is disabled
[2019.10.19-12.19.01:798][  0]Cmd: MAP LOAD FILE="../../../../../Documents/GitHub/3D-Platformer/Project2/Content/ThirdPersonBP/Maps/ThirdPersonExampleMap.umap" TEMPLATE=0 SHOWPROGRESS=1 FEATURELEVEL=3
[2019.10.19-12.19.01:802][  0]LightingResults: New page: Lighting Build
[2019.10.19-12.19.01:805][  0]MapCheck: New page: Map Check
[2019.10.19-12.19.01:805][  0]LightingResults: New page: Lighting Build
[2019.10.19-12.19.01:833][  0]LogUObjectHash: Compacting FUObjectHashTables data took   1.69ms
[2019.10.19-12.19.02:177][  0]LogAIModule: Creating AISystem for world ThirdPersonExampleMap
[2019.10.19-12.19.02:184][  0]LogEditorServer: Finished looking for orphan Actors (0.000 secs)
[2019.10.19-12.19.02:213][  0]LogUObjectHash: Compacting FUObjectHashTables data took   1.96ms
[2019.10.19-12.19.02:213][  0]Cmd: MAP CHECKDEP NOCLEARLOG
[2019.10.19-12.19.02:213][  0]MapCheck: Map check complete: 0 Error(s), 0 Warning(s), took 0.184ms to complete.
[2019.10.19-12.19.02:213][  0]LogFileHelpers: Loading map 'ThirdPersonExampleMap' took 0.415
[2019.10.19-12.19.02:399][  0]LogSlate: Updating window title bar state: overlay mode, drag disabled, window buttons hidden, title bar hidden
[2019.10.19-12.19.02:416][  0]LogSlate: Updating window title bar state: overlay mode, drag disabled, window buttons hidden, title bar hidden
[2019.10.19-12.19.02:433][  0]LogSlate: Updating window title bar state: overlay mode, drag disabled, window buttons hidden, title bar hidden
[2019.10.19-12.19.02:458][  0]LogSlate: Updating window title bar state: overlay mode, drag disabled, window buttons hidden, title bar hidden
[2019.10.19-12.19.02:473][  0]LogCollectionManager: Loaded 0 collections in 0.003597 seconds
[2019.10.19-12.19.02:529][  0]LogFileCache: Scanning file cache for directory 'C:/Users/ellan/Documents/GitHub/3D-Platformer/Project2/Saved/Collections/' took 0.01s
[2019.10.19-12.19.02:529][  0]LogFileCache: Scanning file cache for directory 'C:/Users/ellan/Documents/GitHub/3D-Platformer/Project2/Content/Developers/ellan/Collections/' took 0.01s
[2019.10.19-12.19.02:529][  0]LogFileCache: Scanning file cache for directory 'C:/Users/ellan/Documents/GitHub/3D-Platformer/Project2/Content/Collections/' took 0.01s
[2019.10.19-12.19.02:529][  0]LogCollectionManager: Rebuilt the GUID cache for 0 collections in 0.000001 seconds
[2019.10.19-12.19.02:555][  0]LogContentBrowser: Native class hierarchy populated in 0.0253 seconds. Added 2732 classes and 659 folders.
[2019.10.19-12.19.02:572][  0]LogContentBrowser: Native class hierarchy updated for 'WidgetCarousel' in 0.0005 seconds. Added 0 classes and 0 folders.
[2019.10.19-12.19.02:575][  0]LogPakFile: Registered encryption key '00000000000000000000000000000000': 0 pak files mounted, 0 remain pending
[2019.10.19-12.19.02:577][  0]LogPakFile: Registered encryption key '00000000000000000000000000000000': 0 pak files mounted, 0 remain pending
[2019.10.19-12.19.02:578][  0]LogPakFile: Registered encryption key '00000000000000000000000000000000': 0 pak files mounted, 0 remain pending
[2019.10.19-12.19.02:579][  0]LogPakFile: Registered encryption key '00000000000000000000000000000000': 0 pak files mounted, 0 remain pending
[2019.10.19-12.19.02:580][  0]LogPakFile: Registered encryption key '00000000000000000000000000000000': 0 pak files mounted, 0 remain pending
[2019.10.19-12.19.02:581][  0]LogPakFile: Registered encryption key '00000000000000000000000000000000': 0 pak files mounted, 0 remain pending
[2019.10.19-12.19.02:582][  0]LogPakFile: Registered encryption key '00000000000000000000000000000000': 0 pak files mounted, 0 remain pending
[2019.10.19-12.19.02:583][  0]LogPakFile: Registered encryption key '00000000000000000000000000000000': 0 pak files mounted, 0 remain pending
[2019.10.19-12.19.02:583][  0]LogPakFile: Registered encryption key '00000000000000000000000000000000': 0 pak files mounted, 0 remain pending
[2019.10.19-12.19.02:584][  0]LogPakFile: Registered encryption key '00000000000000000000000000000000': 0 pak files mounted, 0 remain pending
[2019.10.19-12.19.02:585][  0]LogPakFile: Registered encryption key '00000000000000000000000000000000': 0 pak files mounted, 0 remain pending
[2019.10.19-12.19.02:586][  0]LogPakFile: Registered encryption key '00000000000000000000000000000000': 0 pak files mounted, 0 remain pending
[2019.10.19-12.19.02:586][  0]LogPakFile: Registered encryption key '00000000000000000000000000000000': 0 pak files mounted, 0 remain pending
[2019.10.19-12.19.02:587][  0]LogPakFile: Registered encryption key '00000000000000000000000000000000': 0 pak files mounted, 0 remain pending
[2019.10.19-12.19.02:587][  0]LogPakFile: Registered encryption key '00000000000000000000000000000000': 0 pak files mounted, 0 remain pending
[2019.10.19-12.19.02:587][  0]LogPakFile: Registered encryption key '00000000000000000000000000000000': 0 pak files mounted, 0 remain pending
[2019.10.19-12.19.02:589][  0]LogPakFile: Registered encryption key '00000000000000000000000000000000': 0 pak files mounted, 0 remain pending
[2019.10.19-12.19.02:589][  0]LogPakFile: Registered encryption key '00000000000000000000000000000000': 0 pak files mounted, 0 remain pending
[2019.10.19-12.19.02:590][  0]LogPakFile: Registered encryption key '00000000000000000000000000000000': 0 pak files mounted, 0 remain pending
[2019.10.19-12.19.02:590][  0]LogPakFile: Registered encryption key '00000000000000000000000000000000': 0 pak files mounted, 0 remain pending
[2019.10.19-12.19.02:592][  0]LogPakFile: Registered encryption key '00000000000000000000000000000000': 0 pak files mounted, 0 remain pending
[2019.10.19-12.19.02:592][  0]LogPakFile: Registered encryption key '00000000000000000000000000000000': 0 pak files mounted, 0 remain pending
[2019.10.19-12.19.02:592][  0]LogPakFile: Registered encryption key '00000000000000000000000000000000': 0 pak files mounted, 0 remain pending
[2019.10.19-12.19.02:593][  0]LogPakFile: Registered encryption key '00000000000000000000000000000000': 0 pak files mounted, 0 remain pending
[2019.10.19-12.19.02:594][  0]LogPakFile: Registered encryption key '00000000000000000000000000000000': 0 pak files mounted, 0 remain pending
[2019.10.19-12.19.02:594][  0]LogPakFile: Registered encryption key '00000000000000000000000000000000': 0 pak files mounted, 0 remain pending
[2019.10.19-12.19.02:630][  0]LogContentBrowser: Native class hierarchy updated for 'AddContentDialog' in 0.0003 seconds. Added 0 classes and 0 folders.
[2019.10.19-12.19.02:635][  0]LogContentBrowser: Native class hierarchy updated for 'SceneOutliner' in 0.0003 seconds. Added 1 classes and 2 folders.
[2019.10.19-12.19.02:706][  0]LogSlate: Took 0.000278 seconds to synchronously load lazily loaded font '../../../Engine/Content/Slate/Fonts/Roboto-Regular.ttf' (155K)
[2019.10.19-12.19.02:709][  0]LogSlate: Took 0.000256 seconds to synchronously load lazily loaded font '../../../Engine/Content/Slate/Fonts/Roboto-Bold.ttf' (160K)
[2019.10.19-12.19.02:716][  0]LogSlate: Took 0.000301 seconds to synchronously load lazily loaded font '../../../Engine/Content/Editor/Slate/Fonts/FontAwesome.ttf' (139K)
[2019.10.19-12.19.02:785][  0]LogRenderer: Reallocating scene render targets to support 908x380 Format 10 NumSamples 1 (Frame:1).
[2019.10.19-12.19.03:124][  0]LogContentBrowser: Native class hierarchy updated for 'HierarchicalLODOutliner' in 0.0010 seconds. Added 0 classes and 0 folders.
[2019.10.19-12.19.03:124][  0]LogLoad: (Engine Initialization) Total time: 11.26 seconds
[2019.10.19-12.19.03:125][  0]LogLoad: (Engine Initialization) Total Blueprint compile time: 0.00 seconds
[2019.10.19-12.19.03:211][  0]LogAssetRegistry: Asset discovery search completed in 6.2290 seconds
[2019.10.19-12.19.03:215][  0]LogCollectionManager: Rebuilt the object cache for 0 collections in 0.000001 seconds (found 0 objects)
[2019.10.19-12.19.03:216][  0]LogCollectionManager: Fixed up redirectors for 0 collections in 0.000113 seconds (updated 0 objects)
[2019.10.19-12.19.03:219][  0]LogContentStreaming: Texture pool size now 1000 MB
[2019.10.19-12.19.03:247][  0]LogSlate: Took 0.000258 seconds to synchronously load lazily loaded font '../../../Engine/Content/Slate/Fonts/Roboto-Light.ttf' (167K)
[2019.10.19-12.19.11:479][463]LogSlate: FSceneViewport::OnFocusLost() reason 0
[2019.10.19-12.21.05:305][274]LogSlate: Took 0.000290 seconds to synchronously load lazily loaded font '../../../Engine/Content/Slate/Fonts/Roboto-Light.ttf' (167K)
[2019.10.19-12.26.50:418][580]LogEditorViewport: Clicking on Actor (LMB): StaticMeshActor (CubeMesh)
[2019.10.19-12.26.50:835][598]LogEditorViewport: Clicking on Actor (context menu): StaticMeshActor (CubeMesh)
[2019.10.19-12.26.50:861][598]LogSlate: FSceneViewport::OnFocusLost() reason 2
[2019.10.19-12.26.54:815][759]Cmd: DELETE
[2019.10.19-12.26.54:815][759]Cmd: ACTOR DELETE
[2019.10.19-12.26.54:818][759]LogEditorActor: Deleted Actor: StaticMeshActor
[2019.10.19-12.26.54:852][759]LogUObjectHash: Compacting FUObjectHashTables data took   0.71ms
[2019.10.19-12.26.54:852][759]LogEditorActor: Deleted 1 Actors (0.036 secs)
[2019.10.19-12.26.55:652][807]LogEditorViewport: Clicking on Actor (LMB): StaticMeshActor (Ramp_StaticMesh)
[2019.10.19-12.26.57:470][909]LogSlate: FSceneViewport::OnFocusLost() reason 0
[2019.10.19-12.27.00:365][ 27]Cmd: DELETE
[2019.10.19-12.27.00:365][ 27]Cmd: ACTOR DELETE
[2019.10.19-12.27.00:368][ 27]LogEditorActor: Deleted Actor: StaticMeshActor
[2019.10.19-12.27.00:399][ 27]LogUObjectHash: Compacting FUObjectHashTables data took   0.67ms
[2019.10.19-12.27.00:400][ 27]LogEditorActor: Deleted 1 Actors (0.034 secs)
[2019.10.19-12.27.01:159][ 73]LogEditorViewport: Clicking on Actor (LMB): StaticMeshActor (LeftArm_StaticMesh)
[2019.10.19-12.27.02:479][139]LogSlate: FSceneViewport::OnFocusLost() reason 0
[2019.10.19-12.27.04:694][242]Cmd: DELETE
[2019.10.19-12.27.04:694][242]Cmd: ACTOR DELETE
[2019.10.19-12.27.04:696][242]LogEditorActor: Deleted Actor: StaticMeshActor
[2019.10.19-12.27.04:728][242]LogUObjectHash: Compacting FUObjectHashTables data took   0.64ms
[2019.10.19-12.27.04:728][242]LogEditorActor: Deleted 1 Actors (0.033 secs)
[2019.10.19-12.27.05:553][292]LogEditorViewport: Clicking on Actor (LMB): StaticMeshActor (Bump_StaticMesh)
[2019.10.19-12.27.06:635][346]LogSlate: FSceneViewport::OnFocusLost() reason 0
[2019.10.19-12.27.07:809][401]LogConsoleManager: Warning: Console object named 'ActorComponents.Enable' already exists but is being registered again, but we weren't expected it to be! (FConsoleManager::AddConsoleObject)
[2019.10.19-12.27.09:724][474]Cmd: DELETE
[2019.10.19-12.27.09:724][474]Cmd: ACTOR DELETE
[2019.10.19-12.27.09:726][474]LogEditorActor: Deleted Actor: StaticMeshActor
[2019.10.19-12.27.09:756][474]LogUObjectHash: Compacting FUObjectHashTables data took   0.63ms
[2019.10.19-12.27.09:756][474]LogEditorActor: Deleted 1 Actors (0.032 secs)
[2019.10.19-12.27.10:514][520]LogEditorViewport: Clicking on Actor (LMB): StaticMeshActor (RightArm_StaticMesh)
[2019.10.19-12.27.11:417][570]LogSlate: FSceneViewport::OnFocusLost() reason 0
[2019.10.19-12.27.14:371][693]Cmd: DELETE
[2019.10.19-12.27.14:371][693]Cmd: ACTOR DELETE
[2019.10.19-12.27.14:372][693]LogEditorActor: Deleted Actor: StaticMeshActor
[2019.10.19-12.27.14:405][693]LogUObjectHash: Compacting FUObjectHashTables data took   0.64ms
[2019.10.19-12.27.14:405][693]LogEditorActor: Deleted 1 Actors (0.034 secs)
[2019.10.19-12.27.15:218][742]LogEditorViewport: Clicking on Actor (LMB): StaticMeshActor (Linear_Stair_StaticMesh)
[2019.10.19-12.27.16:129][794]LogSlate: FSceneViewport::OnFocusLost() reason 0
[2019.10.19-12.27.18:483][887]Cmd: DELETE
[2019.10.19-12.27.18:483][887]Cmd: ACTOR DELETE
[2019.10.19-12.27.18:485][887]LogEditorActor: Deleted Actor: StaticMeshActor
[2019.10.19-12.27.18:516][887]LogUObjectHash: Compacting FUObjectHashTables data took   0.59ms
[2019.10.19-12.27.18:517][887]LogEditorActor: Deleted 1 Actors (0.034 secs)
[2019.10.19-12.27.20:619][ 12]LogEditorViewport: Clicking on Actor (LMB): StaticMeshActor (Wall11)
[2019.10.19-12.27.23:539][178]LogEditorViewport: Clicking on Actor (LMB): LightmassImportanceVolume (LightmassImportanceVolume)
[2019.10.19-12.27.23:938][200]LogEditorViewport: Clicking on Actor (LMB): StaticMeshActor (Wall7)
[2019.10.19-12.27.25:089][262]LogSlate: FSceneViewport::OnFocusLost() reason 0
[2019.10.19-12.27.27:494][363]Cmd: DELETE
[2019.10.19-12.27.27:494][363]Cmd: ACTOR DELETE
[2019.10.19-12.27.27:498][363]LogEditorActor: Deleted Actor: StaticMeshActor
[2019.10.19-12.27.27:528][363]LogUObjectHash: Compacting FUObjectHashTables data took   0.60ms
[2019.10.19-12.27.27:529][363]LogEditorActor: Deleted 1 Actors (0.034 secs)
[2019.10.19-12.27.28:457][418]LogEditorViewport: Clicking on Actor (LMB): StaticMeshActor (Wall11)
[2019.10.19-12.27.29:356][459]LogSlate: FSceneViewport::OnFocusLost() reason 0
[2019.10.19-12.27.32:952][604]Cmd: DELETE
[2019.10.19-12.27.32:953][604]Cmd: ACTOR DELETE
[2019.10.19-12.27.32:954][604]LogEditorActor: Deleted Actor: StaticMeshActor
[2019.10.19-12.27.32:984][604]LogUObjectHash: Compacting FUObjectHashTables data took   0.62ms
[2019.10.19-12.27.32:984][604]LogEditorActor: Deleted 1 Actors (0.031 secs)
[2019.10.19-12.27.33:894][658]LogEditorViewport: Clicking on Actor (context menu): StaticMeshActor (Wall9)
[2019.10.19-12.27.33:945][658]LogSlate: FSceneViewport::OnFocusLost() reason 2
[2019.10.19-12.27.37:488][818]Cmd: DELETE
[2019.10.19-12.27.37:488][818]Cmd: ACTOR DELETE
[2019.10.19-12.27.37:490][818]LogEditorActor: Deleted Actor: StaticMeshActor
[2019.10.19-12.27.37:520][818]LogUObjectHash: Compacting FUObjectHashTables data took   0.62ms
[2019.10.19-12.27.37:520][818]LogEditorActor: Deleted 1 Actors (0.032 secs)
[2019.10.19-12.27.38:481][876]LogEditorViewport: Clicking on Actor (LMB): StaticMeshActor (Wall10)
[2019.10.19-12.27.39:306][923]LogSlate: FSceneViewport::OnFocusLost() reason 0
[2019.10.19-12.27.42:633][ 84]Cmd: DELETE
[2019.10.19-12.27.42:633][ 84]Cmd: ACTOR DELETE
[2019.10.19-12.27.42:634][ 84]LogEditorActor: Deleted Actor: StaticMeshActor
[2019.10.19-12.27.42:666][ 84]LogUObjectHash: Compacting FUObjectHashTables data took   0.59ms
[2019.10.19-12.27.42:666][ 84]LogEditorActor: Deleted 1 Actors (0.033 secs)
[2019.10.19-12.28.54:493][387]LogRHI: Error: SyncInterval 0
[2019.10.19-12.28.54:493][387]LogRHI: Error: SwapChainDesc.BufferDesc.Width 34
[2019.10.19-12.28.54:493][387]LogRHI: Error: SwapChainDesc.BufferDesc.Height 70
[2019.10.19-12.28.54:493][387]LogRHI: Error: SwapChainDesc.BufferDesc.RefreshRate.Numerator 0
[2019.10.19-12.28.54:493][387]LogRHI: Error: SwapChainDesc.BufferDesc.RefreshRate.Denominator 0
[2019.10.19-12.28.54:493][387]LogRHI: Error: SwapChainDesc.BufferDesc.Format 24
[2019.10.19-12.28.54:493][387]LogRHI: Error: SwapChainDesc.BufferDesc.ScanlineOrdering 0
[2019.10.19-12.28.54:493][387]LogRHI: Error: SwapChainDesc.BufferDesc.Scaling 0
[2019.10.19-12.28.54:493][387]LogRHI: Error: SwapChainDesc.SampleDesc.Count 1
[2019.10.19-12.28.54:493][387]LogRHI: Error: SwapChainDesc.SampleDesc.Quality 0
[2019.10.19-12.28.54:493][387]LogRHI: Error: SwapChainDesc.BufferUsage 48
[2019.10.19-12.28.54:493][387]LogRHI: Error: SwapChainDesc.BufferCount 1
[2019.10.19-12.28.54:493][387]LogRHI: Error: SwapChainDesc.OutputWindow 00000000017A0AC2
[2019.10.19-12.28.54:494][387]LogRHI: Error: SwapChainDesc.Windowed true
[2019.10.19-12.28.54:494][387]LogRHI: Error: SwapChainDesc.SwapEffect 0
[2019.10.19-12.28.54:494][387]LogRHI: Error: SwapChainDesc.Flags 2
[2019.10.19-12.28.54:494][387]LogD3D11RHI: Error: Result failed 
 at D:\Build\++UE4\Sync\Engine\Source\Runtime\Windows\D3D11RHI\Private\D3D11Viewport.cpp:361 
 with error E_INVALIDARG
[2019.10.19-12.28.54:500][387]LogWindows: Windows GetLastError: The operation completed successfully. (0)
[2019.10.19-12.28.58:830][387]LogThreadingWindows: Error: Runnable thread RenderThread 23 crashed.
[2019.10.19-12.28.58:830][387]LogWindows: Error: === Critical error: ===
[2019.10.19-12.28.58:830][387]LogWindows: Error: 
[2019.10.19-12.28.58:830][387]LogWindows: Error: Fatal error: [File:D:\Build\++UE4\Sync\Engine\Source\Runtime\Windows\D3D11RHI\Private\D3D11Util.cpp] [Line: 249] 
[2019.10.19-12.28.58:830][387]LogWindows: Error: Result failed 
[2019.10.19-12.28.58:830][387]LogWindows: Error:  at D:\Build\++UE4\Sync\Engine\Source\Runtime\Windows\D3D11RHI\Private\D3D11Viewport.cpp:361 
[2019.10.19-12.28.58:830][387]LogWindows: Error:  with error E_INVALIDARG
[2019.10.19-12.28.58:830][387]LogWindows: Error: 
[2019.10.19-12.28.58:830][387]LogWindows: Error: 
[2019.10.19-12.28.58:830][387]LogWindows: Error: [Callstack] 0x00007ffd0f5fa839 KERNELBASE.dll!UnknownFunction []
[2019.10.19-12.28.58:830][387]LogWindows: Error: [Callstack] 0x00007ffc9ccf1f37 UE4Editor-Core.dll!UnknownFunction []
[2019.10.19-12.28.58:830][387]LogWindows: Error: [Callstack] 0x00007ffc9ccf46e7 UE4Editor-Core.dll!UnknownFunction []
[2019.10.19-12.28.58:830][387]LogWindows: Error: [Callstack] 0x00007ffc9cb07d1a UE4Editor-Core.dll!UnknownFunction []
[2019.10.19-12.28.58:831][387]LogWindows: Error: [Callstack] 0x00007ffc9ca8fe33 UE4Editor-Core.dll!UnknownFunction []
[2019.10.19-12.28.58:831][387]LogWindows: Error: [Callstack] 0x00007ffc9ca8fd18 UE4Editor-Core.dll!UnknownFunction []
[2019.10.19-12.28.58:831][387]LogWindows: Error: [Callstack] 0x00007ffcdf5c644a UE4Editor-D3D11RHI.dll!UnknownFunction []
[2019.10.19-12.28.58:831][387]LogWindows: Error: [Callstack] 0x00007ffcdf5a875e UE4Editor-D3D11RHI.dll!UnknownFunction []
[2019.10.19-12.28.58:831][387]LogWindows: Error: [Callstack] 0x00007ffcdf5b480b UE4Editor-D3D11RHI.dll!UnknownFunction []
[2019.10.19-12.28.58:831][387]LogWindows: Error: [Callstack] 0x00007ffcde19e8e0 UE4Editor-RHI.dll!UnknownFunction []
[2019.10.19-12.28.58:831][387]LogWindows: Error: [Callstack] 0x00007ffcde19e4c4 UE4Editor-RHI.dll!UnknownFunction []
[2019.10.19-12.28.58:831][387]LogWindows: Error: [Callstack] 0x00007ffcde19f444 UE4Editor-RHI.dll!UnknownFunction []
[2019.10.19-12.28.58:831][387]LogWindows: Error: [Callstack] 0x00007ffcde196bb4 UE4Editor-RHI.dll!UnknownFunction []
[2019.10.19-12.28.58:831][387]LogWindows: Error: [Callstack] 0x00007ffcde51769b UE4Editor-SlateRHIRenderer.dll!UnknownFunction []
[2019.10.19-12.28.58:831][387]LogWindows: Error: [Callstack] 0x00007ffcde51e220 UE4Editor-SlateRHIRenderer.dll!UnknownFunction []
[2019.10.19-12.28.58:831][387]LogWindows: Error: [Callstack] 0x00007ffc9c9122d8 UE4Editor-Core.dll!UnknownFunction []
[2019.10.19-12.28.58:831][387]LogWindows: Error: [Callstack] 0x00007ffc9c912563 UE4Editor-Core.dll!UnknownFunction []
[2019.10.19-12.28.58:831][387]LogWindows: Error: [Callstack] 0x00007ffcd20559f1 UE4Editor-RenderCore.dll!UnknownFunction []
[2019.10.19-12.28.58:831][387]LogWindows: Error: [Callstack] 0x00007ffcd205c184 UE4Editor-RenderCore.dll!UnknownFunction []
[2019.10.19-12.28.58:831][387]LogWindows: Error: [Callstack] 0x00007ffc9cd04b3f UE4Editor-Core.dll!UnknownFunction []
[2019.10.19-12.28.58:831][387]LogWindows: Error: [Callstack] 0x00007ffc9cd008a7 UE4Editor-Core.dll!UnknownFunction []
[2019.10.19-12.28.58:831][387]LogWindows: Error: [Callstack] 0x00007ffd11237bd4 KERNEL32.DLL!UnknownFunction []
[2019.10.19-12.28.58:832][387]LogWindows: Error: [Callstack] 0x00007ffd11dcced1 ntdll.dll!UnknownFunction []
[2019.10.19-12.28.58:832][387]LogWindows: Error: 
[2019.10.19-12.28.58:832][387]LogWindows: Error: Crash in runnable thread RenderThread 23
[2019.10.19-12.28.58:834][387]LogOutputDevice: Warning: 

Script Stack (0 frames):

[2019.10.19-12.28.58:834][387]LogWindows: Windows GetLastError: The operation completed successfully. (0)
[2019.10.19-12.28.58:834][387]LogWindows: Error: HandleError re-entered.
[2019.10.19-12.28.58:834][387]LogWindows: FPlatformMisc::RequestExit(1)
[2019.10.19-12.28.58:854][387]Log file closed, 10/19/19 23:28:58
