Log file open, 09/25/19 21:15:37
LogWindows: Failed to load 'aqProf.dll' (GetLastError=126)
LogWindows: File 'aqProf.dll' does not exist
LogWindows: Failed to load 'VtuneApi.dll' (GetLastError=126)
LogWindows: File 'VtuneApi.dll' does not exist
LogWindows: Failed to load 'VtuneApi32e.dll' (GetLastError=126)
LogWindows: File 'VtuneApi32e.dll' does not exist
LogConsoleResponse: Display: Failed to find resolution value strings in scalability ini. Falling back to default.
LogInit: Display: Running engine for game: MyProject2
LogPakFile: Registered encryption key '00000000000000000000000000000000': 0 pak files mounted, 0 remain pending
LogPlatformFile: Not using cached read wrapper
LogTaskGraph: Started task graph with 5 named threads and 35 total threads with 3 sets of task threads.
LogStats: Stats thread started at 0.594734
LogD3D11RHI: Loaded GFSDK_Aftermath_Lib.x64.dll
LogICUInternationalization: ICU TimeZone Detection - Raw Offset: +10:00, Platform Override: ''
LogPluginManager: Mounting plugin Paper2D
LogPluginManager: Mounting plugin AISupport
LogPluginManager: Mounting plugin LightPropagationVolume
LogPluginManager: Mounting plugin ActorLayerUtilities
LogPluginManager: Mounting plugin AnimationSharing
LogPluginManager: Mounting plugin CLionSourceCodeAccess
LogPluginManager: Mounting plugin CodeLiteSourceCodeAccess
LogPluginManager: Mounting plugin GitSourceControl
LogPluginManager: Mounting plugin KDevelopSourceCodeAccess
LogPluginManager: Mounting plugin NullSourceCodeAccess
LogPluginManager: Mounting plugin PerforceSourceControl
LogPluginManager: Mounting plugin SubversionSourceControl
LogPluginManager: Mounting plugin UObjectPlugin
LogPluginManager: Mounting plugin VisualStudioCodeSourceCodeAccess
LogPluginManager: Mounting plugin VisualStudioSourceCodeAccess
LogPluginManager: Mounting plugin XCodeSourceCodeAccess
LogPluginManager: Mounting plugin AssetManagerEditor
LogPluginManager: Mounting plugin CryptoKeys
LogPluginManager: Mounting plugin DataValidation
LogPluginManager: Mounting plugin FacialAnimation
LogPluginManager: Mounting plugin GameplayTagsEditor
LogPluginManager: Mounting plugin MacGraphicsSwitching
LogPluginManager: Mounting plugin MaterialAnalyzer
LogPluginManager: Mounting plugin MobileLauncherProfileWizard
LogPluginManager: Mounting plugin PluginBrowser
LogPluginManager: Mounting plugin SpeedTreeImporter
LogPluginManager: Mounting plugin DatasmithContent
LogPluginManager: Mounting plugin VariantManagerContent
LogPluginManager: Mounting plugin AlembicImporter
LogPluginManager: Mounting plugin AppleImageUtils
LogPluginManager: Mounting plugin AppleVision
LogPluginManager: Mounting plugin BackChannel
LogPluginManager: Mounting plugin CharacterAI
LogPluginManager: Mounting plugin GeometryCache
LogPluginManager: Mounting plugin HTML5Networking
LogPluginManager: Mounting plugin ProxyLODPlugin
LogPluginManager: Mounting plugin SkeletalReduction
LogPluginManager: Mounting plugin MagicLeap
LogPluginManager: Mounting plugin MagicLeapMedia
LogPluginManager: Mounting plugin AndroidMedia
LogPluginManager: Mounting plugin AvfMedia
LogPluginManager: Mounting plugin ImgMedia
LogPluginManager: Mounting plugin LinearTimecode
LogPluginManager: Mounting plugin MediaCompositing
LogPluginManager: Mounting plugin MediaPlayerEditor
LogPluginManager: Mounting plugin WebMMedia
LogPluginManager: Mounting plugin WmfMedia
LogPluginManager: Mounting plugin TcpMessaging
LogPluginManager: Mounting plugin UdpMessaging
LogPluginManager: Mounting plugin ActorSequence
LogPluginManager: Mounting plugin LevelSequenceEditor
LogPluginManager: Mounting plugin MatineeToLevelSequence
LogPluginManager: Mounting plugin NetcodeUnitTest
LogPluginManager: Mounting plugin NUTUnrealEngine4
LogPluginManager: Mounting plugin OnlineSubsystemGooglePlay
LogPluginManager: Mounting plugin OnlineSubsystemIOS
LogPluginManager: Mounting plugin OnlineSubsystem
LogPluginManager: Mounting plugin OnlineSubsystemNull
LogPluginManager: Mounting plugin OnlineSubsystemUtils
LogPluginManager: Mounting plugin LauncherChunkInstaller
LogPluginManager: Mounting plugin AndroidDeviceProfileSelector
LogPluginManager: Mounting plugin AndroidMoviePlayer
LogPluginManager: Mounting plugin AndroidPermission
LogPluginManager: Mounting plugin AppleMoviePlayer
LogPluginManager: Mounting plugin ArchVisCharacter
LogPluginManager: Mounting plugin AudioCapture
LogPluginManager: Mounting plugin CableComponent
LogPluginManager: Mounting plugin CustomMeshComponent
LogPluginManager: Mounting plugin EditableMesh
LogPluginManager: Mounting plugin ExampleDeviceProfileSelector
LogPluginManager: Mounting plugin Firebase
LogPluginManager: Mounting plugin GoogleCloudMessaging
LogPluginManager: Mounting plugin IOSDeviceProfileSelector
LogPluginManager: Mounting plugin LinuxDeviceProfileSelector
LogPluginManager: Mounting plugin LocationServicesBPLibrary
LogPluginManager: Mounting plugin MobilePatchingUtils
LogPluginManager: Mounting plugin OculusVR
LogPluginManager: Mounting plugin PhysXVehicles
LogPluginManager: Mounting plugin ProceduralMeshComponent
LogPluginManager: Mounting plugin RuntimePhysXCooking
LogPluginManager: Mounting plugin SignificanceManager
LogPluginManager: Mounting plugin SteamVR
LogPluginManager: Mounting plugin WebMMoviePlayer
LogPluginManager: Mounting plugin WindowsMoviePlayer
LogInit: Using libcurl 7.55.1-DEV
LogInit:  - built for x86_64-pc-win32
LogInit:  - supports SSL with OpenSSL/1.1.1
LogInit:  - supports HTTP deflate (compression) using libz 1.2.8
LogInit:  - other features:
LogInit:      CURL_VERSION_SSL
LogInit:      CURL_VERSION_LIBZ
LogInit:      CURL_VERSION_IPV6
LogInit:      CURL_VERSION_ASYNCHDNS
LogInit:      CURL_VERSION_LARGEFILE
LogInit:      CURL_VERSION_IDN
LogInit:  CurlRequestOptions (configurable via config and command line):
LogInit:  - bVerifyPeer = true  - Libcurl will verify peer certificate
LogInit:  - bUseHttpProxy = false  - Libcurl will NOT use HTTP proxy
LogInit:  - bDontReuseConnections = false  - Libcurl will reuse connections
LogInit:  - MaxHostConnections = 16  - Libcurl will limit the number of connections to a host
LogInit:  - LocalHostAddr = Default
LogInit:  - BufferSize = 65536
LogInit: WinSock: version 1.1 (2.2), MaxSocks=32767, MaxUdp=65467
LogInit: Build: ++UE4+Release-4.22-CL-7053642
LogInit: Engine Version: 4.22.3-7053642+++UE4+Release-4.22
LogInit: Compatible Engine Version: 4.22.0-5660361+++UE4+Release-4.22
LogInit: Net CL: 5660361
LogInit: OS: Windows 10 (Release 1903) (), CPU: Intel(R) Core(TM) i7-8750H CPU @ 2.20GHz, GPU: Intel(R) UHD Graphics 630
LogInit: Compiled (64-bit): Jun 18 2019 03:09:11
LogInit: Compiled with Visual C++: 19.16.27025.01
LogInit: Build Configuration: Development
LogInit: Branch Name: ++UE4+Release-4.22
LogInit: Command Line: 
LogInit: Base Directory: C:/Users/ellan/Desktop/UE_4.22/Engine/Binaries/Win64/
LogInit: Installed Engine Build: 1
LogDevObjectVersion: Number of dev versions registered: 23
LogDevObjectVersion:   Dev-Blueprints (B0D832E4-1F89-4F0D-ACCF-7EB736FD4AA2): 10
LogDevObjectVersion:   Dev-Build (E1C64328-A22C-4D53-A36C-8E866417BD8C): 0
LogDevObjectVersion:   Dev-Core (375EC13C-06E4-48FB-B500-84F0262A717E): 3
LogDevObjectVersion:   Dev-Editor (E4B068ED-F494-42E9-A231-DA0B2E46BB41): 30
LogDevObjectVersion:   Dev-Framework (CFFC743F-43B0-4480-9391-14DF171D2073): 35
LogDevObjectVersion:   Dev-Mobile (B02B49B5-BB20-44E9-A304-32B752E40360): 2
LogDevObjectVersion:   Dev-Networking (A4E4105C-59A1-49B5-A7C5-40C4547EDFEE): 0
LogDevObjectVersion:   Dev-Online (39C831C9-5AE6-47DC-9A44-9C173E1C8E7C): 0
LogDevObjectVersion:   Dev-Physics (78F01B33-EBEA-4F98-B9B4-84EACCB95AA2): 0
LogDevObjectVersion:   Dev-Platform (6631380F-2D4D-43E0-8009-CF276956A95A): 0
LogDevObjectVersion:   Dev-Rendering (12F88B9F-8875-4AFC-A67C-D90C383ABD29): 28
LogDevObjectVersion:   Dev-Sequencer (7B5AE74C-D270-4C10-A958-57980B212A5A): 11
LogDevObjectVersion:   Dev-VR (D7296918-1DD6-4BDD-9DE2-64A83CC13884): 2
LogDevObjectVersion:   Dev-LoadTimes (C2A15278-BFE7-4AFE-6C17-90FF531DF755): 1
LogDevObjectVersion:   Private-Geometry (6EACA3D4-40EC-4CC1-B786-8BED09428FC5): 3
LogDevObjectVersion:   Dev-AnimPhys (29E575DD-E0A3-4627-9D10-D276232CDCEA): 17
LogDevObjectVersion:   Dev-Anim (AF43A65D-7FD3-4947-9873-3E8ED9C1BB05): 2
LogDevObjectVersion:   Dev-ReflectionCapture (6B266CEC-1EC7-4B8F-A30B-E4D90942FC07): 1
LogDevObjectVersion:   Dev-Automation (0DF73D61-A23F-47EA-B727-89E90C41499A): 1
LogDevObjectVersion:   FortniteMain (601D1886-AC64-4F84-AA16-D3DE0DEAC7D6): 25
LogDevObjectVersion:   Dev-Enterprise (9DFFBCD6-494F-0158-E221-12823C92A888): 6
LogDevObjectVersion:   Dev-Niagara (F2AED0AC-9AFE-416F-8664-AA7FFA26D6FC): 1
LogDevObjectVersion:   Dev-Destruction (174F1F0B-B4C6-45A5-B13F-2EE8D0FB917D): 2
LogInit: Presizing for max 16777216 objects, including 0 objects not considered by GC, pre-allocating 0 bytes for permanent pool.
LogInit: Object subsystem initialized
LogConfig: Setting CVar [[con.DebugEarlyDefault:1]]
LogConfig: Setting CVar [[r.setres:1280x720]]
[2019.09.25-11.15.37:531][  0]LogConfig: Setting CVar [[r.VSync:0]]
[2019.09.25-11.15.37:531][  0]LogConfig: Setting CVar [[r.RHICmdBypass:0]]
[2019.09.25-11.15.37:532][  0]LogConfig: Applying CVar settings from Section [/Script/Engine.RendererSettings] File [C:/Users/ellan/Documents/GitHub/3D-Platformer/MyProject2/Saved/Config/Windows/Engine.ini]
[2019.09.25-11.15.37:532][  0]LogConfig: Setting CVar [[r.GPUCrashDebugging:0]]
[2019.09.25-11.15.37:532][  0]LogConfig: Setting CVar [[r.DefaultFeature.AutoExposure.ExtendDefaultLuminanceRange:1]]
[2019.09.25-11.15.37:532][  0]LogConfig: Setting CVar [[r.DefaultFeature.AutoExposure:0]]
[2019.09.25-11.15.37:532][  0]LogConfig: Applying CVar settings from Section [/Script/Engine.RendererOverrideSettings] File [C:/Users/ellan/Documents/GitHub/3D-Platformer/MyProject2/Saved/Config/Windows/Engine.ini]
[2019.09.25-11.15.37:532][  0]LogConfig: Applying CVar settings from Section [/Script/Engine.StreamingSettings] File [C:/Users/ellan/Documents/GitHub/3D-Platformer/MyProject2/Saved/Config/Windows/Engine.ini]
[2019.09.25-11.15.37:532][  0]LogConfig: Setting CVar [[s.MinBulkDataSizeForAsyncLoading:131072]]
[2019.09.25-11.15.37:532][  0]LogConfig: Setting CVar [[s.AsyncLoadingThreadEnabled:0]]
[2019.09.25-11.15.37:532][  0]LogConfig: Setting CVar [[s.EventDrivenLoaderEnabled:1]]
[2019.09.25-11.15.37:532][  0]LogConfig: Setting CVar [[s.WarnIfTimeLimitExceeded:0]]
[2019.09.25-11.15.37:532][  0]LogConfig: Setting CVar [[s.TimeLimitExceededMultiplier:1.5]]
[2019.09.25-11.15.37:532][  0]LogConfig: Setting CVar [[s.TimeLimitExceededMinTime:0.005]]
[2019.09.25-11.15.37:532][  0]LogConfig: Setting CVar [[s.UseBackgroundLevelStreaming:1]]
[2019.09.25-11.15.37:532][  0]LogConfig: Setting CVar [[s.PriorityAsyncLoadingExtraTime:15.0]]
[2019.09.25-11.15.37:532][  0]LogConfig: Setting CVar [[s.LevelStreamingActorsUpdateTimeLimit:5.0]]
[2019.09.25-11.15.37:532][  0]LogConfig: Setting CVar [[s.PriorityLevelStreamingActorsUpdateExtraTime:5.0]]
[2019.09.25-11.15.37:532][  0]LogConfig: Setting CVar [[s.LevelStreamingComponentsRegistrationGranularity:10]]
[2019.09.25-11.15.37:532][  0]LogConfig: Setting CVar [[s.UnregisterComponentsTimeLimit:1.0]]
[2019.09.25-11.15.37:532][  0]LogConfig: Setting CVar [[s.LevelStreamingComponentsUnregistrationGranularity:5]]
[2019.09.25-11.15.37:532][  0]LogConfig: Applying CVar settings from Section [/Script/Engine.GarbageCollectionSettings] File [C:/Users/ellan/Documents/GitHub/3D-Platformer/MyProject2/Saved/Config/Windows/Engine.ini]
[2019.09.25-11.15.37:532][  0]LogConfig: Setting CVar [[gc.MaxObjectsNotConsideredByGC:1]]
[2019.09.25-11.15.37:533][  0]LogConfig: Setting CVar [[gc.SizeOfPermanentObjectPool:0]]
[2019.09.25-11.15.37:533][  0]LogConfig: Setting CVar [[gc.FlushStreamingOnGC:0]]
[2019.09.25-11.15.37:533][  0]LogConfig: Setting CVar [[gc.NumRetriesBeforeForcingGC:10]]
[2019.09.25-11.15.37:533][  0]LogConfig: Setting CVar [[gc.AllowParallelGC:1]]
[2019.09.25-11.15.37:533][  0]LogConfig: Setting CVar [[gc.TimeBetweenPurgingPendingKillObjects:61.1]]
[2019.09.25-11.15.37:533][  0]LogConfig: Setting CVar [[gc.MaxObjectsInEditor:16777216]]
[2019.09.25-11.15.37:533][  0]LogConfig: Setting CVar [[gc.IncrementalBeginDestroyEnabled:1]]
[2019.09.25-11.15.37:533][  0]LogConfig: Setting CVar [[gc.CreateGCClusters:1]]
[2019.09.25-11.15.37:533][  0]LogConfig: Setting CVar [[gc.MinGCClusterSize:5]]
[2019.09.25-11.15.37:533][  0]LogConfig: Setting CVar [[gc.ActorClusteringEnabled:0]]
[2019.09.25-11.15.37:533][  0]LogConfig: Setting CVar [[gc.BlueprintClusteringEnabled:0]]
[2019.09.25-11.15.37:533][  0]LogConfig: Setting CVar [[gc.UseDisregardForGCOnDedicatedServers:0]]
[2019.09.25-11.15.37:533][  0]LogConfig: Applying CVar settings from Section [/Script/Engine.NetworkSettings] File [C:/Users/ellan/Documents/GitHub/3D-Platformer/MyProject2/Saved/Config/Windows/Engine.ini]
[2019.09.25-11.15.37:533][  0]LogConfig: Applying CVar settings from Section [/Script/UnrealEd.CookerSettings] File [C:/Users/ellan/Documents/GitHub/3D-Platformer/MyProject2/Saved/Config/Windows/Engine.ini]
[2019.09.25-11.15.37:542][  0]LogConfig: Applying CVar settings from Section [ViewDistanceQuality@3] File [C:/Users/ellan/Documents/GitHub/3D-Platformer/MyProject2/Saved/Config/Windows/Scalability.ini]
[2019.09.25-11.15.37:542][  0]LogConfig: Setting CVar [[r.SkeletalMeshLODBias:0]]
[2019.09.25-11.15.37:542][  0]LogConfig: Setting CVar [[r.ViewDistanceScale:1.0]]
[2019.09.25-11.15.37:542][  0]LogConfig: Applying CVar settings from Section [AntiAliasingQuality@3] File [C:/Users/ellan/Documents/GitHub/3D-Platformer/MyProject2/Saved/Config/Windows/Scalability.ini]
[2019.09.25-11.15.37:542][  0]LogConfig: Setting CVar [[r.PostProcessAAQuality:4]]
[2019.09.25-11.15.37:542][  0]LogConfig: Applying CVar settings from Section [ShadowQuality@3] File [C:/Users/ellan/Documents/GitHub/3D-Platformer/MyProject2/Saved/Config/Windows/Scalability.ini]
[2019.09.25-11.15.37:542][  0]LogConfig: Setting CVar [[r.LightFunctionQuality:1]]
[2019.09.25-11.15.37:542][  0]LogConfig: Setting CVar [[r.ShadowQuality:5]]
[2019.09.25-11.15.37:543][  0]LogConfig: Setting CVar [[r.Shadow.CSM.MaxCascades:10]]
[2019.09.25-11.15.37:543][  0]LogConfig: Setting CVar [[r.Shadow.MaxResolution:2048]]
[2019.09.25-11.15.37:543][  0]LogConfig: Setting CVar [[r.Shadow.MaxCSMResolution:2048]]
[2019.09.25-11.15.37:543][  0]LogConfig: Setting CVar [[r.Shadow.RadiusThreshold:0.01]]
[2019.09.25-11.15.37:543][  0]LogConfig: Setting CVar [[r.Shadow.DistanceScale:1.0]]
[2019.09.25-11.15.37:543][  0]LogConfig: Setting CVar [[r.Shadow.CSM.TransitionScale:1.0]]
[2019.09.25-11.15.37:543][  0]LogConfig: Setting CVar [[r.Shadow.PreShadowResolutionFactor:1.0]]
[2019.09.25-11.15.37:543][  0]LogConfig: Setting CVar [[r.DistanceFieldShadowing:1]]
[2019.09.25-11.15.37:543][  0]LogConfig: Setting CVar [[r.DistanceFieldAO:1]]
[2019.09.25-11.15.37:543][  0]LogConfig: Setting CVar [[r.AOQuality:2]]
[2019.09.25-11.15.37:544][  0]LogConfig: Setting CVar [[r.VolumetricFog:1]]
[2019.09.25-11.15.37:544][  0]LogConfig: Setting CVar [[r.VolumetricFog.GridPixelSize:8]]
[2019.09.25-11.15.37:544][  0]LogConfig: Setting CVar [[r.VolumetricFog.GridSizeZ:128]]
[2019.09.25-11.15.37:544][  0]LogConfig: Setting CVar [[r.VolumetricFog.HistoryMissSupersampleCount:4]]
[2019.09.25-11.15.37:544][  0]LogConfig: Setting CVar [[r.LightMaxDrawDistanceScale:1]]
[2019.09.25-11.15.37:544][  0]LogConfig: Setting CVar [[r.CapsuleShadows:1]]
[2019.09.25-11.15.37:544][  0]LogConfig: Applying CVar settings from Section [PostProcessQuality@3] File [C:/Users/ellan/Documents/GitHub/3D-Platformer/MyProject2/Saved/Config/Windows/Scalability.ini]
[2019.09.25-11.15.37:544][  0]LogConfig: Setting CVar [[r.MotionBlurQuality:4]]
[2019.09.25-11.15.37:544][  0]LogConfig: Setting CVar [[r.AmbientOcclusionMipLevelFactor:0.4]]
[2019.09.25-11.15.37:544][  0]LogConfig: Setting CVar [[r.AmbientOcclusionMaxQuality:100]]
[2019.09.25-11.15.37:544][  0]LogConfig: Setting CVar [[r.AmbientOcclusionLevels:-1]]
[2019.09.25-11.15.37:544][  0]LogConfig: Setting CVar [[r.AmbientOcclusionRadiusScale:1.0]]
[2019.09.25-11.15.37:544][  0]LogConfig: Setting CVar [[r.DepthOfFieldQuality:2]]
[2019.09.25-11.15.37:544][  0]LogConfig: Setting CVar [[r.RenderTargetPoolMin:400]]
[2019.09.25-11.15.37:544][  0]LogConfig: Setting CVar [[r.LensFlareQuality:2]]
[2019.09.25-11.15.37:544][  0]LogConfig: Setting CVar [[r.SceneColorFringeQuality:1]]
[2019.09.25-11.15.37:544][  0]LogConfig: Setting CVar [[r.EyeAdaptationQuality:2]]
[2019.09.25-11.15.37:544][  0]LogConfig: Setting CVar [[r.BloomQuality:5]]
[2019.09.25-11.15.37:544][  0]LogConfig: Setting CVar [[r.FastBlurThreshold:100]]
[2019.09.25-11.15.37:544][  0]LogConfig: Setting CVar [[r.Upscale.Quality:3]]
[2019.09.25-11.15.37:544][  0]LogConfig: Setting CVar [[r.Tonemapper.GrainQuantization:1]]
[2019.09.25-11.15.37:544][  0]LogConfig: Setting CVar [[r.LightShaftQuality:1]]
[2019.09.25-11.15.37:544][  0]LogConfig: Setting CVar [[r.Filter.SizeScale:1]]
[2019.09.25-11.15.37:544][  0]LogConfig: Setting CVar [[r.Tonemapper.Quality:5]]
[2019.09.25-11.15.37:544][  0]LogConfig: Setting CVar [[r.DOF.Gather.AccumulatorQuality:1        ; higher gathering accumulator quality]]
[2019.09.25-11.15.37:544][  0]LogConfig: Setting CVar [[r.DOF.Gather.PostfilterMethod:1          ; Median3x3 postfilering method]]
[2019.09.25-11.15.37:544][  0]LogConfig: Setting CVar [[r.DOF.Gather.EnableBokehSettings:0       ; no bokeh simulation when gathering]]
[2019.09.25-11.15.37:544][  0]LogConfig: Setting CVar [[r.DOF.Gather.RingCount:4                 ; medium number of samples when gathering]]
[2019.09.25-11.15.37:544][  0]LogConfig: Setting CVar [[r.DOF.Scatter.ForegroundCompositing:1    ; additive foreground scattering]]
[2019.09.25-11.15.37:544][  0]LogConfig: Setting CVar [[r.DOF.Scatter.BackgroundCompositing:2    ; additive background scattering]]
[2019.09.25-11.15.37:544][  0]LogConfig: Setting CVar [[r.DOF.Scatter.EnableBokehSettings:1      ; bokeh simulation when scattering]]
[2019.09.25-11.15.37:544][  0]LogConfig: Setting CVar [[r.DOF.Scatter.MaxSpriteRatio:0.1         ; only a maximum of 10% of scattered bokeh]]
[2019.09.25-11.15.37:544][  0]LogConfig: Setting CVar [[r.DOF.Recombine.Quality:1                ; cheap slight out of focus]]
[2019.09.25-11.15.37:544][  0]LogConfig: Setting CVar [[r.DOF.Recombine.EnableBokehSettings:0    ; no bokeh simulation on slight out of focus]]
[2019.09.25-11.15.37:544][  0]LogConfig: Setting CVar [[r.DOF.TemporalAAQuality:1                ; more stable temporal accumulation]]
[2019.09.25-11.15.37:545][  0]LogConfig: Setting CVar [[r.DOF.Kernel.MaxForegroundRadius:0.025]]
[2019.09.25-11.15.37:545][  0]LogConfig: Setting CVar [[r.DOF.Kernel.MaxBackgroundRadius:0.025]]
[2019.09.25-11.15.37:545][  0]LogConfig: Applying CVar settings from Section [TextureQuality@3] File [C:/Users/ellan/Documents/GitHub/3D-Platformer/MyProject2/Saved/Config/Windows/Scalability.ini]
[2019.09.25-11.15.37:545][  0]LogConfig: Setting CVar [[r.Streaming.MipBias:0]]
[2019.09.25-11.15.37:545][  0]LogConfig: Setting CVar [[r.Streaming.AmortizeCPUToGPUCopy:0]]
[2019.09.25-11.15.37:545][  0]LogConfig: Setting CVar [[r.Streaming.MaxNumTexturesToStreamPerFrame:0]]
[2019.09.25-11.15.37:545][  0]LogConfig: Setting CVar [[r.Streaming.Boost:1]]
[2019.09.25-11.15.37:545][  0]LogConfig: Setting CVar [[r.MaxAnisotropy:8]]
[2019.09.25-11.15.37:545][  0]LogConfig: Setting CVar [[r.Streaming.LimitPoolSizeToVRAM:0]]
[2019.09.25-11.15.37:545][  0]LogConfig: Setting CVar [[r.Streaming.PoolSize:1000]]
[2019.09.25-11.15.37:545][  0]LogConfig: Setting CVar [[r.Streaming.MaxEffectiveScreenSize:0]]
[2019.09.25-11.15.37:545][  0]LogConfig: Applying CVar settings from Section [EffectsQuality@3] File [C:/Users/ellan/Documents/GitHub/3D-Platformer/MyProject2/Saved/Config/Windows/Scalability.ini]
[2019.09.25-11.15.37:545][  0]LogConfig: Setting CVar [[r.TranslucencyLightingVolumeDim:64]]
[2019.09.25-11.15.37:545][  0]LogConfig: Setting CVar [[r.RefractionQuality:2]]
[2019.09.25-11.15.37:545][  0]LogConfig: Setting CVar [[r.SSR.Quality:3]]
[2019.09.25-11.15.37:545][  0]LogConfig: Setting CVar [[r.SceneColorFormat:4]]
[2019.09.25-11.15.37:545][  0]LogConfig: Setting CVar [[r.DetailMode:2]]
[2019.09.25-11.15.37:545][  0]LogConfig: Setting CVar [[r.TranslucencyVolumeBlur:1]]
[2019.09.25-11.15.37:545][  0]LogConfig: Setting CVar [[r.MaterialQualityLevel:1 ; High quality]]
[2019.09.25-11.15.37:545][  0]LogConfig: Setting CVar [[r.SSS.Scale:1]]
[2019.09.25-11.15.37:545][  0]LogConfig: Setting CVar [[r.SSS.SampleSet:2]]
[2019.09.25-11.15.37:545][  0]LogConfig: Setting CVar [[r.SSS.Quality:1]]
[2019.09.25-11.15.37:545][  0]LogConfig: Setting CVar [[r.SSS.HalfRes:1]]
[2019.09.25-11.15.37:546][  0]LogConfig: Setting CVar [[r.EmitterSpawnRateScale:1.0]]
[2019.09.25-11.15.37:546][  0]LogConfig: Setting CVar [[r.ParticleLightQuality:2]]
[2019.09.25-11.15.37:546][  0]LogConfig: Applying CVar settings from Section [FoliageQuality@3] File [C:/Users/ellan/Documents/GitHub/3D-Platformer/MyProject2/Saved/Config/Windows/Scalability.ini]
[2019.09.25-11.15.37:546][  0]LogConfig: Setting CVar [[foliage.DensityScale:1.0]]
[2019.09.25-11.15.37:546][  0]LogConfig: Setting CVar [[grass.DensityScale:1.0]]
[2019.09.25-11.15.37:546][  0]LogInit: Selected Device Profile: [Windows]
[2019.09.25-11.15.37:546][  0]LogInit: Applying CVar settings loaded from the selected device profile: [Windows]
[2019.09.25-11.15.37:595][  0]LogHAL: Display: Platform has ~ 16 GB [17016786944 / 17179869184 / 16], which maps to Larger [LargestMinGB=32, LargerMinGB=12, DefaultMinGB=8, SmallerMinGB=6, SmallestMinGB=0)
[2019.09.25-11.15.37:596][  0]LogConfig: Setting CVar [[r.Vulkan.UseRealUBs:0		; Required until we fix HLR fall-out]]
[2019.09.25-11.15.37:596][  0]LogInit: Going up to parent DeviceProfile []
[2019.09.25-11.15.37:596][  0]LogConfig: Applying CVar settings from Section [ViewDistanceQuality@3] File [C:/Users/ellan/Documents/GitHub/3D-Platformer/MyProject2/Saved/Config/Windows/Scalability.ini]
[2019.09.25-11.15.37:596][  0]LogConfig: Setting CVar [[r.SkeletalMeshLODBias:0]]
[2019.09.25-11.15.37:596][  0]LogConfig: Setting CVar [[r.ViewDistanceScale:1.0]]
[2019.09.25-11.15.37:596][  0]LogConfig: Applying CVar settings from Section [AntiAliasingQuality@3] File [C:/Users/ellan/Documents/GitHub/3D-Platformer/MyProject2/Saved/Config/Windows/Scalability.ini]
[2019.09.25-11.15.37:596][  0]LogConfig: Setting CVar [[r.PostProcessAAQuality:4]]
[2019.09.25-11.15.37:596][  0]LogConfig: Applying CVar settings from Section [ShadowQuality@3] File [C:/Users/ellan/Documents/GitHub/3D-Platformer/MyProject2/Saved/Config/Windows/Scalability.ini]
[2019.09.25-11.15.37:596][  0]LogConfig: Setting CVar [[r.LightFunctionQuality:1]]
[2019.09.25-11.15.37:596][  0]LogConfig: Setting CVar [[r.ShadowQuality:5]]
[2019.09.25-11.15.37:596][  0]LogConfig: Setting CVar [[r.Shadow.CSM.MaxCascades:10]]
[2019.09.25-11.15.37:596][  0]LogConfig: Setting CVar [[r.Shadow.MaxResolution:2048]]
[2019.09.25-11.15.37:596][  0]LogConfig: Setting CVar [[r.Shadow.MaxCSMResolution:2048]]
[2019.09.25-11.15.37:596][  0]LogConfig: Setting CVar [[r.Shadow.RadiusThreshold:0.01]]
[2019.09.25-11.15.37:596][  0]LogConfig: Setting CVar [[r.Shadow.DistanceScale:1.0]]
[2019.09.25-11.15.37:596][  0]LogConfig: Setting CVar [[r.Shadow.CSM.TransitionScale:1.0]]
[2019.09.25-11.15.37:596][  0]LogConfig: Setting CVar [[r.Shadow.PreShadowResolutionFactor:1.0]]
[2019.09.25-11.15.37:596][  0]LogConfig: Setting CVar [[r.DistanceFieldShadowing:1]]
[2019.09.25-11.15.37:597][  0]LogConfig: Setting CVar [[r.DistanceFieldAO:1]]
[2019.09.25-11.15.37:597][  0]LogConfig: Setting CVar [[r.AOQuality:2]]
[2019.09.25-11.15.37:597][  0]LogConfig: Setting CVar [[r.VolumetricFog:1]]
[2019.09.25-11.15.37:597][  0]LogConfig: Setting CVar [[r.VolumetricFog.GridPixelSize:8]]
[2019.09.25-11.15.37:597][  0]LogConfig: Setting CVar [[r.VolumetricFog.GridSizeZ:128]]
[2019.09.25-11.15.37:597][  0]LogConfig: Setting CVar [[r.VolumetricFog.HistoryMissSupersampleCount:4]]
[2019.09.25-11.15.37:597][  0]LogConfig: Setting CVar [[r.LightMaxDrawDistanceScale:1]]
[2019.09.25-11.15.37:597][  0]LogConfig: Setting CVar [[r.CapsuleShadows:1]]
[2019.09.25-11.15.37:597][  0]LogConfig: Applying CVar settings from Section [PostProcessQuality@3] File [C:/Users/ellan/Documents/GitHub/3D-Platformer/MyProject2/Saved/Config/Windows/Scalability.ini]
[2019.09.25-11.15.37:597][  0]LogConfig: Setting CVar [[r.MotionBlurQuality:4]]
[2019.09.25-11.15.37:597][  0]LogConfig: Setting CVar [[r.AmbientOcclusionMipLevelFactor:0.4]]
[2019.09.25-11.15.37:597][  0]LogConfig: Setting CVar [[r.AmbientOcclusionMaxQuality:100]]
[2019.09.25-11.15.37:597][  0]LogConfig: Setting CVar [[r.AmbientOcclusionLevels:-1]]
[2019.09.25-11.15.37:597][  0]LogConfig: Setting CVar [[r.AmbientOcclusionRadiusScale:1.0]]
[2019.09.25-11.15.37:597][  0]LogConfig: Setting CVar [[r.DepthOfFieldQuality:2]]
[2019.09.25-11.15.37:597][  0]LogConfig: Setting CVar [[r.RenderTargetPoolMin:400]]
[2019.09.25-11.15.37:597][  0]LogConfig: Setting CVar [[r.LensFlareQuality:2]]
[2019.09.25-11.15.37:597][  0]LogConfig: Setting CVar [[r.SceneColorFringeQuality:1]]
[2019.09.25-11.15.37:597][  0]LogConfig: Setting CVar [[r.EyeAdaptationQuality:2]]
[2019.09.25-11.15.37:597][  0]LogConfig: Setting CVar [[r.BloomQuality:5]]
[2019.09.25-11.15.37:597][  0]LogConfig: Setting CVar [[r.FastBlurThreshold:100]]
[2019.09.25-11.15.37:597][  0]LogConfig: Setting CVar [[r.Upscale.Quality:3]]
[2019.09.25-11.15.37:598][  0]LogConfig: Setting CVar [[r.Tonemapper.GrainQuantization:1]]
[2019.09.25-11.15.37:598][  0]LogConfig: Setting CVar [[r.LightShaftQuality:1]]
[2019.09.25-11.15.37:598][  0]LogConfig: Setting CVar [[r.Filter.SizeScale:1]]
[2019.09.25-11.15.37:598][  0]LogConfig: Setting CVar [[r.Tonemapper.Quality:5]]
[2019.09.25-11.15.37:598][  0]LogConfig: Setting CVar [[r.DOF.Gather.AccumulatorQuality:1        ; higher gathering accumulator quality]]
[2019.09.25-11.15.37:598][  0]LogConfig: Setting CVar [[r.DOF.Gather.PostfilterMethod:1          ; Median3x3 postfilering method]]
[2019.09.25-11.15.37:598][  0]LogConfig: Setting CVar [[r.DOF.Gather.EnableBokehSettings:0       ; no bokeh simulation when gathering]]
[2019.09.25-11.15.37:598][  0]LogConfig: Setting CVar [[r.DOF.Gather.RingCount:4                 ; medium number of samples when gathering]]
[2019.09.25-11.15.37:598][  0]LogConfig: Setting CVar [[r.DOF.Scatter.ForegroundCompositing:1    ; additive foreground scattering]]
[2019.09.25-11.15.37:598][  0]LogConfig: Setting CVar [[r.DOF.Scatter.BackgroundCompositing:2    ; additive background scattering]]
[2019.09.25-11.15.37:598][  0]LogConfig: Setting CVar [[r.DOF.Scatter.EnableBokehSettings:1      ; bokeh simulation when scattering]]
[2019.09.25-11.15.37:598][  0]LogConfig: Setting CVar [[r.DOF.Scatter.MaxSpriteRatio:0.1         ; only a maximum of 10% of scattered bokeh]]
[2019.09.25-11.15.37:598][  0]LogConfig: Setting CVar [[r.DOF.Recombine.Quality:1                ; cheap slight out of focus]]
[2019.09.25-11.15.37:598][  0]LogConfig: Setting CVar [[r.DOF.Recombine.EnableBokehSettings:0    ; no bokeh simulation on slight out of focus]]
[2019.09.25-11.15.37:598][  0]LogConfig: Setting CVar [[r.DOF.TemporalAAQuality:1                ; more stable temporal accumulation]]
[2019.09.25-11.15.37:598][  0]LogConfig: Setting CVar [[r.DOF.Kernel.MaxForegroundRadius:0.025]]
[2019.09.25-11.15.37:598][  0]LogConfig: Setting CVar [[r.DOF.Kernel.MaxBackgroundRadius:0.025]]
[2019.09.25-11.15.37:598][  0]LogConfig: Applying CVar settings from Section [TextureQuality@3] File [C:/Users/ellan/Documents/GitHub/3D-Platformer/MyProject2/Saved/Config/Windows/Scalability.ini]
[2019.09.25-11.15.37:598][  0]LogConfig: Setting CVar [[r.Streaming.MipBias:0]]
[2019.09.25-11.15.37:598][  0]LogConfig: Setting CVar [[r.Streaming.AmortizeCPUToGPUCopy:0]]
[2019.09.25-11.15.37:598][  0]LogConfig: Setting CVar [[r.Streaming.MaxNumTexturesToStreamPerFrame:0]]
[2019.09.25-11.15.37:598][  0]LogConfig: Setting CVar [[r.Streaming.Boost:1]]
[2019.09.25-11.15.37:598][  0]LogConfig: Setting CVar [[r.MaxAnisotropy:8]]
[2019.09.25-11.15.37:598][  0]LogConfig: Setting CVar [[r.Streaming.LimitPoolSizeToVRAM:0]]
[2019.09.25-11.15.37:599][  0]LogConfig: Setting CVar [[r.Streaming.PoolSize:1000]]
[2019.09.25-11.15.37:599][  0]LogConfig: Setting CVar [[r.Streaming.MaxEffectiveScreenSize:0]]
[2019.09.25-11.15.37:599][  0]LogConfig: Applying CVar settings from Section [EffectsQuality@3] File [C:/Users/ellan/Documents/GitHub/3D-Platformer/MyProject2/Saved/Config/Windows/Scalability.ini]
[2019.09.25-11.15.37:599][  0]LogConfig: Setting CVar [[r.TranslucencyLightingVolumeDim:64]]
[2019.09.25-11.15.37:599][  0]LogConfig: Setting CVar [[r.RefractionQuality:2]]
[2019.09.25-11.15.37:599][  0]LogConfig: Setting CVar [[r.SSR.Quality:3]]
[2019.09.25-11.15.37:599][  0]LogConfig: Setting CVar [[r.SceneColorFormat:4]]
[2019.09.25-11.15.37:599][  0]LogConfig: Setting CVar [[r.DetailMode:2]]
[2019.09.25-11.15.37:599][  0]LogConfig: Setting CVar [[r.TranslucencyVolumeBlur:1]]
[2019.09.25-11.15.37:599][  0]LogConfig: Setting CVar [[r.MaterialQualityLevel:1 ; High quality]]
[2019.09.25-11.15.37:599][  0]LogConfig: Setting CVar [[r.SSS.Scale:1]]
[2019.09.25-11.15.37:599][  0]LogConfig: Setting CVar [[r.SSS.SampleSet:2]]
[2019.09.25-11.15.37:599][  0]LogConfig: Setting CVar [[r.SSS.Quality:1]]
[2019.09.25-11.15.37:599][  0]LogConfig: Setting CVar [[r.SSS.HalfRes:1]]
[2019.09.25-11.15.37:599][  0]LogConfig: Setting CVar [[r.EmitterSpawnRateScale:1.0]]
[2019.09.25-11.15.37:599][  0]LogConfig: Setting CVar [[r.ParticleLightQuality:2]]
[2019.09.25-11.15.37:599][  0]LogConfig: Applying CVar settings from Section [FoliageQuality@3] File [C:/Users/ellan/Documents/GitHub/3D-Platformer/MyProject2/Saved/Config/Windows/Scalability.ini]
[2019.09.25-11.15.37:599][  0]LogConfig: Setting CVar [[foliage.DensityScale:1.0]]
[2019.09.25-11.15.37:599][  0]LogConfig: Setting CVar [[grass.DensityScale:1.0]]
[2019.09.25-11.15.37:599][  0]LogConfig: Applying CVar settings from Section [Startup] File [../../../Engine/Config/ConsoleVariables.ini]
[2019.09.25-11.15.37:600][  0]LogConfig: Setting CVar [[net.UseAdaptiveNetUpdateFrequency:0]]
[2019.09.25-11.15.37:600][  0]LogConfig: Setting CVar [[p.chaos.AllowCreatePhysxBodies:1]]
[2019.09.25-11.15.37:600][  0]LogConfig: Applying CVar settings from Section [ConsoleVariables] File [C:/Users/ellan/Documents/GitHub/3D-Platformer/MyProject2/Saved/Config/Windows/Engine.ini]
[2019.09.25-11.15.37:601][  0]LogInit: Computer: MSI
[2019.09.25-11.15.37:601][  0]LogInit: User: ellan
[2019.09.25-11.15.37:601][  0]LogInit: CPU Page size=4096, Cores=6
[2019.09.25-11.15.37:601][  0]LogInit: High frequency timer resolution =10.000000 MHz
[2019.09.25-11.15.37:601][  0]LogMemory: Memory total: Physical=15.8GB (16GB approx)
[2019.09.25-11.15.37:601][  0]LogMemory: Platform Memory Stats for Windows
[2019.09.25-11.15.37:601][  0]LogMemory: Process Physical Memory: 97.01 MB used, 97.01 MB peak
[2019.09.25-11.15.37:601][  0]LogMemory: Process Virtual Memory: 90.01 MB used, 90.01 MB peak
[2019.09.25-11.15.37:601][  0]LogMemory: Physical Memory: 6388.25 MB used,  9840.22 MB free, 16228.47 MB total
[2019.09.25-11.15.37:601][  0]LogMemory: Virtual Memory: 4660.50 MB used,  134213064.00 MB free, 134217728.00 MB total
[2019.09.25-11.15.37:680][  0]LogInit: Using OS detected language (en-US).
[2019.09.25-11.15.37:680][  0]LogInit: Using OS detected locale (en-AU).
[2019.09.25-11.15.37:682][  0]LogTextLocalizationManager: No specific localization for 'en-US' exists, so the 'en' localization will be used.
[2019.09.25-11.15.38:102][  0]LogInit: Setting process to per monitor DPI aware
[2019.09.25-11.15.38:143][  0]LogSlate: New Slate User Created.  User Index 0, Is Virtual User: 0
[2019.09.25-11.15.38:143][  0]LogSlate: Slate User Registered.  User Index 0, Is Virtual User: 0
[2019.09.25-11.15.38:425][  0]LogHMD: Failed to initialize OpenVR with code 110
[2019.09.25-11.15.38:425][  0]LogD3D11RHI: D3D11 adapters:
[2019.09.25-11.15.38:655][  0]LogD3D11RHI:    0. 'NVIDIA GeForce RTX 2060' (Feature Level 11_0)
[2019.09.25-11.15.38:655][  0]LogD3D11RHI:       5980/0/8114 MB DedicatedVideo/DedicatedSystem/SharedSystem, Outputs:1, VendorId:0x10de
[2019.09.25-11.15.38:706][  0]LogD3D11RHI:    1. 'Intel(R) UHD Graphics 630' (Feature Level 11_0)
[2019.09.25-11.15.38:706][  0]LogD3D11RHI:       128/0/8114 MB DedicatedVideo/DedicatedSystem/SharedSystem, Outputs:0, VendorId:0x8086
[2019.09.25-11.15.38:715][  0]LogD3D11RHI:    2. 'Microsoft Basic Render Driver' (Feature Level 11_0)
[2019.09.25-11.15.38:715][  0]LogD3D11RHI:       0/0/8114 MB DedicatedVideo/DedicatedSystem/SharedSystem, Outputs:0, VendorId:0x1414
[2019.09.25-11.15.38:715][  0]LogD3D11RHI: Chosen D3D11 Adapter: 0
[2019.09.25-11.15.38:812][  0]LogD3D11RHI: Creating new Direct3DDevice
[2019.09.25-11.15.38:812][  0]LogD3D11RHI:     GPU DeviceId: 0x1f11 (for the marketing name, search the web for "GPU Device Id")
[2019.09.25-11.15.38:812][  0]LogWindows: EnumDisplayDevices:
[2019.09.25-11.15.38:812][  0]LogWindows:    0. 'Intel(R) UHD Graphics 630' (P:1 D:1)
[2019.09.25-11.15.38:814][  0]LogWindows:    1. 'Intel(R) UHD Graphics 630' (P:0 D:0)
[2019.09.25-11.15.38:814][  0]LogWindows:    2. 'Intel(R) UHD Graphics 630' (P:0 D:0)
[2019.09.25-11.15.38:814][  0]LogWindows:    3. 'NVIDIA GeForce RTX 2060' (P:0 D:0)
[2019.09.25-11.15.38:816][  0]LogWindows:    4. 'NVIDIA GeForce RTX 2060' (P:0 D:0)
[2019.09.25-11.15.38:816][  0]LogWindows:    5. 'NVIDIA GeForce RTX 2060' (P:0 D:0)
[2019.09.25-11.15.38:816][  0]LogWindows:    6. 'NVIDIA GeForce RTX 2060' (P:0 D:0)
[2019.09.25-11.15.38:818][  0]LogWindows: DebugString: PrimaryIsNotTheChoosenAdapter PrimaryIsNotTheChoosenAdapter PrimaryIsNotTheChoosenAdapter FoundDriverCount:4 
[2019.09.25-11.15.38:818][  0]LogD3D11RHI:     Adapter Name: NVIDIA GeForce RTX 2060
[2019.09.25-11.15.38:818][  0]LogD3D11RHI:   Driver Version: 417.77 (internal:25.21.14.1777, unified:417.77)
[2019.09.25-11.15.38:818][  0]LogD3D11RHI:      Driver Date: 1-17-2019
[2019.09.25-11.15.38:818][  0]LogRHI: Texture pool is 4186 MB (70% of 5980 MB)
[2019.09.25-11.15.38:881][  0]LogD3D11RHI: Async texture creation enabled
[2019.09.25-11.15.38:892][  0]LogRendererCore: FGlobalReadBuffer::InitRHI
[2019.09.25-11.15.38:892][  0]LogRendererCore: FGlobalReadBuffer::InitRHI
[2019.09.25-11.15.38:892][  0]LogRendererCore: FGlobalReadBuffer::InitRHI
[2019.09.25-11.15.38:909][  0]LogD3D11RHI: GPU Timing Frequency: 1000.000000 (Debug: 2 2)
[2019.09.25-11.15.39:522][  0]LogTemp: Display: Module 'AllDesktopTargetPlatform' loaded TargetPlatform 'AllDesktop'
[2019.09.25-11.15.39:548][  0]LogTemp: Display: Module 'MacClientTargetPlatform' loaded TargetPlatform 'MacClient'
[2019.09.25-11.15.39:565][  0]LogTemp: Display: Module 'MacNoEditorTargetPlatform' loaded TargetPlatform 'MacNoEditor'
[2019.09.25-11.15.39:579][  0]LogTemp: Display: Module 'MacServerTargetPlatform' loaded TargetPlatform 'MacServer'
[2019.09.25-11.15.39:597][  0]LogTemp: Display: Module 'MacTargetPlatform' loaded TargetPlatform 'Mac'
[2019.09.25-11.15.39:627][  0]LogTemp: Display: Module 'WindowsClientTargetPlatform' loaded TargetPlatform 'WindowsClient'
[2019.09.25-11.15.39:672][  0]LogTemp: Display: Module 'WindowsNoEditorTargetPlatform' loaded TargetPlatform 'WindowsNoEditor'
[2019.09.25-11.15.39:698][  0]LogTemp: Display: Module 'WindowsServerTargetPlatform' loaded TargetPlatform 'WindowsServer'
[2019.09.25-11.15.39:706][  0]LogTemp: Display: Module 'WindowsTargetPlatform' loaded TargetPlatform 'Windows'
[2019.09.25-11.15.39:792][  0]LogTemp: Display: Module 'AndroidTargetPlatform' loaded TargetPlatform 'Android'
[2019.09.25-11.15.39:792][  0]LogTemp: Display: Module 'AndroidTargetPlatform' loaded TargetPlatform 'Android_ASTC'
[2019.09.25-11.15.39:792][  0]LogTemp: Display: Module 'AndroidTargetPlatform' loaded TargetPlatform 'Android_ATC'
[2019.09.25-11.15.39:792][  0]LogTemp: Display: Module 'AndroidTargetPlatform' loaded TargetPlatform 'Android_DXT'
[2019.09.25-11.15.39:792][  0]LogTemp: Display: Module 'AndroidTargetPlatform' loaded TargetPlatform 'Android_ETC1'
[2019.09.25-11.15.39:792][  0]LogTemp: Display: Module 'AndroidTargetPlatform' loaded TargetPlatform 'Android_ETC1a'
[2019.09.25-11.15.39:792][  0]LogTemp: Display: Module 'AndroidTargetPlatform' loaded TargetPlatform 'Android_ETC2'
[2019.09.25-11.15.39:792][  0]LogTemp: Display: Module 'AndroidTargetPlatform' loaded TargetPlatform 'Android_PVRTC'
[2019.09.25-11.15.39:792][  0]LogTemp: Display: Module 'AndroidTargetPlatform' loaded TargetPlatform 'AndroidClient'
[2019.09.25-11.15.39:792][  0]LogTemp: Display: Module 'AndroidTargetPlatform' loaded TargetPlatform 'Android_ASTCClient'
[2019.09.25-11.15.39:792][  0]LogTemp: Display: Module 'AndroidTargetPlatform' loaded TargetPlatform 'Android_ATCClient'
[2019.09.25-11.15.39:792][  0]LogTemp: Display: Module 'AndroidTargetPlatform' loaded TargetPlatform 'Android_DXTClient'
[2019.09.25-11.15.39:792][  0]LogTemp: Display: Module 'AndroidTargetPlatform' loaded TargetPlatform 'Android_ETC1Client'
[2019.09.25-11.15.39:792][  0]LogTemp: Display: Module 'AndroidTargetPlatform' loaded TargetPlatform 'Android_ETC1aClient'
[2019.09.25-11.15.39:792][  0]LogTemp: Display: Module 'AndroidTargetPlatform' loaded TargetPlatform 'Android_ETC2Client'
[2019.09.25-11.15.39:792][  0]LogTemp: Display: Module 'AndroidTargetPlatform' loaded TargetPlatform 'Android_PVRTCClient'
[2019.09.25-11.15.39:792][  0]LogTemp: Display: Module 'AndroidTargetPlatform' loaded TargetPlatform 'Android_Multi'
[2019.09.25-11.15.39:792][  0]LogTemp: Display: Module 'AndroidTargetPlatform' loaded TargetPlatform 'Android_MultiClient'
[2019.09.25-11.15.39:794][  0]LogTemp: Display: Module 'HTML5TargetPlatform' loaded TargetPlatform 'HTML5'
[2019.09.25-11.15.39:857][  0]LogTemp: Display: Module 'IOSTargetPlatform' loaded TargetPlatform 'IOSClient'
[2019.09.25-11.15.39:857][  0]LogTemp: Display: Module 'IOSTargetPlatform' loaded TargetPlatform 'IOS'
[2019.09.25-11.15.39:893][  0]LogTemp: Display: Module 'TVOSTargetPlatform' loaded TargetPlatform 'TVOSClient'
[2019.09.25-11.15.39:893][  0]LogTemp: Display: Module 'TVOSTargetPlatform' loaded TargetPlatform 'TVOS'
[2019.09.25-11.15.39:906][  0]LogTemp: Display: Module 'LinuxClientTargetPlatform' loaded TargetPlatform 'LinuxClient'
[2019.09.25-11.15.39:919][  0]LogTemp: Display: Module 'LinuxNoEditorTargetPlatform' loaded TargetPlatform 'LinuxNoEditor'
[2019.09.25-11.15.39:939][  0]LogTemp: Display: Module 'LinuxServerTargetPlatform' loaded TargetPlatform 'LinuxServer'
[2019.09.25-11.15.39:966][  0]LogTemp: Display: Module 'LinuxTargetPlatform' loaded TargetPlatform 'Linux'
[2019.09.25-11.15.40:015][  0]LogTemp: Display: Module 'LuminTargetPlatform' loaded TargetPlatform 'Lumin'
[2019.09.25-11.15.40:015][  0]LogTemp: Display: Module 'LuminTargetPlatform' loaded TargetPlatform 'LuminClient'
[2019.09.25-11.15.40:015][  0]LogTargetPlatformManager: Display: Building Assets For Windows
[2019.09.25-11.15.40:025][  0]LogAudioDebug: Display: Lib vorbis DLL was dynamically loaded.
[2019.09.25-11.15.40:109][  0]LogShaderCompilers: Guid format shader working directory is -9 characters bigger than the processId version (../../../../../Documents/GitHub/3D-Platformer/MyProject2/Intermediate/Shaders/WorkingDirectory/268/).
[2019.09.25-11.15.40:109][  0]LogShaderCompilers: Cleaned the shader compiler working directory 'C:/Users/ellan/AppData/Local/Temp/UnrealShaderWorkingDir/3F45E5E34282560DBF533592BA962145/'.
[2019.09.25-11.15.40:117][  0]LogXGEController: Cannot use XGE Controller as Incredibuild is not installed on this machine.
[2019.09.25-11.15.40:117][  0]LogShaderCompilers: Cannot use XGE Shader Compiler as Incredibuild is not installed on this machine.
[2019.09.25-11.15.40:117][  0]LogShaderCompilers: Display: Using Local Shader Compiler.
[2019.09.25-11.15.40:839][  0]LogDerivedDataCache: Display: Max Cache Size: 512 MB
[2019.09.25-11.15.40:901][  0]LogDerivedDataCache: Loaded boot cache 0.06s 71MB C:/Users/ellan/AppData/Local/UnrealEngine/4.22/DerivedDataCache/Boot.ddc.
[2019.09.25-11.15.40:901][  0]LogDerivedDataCache: Display: Loaded Boot cache: C:/Users/ellan/AppData/Local/UnrealEngine/4.22/DerivedDataCache/Boot.ddc
[2019.09.25-11.15.40:902][  0]LogDerivedDataCache: FDerivedDataBackendGraph:  Pak pak cache file ../../../../../Documents/GitHub/3D-Platformer/MyProject2/DerivedDataCache/DDC.ddp not found, will not use a pak cache.
[2019.09.25-11.15.40:902][  0]LogDerivedDataCache: Unable to find inner node Pak for hierarchical cache Hierarchy.
[2019.09.25-11.15.40:902][  0]LogDerivedDataCache: FDerivedDataBackendGraph:  CompressedPak pak cache file ../../../../../Documents/GitHub/3D-Platformer/MyProject2/DerivedDataCache/Compressed.ddp not found, will not use a pak cache.
[2019.09.25-11.15.40:902][  0]LogDerivedDataCache: Unable to find inner node CompressedPak for hierarchical cache Hierarchy.
[2019.09.25-11.15.40:918][  0]LogDerivedDataCache: Display: Pak cache opened for reading ../../../Engine/DerivedDataCache/Compressed.ddp.
[2019.09.25-11.15.40:918][  0]LogDerivedDataCache: FDerivedDataBackendGraph:  EnterprisePak pak cache file ../../../Enterprise/DerivedDataCache/Compressed.ddp not found, will not use a pak cache.
[2019.09.25-11.15.40:918][  0]LogDerivedDataCache: Unable to find inner node EnterprisePak for hierarchical cache Hierarchy.
[2019.09.25-11.15.40:931][  0]LogDerivedDataCache: Using Local data cache path C:/Users/ellan/AppData/Local/UnrealEngine/Common/DerivedDataCache: Writable
[2019.09.25-11.15.40:931][  0]LogDerivedDataCache: Shared data cache path not found in *engine.ini, will not use an Shared cache.
[2019.09.25-11.15.40:931][  0]LogDerivedDataCache: Unable to find inner node Shared for hierarchical cache Hierarchy.
[2019.09.25-11.15.40:964][  0]LogMaterial: Verifying Global Shaders for PCD3D_SM5
[2019.09.25-11.15.40:967][  0]LogSlate: Using FreeType 2.6.0
[2019.09.25-11.15.40:968][  0]LogSlate: SlateFontServices - WITH_FREETYPE: 1, WITH_HARFBUZZ: 1
[2019.09.25-11.15.41:121][  0]LogAssetRegistry: FAssetRegistry took 0.0354 seconds to start up
[2019.09.25-11.15.41:462][  0]LogInit: Selected Device Profile: [Windows]
[2019.09.25-11.15.41:644][  0]LogMeshReduction: Using QuadricMeshReduction for automatic static mesh reduction
[2019.09.25-11.15.41:644][  0]LogMeshReduction: Using SimplygonMeshReduction for automatic skeletal mesh reduction
[2019.09.25-11.15.41:644][  0]LogMeshReduction: Using ProxyLODMeshReduction for automatic mesh merging
[2019.09.25-11.15.41:644][  0]LogMeshReduction: No distributed automatic mesh merging module available
[2019.09.25-11.15.41:644][  0]LogMeshMerging: No distributed automatic mesh merging module available
[2019.09.25-11.15.41:670][  0]LogNetVersion: MyProject2 1.0.0, NetCL: 5660361, EngineNetVer: 10, GameNetVer: 0 (Checksum: 4139302413)
[2019.09.25-11.15.42:296][  0]LogPackageLocalizationCache: Processed 10 localized package path(s) for 1 prioritized culture(s) in 0.068152 seconds
[2019.09.25-11.15.42:309][  0]LogUObjectArray: 42205 objects as part of root set at end of initial load.
[2019.09.25-11.15.42:309][  0]LogUObjectAllocator: 7325032 out of 0 bytes used by permanent object pool.
[2019.09.25-11.15.42:309][  0]LogUObjectArray: CloseDisregardForGC: 0/0 objects in disregard for GC pool
[2019.09.25-11.15.43:620][  0]LogTcpMessaging: Initializing TcpMessaging bridge
[2019.09.25-11.15.43:635][  0]LogUdpMessaging: Initializing bridge on interface 0.0.0.0:0 to multicast group 230.0.0.1:6666.
[2019.09.25-11.15.43:801][  0]SourceControl: Source control is disabled
[2019.09.25-11.15.43:802][  0]SourceControl: Source control is disabled
[2019.09.25-11.15.43:804][  0]SourceControl: Source control is disabled
[2019.09.25-11.15.43:805][  0]SourceControl: Source control is disabled
[2019.09.25-11.15.43:816][  0]LogVSAccessor: Display: Unable to create Visual Studio setup instance: 80040154
[2019.09.25-11.15.43:817][  0]LogVSAccessor: Display: Unable to create Visual Studio setup instance: 80040154
[2019.09.25-11.15.43:900][  0]LogAndroidPermission: UAndroidPermissionCallbackProxy::GetInstance
[2019.09.25-11.15.44:161][  0]LogOcInput: OculusInput pre-init called
[2019.09.25-11.15.45:173][  0]LogEngine: Initializing Engine...
[2019.09.25-11.15.45:173][  0]LogHMD: Failed to initialize OpenVR with code 110
[2019.09.25-11.15.45:175][  0]LogStats: UGameplayTagsManager::InitializeManager -  0.000 s
[2019.09.25-11.15.45:397][  0]LogInit: Initializing FReadOnlyCVARCache
[2019.09.25-11.15.45:413][  0]LogAIModule: Creating AISystem for world Untitled
[2019.09.25-11.15.45:440][  0]LogInit: XAudio2 using 'Speakers (Realtek(R) Audio)' : 2 channels at 48 kHz using 32 bits per sample (channel mask 0x3)
[2019.09.25-11.15.45:801][  0]LogInit: FAudioDevice initialized.
[2019.09.25-11.15.45:802][  0]LogNetVersion: Set ProjectVersion to 1.0.0.0. Version Checksum will be recalculated on next use.
[2019.09.25-11.15.45:915][  0]LogDerivedDataCache: Saved boot cache 0.11s 71MB C:/Users/ellan/AppData/Local/UnrealEngine/4.22/DerivedDataCache/Boot.ddc.
[2019.09.25-11.15.45:916][  0]LogInit: Texture streaming: Enabled
[2019.09.25-11.15.45:985][  0]LogEngineSessionManager: EngineSessionManager initialized
[2019.09.25-11.15.46:027][  0]LogInit: Transaction tracking system initialized
[2019.09.25-11.15.46:066][  0]BlueprintLog: New page: Editor Load
[2019.09.25-11.15.46:182][  0]LocalizationService: Localization service is disabled
[2019.09.25-11.15.46:333][  0]LogVSAccessor: Display: Unable to create Visual Studio setup instance: 80040154
[2019.09.25-11.15.46:333][  0]LogVSAccessor: Display: Unable to create Visual Studio setup instance: 80040154
[2019.09.25-11.15.46:575][  0]LogFileCache: Scanning file cache for directory 'C:/Users/ellan/Documents/GitHub/3D-Platformer/MyProject2/Content/' took 0.01s
[2019.09.25-11.15.46:575][  0]LogCook: Display: Max memory allowance for cook 16384mb min free memory 0mb
[2019.09.25-11.15.46:575][  0]LogCook: Display: Mobile HDR setting 1
[2019.09.25-11.15.46:852][  0]SourceControl: Source control is disabled
[2019.09.25-11.15.46:852][  0]Cmd: MAP LOAD FILE="../../../../../Documents/GitHub/3D-Platformer/MyProject2/Content/__MyContent/Maps/Level_1.umap" TEMPLATE=0 SHOWPROGRESS=1 FEATURELEVEL=3
[2019.09.25-11.15.46:853][  0]LightingResults: New page: Lighting Build
[2019.09.25-11.15.46:860][  0]MapCheck: New page: Map Check
[2019.09.25-11.15.46:860][  0]LightingResults: New page: Lighting Build
[2019.09.25-11.15.46:934][  0]LogUObjectHash: Compacting FUObjectHashTables data took   3.11ms
[2019.09.25-11.15.47:674][  0]LogAIModule: Creating AISystem for world Level_1
[2019.09.25-11.15.47:718][  0]LogEditorServer: Finished looking for orphan Actors (0.000 secs)
[2019.09.25-11.15.47:803][  0]LogUObjectHash: Compacting FUObjectHashTables data took   4.35ms
[2019.09.25-11.15.47:803][  0]Cmd: MAP CHECKDEP NOCLEARLOG
[2019.09.25-11.15.47:804][  0]MapCheck: Map check complete: 0 Error(s), 0 Warning(s), took 0.478ms to complete.
[2019.09.25-11.15.47:804][  0]LogFileHelpers: Loading map 'Level_1' took 0.952
[2019.09.25-11.15.48:073][  0]LogSlate: Updating window title bar state: overlay mode, drag disabled, window buttons hidden, title bar hidden
[2019.09.25-11.15.48:107][  0]LogSlate: Updating window title bar state: overlay mode, drag disabled, window buttons hidden, title bar hidden
[2019.09.25-11.15.48:138][  0]LogSlate: Updating window title bar state: overlay mode, drag disabled, window buttons hidden, title bar hidden
[2019.09.25-11.15.48:164][  0]LogSlate: Updating window title bar state: overlay mode, drag disabled, window buttons hidden, title bar hidden
[2019.09.25-11.15.48:186][  0]LogCollectionManager: Loaded 0 collections in 0.004706 seconds
[2019.09.25-11.15.48:268][  0]LogFileCache: Scanning file cache for directory 'C:/Users/ellan/Documents/GitHub/3D-Platformer/MyProject2/Saved/Collections/' took 0.01s
[2019.09.25-11.15.48:268][  0]LogFileCache: Scanning file cache for directory 'C:/Users/ellan/Documents/GitHub/3D-Platformer/MyProject2/Content/Developers/ellan/Collections/' took 0.01s
[2019.09.25-11.15.48:268][  0]LogFileCache: Scanning file cache for directory 'C:/Users/ellan/Documents/GitHub/3D-Platformer/MyProject2/Content/Collections/' took 0.01s
[2019.09.25-11.15.48:268][  0]LogCollectionManager: Rebuilt the GUID cache for 0 collections in 0.000001 seconds
[2019.09.25-11.15.48:306][  0]LogContentBrowser: Native class hierarchy populated in 0.0343 seconds. Added 2732 classes and 659 folders.
[2019.09.25-11.15.48:347][  0]LogContentBrowser: Native class hierarchy updated for 'WidgetCarousel' in 0.0009 seconds. Added 0 classes and 0 folders.
[2019.09.25-11.15.48:390][  0]LogPakFile: Registered encryption key '00000000000000000000000000000000': 0 pak files mounted, 0 remain pending
[2019.09.25-11.15.48:399][  0]LogPakFile: Registered encryption key '00000000000000000000000000000000': 0 pak files mounted, 0 remain pending
[2019.09.25-11.15.48:404][  0]LogPakFile: Registered encryption key '00000000000000000000000000000000': 0 pak files mounted, 0 remain pending
[2019.09.25-11.15.48:410][  0]LogPakFile: Registered encryption key '00000000000000000000000000000000': 0 pak files mounted, 0 remain pending
[2019.09.25-11.15.48:414][  0]LogPakFile: Registered encryption key '00000000000000000000000000000000': 0 pak files mounted, 0 remain pending
[2019.09.25-11.15.48:418][  0]LogPakFile: Registered encryption key '00000000000000000000000000000000': 0 pak files mounted, 0 remain pending
[2019.09.25-11.15.48:423][  0]LogPakFile: Registered encryption key '00000000000000000000000000000000': 0 pak files mounted, 0 remain pending
[2019.09.25-11.15.48:428][  0]LogPakFile: Registered encryption key '00000000000000000000000000000000': 0 pak files mounted, 0 remain pending
[2019.09.25-11.15.48:433][  0]LogPakFile: Registered encryption key '00000000000000000000000000000000': 0 pak files mounted, 0 remain pending
[2019.09.25-11.15.48:439][  0]LogPakFile: Registered encryption key '00000000000000000000000000000000': 0 pak files mounted, 0 remain pending
[2019.09.25-11.15.48:445][  0]LogPakFile: Registered encryption key '00000000000000000000000000000000': 0 pak files mounted, 0 remain pending
[2019.09.25-11.15.48:450][  0]LogPakFile: Registered encryption key '00000000000000000000000000000000': 0 pak files mounted, 0 remain pending
[2019.09.25-11.15.48:456][  0]LogPakFile: Registered encryption key '00000000000000000000000000000000': 0 pak files mounted, 0 remain pending
[2019.09.25-11.15.48:461][  0]LogPakFile: Registered encryption key '00000000000000000000000000000000': 0 pak files mounted, 0 remain pending
[2019.09.25-11.15.48:467][  0]LogPakFile: Registered encryption key '00000000000000000000000000000000': 0 pak files mounted, 0 remain pending
[2019.09.25-11.15.48:472][  0]LogPakFile: Registered encryption key '00000000000000000000000000000000': 0 pak files mounted, 0 remain pending
[2019.09.25-11.15.48:477][  0]LogPakFile: Registered encryption key '00000000000000000000000000000000': 0 pak files mounted, 0 remain pending
[2019.09.25-11.15.48:483][  0]LogPakFile: Registered encryption key '00000000000000000000000000000000': 0 pak files mounted, 0 remain pending
[2019.09.25-11.15.48:489][  0]LogPakFile: Registered encryption key '00000000000000000000000000000000': 0 pak files mounted, 0 remain pending
[2019.09.25-11.15.48:495][  0]LogPakFile: Registered encryption key '00000000000000000000000000000000': 0 pak files mounted, 0 remain pending
[2019.09.25-11.15.48:501][  0]LogPakFile: Registered encryption key '00000000000000000000000000000000': 0 pak files mounted, 0 remain pending
[2019.09.25-11.15.48:506][  0]LogPakFile: Registered encryption key '00000000000000000000000000000000': 0 pak files mounted, 0 remain pending
[2019.09.25-11.15.48:512][  0]LogPakFile: Registered encryption key '00000000000000000000000000000000': 0 pak files mounted, 0 remain pending
[2019.09.25-11.15.48:518][  0]LogPakFile: Registered encryption key '00000000000000000000000000000000': 0 pak files mounted, 0 remain pending
[2019.09.25-11.15.48:524][  0]LogPakFile: Registered encryption key '00000000000000000000000000000000': 0 pak files mounted, 0 remain pending
[2019.09.25-11.15.48:529][  0]LogPakFile: Registered encryption key '00000000000000000000000000000000': 0 pak files mounted, 0 remain pending
[2019.09.25-11.15.48:841][  0]LogContentBrowser: Native class hierarchy updated for 'AddContentDialog' in 0.0010 seconds. Added 0 classes and 0 folders.
[2019.09.25-11.15.48:884][  0]LogContentBrowser: Native class hierarchy updated for 'SceneOutliner' in 0.0010 seconds. Added 1 classes and 2 folders.
[2019.09.25-11.15.49:342][  0]LogContentBrowser: Native class hierarchy updated for 'HierarchicalLODOutliner' in 0.0010 seconds. Added 0 classes and 0 folders.
[2019.09.25-11.15.49:343][  0]LogLoad: (Engine Initialization) Total time: 14.92 seconds
[2019.09.25-11.15.49:343][  0]LogLoad: (Engine Initialization) Total Blueprint compile time: 0.00 seconds
[2019.09.25-11.15.49:421][  0]LogAssetRegistry: Asset discovery search completed in 8.3236 seconds
[2019.09.25-11.15.49:424][  0]LogCollectionManager: Rebuilt the object cache for 0 collections in 0.000000 seconds (found 0 objects)
[2019.09.25-11.15.49:424][  0]LogCollectionManager: Fixed up redirectors for 0 collections in 0.000043 seconds (updated 0 objects)
[2019.09.25-11.15.49:426][  0]LogContentStreaming: Texture pool size now 1000 MB
[2019.09.25-11.15.49:436][  0]LogSlate: Took 0.000223 seconds to synchronously load lazily loaded font '../../../Engine/Content/Slate/Fonts/Roboto-Regular.ttf' (155K)
[2019.09.25-11.15.49:437][  0]LogSlate: Took 0.000155 seconds to synchronously load lazily loaded font '../../../Engine/Content/Slate/Fonts/Roboto-Bold.ttf' (160K)
[2019.09.25-11.15.49:449][  0]LogSlate: Took 0.007357 seconds to synchronously load lazily loaded font '../../../Engine/Content/Editor/Slate/Fonts/FontAwesome.ttf' (139K)
[2019.09.25-11.15.49:770][  0]LogRenderer: Reallocating scene render targets to support 476x388 Format 10 NumSamples 1 (Frame:1).
[2019.09.25-11.15.49:770][  0]LogSlate: Took 0.002773 seconds to synchronously load lazily loaded font '../../../Engine/Content/Slate/Fonts/Roboto-Light.ttf' (167K)
[2019.09.25-11.15.50:895][  4]LogSlate: Took 0.000737 seconds to synchronously load lazily loaded font '../../../Engine/Content/Slate/Fonts/Roboto-Light.ttf' (167K)
[2019.09.25-11.16.17:203][ 83]LogSlate: FSceneViewport::OnFocusLost() reason 0
[2019.09.25-11.17.45:065][747]LogAssetEditorManager: Opening Asset editor for Blueprint /Game/__MyContent/Blueprints/BP_MyFunctionLibrary.BP_MyFunctionLibrary
[2019.09.25-11.17.45:801][747]LogContentBrowser: Native class hierarchy updated for 'BlueprintGraph' in 0.0021 seconds. Added 121 classes and 0 folders.
[2019.09.25-11.17.47:589][747]LogSlate: Took 0.002261 seconds to synchronously load lazily loaded font '../../../Engine/Content/Slate/Fonts/Roboto-BoldCondensed.ttf' (158K)
[2019.09.25-11.17.50:216][858]LogSlate: Window 'BP_MyFunctionLibrary' being destroyed
[2019.09.25-11.17.52:675][984]LogSlate: Window 'BP_MyFunctionLibrary' being destroyed
[2019.09.25-11.17.59:811][377]LogConsoleManager: Warning: Console object named 'ActorComponents.Enable' already exists but is being registered again, but we weren't expected it to be! (FConsoleManager::AddConsoleObject)
[2019.09.25-11.18.03:574][566]LogAssetEditorManager: Opening Asset editor for LevelScriptBlueprint /Game/__MyContent/Maps/Level_1.Level_1:PersistentLevel.Level_1
[2019.09.25-11.21.04:494][224]BlueprintLog: New page: Compile Level_1
[2019.09.25-11.21.04:697][224]LogUObjectHash: Compacting FUObjectHashTables data took   3.53ms
[2019.09.25-11.21.05:310][256]LogUObjectHash: Compacting FUObjectHashTables data took   1.87ms
[2019.09.25-11.21.05:577][256]LogSavePackage: Moving '../../../../../Documents/GitHub/3D-Platformer/MyProject2/Saved/Level_1CCA1C54B4E07DA3256CE57960A467654.tmp' to '../../../../../Documents/GitHub/3D-Platformer/MyProject2/Content/__MyContent/Maps/Level_1.umap'
[2019.09.25-11.21.05:603][256]LogFileHelpers: Saving map 'Level_1' took 0.333
[2019.09.25-11.24.51:361][ 74]BlueprintLog: New page: Compile Level_1
[2019.09.25-11.24.51:693][ 74]LogUObjectHash: Compacting FUObjectHashTables data took   2.80ms
[2019.09.25-11.24.52:034][ 95]LogUObjectHash: Compacting FUObjectHashTables data took   2.33ms
[2019.09.25-11.24.52:214][ 95]LogSavePackage: Moving '../../../../../Documents/GitHub/3D-Platformer/MyProject2/Saved/Level_1F909DCBA4BB38A7F39A84C84B9E5CED1.tmp' to '../../../../../Documents/GitHub/3D-Platformer/MyProject2/Content/__MyContent/Maps/Level_1.umap'
[2019.09.25-11.24.52:237][ 95]LogFileHelpers: Saving map 'Level_1' took 0.244
[2019.09.25-11.31.21:207][194]LogSlate: FSceneViewport::OnFocusLost() reason 0
[2019.09.25-11.31.31:378][596]LogSlate: Window 'Pick Parent Class' being destroyed
[2019.09.25-11.32.17:752][300]LogUObjectHash: Compacting FUObjectHashTables data took   3.32ms
[2019.09.25-11.32.17:754][300]LogMetaData: Removing '/Game/__MyContent/Blueprints/BP_MyGameMode.BP_MyGameMode:UserConstructionScript.K2Node_FunctionEntry_0' ref from Metadata '/Game/__MyContent/Blueprints/BP_.PackageMetaData'
[2019.09.25-11.32.17:754][300]LogMetaData: Removing '/Game/__MyContent/Blueprints/BP_MyGameMode.SKEL_BP_MyGameMode_C' ref from Metadata '/Game/__MyContent/Blueprints/BP_.PackageMetaData'
[2019.09.25-11.32.17:754][300]LogMetaData: Removing '/Game/__MyContent/Blueprints/BP_MyGameMode.BP_MyGameMode_C' ref from Metadata '/Game/__MyContent/Blueprints/BP_.PackageMetaData'
[2019.09.25-11.32.17:754][300]LogMetaData: Removing '/Game/__MyContent/Blueprints/BP_MyGameMode.BP_MyGameMode:EventGraph.K2Node_Event_0' ref from Metadata '/Game/__MyContent/Blueprints/BP_.PackageMetaData'
[2019.09.25-11.32.17:754][300]LogMetaData: Removing '/Game/__MyContent/Blueprints/BP_MyGameMode.BP_MyGameMode:EventGraph.K2Node_Event_1' ref from Metadata '/Game/__MyContent/Blueprints/BP_.PackageMetaData'
[2019.09.25-11.32.17:787][300]Cmd: OBJ SAVEPACKAGE PACKAGE="/Game/__MyContent/Blueprints/BP_MyGameMode" FILE="../../../../../Documents/GitHub/3D-Platformer/MyProject2/Content/__MyContent/Blueprints/BP_MyGameMode.uasset" SILENT=true
[2019.09.25-11.32.17:798][300]LogSavePackage: Moving '../../../../../Documents/GitHub/3D-Platformer/MyProject2/Saved/BP_MyGameMode533BCBD7423A8B7B3F2E6581695A148D.tmp' to '../../../../../Documents/GitHub/3D-Platformer/MyProject2/Content/__MyContent/Blueprints/BP_MyGameMode.uasset'
[2019.09.25-11.32.18:113][300]LogUObjectHash: Compacting FUObjectHashTables data took   4.35ms
[2019.09.25-11.32.18:174][300]LogUObjectHash: Compacting FUObjectHashTables data took   2.23ms
[2019.09.25-11.32.18:212][300]LogUObjectHash: Compacting FUObjectHashTables data took   0.70ms
[2019.09.25-11.32.23:543][442]LogSlate: Window 'Pick Parent Class' being destroyed
[2019.09.25-11.32.50:140][219]LogUObjectHash: Compacting FUObjectHashTables data took   3.10ms
[2019.09.25-11.32.50:141][219]LogMetaData: Removing '/Game/__MyContent/Blueprints/BP_MyGamemanager.BP_MyGamemanager:UserConstructionScript.K2Node_FunctionEntry_0' ref from Metadata '/Game/__MyContent/Blueprints/BP_.PackageMetaData'
[2019.09.25-11.32.50:141][219]LogMetaData: Removing '/Game/__MyContent/Blueprints/BP_MyGamemanager.SKEL_BP_MyGamemanager_C' ref from Metadata '/Game/__MyContent/Blueprints/BP_.PackageMetaData'
[2019.09.25-11.32.50:141][219]LogMetaData: Removing '/Game/__MyContent/Blueprints/BP_MyGamemanager.BP_MyGamemanager_C' ref from Metadata '/Game/__MyContent/Blueprints/BP_.PackageMetaData'
[2019.09.25-11.32.50:141][219]LogMetaData: Removing '/Game/__MyContent/Blueprints/BP_MyGamemanager.BP_MyGamemanager:EventGraph.K2Node_Event_0' ref from Metadata '/Game/__MyContent/Blueprints/BP_.PackageMetaData'
[2019.09.25-11.32.50:141][219]LogMetaData: Removing '/Game/__MyContent/Blueprints/BP_MyGamemanager.BP_MyGamemanager:EventGraph.K2Node_Event_1' ref from Metadata '/Game/__MyContent/Blueprints/BP_.PackageMetaData'
[2019.09.25-11.32.50:141][219]LogMetaData: Removing '/Game/__MyContent/Blueprints/BP_MyGamemanager.BP_MyGamemanager:EventGraph.K2Node_Event_2' ref from Metadata '/Game/__MyContent/Blueprints/BP_.PackageMetaData'
[2019.09.25-11.32.50:183][219]LogSavePackage: Moving '../../../../../Documents/GitHub/3D-Platformer/MyProject2/Saved/BP_MyGamemanagerC025841147444CA831BEB4B99B7B3035.tmp' to '../../../../../Documents/GitHub/3D-Platformer/MyProject2/Content/__MyContent/Blueprints/BP_MyGamemanager.uasset'
[2019.09.25-11.32.50:376][219]LogUObjectHash: Compacting FUObjectHashTables data took   2.53ms
[2019.09.25-11.32.50:414][219]LogUObjectHash: Compacting FUObjectHashTables data took   2.31ms
[2019.09.25-11.32.50:453][219]LogUObjectHash: Compacting FUObjectHashTables data took   0.70ms
[2019.09.25-11.33.03:502][388]LogSavePackage: Moving '../../../../../Documents/GitHub/3D-Platformer/MyProject2/Saved/BP_MyGamemanager2FF02B4A4E003725F7009684DD5EE09D.tmp' to '../../../../../Documents/GitHub/3D-Platformer/MyProject2/Content/__MyContent/Blueprints/BP_MyGamemanager.uasset'
[2019.09.25-11.33.03:747][388]LogUObjectHash: Compacting FUObjectHashTables data took   2.02ms
[2019.09.25-11.34.27:901][545]LogBlueprintActionDatabase: Requesting refresh due to module change: ExternalImagePicker (loaded)
[2019.09.25-11.34.29:947][545]LogSlate: Only BGRA pngs, bmps or icos are supported in by External Image Picker
[2019.09.25-11.34.46:539][ 90]LogSlate: Prevented a slow task dialog from being summoned while a context menu was open
[2019.09.25-11.36.07:062][ 17]LogAssetEditorManager: Opening Asset editor for Blueprint /Game/__MyContent/Blueprints/BP_MyGameMode.BP_MyGameMode
[2019.09.25-11.36.07:815][ 18]LogRenderer: Reallocating scene render targets to support 580x668 Format 10 NumSamples 1 (Frame:1).
[2019.09.25-11.36.15:790][724]LogSlate: FSceneViewport::OnFocusLost() reason 0
[2019.09.25-11.36.15:945][733]LogRenderer: Reallocating scene render targets to support 584x668 Format 10 NumSamples 1 (Frame:713).
[2019.09.25-11.37.13:152][221]BlueprintLog: New page: Compile BP_MyGameMode
[2019.09.25-11.37.13:506][221]LogUObjectHash: Compacting FUObjectHashTables data took   8.72ms
[2019.09.25-11.37.13:961][266]Cmd: OBJ SAVEPACKAGE PACKAGE="/Game/__MyContent/Blueprints/BP_MyGameMode" FILE="../../../../../Documents/GitHub/3D-Platformer/MyProject2/Content/__MyContent/Blueprints/BP_MyGameMode.uasset" SILENT=true
[2019.09.25-11.37.13:986][266]LogSavePackage: Moving '../../../../../Documents/GitHub/3D-Platformer/MyProject2/Saved/BP_MyGameModeAAD1743944EACEE22C09C98DF38C8A48.tmp' to '../../../../../Documents/GitHub/3D-Platformer/MyProject2/Content/__MyContent/Blueprints/BP_MyGameMode.uasset'
[2019.09.25-11.37.35:438][985]BlueprintLog: New page: Compile BP_MyGameMode
[2019.09.25-11.37.35:878][985]LogUObjectHash: Compacting FUObjectHashTables data took   4.57ms
[2019.09.25-11.37.36:188][ 12]Cmd: OBJ SAVEPACKAGE PACKAGE="/Game/__MyContent/Blueprints/BP_MyGameMode" FILE="../../../../../Documents/GitHub/3D-Platformer/MyProject2/Content/__MyContent/Blueprints/BP_MyGameMode.uasset" SILENT=true
[2019.09.25-11.37.36:209][ 12]LogSavePackage: Moving '../../../../../Documents/GitHub/3D-Platformer/MyProject2/Saved/BP_MyGameMode1FADE48845976C65C52B77AF75D657CA.tmp' to '../../../../../Documents/GitHub/3D-Platformer/MyProject2/Content/__MyContent/Blueprints/BP_MyGameMode.uasset'
[2019.09.25-11.37.39:785][279]LogTemp: Repeating last play command: New Editor Window (PIE)
[2019.09.25-11.37.39:806][279]LogBlueprintUserMessages: Early PlayInEditor Detection: Level '/Game/__MyContent/Maps/Level_1.Level_1:PersistentLevel' has LevelScriptBlueprint '/Game/__MyContent/Maps/Level_1.Level_1:PersistentLevel.Level_1' with GeneratedClass '/Game/__MyContent/Maps/Level_1.Level_1_C' with ClassGeneratedBy '/Game/__MyContent/Maps/Level_1.Level_1:PersistentLevel.Level_1'
[2019.09.25-11.37.39:806][279]LogPlayLevel: PlayLevel: No blueprints needed recompiling
[2019.09.25-11.37.39:810][279]PIE: New page: PIE session: Level_1 (26 Sep 2019 7:37:39 am)
[2019.09.25-11.37.39:824][279]LogPlayLevel: Creating play world package: /Game/__MyContent/Maps/UEDPIE_0_Level_1
[2019.09.25-11.37.39:828][279]LogPlayLevel: PIE: StaticDuplicateObject took: (0.004286s)
[2019.09.25-11.37.39:828][279]LogAIModule: Creating AISystem for world Level_1
[2019.09.25-11.37.39:829][279]LogPlayLevel: PIE: World Init took: (0.000777s)
[2019.09.25-11.37.39:829][279]LogPlayLevel: PIE: Created PIE world by copying editor world from /Game/__MyContent/Maps/Level_1.Level_1 to /Game/__MyContent/Maps/UEDPIE_0_Level_1.Level_1 (0.005470s)
[2019.09.25-11.37.39:880][279]LogUObjectHash: Compacting FUObjectHashTables data took   3.66ms
[2019.09.25-11.37.39:895][279]LogInit: XAudio2 using 'Speakers (Realtek(R) Audio)' : 2 channels at 48 kHz using 32 bits per sample (channel mask 0x3)
[2019.09.25-11.37.40:211][279]LogInit: FAudioDevice initialized.
[2019.09.25-11.37.40:242][279]LogSlate: Updating window title bar state: overlay mode, drag disabled, window buttons hidden, title bar hidden
[2019.09.25-11.37.40:309][279]LogLoad: Game class is 'BP_MyGameMode_C'
[2019.09.25-11.37.40:314][279]LogWorld: Bringing World /Game/__MyContent/Maps/UEDPIE_0_Level_1.Level_1 up for play (max tick rate 0) at 2019.09.25-21.37.40
[2019.09.25-11.37.40:315][279]LogWorld: Bringing up level for play took: 0.003276
[2019.09.25-11.37.40:343][279]LogBlueprintActionDatabase: Requesting refresh due to module change: Voice (loaded)
[2019.09.25-11.37.40:355][279]LogBlueprintActionDatabase: Requesting refresh due to module change: MovieSceneCapture (loaded)
[2019.09.25-11.37.40:356][279]LogContentBrowser: Native class hierarchy updated for 'MovieSceneCapture' in 0.0013 seconds. Added 20 classes and 0 folders.
[2019.09.25-11.37.40:358][279]LogBlueprintUserMessages: [BP_MyGameMode_C_0] This is BP_MyGameMode
[2019.09.25-11.37.40:364][279]PIE: Play in editor start time for /Game/__MyContent/Maps/UEDPIE_0_Level_1 0.199
[2019.09.25-11.37.40:365][279]LogBlueprintUserMessages: Late PlayInEditor Detection: Level '/Game/__MyContent/Maps/Level_1.Level_1:PersistentLevel' has LevelScriptBlueprint '/Game/__MyContent/Maps/Level_1.Level_1:PersistentLevel.Level_1' with GeneratedClass '/Game/__MyContent/Maps/Level_1.Level_1_C' with ClassGeneratedBy '/Game/__MyContent/Maps/Level_1.Level_1:PersistentLevel.Level_1'
[2019.09.25-11.37.40:462][280]LogRenderer: Reallocating scene render targets to support 1528x832 Format 10 NumSamples 1 (Frame:1).
[2019.09.25-11.37.45:442][486]LogBlueprintUserMessages: Early EndPlayMap Detection: Level '/Game/__MyContent/Maps/Level_1.Level_1:PersistentLevel' has LevelScriptBlueprint '/Game/__MyContent/Maps/Level_1.Level_1:PersistentLevel.Level_1' with GeneratedClass '/Game/__MyContent/Maps/Level_1.Level_1_C' with ClassGeneratedBy '/Game/__MyContent/Maps/Level_1.Level_1:PersistentLevel.Level_1'
[2019.09.25-11.37.45:443][486]LogSlate: Updating window title bar state: overlay mode, drag disabled, window buttons hidden, title bar hidden
[2019.09.25-11.37.45:466][486]LogSlate: Window 'MyProject2 Game Preview Standalone (64-bit/PCD3D_SM5)' being destroyed
[2019.09.25-11.37.45:517][486]LogPlayLevel: Display: Shutting down PIE online subsystems
[2019.09.25-11.37.45:517][486]LogBlueprintUserMessages: Late EndPlayMap Detection: Level '/Game/__MyContent/Maps/Level_1.Level_1:PersistentLevel' has LevelScriptBlueprint '/Game/__MyContent/Maps/Level_1.Level_1:PersistentLevel.Level_1' with GeneratedClass '/Game/__MyContent/Maps/Level_1.Level_1_C' with ClassGeneratedBy '/Game/__MyContent/Maps/Level_1.Level_1:PersistentLevel.Level_1'
[2019.09.25-11.37.45:669][486]LogUObjectHash: Compacting FUObjectHashTables data took   7.26ms
[2019.09.25-11.37.45:687][487]LogPlayLevel: Display: Destroying online subsystem :Context_6
[2019.09.25-11.38.16:981][208]LogAssetEditorManager: Opening Asset editor for Blueprint /Game/__MyContent/Blueprints/BP_MyGamemanager.BP_MyGameManager
[2019.09.25-11.38.36:259][535]LogEditorViewport: Clicking on Actor (LMB): BP_Sky_Sphere_C (Sky Sphere)
[2019.09.25-11.38.43:725][ 90]LogSlate: FSceneViewport::OnFocusLost() reason 0
[2019.09.25-11.38.49:386][506]LogAssetEditorManager: Opening Asset editor for Blueprint /Game/__MyContent/Blueprints/BP_MyGamemanager.BP_MyGameManager
[2019.09.25-11.39.05:018][965]LogAssetEditorManager: Opening Asset editor for Blueprint /Game/__MyContent/Blueprints/BP_MyGamemanager.BP_MyGameManager
[2019.09.25-11.39.08:297][201]LogUObjectHash: Compacting FUObjectHashTables data took   4.80ms
[2019.09.25-11.39.08:757][201]LogSavePackage: Moving '../../../../../Documents/GitHub/3D-Platformer/MyProject2/Saved/Level_197EC1F1540D4270236EE02ADFB001E10.tmp' to '../../../../../Documents/GitHub/3D-Platformer/MyProject2/Content/__MyContent/Maps/Level_1.umap'
[2019.09.25-11.39.08:842][201]Cmd: OBJ SAVEPACKAGE PACKAGE="/Game/__MyContent/Maps/Level_1_BuiltData" FILE="../../../../../Documents/GitHub/3D-Platformer/MyProject2/Content/__MyContent/Maps/Level_1_BuiltData.uasset" SILENT=true
[2019.09.25-11.39.08:909][201]LogSavePackage: Moving '../../../../../Documents/GitHub/3D-Platformer/MyProject2/Saved/Level_1_BuiltDataEC014145423C5C1840E196B265C2CB53.tmp' to '../../../../../Documents/GitHub/3D-Platformer/MyProject2/Content/__MyContent/Maps/Level_1_BuiltData.uasset'
[2019.09.25-11.41.08:390][835]LogUObjectHash: Compacting FUObjectHashTables data took   4.98ms
[2019.09.25-11.41.08:777][835]LogSavePackage: Moving '../../../../../Documents/GitHub/3D-Platformer/MyProject2/Saved/Level_1_Auto1D6130D6E4144A694AB1F1593B41BF41D.tmp' to '../../../../../Documents/GitHub/3D-Platformer/MyProject2/Saved/Autosaves/Game/__MyContent/Maps/Level_1_Auto1.umap'
[2019.09.25-11.41.08:781][835]LogFileHelpers: Editor autosave (incl. sublevels) for '/Game/__MyContent/Maps/Level_1' took 0.489
[2019.09.25-11.41.08:781][835]LogFileHelpers: Editor autosave (incl. sublevels) for all levels took 0.489
[2019.09.25-11.42.19:918][297]LogSlate: Prevented a slow task dialog from being summoned while a context menu was open
[2019.09.25-11.44.08:624][590]BlueprintLog: New page: Compile BP_MyGameMode
[2019.09.25-11.44.08:931][590]LogUObjectHash: Compacting FUObjectHashTables data took   6.96ms
[2019.09.25-11.44.09:242][615]Cmd: OBJ SAVEPACKAGE PACKAGE="/Game/__MyContent/Blueprints/BP_MyGameMode" FILE="../../../../../Documents/GitHub/3D-Platformer/MyProject2/Content/__MyContent/Blueprints/BP_MyGameMode.uasset" SILENT=true
[2019.09.25-11.44.09:267][615]LogSavePackage: Moving '../../../../../Documents/GitHub/3D-Platformer/MyProject2/Saved/BP_MyGameMode97F53F6C42EBD0A9F134D5BCD5645CC4.tmp' to '../../../../../Documents/GitHub/3D-Platformer/MyProject2/Content/__MyContent/Blueprints/BP_MyGameMode.uasset'
[2019.09.25-11.48.30:512][976]LogRHI: Error: SyncInterval 0
[2019.09.25-11.48.30:512][976]LogRHI: Error: SwapChainDesc.BufferDesc.Width 8
[2019.09.25-11.48.30:512][976]LogRHI: Error: SwapChainDesc.BufferDesc.Height 70
[2019.09.25-11.48.30:513][976]LogRHI: Error: SwapChainDesc.BufferDesc.RefreshRate.Numerator 0
[2019.09.25-11.48.30:513][976]LogRHI: Error: SwapChainDesc.BufferDesc.RefreshRate.Denominator 0
[2019.09.25-11.48.30:513][976]LogRHI: Error: SwapChainDesc.BufferDesc.Format 24
[2019.09.25-11.48.30:513][976]LogRHI: Error: SwapChainDesc.BufferDesc.ScanlineOrdering 0
[2019.09.25-11.48.30:513][976]LogRHI: Error: SwapChainDesc.BufferDesc.Scaling 0
[2019.09.25-11.48.30:513][976]LogRHI: Error: SwapChainDesc.SampleDesc.Count 1
[2019.09.25-11.48.30:513][976]LogRHI: Error: SwapChainDesc.SampleDesc.Quality 0
[2019.09.25-11.48.30:513][976]LogRHI: Error: SwapChainDesc.BufferUsage 48
[2019.09.25-11.48.30:513][976]LogRHI: Error: SwapChainDesc.BufferCount 1
[2019.09.25-11.48.30:513][976]LogRHI: Error: SwapChainDesc.OutputWindow 000000000034056A
[2019.09.25-11.48.30:513][976]LogRHI: Error: SwapChainDesc.Windowed true
[2019.09.25-11.48.30:513][976]LogRHI: Error: SwapChainDesc.SwapEffect 0
[2019.09.25-11.48.30:513][976]LogRHI: Error: SwapChainDesc.Flags 2
[2019.09.25-11.48.30:513][976]LogD3D11RHI: Error: Result failed 
 at D:\Build\++UE4\Sync\Engine\Source\Runtime\Windows\D3D11RHI\Private\D3D11Viewport.cpp:361 
 with error E_INVALIDARG
[2019.09.25-11.48.30:513][976]LogWindows: Windows GetLastError: The operation completed successfully. (0)
[2019.09.25-11.48.35:857][976]LogThreadingWindows: Error: Runnable thread RenderThread 35 crashed.
[2019.09.25-11.48.35:857][976]LogWindows: Error: === Critical error: ===
[2019.09.25-11.48.35:857][976]LogWindows: Error: 
[2019.09.25-11.48.35:857][976]LogWindows: Error: Fatal error: [File:D:\Build\++UE4\Sync\Engine\Source\Runtime\Windows\D3D11RHI\Private\D3D11Util.cpp] [Line: 249] 
[2019.09.25-11.48.35:857][976]LogWindows: Error: Result failed 
[2019.09.25-11.48.35:857][976]LogWindows: Error:  at D:\Build\++UE4\Sync\Engine\Source\Runtime\Windows\D3D11RHI\Private\D3D11Viewport.cpp:361 
[2019.09.25-11.48.35:857][976]LogWindows: Error:  with error E_INVALIDARG
[2019.09.25-11.48.35:857][976]LogWindows: Error: 
[2019.09.25-11.48.35:857][976]LogWindows: Error: 
[2019.09.25-11.48.35:857][976]LogWindows: Error: [Callstack] 0x00007fff1df3a839 KERNELBASE.dll!UnknownFunction []
[2019.09.25-11.48.35:858][976]LogWindows: Error: [Callstack] 0x00007ffed95e1f37 UE4Editor-Core.dll!UnknownFunction []
[2019.09.25-11.48.35:858][976]LogWindows: Error: [Callstack] 0x00007ffed95e46e7 UE4Editor-Core.dll!UnknownFunction []
[2019.09.25-11.48.35:858][976]LogWindows: Error: [Callstack] 0x00007ffed93f7d1a UE4Editor-Core.dll!UnknownFunction []
[2019.09.25-11.48.35:858][976]LogWindows: Error: [Callstack] 0x00007ffed937fe33 UE4Editor-Core.dll!UnknownFunction []
[2019.09.25-11.48.35:858][976]LogWindows: Error: [Callstack] 0x00007ffed937fd18 UE4Editor-Core.dll!UnknownFunction []
[2019.09.25-11.48.35:858][976]LogWindows: Error: [Callstack] 0x00007ffeb688644a UE4Editor-D3D11RHI.dll!UnknownFunction []
[2019.09.25-11.48.35:858][976]LogWindows: Error: [Callstack] 0x00007ffeb686875e UE4Editor-D3D11RHI.dll!UnknownFunction []
[2019.09.25-11.48.35:858][976]LogWindows: Error: [Callstack] 0x00007ffeb687480b UE4Editor-D3D11RHI.dll!UnknownFunction []
[2019.09.25-11.48.35:858][976]LogWindows: Error: [Callstack] 0x00007ffedc51e8e0 UE4Editor-RHI.dll!UnknownFunction []
[2019.09.25-11.48.35:858][976]LogWindows: Error: [Callstack] 0x00007ffedc51e4c4 UE4Editor-RHI.dll!UnknownFunction []
[2019.09.25-11.48.35:858][976]LogWindows: Error: [Callstack] 0x00007ffedc51f444 UE4Editor-RHI.dll!UnknownFunction []
[2019.09.25-11.48.35:858][976]LogWindows: Error: [Callstack] 0x00007ffedc516bb4 UE4Editor-RHI.dll!UnknownFunction []
[2019.09.25-11.48.35:858][976]LogWindows: Error: [Callstack] 0x00007ffeb663769b UE4Editor-SlateRHIRenderer.dll!UnknownFunction []
[2019.09.25-11.48.35:858][976]LogWindows: Error: [Callstack] 0x00007ffeb663e220 UE4Editor-SlateRHIRenderer.dll!UnknownFunction []
[2019.09.25-11.48.35:858][976]LogWindows: Error: [Callstack] 0x00007ffed92022d8 UE4Editor-Core.dll!UnknownFunction []
[2019.09.25-11.48.35:858][976]LogWindows: Error: [Callstack] 0x00007ffed9202563 UE4Editor-Core.dll!UnknownFunction []
[2019.09.25-11.48.35:858][976]LogWindows: Error: [Callstack] 0x00007ffef76d59f1 UE4Editor-RenderCore.dll!UnknownFunction []
[2019.09.25-11.48.35:858][976]LogWindows: Error: [Callstack] 0x00007ffef76dc184 UE4Editor-RenderCore.dll!UnknownFunction []
[2019.09.25-11.48.35:858][976]LogWindows: Error: [Callstack] 0x00007ffed95f4b3f UE4Editor-Core.dll!UnknownFunction []
[2019.09.25-11.48.35:859][976]LogWindows: Error: [Callstack] 0x00007ffed95f08a7 UE4Editor-Core.dll!UnknownFunction []
[2019.09.25-11.48.35:859][976]LogWindows: Error: [Callstack] 0x00007fff1edd7bd4 KERNEL32.DLL!UnknownFunction []
[2019.09.25-11.48.35:859][976]LogWindows: Error: [Callstack] 0x00007fff2048cee1 ntdll.dll!UnknownFunction []
[2019.09.25-11.48.35:859][976]LogWindows: Error: 
[2019.09.25-11.48.35:859][976]LogWindows: Error: Crash in runnable thread RenderThread 35
[2019.09.25-11.48.35:867][976]LogOutputDevice: Warning: 

Script Stack (0 frames):

[2019.09.25-11.48.35:867][976]LogWindows: Windows GetLastError: The operation completed successfully. (0)
[2019.09.25-11.48.35:867][976]LogWindows: Error: HandleError re-entered.
[2019.09.25-11.48.35:867][976]LogWindows: FPlatformMisc::RequestExit(1)
[2019.09.25-11.48.35:879][976]Log file closed, 09/25/19 21:48:35
