Log file open, 09/25/19 22:13:55
LogWindows: Failed to load 'aqProf.dll' (GetLastError=126)
LogWindows: File 'aqProf.dll' does not exist
LogWindows: Failed to load 'VtuneApi.dll' (GetLastError=126)
LogWindows: File 'VtuneApi.dll' does not exist
LogWindows: Failed to load 'VtuneApi32e.dll' (GetLastError=126)
LogWindows: File 'VtuneApi32e.dll' does not exist
LogConsoleResponse: Display: Failed to find resolution value strings in scalability ini. Falling back to default.
LogInit: Display: Running engine for game: MyProject2
LogPakFile: Registered encryption key '00000000000000000000000000000000': 0 pak files mounted, 0 remain pending
LogPlatformFile: Not using cached read wrapper
LogTaskGraph: Started task graph with 5 named threads and 35 total threads with 3 sets of task threads.
LogStats: Stats thread started at 0.622009
LogD3D11RHI: Loaded GFSDK_Aftermath_Lib.x64.dll
LogICUInternationalization: ICU TimeZone Detection - Raw Offset: +10:00, Platform Override: ''
LogPluginManager: Mounting plugin Paper2D
LogPluginManager: Mounting plugin AISupport
LogPluginManager: Mounting plugin LightPropagationVolume
LogPluginManager: Mounting plugin ActorLayerUtilities
LogPluginManager: Mounting plugin AnimationSharing
LogPluginManager: Mounting plugin CLionSourceCodeAccess
LogPluginManager: Mounting plugin CodeLiteSourceCodeAccess
LogPluginManager: Mounting plugin GitSourceControl
LogPluginManager: Mounting plugin KDevelopSourceCodeAccess
LogPluginManager: Mounting plugin NullSourceCodeAccess
LogPluginManager: Mounting plugin PerforceSourceControl
LogPluginManager: Mounting plugin SubversionSourceControl
LogPluginManager: Mounting plugin UObjectPlugin
LogPluginManager: Mounting plugin VisualStudioCodeSourceCodeAccess
LogPluginManager: Mounting plugin VisualStudioSourceCodeAccess
LogPluginManager: Mounting plugin XCodeSourceCodeAccess
LogPluginManager: Mounting plugin AssetManagerEditor
LogPluginManager: Mounting plugin CryptoKeys
LogPluginManager: Mounting plugin DataValidation
LogPluginManager: Mounting plugin FacialAnimation
LogPluginManager: Mounting plugin GameplayTagsEditor
LogPluginManager: Mounting plugin MacGraphicsSwitching
LogPluginManager: Mounting plugin MaterialAnalyzer
LogPluginManager: Mounting plugin MobileLauncherProfileWizard
LogPluginManager: Mounting plugin PluginBrowser
LogPluginManager: Mounting plugin SpeedTreeImporter
LogPluginManager: Mounting plugin DatasmithContent
LogPluginManager: Mounting plugin VariantManagerContent
LogPluginManager: Mounting plugin AlembicImporter
LogPluginManager: Mounting plugin AppleImageUtils
LogPluginManager: Mounting plugin AppleVision
LogPluginManager: Mounting plugin BackChannel
LogPluginManager: Mounting plugin CharacterAI
LogPluginManager: Mounting plugin GeometryCache
LogPluginManager: Mounting plugin HTML5Networking
LogPluginManager: Mounting plugin ProxyLODPlugin
LogPluginManager: Mounting plugin SkeletalReduction
LogPluginManager: Mounting plugin MagicLeap
LogPluginManager: Mounting plugin MagicLeapMedia
LogPluginManager: Mounting plugin AndroidMedia
LogPluginManager: Mounting plugin AvfMedia
LogPluginManager: Mounting plugin ImgMedia
LogPluginManager: Mounting plugin LinearTimecode
LogPluginManager: Mounting plugin MediaCompositing
LogPluginManager: Mounting plugin MediaPlayerEditor
LogPluginManager: Mounting plugin WebMMedia
LogPluginManager: Mounting plugin WmfMedia
LogPluginManager: Mounting plugin TcpMessaging
LogPluginManager: Mounting plugin UdpMessaging
LogPluginManager: Mounting plugin ActorSequence
LogPluginManager: Mounting plugin LevelSequenceEditor
LogPluginManager: Mounting plugin MatineeToLevelSequence
LogPluginManager: Mounting plugin NetcodeUnitTest
LogPluginManager: Mounting plugin NUTUnrealEngine4
LogPluginManager: Mounting plugin OnlineSubsystemGooglePlay
LogPluginManager: Mounting plugin OnlineSubsystemIOS
LogPluginManager: Mounting plugin OnlineSubsystem
LogPluginManager: Mounting plugin OnlineSubsystemNull
LogPluginManager: Mounting plugin OnlineSubsystemUtils
LogPluginManager: Mounting plugin LauncherChunkInstaller
LogPluginManager: Mounting plugin AndroidDeviceProfileSelector
LogPluginManager: Mounting plugin AndroidMoviePlayer
LogPluginManager: Mounting plugin AndroidPermission
LogPluginManager: Mounting plugin AppleMoviePlayer
LogPluginManager: Mounting plugin ArchVisCharacter
LogPluginManager: Mounting plugin AudioCapture
LogPluginManager: Mounting plugin CableComponent
LogPluginManager: Mounting plugin CustomMeshComponent
LogPluginManager: Mounting plugin EditableMesh
LogPluginManager: Mounting plugin ExampleDeviceProfileSelector
LogPluginManager: Mounting plugin Firebase
LogPluginManager: Mounting plugin GoogleCloudMessaging
LogPluginManager: Mounting plugin IOSDeviceProfileSelector
LogPluginManager: Mounting plugin LinuxDeviceProfileSelector
LogPluginManager: Mounting plugin LocationServicesBPLibrary
LogPluginManager: Mounting plugin MobilePatchingUtils
LogPluginManager: Mounting plugin OculusVR
LogPluginManager: Mounting plugin PhysXVehicles
LogPluginManager: Mounting plugin ProceduralMeshComponent
LogPluginManager: Mounting plugin RuntimePhysXCooking
LogPluginManager: Mounting plugin SignificanceManager
LogPluginManager: Mounting plugin SteamVR
LogPluginManager: Mounting plugin WebMMoviePlayer
LogPluginManager: Mounting plugin WindowsMoviePlayer
LogInit: Using libcurl 7.55.1-DEV
LogInit:  - built for x86_64-pc-win32
LogInit:  - supports SSL with OpenSSL/1.1.1
LogInit:  - supports HTTP deflate (compression) using libz 1.2.8
LogInit:  - other features:
LogInit:      CURL_VERSION_SSL
LogInit:      CURL_VERSION_LIBZ
LogInit:      CURL_VERSION_IPV6
LogInit:      CURL_VERSION_ASYNCHDNS
LogInit:      CURL_VERSION_LARGEFILE
LogInit:      CURL_VERSION_IDN
LogInit:  CurlRequestOptions (configurable via config and command line):
LogInit:  - bVerifyPeer = true  - Libcurl will verify peer certificate
LogInit:  - bUseHttpProxy = false  - Libcurl will NOT use HTTP proxy
LogInit:  - bDontReuseConnections = false  - Libcurl will reuse connections
LogInit:  - MaxHostConnections = 16  - Libcurl will limit the number of connections to a host
LogInit:  - LocalHostAddr = Default
LogInit:  - BufferSize = 65536
LogInit: WinSock: version 1.1 (2.2), MaxSocks=32767, MaxUdp=65467
LogInit: Build: ++UE4+Release-4.22-CL-7053642
LogInit: Engine Version: 4.22.3-7053642+++UE4+Release-4.22
LogInit: Compatible Engine Version: 4.22.0-5660361+++UE4+Release-4.22
LogInit: Net CL: 5660361
LogInit: OS: Windows 10 (Release 1903) (), CPU: Intel(R) Core(TM) i7-8750H CPU @ 2.20GHz, GPU: Intel(R) UHD Graphics 630
LogInit: Compiled (64-bit): Jun 18 2019 03:09:11
LogInit: Compiled with Visual C++: 19.16.27025.01
LogInit: Build Configuration: Development
LogInit: Branch Name: ++UE4+Release-4.22
LogInit: Command Line: 
LogInit: Base Directory: C:/Users/ellan/Desktop/UE_4.22/Engine/Binaries/Win64/
LogInit: Installed Engine Build: 1
LogDevObjectVersion: Number of dev versions registered: 23
LogDevObjectVersion:   Dev-Blueprints (B0D832E4-1F89-4F0D-ACCF-7EB736FD4AA2): 10
LogDevObjectVersion:   Dev-Build (E1C64328-A22C-4D53-A36C-8E866417BD8C): 0
LogDevObjectVersion:   Dev-Core (375EC13C-06E4-48FB-B500-84F0262A717E): 3
LogDevObjectVersion:   Dev-Editor (E4B068ED-F494-42E9-A231-DA0B2E46BB41): 30
LogDevObjectVersion:   Dev-Framework (CFFC743F-43B0-4480-9391-14DF171D2073): 35
LogDevObjectVersion:   Dev-Mobile (B02B49B5-BB20-44E9-A304-32B752E40360): 2
LogDevObjectVersion:   Dev-Networking (A4E4105C-59A1-49B5-A7C5-40C4547EDFEE): 0
LogDevObjectVersion:   Dev-Online (39C831C9-5AE6-47DC-9A44-9C173E1C8E7C): 0
LogDevObjectVersion:   Dev-Physics (78F01B33-EBEA-4F98-B9B4-84EACCB95AA2): 0
LogDevObjectVersion:   Dev-Platform (6631380F-2D4D-43E0-8009-CF276956A95A): 0
LogDevObjectVersion:   Dev-Rendering (12F88B9F-8875-4AFC-A67C-D90C383ABD29): 28
LogDevObjectVersion:   Dev-Sequencer (7B5AE74C-D270-4C10-A958-57980B212A5A): 11
LogDevObjectVersion:   Dev-VR (D7296918-1DD6-4BDD-9DE2-64A83CC13884): 2
LogDevObjectVersion:   Dev-LoadTimes (C2A15278-BFE7-4AFE-6C17-90FF531DF755): 1
LogDevObjectVersion:   Private-Geometry (6EACA3D4-40EC-4CC1-B786-8BED09428FC5): 3
LogDevObjectVersion:   Dev-AnimPhys (29E575DD-E0A3-4627-9D10-D276232CDCEA): 17
LogDevObjectVersion:   Dev-Anim (AF43A65D-7FD3-4947-9873-3E8ED9C1BB05): 2
LogDevObjectVersion:   Dev-ReflectionCapture (6B266CEC-1EC7-4B8F-A30B-E4D90942FC07): 1
LogDevObjectVersion:   Dev-Automation (0DF73D61-A23F-47EA-B727-89E90C41499A): 1
LogDevObjectVersion:   FortniteMain (601D1886-AC64-4F84-AA16-D3DE0DEAC7D6): 25
LogDevObjectVersion:   Dev-Enterprise (9DFFBCD6-494F-0158-E221-12823C92A888): 6
LogDevObjectVersion:   Dev-Niagara (F2AED0AC-9AFE-416F-8664-AA7FFA26D6FC): 1
LogDevObjectVersion:   Dev-Destruction (174F1F0B-B4C6-45A5-B13F-2EE8D0FB917D): 2
LogInit: Presizing for max 16777216 objects, including 0 objects not considered by GC, pre-allocating 0 bytes for permanent pool.
LogInit: Object subsystem initialized
LogConfig: Setting CVar [[con.DebugEarlyDefault:1]]
LogConfig: Setting CVar [[r.setres:1280x720]]
[2019.09.25-12.13.56:151][  0]LogConfig: Setting CVar [[r.VSync:0]]
[2019.09.25-12.13.56:151][  0]LogConfig: Setting CVar [[r.RHICmdBypass:0]]
[2019.09.25-12.13.56:151][  0]LogConfig: Applying CVar settings from Section [/Script/Engine.RendererSettings] File [C:/Users/ellan/Documents/GitHub/3D-Platformer/MyProject2/Saved/Config/Windows/Engine.ini]
[2019.09.25-12.13.56:151][  0]LogConfig: Setting CVar [[r.GPUCrashDebugging:0]]
[2019.09.25-12.13.56:151][  0]LogConfig: Setting CVar [[r.DefaultFeature.AutoExposure.ExtendDefaultLuminanceRange:1]]
[2019.09.25-12.13.56:151][  0]LogConfig: Setting CVar [[r.DefaultFeature.AutoExposure:0]]
[2019.09.25-12.13.56:151][  0]LogConfig: Applying CVar settings from Section [/Script/Engine.RendererOverrideSettings] File [C:/Users/ellan/Documents/GitHub/3D-Platformer/MyProject2/Saved/Config/Windows/Engine.ini]
[2019.09.25-12.13.56:151][  0]LogConfig: Applying CVar settings from Section [/Script/Engine.StreamingSettings] File [C:/Users/ellan/Documents/GitHub/3D-Platformer/MyProject2/Saved/Config/Windows/Engine.ini]
[2019.09.25-12.13.56:151][  0]LogConfig: Setting CVar [[s.MinBulkDataSizeForAsyncLoading:131072]]
[2019.09.25-12.13.56:151][  0]LogConfig: Setting CVar [[s.AsyncLoadingThreadEnabled:0]]
[2019.09.25-12.13.56:151][  0]LogConfig: Setting CVar [[s.EventDrivenLoaderEnabled:1]]
[2019.09.25-12.13.56:151][  0]LogConfig: Setting CVar [[s.WarnIfTimeLimitExceeded:0]]
[2019.09.25-12.13.56:151][  0]LogConfig: Setting CVar [[s.TimeLimitExceededMultiplier:1.5]]
[2019.09.25-12.13.56:151][  0]LogConfig: Setting CVar [[s.TimeLimitExceededMinTime:0.005]]
[2019.09.25-12.13.56:151][  0]LogConfig: Setting CVar [[s.UseBackgroundLevelStreaming:1]]
[2019.09.25-12.13.56:151][  0]LogConfig: Setting CVar [[s.PriorityAsyncLoadingExtraTime:15.0]]
[2019.09.25-12.13.56:151][  0]LogConfig: Setting CVar [[s.LevelStreamingActorsUpdateTimeLimit:5.0]]
[2019.09.25-12.13.56:151][  0]LogConfig: Setting CVar [[s.PriorityLevelStreamingActorsUpdateExtraTime:5.0]]
[2019.09.25-12.13.56:151][  0]LogConfig: Setting CVar [[s.LevelStreamingComponentsRegistrationGranularity:10]]
[2019.09.25-12.13.56:152][  0]LogConfig: Setting CVar [[s.UnregisterComponentsTimeLimit:1.0]]
[2019.09.25-12.13.56:152][  0]LogConfig: Setting CVar [[s.LevelStreamingComponentsUnregistrationGranularity:5]]
[2019.09.25-12.13.56:152][  0]LogConfig: Applying CVar settings from Section [/Script/Engine.GarbageCollectionSettings] File [C:/Users/ellan/Documents/GitHub/3D-Platformer/MyProject2/Saved/Config/Windows/Engine.ini]
[2019.09.25-12.13.56:152][  0]LogConfig: Setting CVar [[gc.MaxObjectsNotConsideredByGC:1]]
[2019.09.25-12.13.56:152][  0]LogConfig: Setting CVar [[gc.SizeOfPermanentObjectPool:0]]
[2019.09.25-12.13.56:152][  0]LogConfig: Setting CVar [[gc.FlushStreamingOnGC:0]]
[2019.09.25-12.13.56:152][  0]LogConfig: Setting CVar [[gc.NumRetriesBeforeForcingGC:10]]
[2019.09.25-12.13.56:152][  0]LogConfig: Setting CVar [[gc.AllowParallelGC:1]]
[2019.09.25-12.13.56:152][  0]LogConfig: Setting CVar [[gc.TimeBetweenPurgingPendingKillObjects:61.1]]
[2019.09.25-12.13.56:152][  0]LogConfig: Setting CVar [[gc.MaxObjectsInEditor:16777216]]
[2019.09.25-12.13.56:152][  0]LogConfig: Setting CVar [[gc.IncrementalBeginDestroyEnabled:1]]
[2019.09.25-12.13.56:152][  0]LogConfig: Setting CVar [[gc.CreateGCClusters:1]]
[2019.09.25-12.13.56:152][  0]LogConfig: Setting CVar [[gc.MinGCClusterSize:5]]
[2019.09.25-12.13.56:152][  0]LogConfig: Setting CVar [[gc.ActorClusteringEnabled:0]]
[2019.09.25-12.13.56:152][  0]LogConfig: Setting CVar [[gc.BlueprintClusteringEnabled:0]]
[2019.09.25-12.13.56:152][  0]LogConfig: Setting CVar [[gc.UseDisregardForGCOnDedicatedServers:0]]
[2019.09.25-12.13.56:152][  0]LogConfig: Applying CVar settings from Section [/Script/Engine.NetworkSettings] File [C:/Users/ellan/Documents/GitHub/3D-Platformer/MyProject2/Saved/Config/Windows/Engine.ini]
[2019.09.25-12.13.56:152][  0]LogConfig: Applying CVar settings from Section [/Script/UnrealEd.CookerSettings] File [C:/Users/ellan/Documents/GitHub/3D-Platformer/MyProject2/Saved/Config/Windows/Engine.ini]
[2019.09.25-12.13.56:161][  0]LogConfig: Applying CVar settings from Section [ViewDistanceQuality@3] File [C:/Users/ellan/Documents/GitHub/3D-Platformer/MyProject2/Saved/Config/Windows/Scalability.ini]
[2019.09.25-12.13.56:161][  0]LogConfig: Setting CVar [[r.SkeletalMeshLODBias:0]]
[2019.09.25-12.13.56:162][  0]LogConfig: Setting CVar [[r.ViewDistanceScale:1.0]]
[2019.09.25-12.13.56:162][  0]LogConfig: Applying CVar settings from Section [AntiAliasingQuality@3] File [C:/Users/ellan/Documents/GitHub/3D-Platformer/MyProject2/Saved/Config/Windows/Scalability.ini]
[2019.09.25-12.13.56:162][  0]LogConfig: Setting CVar [[r.PostProcessAAQuality:4]]
[2019.09.25-12.13.56:162][  0]LogConfig: Applying CVar settings from Section [ShadowQuality@3] File [C:/Users/ellan/Documents/GitHub/3D-Platformer/MyProject2/Saved/Config/Windows/Scalability.ini]
[2019.09.25-12.13.56:162][  0]LogConfig: Setting CVar [[r.LightFunctionQuality:1]]
[2019.09.25-12.13.56:162][  0]LogConfig: Setting CVar [[r.ShadowQuality:5]]
[2019.09.25-12.13.56:162][  0]LogConfig: Setting CVar [[r.Shadow.CSM.MaxCascades:10]]
[2019.09.25-12.13.56:162][  0]LogConfig: Setting CVar [[r.Shadow.MaxResolution:2048]]
[2019.09.25-12.13.56:162][  0]LogConfig: Setting CVar [[r.Shadow.MaxCSMResolution:2048]]
[2019.09.25-12.13.56:162][  0]LogConfig: Setting CVar [[r.Shadow.RadiusThreshold:0.01]]
[2019.09.25-12.13.56:162][  0]LogConfig: Setting CVar [[r.Shadow.DistanceScale:1.0]]
[2019.09.25-12.13.56:162][  0]LogConfig: Setting CVar [[r.Shadow.CSM.TransitionScale:1.0]]
[2019.09.25-12.13.56:163][  0]LogConfig: Setting CVar [[r.Shadow.PreShadowResolutionFactor:1.0]]
[2019.09.25-12.13.56:163][  0]LogConfig: Setting CVar [[r.DistanceFieldShadowing:1]]
[2019.09.25-12.13.56:163][  0]LogConfig: Setting CVar [[r.DistanceFieldAO:1]]
[2019.09.25-12.13.56:163][  0]LogConfig: Setting CVar [[r.AOQuality:2]]
[2019.09.25-12.13.56:163][  0]LogConfig: Setting CVar [[r.VolumetricFog:1]]
[2019.09.25-12.13.56:163][  0]LogConfig: Setting CVar [[r.VolumetricFog.GridPixelSize:8]]
[2019.09.25-12.13.56:163][  0]LogConfig: Setting CVar [[r.VolumetricFog.GridSizeZ:128]]
[2019.09.25-12.13.56:163][  0]LogConfig: Setting CVar [[r.VolumetricFog.HistoryMissSupersampleCount:4]]
[2019.09.25-12.13.56:163][  0]LogConfig: Setting CVar [[r.LightMaxDrawDistanceScale:1]]
[2019.09.25-12.13.56:163][  0]LogConfig: Setting CVar [[r.CapsuleShadows:1]]
[2019.09.25-12.13.56:163][  0]LogConfig: Applying CVar settings from Section [PostProcessQuality@3] File [C:/Users/ellan/Documents/GitHub/3D-Platformer/MyProject2/Saved/Config/Windows/Scalability.ini]
[2019.09.25-12.13.56:163][  0]LogConfig: Setting CVar [[r.MotionBlurQuality:4]]
[2019.09.25-12.13.56:163][  0]LogConfig: Setting CVar [[r.AmbientOcclusionMipLevelFactor:0.4]]
[2019.09.25-12.13.56:163][  0]LogConfig: Setting CVar [[r.AmbientOcclusionMaxQuality:100]]
[2019.09.25-12.13.56:163][  0]LogConfig: Setting CVar [[r.AmbientOcclusionLevels:-1]]
[2019.09.25-12.13.56:163][  0]LogConfig: Setting CVar [[r.AmbientOcclusionRadiusScale:1.0]]
[2019.09.25-12.13.56:163][  0]LogConfig: Setting CVar [[r.DepthOfFieldQuality:2]]
[2019.09.25-12.13.56:163][  0]LogConfig: Setting CVar [[r.RenderTargetPoolMin:400]]
[2019.09.25-12.13.56:163][  0]LogConfig: Setting CVar [[r.LensFlareQuality:2]]
[2019.09.25-12.13.56:163][  0]LogConfig: Setting CVar [[r.SceneColorFringeQuality:1]]
[2019.09.25-12.13.56:163][  0]LogConfig: Setting CVar [[r.EyeAdaptationQuality:2]]
[2019.09.25-12.13.56:163][  0]LogConfig: Setting CVar [[r.BloomQuality:5]]
[2019.09.25-12.13.56:163][  0]LogConfig: Setting CVar [[r.FastBlurThreshold:100]]
[2019.09.25-12.13.56:164][  0]LogConfig: Setting CVar [[r.Upscale.Quality:3]]
[2019.09.25-12.13.56:164][  0]LogConfig: Setting CVar [[r.Tonemapper.GrainQuantization:1]]
[2019.09.25-12.13.56:164][  0]LogConfig: Setting CVar [[r.LightShaftQuality:1]]
[2019.09.25-12.13.56:164][  0]LogConfig: Setting CVar [[r.Filter.SizeScale:1]]
[2019.09.25-12.13.56:164][  0]LogConfig: Setting CVar [[r.Tonemapper.Quality:5]]
[2019.09.25-12.13.56:164][  0]LogConfig: Setting CVar [[r.DOF.Gather.AccumulatorQuality:1        ; higher gathering accumulator quality]]
[2019.09.25-12.13.56:164][  0]LogConfig: Setting CVar [[r.DOF.Gather.PostfilterMethod:1          ; Median3x3 postfilering method]]
[2019.09.25-12.13.56:164][  0]LogConfig: Setting CVar [[r.DOF.Gather.EnableBokehSettings:0       ; no bokeh simulation when gathering]]
[2019.09.25-12.13.56:164][  0]LogConfig: Setting CVar [[r.DOF.Gather.RingCount:4                 ; medium number of samples when gathering]]
[2019.09.25-12.13.56:164][  0]LogConfig: Setting CVar [[r.DOF.Scatter.ForegroundCompositing:1    ; additive foreground scattering]]
[2019.09.25-12.13.56:164][  0]LogConfig: Setting CVar [[r.DOF.Scatter.BackgroundCompositing:2    ; additive background scattering]]
[2019.09.25-12.13.56:164][  0]LogConfig: Setting CVar [[r.DOF.Scatter.EnableBokehSettings:1      ; bokeh simulation when scattering]]
[2019.09.25-12.13.56:164][  0]LogConfig: Setting CVar [[r.DOF.Scatter.MaxSpriteRatio:0.1         ; only a maximum of 10% of scattered bokeh]]
[2019.09.25-12.13.56:164][  0]LogConfig: Setting CVar [[r.DOF.Recombine.Quality:1                ; cheap slight out of focus]]
[2019.09.25-12.13.56:164][  0]LogConfig: Setting CVar [[r.DOF.Recombine.EnableBokehSettings:0    ; no bokeh simulation on slight out of focus]]
[2019.09.25-12.13.56:164][  0]LogConfig: Setting CVar [[r.DOF.TemporalAAQuality:1                ; more stable temporal accumulation]]
[2019.09.25-12.13.56:164][  0]LogConfig: Setting CVar [[r.DOF.Kernel.MaxForegroundRadius:0.025]]
[2019.09.25-12.13.56:164][  0]LogConfig: Setting CVar [[r.DOF.Kernel.MaxBackgroundRadius:0.025]]
[2019.09.25-12.13.56:164][  0]LogConfig: Applying CVar settings from Section [TextureQuality@3] File [C:/Users/ellan/Documents/GitHub/3D-Platformer/MyProject2/Saved/Config/Windows/Scalability.ini]
[2019.09.25-12.13.56:164][  0]LogConfig: Setting CVar [[r.Streaming.MipBias:0]]
[2019.09.25-12.13.56:165][  0]LogConfig: Setting CVar [[r.Streaming.AmortizeCPUToGPUCopy:0]]
[2019.09.25-12.13.56:165][  0]LogConfig: Setting CVar [[r.Streaming.MaxNumTexturesToStreamPerFrame:0]]
[2019.09.25-12.13.56:165][  0]LogConfig: Setting CVar [[r.Streaming.Boost:1]]
[2019.09.25-12.13.56:165][  0]LogConfig: Setting CVar [[r.MaxAnisotropy:8]]
[2019.09.25-12.13.56:165][  0]LogConfig: Setting CVar [[r.Streaming.LimitPoolSizeToVRAM:0]]
[2019.09.25-12.13.56:165][  0]LogConfig: Setting CVar [[r.Streaming.PoolSize:1000]]
[2019.09.25-12.13.56:165][  0]LogConfig: Setting CVar [[r.Streaming.MaxEffectiveScreenSize:0]]
[2019.09.25-12.13.56:165][  0]LogConfig: Applying CVar settings from Section [EffectsQuality@3] File [C:/Users/ellan/Documents/GitHub/3D-Platformer/MyProject2/Saved/Config/Windows/Scalability.ini]
[2019.09.25-12.13.56:165][  0]LogConfig: Setting CVar [[r.TranslucencyLightingVolumeDim:64]]
[2019.09.25-12.13.56:165][  0]LogConfig: Setting CVar [[r.RefractionQuality:2]]
[2019.09.25-12.13.56:165][  0]LogConfig: Setting CVar [[r.SSR.Quality:3]]
[2019.09.25-12.13.56:165][  0]LogConfig: Setting CVar [[r.SceneColorFormat:4]]
[2019.09.25-12.13.56:165][  0]LogConfig: Setting CVar [[r.DetailMode:2]]
[2019.09.25-12.13.56:165][  0]LogConfig: Setting CVar [[r.TranslucencyVolumeBlur:1]]
[2019.09.25-12.13.56:165][  0]LogConfig: Setting CVar [[r.MaterialQualityLevel:1 ; High quality]]
[2019.09.25-12.13.56:165][  0]LogConfig: Setting CVar [[r.SSS.Scale:1]]
[2019.09.25-12.13.56:165][  0]LogConfig: Setting CVar [[r.SSS.SampleSet:2]]
[2019.09.25-12.13.56:165][  0]LogConfig: Setting CVar [[r.SSS.Quality:1]]
[2019.09.25-12.13.56:165][  0]LogConfig: Setting CVar [[r.SSS.HalfRes:1]]
[2019.09.25-12.13.56:165][  0]LogConfig: Setting CVar [[r.EmitterSpawnRateScale:1.0]]
[2019.09.25-12.13.56:165][  0]LogConfig: Setting CVar [[r.ParticleLightQuality:2]]
[2019.09.25-12.13.56:165][  0]LogConfig: Applying CVar settings from Section [FoliageQuality@3] File [C:/Users/ellan/Documents/GitHub/3D-Platformer/MyProject2/Saved/Config/Windows/Scalability.ini]
[2019.09.25-12.13.56:166][  0]LogConfig: Setting CVar [[foliage.DensityScale:1.0]]
[2019.09.25-12.13.56:166][  0]LogConfig: Setting CVar [[grass.DensityScale:1.0]]
[2019.09.25-12.13.56:166][  0]LogInit: Selected Device Profile: [Windows]
[2019.09.25-12.13.56:166][  0]LogInit: Applying CVar settings loaded from the selected device profile: [Windows]
[2019.09.25-12.13.56:199][  0]LogHAL: Display: Platform has ~ 16 GB [17016786944 / 17179869184 / 16], which maps to Larger [LargestMinGB=32, LargerMinGB=12, DefaultMinGB=8, SmallerMinGB=6, SmallestMinGB=0)
[2019.09.25-12.13.56:199][  0]LogConfig: Setting CVar [[r.Vulkan.UseRealUBs:0		; Required until we fix HLR fall-out]]
[2019.09.25-12.13.56:199][  0]LogInit: Going up to parent DeviceProfile []
[2019.09.25-12.13.56:199][  0]LogConfig: Applying CVar settings from Section [ViewDistanceQuality@3] File [C:/Users/ellan/Documents/GitHub/3D-Platformer/MyProject2/Saved/Config/Windows/Scalability.ini]
[2019.09.25-12.13.56:199][  0]LogConfig: Setting CVar [[r.SkeletalMeshLODBias:0]]
[2019.09.25-12.13.56:199][  0]LogConfig: Setting CVar [[r.ViewDistanceScale:1.0]]
[2019.09.25-12.13.56:199][  0]LogConfig: Applying CVar settings from Section [AntiAliasingQuality@3] File [C:/Users/ellan/Documents/GitHub/3D-Platformer/MyProject2/Saved/Config/Windows/Scalability.ini]
[2019.09.25-12.13.56:199][  0]LogConfig: Setting CVar [[r.PostProcessAAQuality:4]]
[2019.09.25-12.13.56:199][  0]LogConfig: Applying CVar settings from Section [ShadowQuality@3] File [C:/Users/ellan/Documents/GitHub/3D-Platformer/MyProject2/Saved/Config/Windows/Scalability.ini]
[2019.09.25-12.13.56:199][  0]LogConfig: Setting CVar [[r.LightFunctionQuality:1]]
[2019.09.25-12.13.56:199][  0]LogConfig: Setting CVar [[r.ShadowQuality:5]]
[2019.09.25-12.13.56:199][  0]LogConfig: Setting CVar [[r.Shadow.CSM.MaxCascades:10]]
[2019.09.25-12.13.56:199][  0]LogConfig: Setting CVar [[r.Shadow.MaxResolution:2048]]
[2019.09.25-12.13.56:199][  0]LogConfig: Setting CVar [[r.Shadow.MaxCSMResolution:2048]]
[2019.09.25-12.13.56:199][  0]LogConfig: Setting CVar [[r.Shadow.RadiusThreshold:0.01]]
[2019.09.25-12.13.56:199][  0]LogConfig: Setting CVar [[r.Shadow.DistanceScale:1.0]]
[2019.09.25-12.13.56:199][  0]LogConfig: Setting CVar [[r.Shadow.CSM.TransitionScale:1.0]]
[2019.09.25-12.13.56:199][  0]LogConfig: Setting CVar [[r.Shadow.PreShadowResolutionFactor:1.0]]
[2019.09.25-12.13.56:199][  0]LogConfig: Setting CVar [[r.DistanceFieldShadowing:1]]
[2019.09.25-12.13.56:199][  0]LogConfig: Setting CVar [[r.DistanceFieldAO:1]]
[2019.09.25-12.13.56:199][  0]LogConfig: Setting CVar [[r.AOQuality:2]]
[2019.09.25-12.13.56:199][  0]LogConfig: Setting CVar [[r.VolumetricFog:1]]
[2019.09.25-12.13.56:199][  0]LogConfig: Setting CVar [[r.VolumetricFog.GridPixelSize:8]]
[2019.09.25-12.13.56:199][  0]LogConfig: Setting CVar [[r.VolumetricFog.GridSizeZ:128]]
[2019.09.25-12.13.56:199][  0]LogConfig: Setting CVar [[r.VolumetricFog.HistoryMissSupersampleCount:4]]
[2019.09.25-12.13.56:199][  0]LogConfig: Setting CVar [[r.LightMaxDrawDistanceScale:1]]
[2019.09.25-12.13.56:199][  0]LogConfig: Setting CVar [[r.CapsuleShadows:1]]
[2019.09.25-12.13.56:199][  0]LogConfig: Applying CVar settings from Section [PostProcessQuality@3] File [C:/Users/ellan/Documents/GitHub/3D-Platformer/MyProject2/Saved/Config/Windows/Scalability.ini]
[2019.09.25-12.13.56:200][  0]LogConfig: Setting CVar [[r.MotionBlurQuality:4]]
[2019.09.25-12.13.56:200][  0]LogConfig: Setting CVar [[r.AmbientOcclusionMipLevelFactor:0.4]]
[2019.09.25-12.13.56:200][  0]LogConfig: Setting CVar [[r.AmbientOcclusionMaxQuality:100]]
[2019.09.25-12.13.56:200][  0]LogConfig: Setting CVar [[r.AmbientOcclusionLevels:-1]]
[2019.09.25-12.13.56:200][  0]LogConfig: Setting CVar [[r.AmbientOcclusionRadiusScale:1.0]]
[2019.09.25-12.13.56:200][  0]LogConfig: Setting CVar [[r.DepthOfFieldQuality:2]]
[2019.09.25-12.13.56:200][  0]LogConfig: Setting CVar [[r.RenderTargetPoolMin:400]]
[2019.09.25-12.13.56:200][  0]LogConfig: Setting CVar [[r.LensFlareQuality:2]]
[2019.09.25-12.13.56:200][  0]LogConfig: Setting CVar [[r.SceneColorFringeQuality:1]]
[2019.09.25-12.13.56:200][  0]LogConfig: Setting CVar [[r.EyeAdaptationQuality:2]]
[2019.09.25-12.13.56:200][  0]LogConfig: Setting CVar [[r.BloomQuality:5]]
[2019.09.25-12.13.56:200][  0]LogConfig: Setting CVar [[r.FastBlurThreshold:100]]
[2019.09.25-12.13.56:200][  0]LogConfig: Setting CVar [[r.Upscale.Quality:3]]
[2019.09.25-12.13.56:200][  0]LogConfig: Setting CVar [[r.Tonemapper.GrainQuantization:1]]
[2019.09.25-12.13.56:200][  0]LogConfig: Setting CVar [[r.LightShaftQuality:1]]
[2019.09.25-12.13.56:200][  0]LogConfig: Setting CVar [[r.Filter.SizeScale:1]]
[2019.09.25-12.13.56:200][  0]LogConfig: Setting CVar [[r.Tonemapper.Quality:5]]
[2019.09.25-12.13.56:200][  0]LogConfig: Setting CVar [[r.DOF.Gather.AccumulatorQuality:1        ; higher gathering accumulator quality]]
[2019.09.25-12.13.56:200][  0]LogConfig: Setting CVar [[r.DOF.Gather.PostfilterMethod:1          ; Median3x3 postfilering method]]
[2019.09.25-12.13.56:200][  0]LogConfig: Setting CVar [[r.DOF.Gather.EnableBokehSettings:0       ; no bokeh simulation when gathering]]
[2019.09.25-12.13.56:200][  0]LogConfig: Setting CVar [[r.DOF.Gather.RingCount:4                 ; medium number of samples when gathering]]
[2019.09.25-12.13.56:200][  0]LogConfig: Setting CVar [[r.DOF.Scatter.ForegroundCompositing:1    ; additive foreground scattering]]
[2019.09.25-12.13.56:200][  0]LogConfig: Setting CVar [[r.DOF.Scatter.BackgroundCompositing:2    ; additive background scattering]]
[2019.09.25-12.13.56:200][  0]LogConfig: Setting CVar [[r.DOF.Scatter.EnableBokehSettings:1      ; bokeh simulation when scattering]]
[2019.09.25-12.13.56:200][  0]LogConfig: Setting CVar [[r.DOF.Scatter.MaxSpriteRatio:0.1         ; only a maximum of 10% of scattered bokeh]]
[2019.09.25-12.13.56:200][  0]LogConfig: Setting CVar [[r.DOF.Recombine.Quality:1                ; cheap slight out of focus]]
[2019.09.25-12.13.56:200][  0]LogConfig: Setting CVar [[r.DOF.Recombine.EnableBokehSettings:0    ; no bokeh simulation on slight out of focus]]
[2019.09.25-12.13.56:200][  0]LogConfig: Setting CVar [[r.DOF.TemporalAAQuality:1                ; more stable temporal accumulation]]
[2019.09.25-12.13.56:200][  0]LogConfig: Setting CVar [[r.DOF.Kernel.MaxForegroundRadius:0.025]]
[2019.09.25-12.13.56:200][  0]LogConfig: Setting CVar [[r.DOF.Kernel.MaxBackgroundRadius:0.025]]
[2019.09.25-12.13.56:200][  0]LogConfig: Applying CVar settings from Section [TextureQuality@3] File [C:/Users/ellan/Documents/GitHub/3D-Platformer/MyProject2/Saved/Config/Windows/Scalability.ini]
[2019.09.25-12.13.56:200][  0]LogConfig: Setting CVar [[r.Streaming.MipBias:0]]
[2019.09.25-12.13.56:200][  0]LogConfig: Setting CVar [[r.Streaming.AmortizeCPUToGPUCopy:0]]
[2019.09.25-12.13.56:200][  0]LogConfig: Setting CVar [[r.Streaming.MaxNumTexturesToStreamPerFrame:0]]
[2019.09.25-12.13.56:201][  0]LogConfig: Setting CVar [[r.Streaming.Boost:1]]
[2019.09.25-12.13.56:201][  0]LogConfig: Setting CVar [[r.MaxAnisotropy:8]]
[2019.09.25-12.13.56:201][  0]LogConfig: Setting CVar [[r.Streaming.LimitPoolSizeToVRAM:0]]
[2019.09.25-12.13.56:201][  0]LogConfig: Setting CVar [[r.Streaming.PoolSize:1000]]
[2019.09.25-12.13.56:201][  0]LogConfig: Setting CVar [[r.Streaming.MaxEffectiveScreenSize:0]]
[2019.09.25-12.13.56:201][  0]LogConfig: Applying CVar settings from Section [EffectsQuality@3] File [C:/Users/ellan/Documents/GitHub/3D-Platformer/MyProject2/Saved/Config/Windows/Scalability.ini]
[2019.09.25-12.13.56:201][  0]LogConfig: Setting CVar [[r.TranslucencyLightingVolumeDim:64]]
[2019.09.25-12.13.56:201][  0]LogConfig: Setting CVar [[r.RefractionQuality:2]]
[2019.09.25-12.13.56:201][  0]LogConfig: Setting CVar [[r.SSR.Quality:3]]
[2019.09.25-12.13.56:201][  0]LogConfig: Setting CVar [[r.SceneColorFormat:4]]
[2019.09.25-12.13.56:201][  0]LogConfig: Setting CVar [[r.DetailMode:2]]
[2019.09.25-12.13.56:201][  0]LogConfig: Setting CVar [[r.TranslucencyVolumeBlur:1]]
[2019.09.25-12.13.56:201][  0]LogConfig: Setting CVar [[r.MaterialQualityLevel:1 ; High quality]]
[2019.09.25-12.13.56:201][  0]LogConfig: Setting CVar [[r.SSS.Scale:1]]
[2019.09.25-12.13.56:201][  0]LogConfig: Setting CVar [[r.SSS.SampleSet:2]]
[2019.09.25-12.13.56:201][  0]LogConfig: Setting CVar [[r.SSS.Quality:1]]
[2019.09.25-12.13.56:201][  0]LogConfig: Setting CVar [[r.SSS.HalfRes:1]]
[2019.09.25-12.13.56:201][  0]LogConfig: Setting CVar [[r.EmitterSpawnRateScale:1.0]]
[2019.09.25-12.13.56:201][  0]LogConfig: Setting CVar [[r.ParticleLightQuality:2]]
[2019.09.25-12.13.56:201][  0]LogConfig: Applying CVar settings from Section [FoliageQuality@3] File [C:/Users/ellan/Documents/GitHub/3D-Platformer/MyProject2/Saved/Config/Windows/Scalability.ini]
[2019.09.25-12.13.56:201][  0]LogConfig: Setting CVar [[foliage.DensityScale:1.0]]
[2019.09.25-12.13.56:201][  0]LogConfig: Setting CVar [[grass.DensityScale:1.0]]
[2019.09.25-12.13.56:201][  0]LogConfig: Applying CVar settings from Section [Startup] File [../../../Engine/Config/ConsoleVariables.ini]
[2019.09.25-12.13.56:202][  0]LogConfig: Setting CVar [[net.UseAdaptiveNetUpdateFrequency:0]]
[2019.09.25-12.13.56:202][  0]LogConfig: Setting CVar [[p.chaos.AllowCreatePhysxBodies:1]]
[2019.09.25-12.13.56:202][  0]LogConfig: Applying CVar settings from Section [ConsoleVariables] File [C:/Users/ellan/Documents/GitHub/3D-Platformer/MyProject2/Saved/Config/Windows/Engine.ini]
[2019.09.25-12.13.56:202][  0]LogInit: Computer: MSI
[2019.09.25-12.13.56:202][  0]LogInit: User: ellan
[2019.09.25-12.13.56:202][  0]LogInit: CPU Page size=4096, Cores=6
[2019.09.25-12.13.56:202][  0]LogInit: High frequency timer resolution =10.000000 MHz
[2019.09.25-12.13.56:203][  0]LogMemory: Memory total: Physical=15.8GB (16GB approx)
[2019.09.25-12.13.56:203][  0]LogMemory: Platform Memory Stats for Windows
[2019.09.25-12.13.56:203][  0]LogMemory: Process Physical Memory: 97.10 MB used, 97.11 MB peak
[2019.09.25-12.13.56:203][  0]LogMemory: Process Virtual Memory: 90.05 MB used, 90.05 MB peak
[2019.09.25-12.13.56:203][  0]LogMemory: Physical Memory: 6746.86 MB used,  9481.62 MB free, 16228.47 MB total
[2019.09.25-12.13.56:203][  0]LogMemory: Virtual Memory: 4660.50 MB used,  134213064.00 MB free, 134217728.00 MB total
[2019.09.25-12.13.56:258][  0]LogInit: Using OS detected language (en-US).
[2019.09.25-12.13.56:258][  0]LogInit: Using OS detected locale (en-AU).
[2019.09.25-12.13.56:259][  0]LogTextLocalizationManager: No specific localization for 'en-US' exists, so the 'en' localization will be used.
[2019.09.25-12.13.56:430][  0]LogInit: Setting process to per monitor DPI aware
[2019.09.25-12.13.56:476][  0]LogSlate: New Slate User Created.  User Index 0, Is Virtual User: 0
[2019.09.25-12.13.56:476][  0]LogSlate: Slate User Registered.  User Index 0, Is Virtual User: 0
[2019.09.25-12.13.56:819][  0]LogHMD: Failed to initialize OpenVR with code 110
[2019.09.25-12.13.56:819][  0]LogD3D11RHI: D3D11 adapters:
[2019.09.25-12.13.56:962][  0]LogD3D11RHI:    0. 'NVIDIA GeForce RTX 2060' (Feature Level 11_0)
[2019.09.25-12.13.56:962][  0]LogD3D11RHI:       5980/0/8114 MB DedicatedVideo/DedicatedSystem/SharedSystem, Outputs:1, VendorId:0x10de
[2019.09.25-12.13.57:004][  0]LogD3D11RHI:    1. 'Intel(R) UHD Graphics 630' (Feature Level 11_0)
[2019.09.25-12.13.57:004][  0]LogD3D11RHI:       128/0/8114 MB DedicatedVideo/DedicatedSystem/SharedSystem, Outputs:0, VendorId:0x8086
[2019.09.25-12.13.57:013][  0]LogD3D11RHI:    2. 'Microsoft Basic Render Driver' (Feature Level 11_0)
[2019.09.25-12.13.57:013][  0]LogD3D11RHI:       0/0/8114 MB DedicatedVideo/DedicatedSystem/SharedSystem, Outputs:0, VendorId:0x1414
[2019.09.25-12.13.57:013][  0]LogD3D11RHI: Chosen D3D11 Adapter: 0
[2019.09.25-12.13.57:113][  0]LogD3D11RHI: Creating new Direct3DDevice
[2019.09.25-12.13.57:113][  0]LogD3D11RHI:     GPU DeviceId: 0x1f11 (for the marketing name, search the web for "GPU Device Id")
[2019.09.25-12.13.57:113][  0]LogWindows: EnumDisplayDevices:
[2019.09.25-12.13.57:114][  0]LogWindows:    0. 'Intel(R) UHD Graphics 630' (P:1 D:1)
[2019.09.25-12.13.57:115][  0]LogWindows:    1. 'Intel(R) UHD Graphics 630' (P:0 D:0)
[2019.09.25-12.13.57:115][  0]LogWindows:    2. 'Intel(R) UHD Graphics 630' (P:0 D:0)
[2019.09.25-12.13.57:116][  0]LogWindows:    3. 'NVIDIA GeForce RTX 2060' (P:0 D:0)
[2019.09.25-12.13.57:116][  0]LogWindows:    4. 'NVIDIA GeForce RTX 2060' (P:0 D:0)
[2019.09.25-12.13.57:117][  0]LogWindows:    5. 'NVIDIA GeForce RTX 2060' (P:0 D:0)
[2019.09.25-12.13.57:117][  0]LogWindows:    6. 'NVIDIA GeForce RTX 2060' (P:0 D:0)
[2019.09.25-12.13.57:118][  0]LogWindows: DebugString: PrimaryIsNotTheChoosenAdapter PrimaryIsNotTheChoosenAdapter PrimaryIsNotTheChoosenAdapter FoundDriverCount:4 
[2019.09.25-12.13.57:118][  0]LogD3D11RHI:     Adapter Name: NVIDIA GeForce RTX 2060
[2019.09.25-12.13.57:118][  0]LogD3D11RHI:   Driver Version: 417.77 (internal:25.21.14.1777, unified:417.77)
[2019.09.25-12.13.57:118][  0]LogD3D11RHI:      Driver Date: 1-17-2019
[2019.09.25-12.13.57:118][  0]LogRHI: Texture pool is 4186 MB (70% of 5980 MB)
[2019.09.25-12.13.57:191][  0]LogD3D11RHI: Async texture creation enabled
[2019.09.25-12.13.57:203][  0]LogRendererCore: FGlobalReadBuffer::InitRHI
[2019.09.25-12.13.57:204][  0]LogRendererCore: FGlobalReadBuffer::InitRHI
[2019.09.25-12.13.57:204][  0]LogRendererCore: FGlobalReadBuffer::InitRHI
[2019.09.25-12.13.57:222][  0]LogD3D11RHI: GPU Timing Frequency: 1000.000000 (Debug: 2 2)
[2019.09.25-12.13.58:182][  0]LogTemp: Display: Module 'AllDesktopTargetPlatform' loaded TargetPlatform 'AllDesktop'
[2019.09.25-12.13.58:214][  0]LogTemp: Display: Module 'MacClientTargetPlatform' loaded TargetPlatform 'MacClient'
[2019.09.25-12.13.58:240][  0]LogTemp: Display: Module 'MacNoEditorTargetPlatform' loaded TargetPlatform 'MacNoEditor'
[2019.09.25-12.13.58:255][  0]LogTemp: Display: Module 'MacServerTargetPlatform' loaded TargetPlatform 'MacServer'
[2019.09.25-12.13.58:269][  0]LogTemp: Display: Module 'MacTargetPlatform' loaded TargetPlatform 'Mac'
[2019.09.25-12.13.58:283][  0]LogTemp: Display: Module 'WindowsClientTargetPlatform' loaded TargetPlatform 'WindowsClient'
[2019.09.25-12.13.58:297][  0]LogTemp: Display: Module 'WindowsNoEditorTargetPlatform' loaded TargetPlatform 'WindowsNoEditor'
[2019.09.25-12.13.58:311][  0]LogTemp: Display: Module 'WindowsServerTargetPlatform' loaded TargetPlatform 'WindowsServer'
[2019.09.25-12.13.58:320][  0]LogTemp: Display: Module 'WindowsTargetPlatform' loaded TargetPlatform 'Windows'
[2019.09.25-12.13.58:444][  0]LogTemp: Display: Module 'AndroidTargetPlatform' loaded TargetPlatform 'Android'
[2019.09.25-12.13.58:444][  0]LogTemp: Display: Module 'AndroidTargetPlatform' loaded TargetPlatform 'Android_ASTC'
[2019.09.25-12.13.58:444][  0]LogTemp: Display: Module 'AndroidTargetPlatform' loaded TargetPlatform 'Android_ATC'
[2019.09.25-12.13.58:444][  0]LogTemp: Display: Module 'AndroidTargetPlatform' loaded TargetPlatform 'Android_DXT'
[2019.09.25-12.13.58:444][  0]LogTemp: Display: Module 'AndroidTargetPlatform' loaded TargetPlatform 'Android_ETC1'
[2019.09.25-12.13.58:444][  0]LogTemp: Display: Module 'AndroidTargetPlatform' loaded TargetPlatform 'Android_ETC1a'
[2019.09.25-12.13.58:444][  0]LogTemp: Display: Module 'AndroidTargetPlatform' loaded TargetPlatform 'Android_ETC2'
[2019.09.25-12.13.58:444][  0]LogTemp: Display: Module 'AndroidTargetPlatform' loaded TargetPlatform 'Android_PVRTC'
[2019.09.25-12.13.58:444][  0]LogTemp: Display: Module 'AndroidTargetPlatform' loaded TargetPlatform 'AndroidClient'
[2019.09.25-12.13.58:445][  0]LogTemp: Display: Module 'AndroidTargetPlatform' loaded TargetPlatform 'Android_ASTCClient'
[2019.09.25-12.13.58:445][  0]LogTemp: Display: Module 'AndroidTargetPlatform' loaded TargetPlatform 'Android_ATCClient'
[2019.09.25-12.13.58:445][  0]LogTemp: Display: Module 'AndroidTargetPlatform' loaded TargetPlatform 'Android_DXTClient'
[2019.09.25-12.13.58:445][  0]LogTemp: Display: Module 'AndroidTargetPlatform' loaded TargetPlatform 'Android_ETC1Client'
[2019.09.25-12.13.58:445][  0]LogTemp: Display: Module 'AndroidTargetPlatform' loaded TargetPlatform 'Android_ETC1aClient'
[2019.09.25-12.13.58:445][  0]LogTemp: Display: Module 'AndroidTargetPlatform' loaded TargetPlatform 'Android_ETC2Client'
[2019.09.25-12.13.58:445][  0]LogTemp: Display: Module 'AndroidTargetPlatform' loaded TargetPlatform 'Android_PVRTCClient'
[2019.09.25-12.13.58:445][  0]LogTemp: Display: Module 'AndroidTargetPlatform' loaded TargetPlatform 'Android_Multi'
[2019.09.25-12.13.58:445][  0]LogTemp: Display: Module 'AndroidTargetPlatform' loaded TargetPlatform 'Android_MultiClient'
[2019.09.25-12.13.58:447][  0]LogTemp: Display: Module 'HTML5TargetPlatform' loaded TargetPlatform 'HTML5'
[2019.09.25-12.13.58:508][  0]LogTemp: Display: Module 'IOSTargetPlatform' loaded TargetPlatform 'IOSClient'
[2019.09.25-12.13.58:509][  0]LogTemp: Display: Module 'IOSTargetPlatform' loaded TargetPlatform 'IOS'
[2019.09.25-12.13.58:587][  0]LogTemp: Display: Module 'TVOSTargetPlatform' loaded TargetPlatform 'TVOSClient'
[2019.09.25-12.13.58:587][  0]LogTemp: Display: Module 'TVOSTargetPlatform' loaded TargetPlatform 'TVOS'
[2019.09.25-12.13.58:607][  0]LogTemp: Display: Module 'LinuxClientTargetPlatform' loaded TargetPlatform 'LinuxClient'
[2019.09.25-12.13.58:636][  0]LogTemp: Display: Module 'LinuxNoEditorTargetPlatform' loaded TargetPlatform 'LinuxNoEditor'
[2019.09.25-12.13.58:671][  0]LogTemp: Display: Module 'LinuxServerTargetPlatform' loaded TargetPlatform 'LinuxServer'
[2019.09.25-12.13.58:692][  0]LogTemp: Display: Module 'LinuxTargetPlatform' loaded TargetPlatform 'Linux'
[2019.09.25-12.13.58:737][  0]LogTemp: Display: Module 'LuminTargetPlatform' loaded TargetPlatform 'Lumin'
[2019.09.25-12.13.58:737][  0]LogTemp: Display: Module 'LuminTargetPlatform' loaded TargetPlatform 'LuminClient'
[2019.09.25-12.13.58:738][  0]LogTargetPlatformManager: Display: Building Assets For Windows
[2019.09.25-12.13.58:747][  0]LogAudioDebug: Display: Lib vorbis DLL was dynamically loaded.
[2019.09.25-12.13.58:802][  0]LogShaderCompilers: Guid format shader working directory is -11 characters bigger than the processId version (../../../../../Documents/GitHub/3D-Platformer/MyProject2/Intermediate/Shaders/WorkingDirectory/12508/).
[2019.09.25-12.13.58:802][  0]LogShaderCompilers: Cleaned the shader compiler working directory 'C:/Users/ellan/AppData/Local/Temp/UnrealShaderWorkingDir/3D8E754A4AB04D5EAF3864A6569361DF/'.
[2019.09.25-12.13.58:805][  0]LogXGEController: Cannot use XGE Controller as Incredibuild is not installed on this machine.
[2019.09.25-12.13.58:805][  0]LogShaderCompilers: Cannot use XGE Shader Compiler as Incredibuild is not installed on this machine.
[2019.09.25-12.13.58:805][  0]LogShaderCompilers: Display: Using Local Shader Compiler.
[2019.09.25-12.13.59:363][  0]LogDerivedDataCache: Display: Max Cache Size: 512 MB
[2019.09.25-12.13.59:457][  0]LogDerivedDataCache: Loaded boot cache 0.09s 71MB C:/Users/ellan/AppData/Local/UnrealEngine/4.22/DerivedDataCache/Boot.ddc.
[2019.09.25-12.13.59:457][  0]LogDerivedDataCache: Display: Loaded Boot cache: C:/Users/ellan/AppData/Local/UnrealEngine/4.22/DerivedDataCache/Boot.ddc
[2019.09.25-12.13.59:457][  0]LogDerivedDataCache: FDerivedDataBackendGraph:  Pak pak cache file ../../../../../Documents/GitHub/3D-Platformer/MyProject2/DerivedDataCache/DDC.ddp not found, will not use a pak cache.
[2019.09.25-12.13.59:457][  0]LogDerivedDataCache: Unable to find inner node Pak for hierarchical cache Hierarchy.
[2019.09.25-12.13.59:457][  0]LogDerivedDataCache: FDerivedDataBackendGraph:  CompressedPak pak cache file ../../../../../Documents/GitHub/3D-Platformer/MyProject2/DerivedDataCache/Compressed.ddp not found, will not use a pak cache.
[2019.09.25-12.13.59:458][  0]LogDerivedDataCache: Unable to find inner node CompressedPak for hierarchical cache Hierarchy.
[2019.09.25-12.13.59:487][  0]LogDerivedDataCache: Display: Pak cache opened for reading ../../../Engine/DerivedDataCache/Compressed.ddp.
[2019.09.25-12.13.59:488][  0]LogDerivedDataCache: FDerivedDataBackendGraph:  EnterprisePak pak cache file ../../../Enterprise/DerivedDataCache/Compressed.ddp not found, will not use a pak cache.
[2019.09.25-12.13.59:488][  0]LogDerivedDataCache: Unable to find inner node EnterprisePak for hierarchical cache Hierarchy.
[2019.09.25-12.13.59:501][  0]LogDerivedDataCache: Using Local data cache path C:/Users/ellan/AppData/Local/UnrealEngine/Common/DerivedDataCache: Writable
[2019.09.25-12.13.59:501][  0]LogDerivedDataCache: Shared data cache path not found in *engine.ini, will not use an Shared cache.
[2019.09.25-12.13.59:501][  0]LogDerivedDataCache: Unable to find inner node Shared for hierarchical cache Hierarchy.
[2019.09.25-12.13.59:563][  0]LogMaterial: Verifying Global Shaders for PCD3D_SM5
[2019.09.25-12.13.59:565][  0]LogSlate: Using FreeType 2.6.0
[2019.09.25-12.13.59:567][  0]LogSlate: SlateFontServices - WITH_FREETYPE: 1, WITH_HARFBUZZ: 1
[2019.09.25-12.13.59:669][  0]LogAssetRegistry: FAssetRegistry took 0.0342 seconds to start up
[2019.09.25-12.14.00:033][  0]LogInit: Selected Device Profile: [Windows]
[2019.09.25-12.14.00:201][  0]LogMeshReduction: Using QuadricMeshReduction for automatic static mesh reduction
[2019.09.25-12.14.00:201][  0]LogMeshReduction: Using SimplygonMeshReduction for automatic skeletal mesh reduction
[2019.09.25-12.14.00:201][  0]LogMeshReduction: Using ProxyLODMeshReduction for automatic mesh merging
[2019.09.25-12.14.00:201][  0]LogMeshReduction: No distributed automatic mesh merging module available
[2019.09.25-12.14.00:201][  0]LogMeshMerging: No distributed automatic mesh merging module available
[2019.09.25-12.14.00:228][  0]LogNetVersion: MyProject2 1.0.0, NetCL: 5660361, EngineNetVer: 10, GameNetVer: 0 (Checksum: 4139302413)
[2019.09.25-12.14.00:882][  0]LogPackageLocalizationCache: Processed 10 localized package path(s) for 1 prioritized culture(s) in 0.072456 seconds
[2019.09.25-12.14.00:890][  0]LogUObjectArray: 42205 objects as part of root set at end of initial load.
[2019.09.25-12.14.00:890][  0]LogUObjectAllocator: 7325032 out of 0 bytes used by permanent object pool.
[2019.09.25-12.14.00:890][  0]LogUObjectArray: CloseDisregardForGC: 0/0 objects in disregard for GC pool
[2019.09.25-12.14.01:859][  0]LogTcpMessaging: Initializing TcpMessaging bridge
[2019.09.25-12.14.01:874][  0]LogUdpMessaging: Initializing bridge on interface 0.0.0.0:0 to multicast group 230.0.0.1:6666.
[2019.09.25-12.14.02:051][  0]SourceControl: Source control is disabled
[2019.09.25-12.14.02:051][  0]SourceControl: Source control is disabled
[2019.09.25-12.14.02:053][  0]SourceControl: Source control is disabled
[2019.09.25-12.14.02:054][  0]SourceControl: Source control is disabled
[2019.09.25-12.14.02:065][  0]LogVSAccessor: Display: Unable to create Visual Studio setup instance: 80040154
[2019.09.25-12.14.02:066][  0]LogVSAccessor: Display: Unable to create Visual Studio setup instance: 80040154
[2019.09.25-12.14.02:147][  0]LogAndroidPermission: UAndroidPermissionCallbackProxy::GetInstance
[2019.09.25-12.14.02:351][  0]LogOcInput: OculusInput pre-init called
[2019.09.25-12.14.03:176][  0]LogEngine: Initializing Engine...
[2019.09.25-12.14.03:177][  0]LogHMD: Failed to initialize OpenVR with code 110
[2019.09.25-12.14.03:178][  0]LogStats: UGameplayTagsManager::InitializeManager -  0.000 s
[2019.09.25-12.14.03:410][  0]LogInit: Initializing FReadOnlyCVARCache
[2019.09.25-12.14.03:439][  0]LogAIModule: Creating AISystem for world Untitled
[2019.09.25-12.14.03:473][  0]LogInit: XAudio2 using 'Speakers (Realtek(R) Audio)' : 2 channels at 48 kHz using 32 bits per sample (channel mask 0x3)
[2019.09.25-12.14.03:967][  0]LogInit: FAudioDevice initialized.
[2019.09.25-12.14.03:967][  0]LogNetVersion: Set ProjectVersion to 1.0.0.0. Version Checksum will be recalculated on next use.
[2019.09.25-12.14.04:091][  0]LogDerivedDataCache: Saved boot cache 0.12s 71MB C:/Users/ellan/AppData/Local/UnrealEngine/4.22/DerivedDataCache/Boot.ddc.
[2019.09.25-12.14.04:103][  0]LogInit: Texture streaming: Enabled
[2019.09.25-12.14.04:161][  0]LogEngineSessionManager: EngineSessionManager initialized
[2019.09.25-12.14.04:206][  0]LogInit: Transaction tracking system initialized
[2019.09.25-12.14.04:241][  0]BlueprintLog: New page: Editor Load
[2019.09.25-12.14.04:376][  0]LocalizationService: Localization service is disabled
[2019.09.25-12.14.04:528][  0]LogVSAccessor: Display: Unable to create Visual Studio setup instance: 80040154
[2019.09.25-12.14.04:529][  0]LogVSAccessor: Display: Unable to create Visual Studio setup instance: 80040154
[2019.09.25-12.14.04:703][  0]LogFileCache: Scanning file cache for directory 'C:/Users/ellan/Documents/GitHub/3D-Platformer/MyProject2/Content/' took 0.01s
[2019.09.25-12.14.04:703][  0]LogCook: Display: Max memory allowance for cook 16384mb min free memory 0mb
[2019.09.25-12.14.04:703][  0]LogCook: Display: Mobile HDR setting 1
[2019.09.25-12.14.04:900][  0]SourceControl: Source control is disabled
[2019.09.25-12.14.04:900][  0]Cmd: MAP LOAD FILE="../../../../../Documents/GitHub/3D-Platformer/MyProject2/Content/__MyContent/Maps/Level_1.umap" TEMPLATE=0 SHOWPROGRESS=1 FEATURELEVEL=3
[2019.09.25-12.14.04:900][  0]LightingResults: New page: Lighting Build
[2019.09.25-12.14.04:903][  0]MapCheck: New page: Map Check
[2019.09.25-12.14.04:903][  0]LightingResults: New page: Lighting Build
[2019.09.25-12.14.04:935][  0]LogUObjectHash: Compacting FUObjectHashTables data took   1.65ms
[2019.09.25-12.14.05:215][  0]LogAIModule: Creating AISystem for world Level_1
[2019.09.25-12.14.05:232][  0]LogEditorServer: Finished looking for orphan Actors (0.000 secs)
[2019.09.25-12.14.05:264][  0]LogUObjectHash: Compacting FUObjectHashTables data took   2.26ms
[2019.09.25-12.14.05:264][  0]Cmd: MAP CHECKDEP NOCLEARLOG
[2019.09.25-12.14.05:265][  0]MapCheck: Map check complete: 0 Error(s), 0 Warning(s), took 0.242ms to complete.
[2019.09.25-12.14.05:265][  0]LogFileHelpers: Loading map 'Level_1' took 0.365
[2019.09.25-12.14.05:481][  0]LogSlate: Updating window title bar state: overlay mode, drag disabled, window buttons hidden, title bar hidden
[2019.09.25-12.14.05:499][  0]LogSlate: Updating window title bar state: overlay mode, drag disabled, window buttons hidden, title bar hidden
[2019.09.25-12.14.05:522][  0]LogSlate: Updating window title bar state: overlay mode, drag disabled, window buttons hidden, title bar hidden
[2019.09.25-12.14.05:533][  0]LogSlate: Updating window title bar state: overlay mode, drag disabled, window buttons hidden, title bar hidden
[2019.09.25-12.14.05:540][  0]LogCollectionManager: Loaded 0 collections in 0.001918 seconds
[2019.09.25-12.14.05:569][  0]LogFileCache: Scanning file cache for directory 'C:/Users/ellan/Documents/GitHub/3D-Platformer/MyProject2/Saved/Collections/' took 0.01s
[2019.09.25-12.14.05:569][  0]LogFileCache: Scanning file cache for directory 'C:/Users/ellan/Documents/GitHub/3D-Platformer/MyProject2/Content/Developers/ellan/Collections/' took 0.00s
[2019.09.25-12.14.05:569][  0]LogFileCache: Scanning file cache for directory 'C:/Users/ellan/Documents/GitHub/3D-Platformer/MyProject2/Content/Collections/' took 0.01s
[2019.09.25-12.14.05:569][  0]LogCollectionManager: Rebuilt the GUID cache for 0 collections in 0.000001 seconds
[2019.09.25-12.14.05:577][  0]LogContentBrowser: Native class hierarchy populated in 0.0081 seconds. Added 2732 classes and 659 folders.
[2019.09.25-12.14.05:591][  0]LogContentBrowser: Native class hierarchy updated for 'WidgetCarousel' in 0.0005 seconds. Added 0 classes and 0 folders.
[2019.09.25-12.14.05:595][  0]LogPakFile: Registered encryption key '00000000000000000000000000000000': 0 pak files mounted, 0 remain pending
[2019.09.25-12.14.05:597][  0]LogPakFile: Registered encryption key '00000000000000000000000000000000': 0 pak files mounted, 0 remain pending
[2019.09.25-12.14.05:598][  0]LogPakFile: Registered encryption key '00000000000000000000000000000000': 0 pak files mounted, 0 remain pending
[2019.09.25-12.14.05:599][  0]LogPakFile: Registered encryption key '00000000000000000000000000000000': 0 pak files mounted, 0 remain pending
[2019.09.25-12.14.05:601][  0]LogPakFile: Registered encryption key '00000000000000000000000000000000': 0 pak files mounted, 0 remain pending
[2019.09.25-12.14.05:603][  0]LogPakFile: Registered encryption key '00000000000000000000000000000000': 0 pak files mounted, 0 remain pending
[2019.09.25-12.14.05:605][  0]LogPakFile: Registered encryption key '00000000000000000000000000000000': 0 pak files mounted, 0 remain pending
[2019.09.25-12.14.05:607][  0]LogPakFile: Registered encryption key '00000000000000000000000000000000': 0 pak files mounted, 0 remain pending
[2019.09.25-12.14.05:609][  0]LogPakFile: Registered encryption key '00000000000000000000000000000000': 0 pak files mounted, 0 remain pending
[2019.09.25-12.14.05:610][  0]LogPakFile: Registered encryption key '00000000000000000000000000000000': 0 pak files mounted, 0 remain pending
[2019.09.25-12.14.05:611][  0]LogPakFile: Registered encryption key '00000000000000000000000000000000': 0 pak files mounted, 0 remain pending
[2019.09.25-12.14.05:612][  0]LogPakFile: Registered encryption key '00000000000000000000000000000000': 0 pak files mounted, 0 remain pending
[2019.09.25-12.14.05:613][  0]LogPakFile: Registered encryption key '00000000000000000000000000000000': 0 pak files mounted, 0 remain pending
[2019.09.25-12.14.05:614][  0]LogPakFile: Registered encryption key '00000000000000000000000000000000': 0 pak files mounted, 0 remain pending
[2019.09.25-12.14.05:614][  0]LogPakFile: Registered encryption key '00000000000000000000000000000000': 0 pak files mounted, 0 remain pending
[2019.09.25-12.14.05:615][  0]LogPakFile: Registered encryption key '00000000000000000000000000000000': 0 pak files mounted, 0 remain pending
[2019.09.25-12.14.05:616][  0]LogPakFile: Registered encryption key '00000000000000000000000000000000': 0 pak files mounted, 0 remain pending
[2019.09.25-12.14.05:616][  0]LogPakFile: Registered encryption key '00000000000000000000000000000000': 0 pak files mounted, 0 remain pending
[2019.09.25-12.14.05:617][  0]LogPakFile: Registered encryption key '00000000000000000000000000000000': 0 pak files mounted, 0 remain pending
[2019.09.25-12.14.05:617][  0]LogPakFile: Registered encryption key '00000000000000000000000000000000': 0 pak files mounted, 0 remain pending
[2019.09.25-12.14.05:618][  0]LogPakFile: Registered encryption key '00000000000000000000000000000000': 0 pak files mounted, 0 remain pending
[2019.09.25-12.14.05:619][  0]LogPakFile: Registered encryption key '00000000000000000000000000000000': 0 pak files mounted, 0 remain pending
[2019.09.25-12.14.05:619][  0]LogPakFile: Registered encryption key '00000000000000000000000000000000': 0 pak files mounted, 0 remain pending
[2019.09.25-12.14.05:620][  0]LogPakFile: Registered encryption key '00000000000000000000000000000000': 0 pak files mounted, 0 remain pending
[2019.09.25-12.14.05:621][  0]LogPakFile: Registered encryption key '00000000000000000000000000000000': 0 pak files mounted, 0 remain pending
[2019.09.25-12.14.05:621][  0]LogPakFile: Registered encryption key '00000000000000000000000000000000': 0 pak files mounted, 0 remain pending
[2019.09.25-12.14.05:658][  0]LogContentBrowser: Native class hierarchy updated for 'AddContentDialog' in 0.0002 seconds. Added 0 classes and 0 folders.
[2019.09.25-12.14.05:664][  0]LogContentBrowser: Native class hierarchy updated for 'SceneOutliner' in 0.0003 seconds. Added 1 classes and 2 folders.
[2019.09.25-12.14.05:769][  0]LogContentBrowser: Native class hierarchy updated for 'HierarchicalLODOutliner' in 0.0003 seconds. Added 0 classes and 0 folders.
[2019.09.25-12.14.05:769][  0]LogLoad: (Engine Initialization) Total time: 12.00 seconds
[2019.09.25-12.14.05:770][  0]LogLoad: (Engine Initialization) Total Blueprint compile time: 0.00 seconds
[2019.09.25-12.14.05:825][  0]LogAssetRegistry: Asset discovery search completed in 6.1782 seconds
[2019.09.25-12.14.05:828][  0]LogCollectionManager: Rebuilt the object cache for 0 collections in 0.000000 seconds (found 0 objects)
[2019.09.25-12.14.05:828][  0]LogCollectionManager: Fixed up redirectors for 0 collections in 0.000069 seconds (updated 0 objects)
[2019.09.25-12.14.05:829][  0]LogContentStreaming: Texture pool size now 1000 MB
[2019.09.25-12.14.05:838][  0]LogSlate: Took 0.000218 seconds to synchronously load lazily loaded font '../../../Engine/Content/Slate/Fonts/Roboto-Regular.ttf' (155K)
[2019.09.25-12.14.05:840][  0]LogSlate: Took 0.000162 seconds to synchronously load lazily loaded font '../../../Engine/Content/Slate/Fonts/Roboto-Bold.ttf' (160K)
[2019.09.25-12.14.05:844][  0]LogSlate: Took 0.000274 seconds to synchronously load lazily loaded font '../../../Engine/Content/Editor/Slate/Fonts/FontAwesome.ttf' (139K)
[2019.09.25-12.14.06:197][  0]LogRenderer: Reallocating scene render targets to support 492x388 Format 10 NumSamples 1 (Frame:1).
[2019.09.25-12.14.06:197][  0]LogSlate: Took 0.000268 seconds to synchronously load lazily loaded font '../../../Engine/Content/Slate/Fonts/Roboto-Light.ttf' (167K)
[2019.09.25-12.14.06:795][ 41]LogSlate: Took 0.000266 seconds to synchronously load lazily loaded font '../../../Engine/Content/Slate/Fonts/Roboto-Light.ttf' (167K)
[2019.09.25-12.14.08:784][152]LogEditorViewport: Clicking on Actor (LMB): StaticMeshActor (Floor)
[2019.09.25-12.14.10:236][240]LogSlate: FSceneViewport::OnFocusLost() reason 0
[2019.09.25-12.14.10:424][253]LogAssetEditorManager: Opening Asset editor for Blueprint /Game/__MyContent/Blueprints/BP_MyGamemanager.BP_MyGameManager
[2019.09.25-12.14.10:802][253]LogContentBrowser: Native class hierarchy updated for 'BlueprintGraph' in 0.0017 seconds. Added 121 classes and 0 folders.
[2019.09.25-12.14.24:122][458]LogSlate: Window 'Find in Blueprints' being destroyed
[2019.09.25-12.14.24:129][458]LogSlate: Window 'Find in Blueprints' being destroyed
[2019.09.25-12.14.35:713][642]LogAssetEditorManager: Opening Asset editor for Blueprint /Game/__MyContent/Blueprints/BP_MyFunctionLibrary.BP_MyFunctionLibrary
[2019.09.25-12.14.36:402][642]LogSlate: Took 0.000649 seconds to synchronously load lazily loaded font '../../../Engine/Content/Slate/Fonts/Roboto-BoldCondensed.ttf' (158K)
[2019.09.25-12.14.39:080][880]LogAssetEditorManager: Opening Asset editor for Blueprint /Game/__MyContent/Blueprints/BP_MyGameMode.BP_MyGameMode
[2019.09.25-12.14.45:316][261]LogAssetEditorManager: Opening Asset editor for LevelScriptBlueprint /Game/__MyContent/Maps/Level_1.Level_1:PersistentLevel.Level_1
[2019.09.25-12.15.30:490][806]LogEditorViewport: Clicking on Actor (LMB): BP_Sky_Sphere_C (Sky Sphere)
[2019.09.25-12.15.31:913][875]LogSlate: FSceneViewport::OnFocusLost() reason 0
[2019.09.25-12.15.34:761][112]LogBlueprintActionDatabase: Requesting refresh due to module change: ExternalImagePicker (loaded)
[2019.09.25-12.15.36:386][112]LogSlate: Only BGRA pngs, bmps or icos are supported in by External Image Picker
[2019.09.25-12.15.53:918][432]LogTemp: Repeating last play command: New Editor Window (PIE)
[2019.09.25-12.15.53:940][432]LogBlueprintUserMessages: Early PlayInEditor Detection: Level '/Game/__MyContent/Maps/Level_1.Level_1:PersistentLevel' has LevelScriptBlueprint '/Game/__MyContent/Maps/Level_1.Level_1:PersistentLevel.Level_1' with GeneratedClass '/Game/__MyContent/Maps/Level_1.Level_1_C' with ClassGeneratedBy '/Game/__MyContent/Maps/Level_1.Level_1:PersistentLevel.Level_1'
[2019.09.25-12.15.53:940][432]LogPlayLevel: PlayLevel: No blueprints needed recompiling
[2019.09.25-12.15.53:940][432]PIE: New page: PIE session: Level_1 (26 Sep 2019 8:15:53 am)
[2019.09.25-12.15.53:953][432]LogPlayLevel: Creating play world package: /Game/__MyContent/Maps/UEDPIE_0_Level_1
[2019.09.25-12.15.53:958][432]LogPlayLevel: PIE: StaticDuplicateObject took: (0.004712s)
[2019.09.25-12.15.53:960][432]LogAIModule: Creating AISystem for world Level_1
[2019.09.25-12.15.53:960][432]LogPlayLevel: PIE: World Init took: (0.001825s)
[2019.09.25-12.15.53:960][432]LogPlayLevel: PIE: Created PIE world by copying editor world from /Game/__MyContent/Maps/Level_1.Level_1 to /Game/__MyContent/Maps/UEDPIE_0_Level_1.Level_1 (0.006949s)
[2019.09.25-12.15.54:117][432]LogUObjectHash: Compacting FUObjectHashTables data took  16.83ms
[2019.09.25-12.15.54:154][432]LogInit: XAudio2 using 'Speakers (Realtek(R) Audio)' : 2 channels at 48 kHz using 32 bits per sample (channel mask 0x3)
[2019.09.25-12.15.54:508][432]LogInit: FAudioDevice initialized.
[2019.09.25-12.15.54:539][432]LogSlate: Updating window title bar state: overlay mode, drag disabled, window buttons hidden, title bar hidden
[2019.09.25-12.15.54:603][432]LogLoad: Game class is 'BP_MyGameMode_C'
[2019.09.25-12.15.54:607][432]LogWorld: Bringing World /Game/__MyContent/Maps/UEDPIE_0_Level_1.Level_1 up for play (max tick rate 0) at 2019.09.25-22.15.54
[2019.09.25-12.15.54:608][432]LogWorld: Bringing up level for play took: 0.002718
[2019.09.25-12.15.54:628][432]LogBlueprintActionDatabase: Requesting refresh due to module change: Voice (loaded)
[2019.09.25-12.15.54:631][432]LogBlueprintActionDatabase: Requesting refresh due to module change: MovieSceneCapture (loaded)
[2019.09.25-12.15.54:631][432]LogContentBrowser: Native class hierarchy updated for 'MovieSceneCapture' in 0.0004 seconds. Added 20 classes and 0 folders.
[2019.09.25-12.15.54:636][432]PIE: Play in editor start time for /Game/__MyContent/Maps/UEDPIE_0_Level_1 0.471
[2019.09.25-12.15.54:636][432]LogBlueprintUserMessages: Late PlayInEditor Detection: Level '/Game/__MyContent/Maps/Level_1.Level_1:PersistentLevel' has LevelScriptBlueprint '/Game/__MyContent/Maps/Level_1.Level_1:PersistentLevel.Level_1' with GeneratedClass '/Game/__MyContent/Maps/Level_1.Level_1_C' with ClassGeneratedBy '/Game/__MyContent/Maps/Level_1.Level_1:PersistentLevel.Level_1'
[2019.09.25-12.15.55:168][434]LogRenderer: Reallocating scene render targets to support 1528x832 Format 10 NumSamples 1 (Frame:1).
[2019.09.25-12.15.57:267][546]LogBlueprintUserMessages: Early EndPlayMap Detection: Level '/Game/__MyContent/Maps/Level_1.Level_1:PersistentLevel' has LevelScriptBlueprint '/Game/__MyContent/Maps/Level_1.Level_1:PersistentLevel.Level_1' with GeneratedClass '/Game/__MyContent/Maps/Level_1.Level_1_C' with ClassGeneratedBy '/Game/__MyContent/Maps/Level_1.Level_1:PersistentLevel.Level_1'
[2019.09.25-12.15.57:267][546]LogSlate: Updating window title bar state: overlay mode, drag disabled, window buttons hidden, title bar hidden
[2019.09.25-12.15.57:292][546]LogSlate: Window 'MyProject2 Game Preview Standalone (64-bit/PCD3D_SM5)' being destroyed
[2019.09.25-12.15.57:359][546]LogPlayLevel: Display: Shutting down PIE online subsystems
[2019.09.25-12.15.57:360][546]LogBlueprintUserMessages: Late EndPlayMap Detection: Level '/Game/__MyContent/Maps/Level_1.Level_1:PersistentLevel' has LevelScriptBlueprint '/Game/__MyContent/Maps/Level_1.Level_1:PersistentLevel.Level_1' with GeneratedClass '/Game/__MyContent/Maps/Level_1.Level_1_C' with ClassGeneratedBy '/Game/__MyContent/Maps/Level_1.Level_1:PersistentLevel.Level_1'
[2019.09.25-12.15.57:594][546]LogUObjectHash: Compacting FUObjectHashTables data took  17.47ms
[2019.09.25-12.15.57:624][547]LogPlayLevel: Display: Destroying online subsystem :Context_7
[2019.09.25-12.17.52:999][778]LogAssetEditorManager: Opening Asset editor for Blueprint /Game/__MyContent/Blueprints/BP_MyGamemanager.BP_MyGameManager
[2019.09.25-12.19.31:989][186]BlueprintLog: New page: Compile BP_MyGameManager
[2019.09.25-12.19.32:250][186]LogUObjectHash: Compacting FUObjectHashTables data took   5.21ms
[2019.09.25-12.20.04:047][697]LogSlate: Window 'My Blueprint' being destroyed
[2019.09.25-12.20.07:980][ 95]LogSlate: Window 'My Blueprint' being destroyed
[2019.09.25-12.20.23:366][956]LogSlate: Window 'My Blueprint' being destroyed
[2019.09.25-12.20.33:334][966]LogSlate: Window 'Find Results' being destroyed
[2019.09.25-12.20.33:344][966]LogSlate: Window 'Find Results' being destroyed
[2019.09.25-12.21.00:518][945]LogTabManager: Warning: Unable to insert tab 'Document'.
[2019.09.25-12.21.00:518][945]LogTabManager: Warning: Cannot spawn tab because no spawner is registered for 'Document'
[2019.09.25-12.21.09:722][713]LogSlate: Window 'Document' being destroyed
[2019.09.25-12.21.09:729][713]LogSlate: Window 'Document' being destroyed
[2019.09.25-12.21.40:826][438]LogSlate: Window 'Construction Script' being destroyed
[2019.09.25-12.21.40:832][438]LogSlate: Window 'Construction Script' being destroyed
[2019.09.25-12.21.49:041][ 97]LogSlate: Window 'Construction Script' being destroyed
[2019.09.25-12.22.43:069][131]LogSlate: Took 0.000607 seconds to synchronously load lazily loaded font '../../../Engine/Content/Slate/Fonts/Roboto-BoldCondensedItalic.ttf' (160K)
[2019.09.25-12.23.31:306][542]LogUObjectHash: Compacting FUObjectHashTables data took   6.75ms
[2019.09.25-12.23.32:138][542]LogSavePackage: Moving '../../../../../Documents/GitHub/3D-Platformer/MyProject2/Saved/Level_1_Auto11CB8D87A4C2071A0A8A838AB502F42DD.tmp' to '../../../../../Documents/GitHub/3D-Platformer/MyProject2/Saved/Autosaves/Game/__MyContent/Maps/Level_1_Auto1.umap'
[2019.09.25-12.23.32:153][542]LogFileHelpers: Editor autosave (incl. sublevels) for '/Game/__MyContent/Maps/Level_1' took 0.951
[2019.09.25-12.23.32:153][542]LogFileHelpers: Editor autosave (incl. sublevels) for all levels took 0.951
[2019.09.25-12.23.32:158][542]OBJ SavePackage: Generating thumbnails for [0] asset(s) in package [/Game/__MyContent/Blueprints/BP_MyGamemanager] ([1] browsable assets)...
[2019.09.25-12.23.32:158][542]OBJ SavePackage: Finished generating thumbnails for package [/Game/__MyContent/Blueprints/BP_MyGamemanager]
[2019.09.25-12.23.32:241][542]LogSavePackage: Moving '../../../../../Documents/GitHub/3D-Platformer/MyProject2/Saved/BP_MyGamemanager_Auto10446F4914E724477CE38B5B63B763389.tmp' to '../../../../../Documents/GitHub/3D-Platformer/MyProject2/Saved/Autosaves/Game/__MyContent/Blueprints/BP_MyGamemanager_Auto1.uasset'
[2019.09.25-12.23.32:245][542]LogFileHelpers: Auto-saving content packages took 0.088
[2019.09.25-12.24.01:609][178]LogSlate: Window 'New Function 0' being destroyed
[2019.09.25-12.24.14:178][896]BlueprintLog: New page: Compile BP_MyGameManager
[2019.09.25-12.24.14:409][896]LogUObjectHash: Compacting FUObjectHashTables data took   4.45ms
[2019.09.25-12.24.14:820][915]LogSavePackage: Moving '../../../../../Documents/GitHub/3D-Platformer/MyProject2/Saved/BP_MyGamemanager8E3C87B043318CF4F058A8AC7B11909B.tmp' to '../../../../../Documents/GitHub/3D-Platformer/MyProject2/Content/__MyContent/Blueprints/BP_MyGamemanager.uasset'
[2019.09.25-12.24.38:212][164]BlueprintLog: New page: Compile BP_MyGameManager
[2019.09.25-12.24.38:453][164]LogUObjectHash: Compacting FUObjectHashTables data took   3.73ms
[2019.09.25-12.24.39:330][207]LogSavePackage: Moving '../../../../../Documents/GitHub/3D-Platformer/MyProject2/Saved/BP_MyGamemanager5EC3E6DC404912B9CF486CA1F74B4221.tmp' to '../../../../../Documents/GitHub/3D-Platformer/MyProject2/Content/__MyContent/Blueprints/BP_MyGamemanager.uasset'
[2019.09.25-12.25.35:173][457]LogUObjectHash: Compacting FUObjectHashTables data took   6.25ms
[2019.09.25-12.25.35:450][457]LogSavePackage: Moving '../../../../../Documents/GitHub/3D-Platformer/MyProject2/Saved/Level_1_Auto27B2BB58E4721F6FAB60200973D7EB67B.tmp' to '../../../../../Documents/GitHub/3D-Platformer/MyProject2/Saved/Autosaves/Game/__MyContent/Maps/Level_1_Auto2.umap'
[2019.09.25-12.25.35:454][457]LogFileHelpers: Editor autosave (incl. sublevels) for '/Game/__MyContent/Maps/Level_1' took 0.383
[2019.09.25-12.25.35:454][457]LogFileHelpers: Editor autosave (incl. sublevels) for all levels took 0.383
[2019.09.25-12.26.37:480][ 32]LogEditorViewport: Clicking on Actor (LMB): StaticMeshActor (Floor)
[2019.09.25-12.31.17:700][582]LogSlate: FSceneViewport::OnFocusLost() reason 0
[2019.09.25-12.31.17:927][590]LogUObjectHash: Compacting FUObjectHashTables data took   3.38ms
[2019.09.25-12.31.18:374][590]LogSavePackage: Moving '../../../../../Documents/GitHub/3D-Platformer/MyProject2/Saved/Level_14ABFF30946968A0E905A7BBCCF62B467.tmp' to '../../../../../Documents/GitHub/3D-Platformer/MyProject2/Content/__MyContent/Maps/Level_1.umap'
[2019.09.25-12.31.18:420][590]Cmd: OBJ SAVEPACKAGE PACKAGE="/Game/__MyContent/Maps/Level_1_BuiltData" FILE="../../../../../Documents/GitHub/3D-Platformer/MyProject2/Content/__MyContent/Maps/Level_1_BuiltData.uasset" SILENT=true
[2019.09.25-12.31.18:481][590]LogSavePackage: Moving '../../../../../Documents/GitHub/3D-Platformer/MyProject2/Saved/Level_1_BuiltData589A908B4537EEE2E87FCA98ADC6128D.tmp' to '../../../../../Documents/GitHub/3D-Platformer/MyProject2/Content/__MyContent/Maps/Level_1_BuiltData.uasset'
[2019.09.25-12.38.10:542][913]LogEditorViewport: Clicking on Actor (LMB): StaticMeshActor (Floor)
[2019.09.25-12.52.56:313][118]LogSlate: FSceneViewport::OnFocusLost() reason 0
[2019.09.25-13.03.29:573][556]LogUObjectHash: Compacting FUObjectHashTables data took   3.81ms
[2019.09.25-13.03.29:785][556]LogSavePackage: Moving '../../../../../Documents/GitHub/3D-Platformer/MyProject2/Saved/Level_1597C48F74715078483E1CCAD3BBAE068.tmp' to '../../../../../Documents/GitHub/3D-Platformer/MyProject2/Content/__MyContent/Maps/Level_1.umap'
[2019.09.25-13.03.29:808][556]Cmd: OBJ SAVEPACKAGE PACKAGE="/Game/__MyContent/Maps/Level_1_BuiltData" FILE="../../../../../Documents/GitHub/3D-Platformer/MyProject2/Content/__MyContent/Maps/Level_1_BuiltData.uasset" SILENT=true
[2019.09.25-13.03.29:832][556]LogSavePackage: Moving '../../../../../Documents/GitHub/3D-Platformer/MyProject2/Saved/Level_1_BuiltData13F66D154EBDAF01D7DFEC91ACBC6D39.tmp' to '../../../../../Documents/GitHub/3D-Platformer/MyProject2/Content/__MyContent/Maps/Level_1_BuiltData.uasset'
[2019.09.25-13.07.12:740][203]BlueprintLog: New page: Compile BP_MyGameManager
[2019.09.25-13.07.12:960][203]LogUObjectHash: Compacting FUObjectHashTables data took   4.68ms
[2019.09.25-13.07.13:588][268]LogSavePackage: Moving '../../../../../Documents/GitHub/3D-Platformer/MyProject2/Saved/BP_MyGamemanager09242DC74B9D98A500501BBB6028E075.tmp' to '../../../../../Documents/GitHub/3D-Platformer/MyProject2/Content/__MyContent/Blueprints/BP_MyGamemanager.uasset'
[2019.09.25-13.08.04:916][397]LogUObjectHash: Compacting FUObjectHashTables data took   3.85ms
[2019.09.25-13.08.05:137][397]LogSavePackage: Moving '../../../../../Documents/GitHub/3D-Platformer/MyProject2/Saved/Level_1_Auto324E9B63549E93E399BB6F8BB11C13B93.tmp' to '../../../../../Documents/GitHub/3D-Platformer/MyProject2/Saved/Autosaves/Game/__MyContent/Maps/Level_1_Auto3.umap'
[2019.09.25-13.08.05:141][397]LogFileHelpers: Editor autosave (incl. sublevels) for '/Game/__MyContent/Maps/Level_1' took 0.276
[2019.09.25-13.08.05:142][397]LogFileHelpers: Editor autosave (incl. sublevels) for all levels took 0.276
[2019.09.25-13.09.40:685][553]LogSlate: Window 'Pick Parent Class' being destroyed
[2019.09.25-13.13.42:322][  5]LogUObjectHash: Compacting FUObjectHashTables data took   3.83ms
[2019.09.25-13.13.42:322][  5]LogFileHelpers: Editor autosave (incl. sublevels) for '/Game/__MyContent/Maps/Level_1' took 0.051
[2019.09.25-13.13.42:323][  5]OBJ SavePackage: Generating thumbnails for [0] asset(s) in package [/Game/__MyContent/Blueprints/BP_MyGameStates] ([1] browsable assets)...
[2019.09.25-13.13.42:323][  5]OBJ SavePackage: Finished generating thumbnails for package [/Game/__MyContent/Blueprints/BP_MyGameStates]
[2019.09.25-13.13.42:329][  5]LogSavePackage: Moving '../../../../../Documents/GitHub/3D-Platformer/MyProject2/Saved/BP_MyGameStates_Auto426836196420C99E4E498458553A87AC3.tmp' to '../../../../../Documents/GitHub/3D-Platformer/MyProject2/Saved/Autosaves/Game/__MyContent/Blueprints/BP_MyGameStates_Auto4.uasset'
[2019.09.25-13.13.42:331][  5]LogFileHelpers: Auto-saving content packages took 0.008
[2019.09.25-13.14.10:897][ 87]LogAssetEditorManager: Opening Asset editor for UserDefinedEnum /Game/__MyContent/Blueprints/BP_MyGameStates.BP_MyGameStates
[2019.09.25-13.14.15:047][471]LogSlate: Window 'BP_MyGameStates' being destroyed
[2019.09.25-13.15.58:582][859]LogUObjectHash: Compacting FUObjectHashTables data took   1.06ms
[2019.09.25-13.15.58:582][859]LogFileHelpers: Editor autosave (incl. sublevels) for '/Game/__MyContent/Maps/Level_1' took 0.046
[2019.09.25-13.15.58:583][859]OBJ SavePackage: Generating thumbnails for [0] asset(s) in package [/Game/__MyContent/Blueprints/BP_MyGameStates] ([1] browsable assets)...
[2019.09.25-13.15.58:583][859]OBJ SavePackage: Finished generating thumbnails for package [/Game/__MyContent/Blueprints/BP_MyGameStates]
[2019.09.25-13.15.58:589][859]LogSavePackage: Moving '../../../../../Documents/GitHub/3D-Platformer/MyProject2/Saved/BP_MyGameStates_Auto59D5D3D36483233535416BE8FDD538DB3.tmp' to '../../../../../Documents/GitHub/3D-Platformer/MyProject2/Saved/Autosaves/Game/__MyContent/Blueprints/BP_MyGameStates_Auto5.uasset'
[2019.09.25-13.15.58:592][859]LogFileHelpers: Auto-saving content packages took 0.009
[2019.09.25-13.17.58:695][726]LogUObjectHash: Compacting FUObjectHashTables data took   0.97ms
[2019.09.25-13.17.58:695][726]LogFileHelpers: Editor autosave (incl. sublevels) for '/Game/__MyContent/Maps/Level_1' took 0.046
[2019.09.25-13.17.58:697][726]OBJ SavePackage: Generating thumbnails for [0] asset(s) in package [/Game/__MyContent/Blueprints/BP_MyGameStates] ([1] browsable assets)...
[2019.09.25-13.17.58:697][726]OBJ SavePackage: Finished generating thumbnails for package [/Game/__MyContent/Blueprints/BP_MyGameStates]
[2019.09.25-13.17.58:702][726]LogSavePackage: Moving '../../../../../Documents/GitHub/3D-Platformer/MyProject2/Saved/BP_MyGameStates_Auto6CE60D4434DE5A82019929D970C676E5D.tmp' to '../../../../../Documents/GitHub/3D-Platformer/MyProject2/Saved/Autosaves/Game/__MyContent/Blueprints/BP_MyGameStates_Auto6.uasset'
[2019.09.25-13.17.58:704][726]LogFileHelpers: Auto-saving content packages took 0.007
[2019.09.25-13.19.58:803][116]LogUObjectHash: Compacting FUObjectHashTables data took   1.15ms
[2019.09.25-13.19.58:803][116]LogFileHelpers: Editor autosave (incl. sublevels) for '/Game/__MyContent/Maps/Level_1' took 0.043
[2019.09.25-13.19.58:805][116]OBJ SavePackage: Generating thumbnails for [0] asset(s) in package [/Game/__MyContent/Blueprints/BP_MyGameStates] ([1] browsable assets)...
[2019.09.25-13.19.58:805][116]OBJ SavePackage: Finished generating thumbnails for package [/Game/__MyContent/Blueprints/BP_MyGameStates]
[2019.09.25-13.19.58:812][116]LogSavePackage: Moving '../../../../../Documents/GitHub/3D-Platformer/MyProject2/Saved/BP_MyGameStates_Auto727835EA54B9708E6AAF96384124C9BFF.tmp' to '../../../../../Documents/GitHub/3D-Platformer/MyProject2/Saved/Autosaves/Game/__MyContent/Blueprints/BP_MyGameStates_Auto7.uasset'
[2019.09.25-13.19.58:813][116]LogFileHelpers: Auto-saving content packages took 0.009
[2019.09.25-13.26.12:040][726]LogSlate: Window 'New Function 0' being destroyed
[2019.09.25-13.26.30:742][826]LogSlate: Took 0.000346 seconds to synchronously load lazily loaded font '../../../Engine/Content/Slate/Fonts/Roboto-Italic.ttf' (157K)
[2019.09.25-13.27.06:693][406]LogUObjectHash: Compacting FUObjectHashTables data took   4.29ms
[2019.09.25-13.27.06:907][406]LogSavePackage: Moving '../../../../../Documents/GitHub/3D-Platformer/MyProject2/Saved/Level_1_Auto817BF79B24DC6E3DCA95724815D3A220F.tmp' to '../../../../../Documents/GitHub/3D-Platformer/MyProject2/Saved/Autosaves/Game/__MyContent/Maps/Level_1_Auto8.umap'
[2019.09.25-13.27.06:911][406]LogFileHelpers: Editor autosave (incl. sublevels) for '/Game/__MyContent/Maps/Level_1' took 0.283
[2019.09.25-13.27.06:911][406]LogFileHelpers: Editor autosave (incl. sublevels) for all levels took 0.283
[2019.09.25-13.27.06:913][406]OBJ SavePackage: Generating thumbnails for [0] asset(s) in package [/Game/__MyContent/Blueprints/BP_MyGamemanager] ([1] browsable assets)...
[2019.09.25-13.27.06:913][406]OBJ SavePackage: Finished generating thumbnails for package [/Game/__MyContent/Blueprints/BP_MyGamemanager]
[2019.09.25-13.27.06:948][406]LogSavePackage: Moving '../../../../../Documents/GitHub/3D-Platformer/MyProject2/Saved/BP_MyGamemanager_Auto86D367D854F58ADAE233F9BAD746E0731.tmp' to '../../../../../Documents/GitHub/3D-Platformer/MyProject2/Saved/Autosaves/Game/__MyContent/Blueprints/BP_MyGamemanager_Auto8.uasset'
[2019.09.25-13.27.06:951][406]LogFileHelpers: Auto-saving content packages took 0.038
[2019.09.25-13.43.51:406][ 48]LogSavePackage: Moving '../../../../../Documents/GitHub/3D-Platformer/MyProject2/Saved/BP_MyGameStatesC26C31C54E13F84CB1EF56B26890377E.tmp' to '../../../../../Documents/GitHub/3D-Platformer/MyProject2/Content/__MyContent/Blueprints/BP_MyGameStates.uasset'
[2019.09.25-13.46.44:591][653]BlueprintLog: New page: Compile BP_MyGameManager
[2019.09.25-13.46.44:815][653]LogUObjectHash: Compacting FUObjectHashTables data took   4.65ms
[2019.09.25-13.46.58:913][494]LogSavePackage: Moving '../../../../../Documents/GitHub/3D-Platformer/MyProject2/Saved/BP_MyGamemanager0028F4F240520E5D7C6D59B18EC51357.tmp' to '../../../../../Documents/GitHub/3D-Platformer/MyProject2/Content/__MyContent/Blueprints/BP_MyGamemanager.uasset'
[2019.09.25-13.47.15:511][408]LogAssetEditorManager: Opening Asset editor for Blueprint /Game/__MyContent/Blueprints/BP_MyGamemanager.BP_MyGameManager
[2019.09.25-13.48.51:391][872]BlueprintLog: New page: Compile BP_MyGameManager
[2019.09.25-13.48.51:619][872]LogUObjectHash: Compacting FUObjectHashTables data took   4.16ms
[2019.09.25-13.48.52:030][892]LogSavePackage: Moving '../../../../../Documents/GitHub/3D-Platformer/MyProject2/Saved/BP_MyGamemanager5A750F664DBB347917F9539451E56DAE.tmp' to '../../../../../Documents/GitHub/3D-Platformer/MyProject2/Content/__MyContent/Blueprints/BP_MyGamemanager.uasset'
[2019.09.25-13.49.27:193][994]LogUObjectHash: Compacting FUObjectHashTables data took   3.76ms
[2019.09.25-13.49.27:424][994]LogSavePackage: Moving '../../../../../Documents/GitHub/3D-Platformer/MyProject2/Saved/Level_1_Auto9D4C888CB4E7643AB5AC88C92AC0B543F.tmp' to '../../../../../Documents/GitHub/3D-Platformer/MyProject2/Saved/Autosaves/Game/__MyContent/Maps/Level_1_Auto9.umap'
[2019.09.25-13.49.27:428][994]LogFileHelpers: Editor autosave (incl. sublevels) for '/Game/__MyContent/Maps/Level_1' took 0.278
[2019.09.25-13.49.27:428][994]LogFileHelpers: Editor autosave (incl. sublevels) for all levels took 0.278
[2019.09.25-13.50.22:098][265]LogUObjectHash: Compacting FUObjectHashTables data took   2.72ms
[2019.09.25-13.50.22:328][265]LogSavePackage: Moving '../../../../../Documents/GitHub/3D-Platformer/MyProject2/Saved/Level_158663AB14C7F3A3E6839DE90256364F3.tmp' to '../../../../../Documents/GitHub/3D-Platformer/MyProject2/Content/__MyContent/Maps/Level_1.umap'
[2019.09.25-13.50.22:352][265]Cmd: OBJ SAVEPACKAGE PACKAGE="/Game/__MyContent/Maps/Level_1_BuiltData" FILE="../../../../../Documents/GitHub/3D-Platformer/MyProject2/Content/__MyContent/Maps/Level_1_BuiltData.uasset" SILENT=true
[2019.09.25-13.50.22:379][265]LogSavePackage: Moving '../../../../../Documents/GitHub/3D-Platformer/MyProject2/Saved/Level_1_BuiltData8238596347F367C81B7024869C644538.tmp' to '../../../../../Documents/GitHub/3D-Platformer/MyProject2/Content/__MyContent/Maps/Level_1_BuiltData.uasset'
[2019.09.25-13.50.31:078][784]LogEditorTransaction: Undo Delete current selection
[2019.09.25-13.53.12:116][412]LogUObjectHash: Compacting FUObjectHashTables data took   4.39ms
[2019.09.25-13.53.12:342][412]LogSavePackage: Moving '../../../../../Documents/GitHub/3D-Platformer/MyProject2/Saved/Level_1_Auto06ABA3FDC44B94FCE69A00C8AC8326F0B.tmp' to '../../../../../Documents/GitHub/3D-Platformer/MyProject2/Saved/Autosaves/Game/__MyContent/Maps/Level_1_Auto0.umap'
[2019.09.25-13.53.12:346][412]LogFileHelpers: Editor autosave (incl. sublevels) for '/Game/__MyContent/Maps/Level_1' took 0.276
[2019.09.25-13.53.12:346][412]LogFileHelpers: Editor autosave (incl. sublevels) for all levels took 0.276
[2019.09.25-13.53.12:348][412]OBJ SavePackage: Generating thumbnails for [0] asset(s) in package [/Game/__MyContent/Blueprints/BP_MyGamemanager] ([1] browsable assets)...
[2019.09.25-13.53.12:348][412]OBJ SavePackage: Finished generating thumbnails for package [/Game/__MyContent/Blueprints/BP_MyGamemanager]
[2019.09.25-13.53.12:375][412]LogSavePackage: Moving '../../../../../Documents/GitHub/3D-Platformer/MyProject2/Saved/BP_MyGamemanager_Auto0C0134A00434553D474AF96892912743D.tmp' to '../../../../../Documents/GitHub/3D-Platformer/MyProject2/Saved/Autosaves/Game/__MyContent/Blueprints/BP_MyGamemanager_Auto0.uasset'
[2019.09.25-13.53.12:376][412]LogFileHelpers: Auto-saving content packages took 0.029
[2019.09.25-13.54.14:726][141]BlueprintLog: New page: Compile BP_MyGameManager
[2019.09.25-13.54.14:943][141]LogUObjectHash: Compacting FUObjectHashTables data took   3.36ms
[2019.09.25-13.54.15:452][167]LogSavePackage: Moving '../../../../../Documents/GitHub/3D-Platformer/MyProject2/Saved/BP_MyGamemanager304CB8BD4B5FF220219C469FF99F94C2.tmp' to '../../../../../Documents/GitHub/3D-Platformer/MyProject2/Content/__MyContent/Blueprints/BP_MyGamemanager.uasset'
[2019.09.25-13.54.34:540][309]BlueprintLog: New page: Compile BP_MyGameManager
[2019.09.25-13.54.34:765][309]LogUObjectHash: Compacting FUObjectHashTables data took   4.10ms
[2019.09.25-13.54.35:243][333]LogSavePackage: Moving '../../../../../Documents/GitHub/3D-Platformer/MyProject2/Saved/BP_MyGamemanager1BFD6B114CAE70DA12DFA4A0A9816000.tmp' to '../../../../../Documents/GitHub/3D-Platformer/MyProject2/Content/__MyContent/Blueprints/BP_MyGamemanager.uasset'
[2019.09.25-13.55.24:497][280]LogUObjectHash: Compacting FUObjectHashTables data took   4.04ms
[2019.09.25-13.55.24:748][280]LogSavePackage: Moving '../../../../../Documents/GitHub/3D-Platformer/MyProject2/Saved/Level_1_Auto1CE7F4AF84C7EB09E831EE5B492556106.tmp' to '../../../../../Documents/GitHub/3D-Platformer/MyProject2/Saved/Autosaves/Game/__MyContent/Maps/Level_1_Auto1.umap'
[2019.09.25-13.55.24:753][280]LogFileHelpers: Editor autosave (incl. sublevels) for '/Game/__MyContent/Maps/Level_1' took 0.301
[2019.09.25-13.55.24:753][280]LogFileHelpers: Editor autosave (incl. sublevels) for all levels took 0.301
[2019.09.25-13.55.24:754][280]OBJ SavePackage: Generating thumbnails for [0] asset(s) in package [/Game/__MyContent/Blueprints/BP_MyGamemanager] ([1] browsable assets)...
[2019.09.25-13.55.24:754][280]OBJ SavePackage: Finished generating thumbnails for package [/Game/__MyContent/Blueprints/BP_MyGamemanager]
[2019.09.25-13.55.24:787][280]LogSavePackage: Moving '../../../../../Documents/GitHub/3D-Platformer/MyProject2/Saved/BP_MyGamemanager_Auto1399D812542F334F5F6BED88EFC1D3EB9.tmp' to '../../../../../Documents/GitHub/3D-Platformer/MyProject2/Saved/Autosaves/Game/__MyContent/Blueprints/BP_MyGamemanager_Auto1.uasset'
[2019.09.25-13.55.24:788][280]LogFileHelpers: Auto-saving content packages took 0.034
[2019.09.25-13.55.35:571][924]BlueprintLog: New page: Compile BP_MyGameManager
[2019.09.25-13.55.35:796][924]LogUObjectHash: Compacting FUObjectHashTables data took   3.33ms
[2019.09.25-13.55.36:190][943]LogSavePackage: Moving '../../../../../Documents/GitHub/3D-Platformer/MyProject2/Saved/BP_MyGamemanager9FBF488641DE7FC6BDB2E7A84E3649E4.tmp' to '../../../../../Documents/GitHub/3D-Platformer/MyProject2/Content/__MyContent/Blueprints/BP_MyGamemanager.uasset'
[2019.09.25-13.55.57:276][204]BlueprintLog: New page: Compile BP_MyGameManager
[2019.09.25-13.55.57:504][204]LogUObjectHash: Compacting FUObjectHashTables data took   3.83ms
[2019.09.25-13.55.57:856][221]LogSavePackage: Moving '../../../../../Documents/GitHub/3D-Platformer/MyProject2/Saved/BP_MyGamemanager00C73D2347327AB5500BE3A5AC2CD8FA.tmp' to '../../../../../Documents/GitHub/3D-Platformer/MyProject2/Content/__MyContent/Blueprints/BP_MyGamemanager.uasset'
[2019.09.25-14.00.02:315][357]BlueprintLog: New page: Compile Level_1
[2019.09.25-14.00.02:519][357]LogUObjectHash: Compacting FUObjectHashTables data took   4.13ms
[2019.09.25-14.00.02:905][376]LogUObjectHash: Compacting FUObjectHashTables data took   2.85ms
[2019.09.25-14.00.03:146][376]LogSavePackage: Moving '../../../../../Documents/GitHub/3D-Platformer/MyProject2/Saved/Level_1C8F31A9341F735D104458A820B151FE7.tmp' to '../../../../../Documents/GitHub/3D-Platformer/MyProject2/Content/__MyContent/Maps/Level_1.umap'
[2019.09.25-14.00.03:170][376]LogFileHelpers: Saving map 'Level_1' took 0.310
[2019.09.25-14.00.55:544][246]LogConsoleManager: Warning: Console object named 'ActorComponents.Enable' already exists but is being registered again, but we weren't expected it to be! (FConsoleManager::AddConsoleObject)
[2019.09.25-14.00.56:533][303]LogTemp: Repeating last play command: New Editor Window (PIE)
[2019.09.25-14.00.56:559][303]LogBlueprintUserMessages: Early PlayInEditor Detection: Level '/Game/__MyContent/Maps/Level_1.Level_1:PersistentLevel' has LevelScriptBlueprint '/Game/__MyContent/Maps/Level_1.Level_1:PersistentLevel.Level_1' with GeneratedClass '/Game/__MyContent/Maps/Level_1.Level_1_C' with ClassGeneratedBy '/Game/__MyContent/Maps/Level_1.Level_1:PersistentLevel.Level_1'
[2019.09.25-14.00.56:560][303]BlueprintLog: New page: Pre-Play auto-recompile
[2019.09.25-14.00.56:560][303]LogPlayLevel: [PlayLevel] Compiling PROTO_BP_AnimBlueprint_0 before play...
[2019.09.25-14.00.56:610][303]LogUObjectHash: Compacting FUObjectHashTables data took   3.38ms
[2019.09.25-14.00.56:610][303]LogPlayLevel: PlayLevel: Blueprint regeneration took 50 ms (1 blueprints)
[2019.09.25-14.00.56:610][303]PIE: New page: PIE session: Level_1 (26 Sep 2019 10:00:56 am)
[2019.09.25-14.00.56:610][303]LogPlayLevel: Creating play world package: /Game/__MyContent/Maps/UEDPIE_0_Level_1
[2019.09.25-14.00.56:615][303]LogPlayLevel: PIE: StaticDuplicateObject took: (0.004064s)
[2019.09.25-14.00.56:615][303]LogAIModule: Creating AISystem for world Level_1
[2019.09.25-14.00.56:615][303]LogPlayLevel: PIE: World Init took: (0.000670s)
[2019.09.25-14.00.56:615][303]LogPlayLevel: PIE: Created PIE world by copying editor world from /Game/__MyContent/Maps/Level_1.Level_1 to /Game/__MyContent/Maps/UEDPIE_0_Level_1.Level_1 (0.004866s)
[2019.09.25-14.00.56:662][303]LogUObjectHash: Compacting FUObjectHashTables data took   2.34ms
[2019.09.25-14.00.56:676][303]LogInit: XAudio2 using 'Speakers (Realtek(R) Audio)' : 2 channels at 48 kHz using 32 bits per sample (channel mask 0x3)
[2019.09.25-14.00.56:784][303]LogInit: FAudioDevice initialized.
[2019.09.25-14.00.56:794][303]LogSlate: Updating window title bar state: overlay mode, drag disabled, window buttons hidden, title bar hidden
[2019.09.25-14.00.56:828][303]LogLoad: Game class is 'BP_MyGameMode_C'
[2019.09.25-14.00.56:830][303]LogWorld: Bringing World /Game/__MyContent/Maps/UEDPIE_0_Level_1.Level_1 up for play (max tick rate 60) at 2019.09.26-00.00.56
[2019.09.25-14.00.56:830][303]LogWorld: Bringing up level for play took: 0.001806
[2019.09.25-14.00.56:848][303]PIE: Play in editor start time for /Game/__MyContent/Maps/UEDPIE_0_Level_1 0.683
[2019.09.25-14.00.56:850][303]LogBlueprintUserMessages: Late PlayInEditor Detection: Level '/Game/__MyContent/Maps/Level_1.Level_1:PersistentLevel' has LevelScriptBlueprint '/Game/__MyContent/Maps/Level_1.Level_1:PersistentLevel.Level_1' with GeneratedClass '/Game/__MyContent/Maps/Level_1.Level_1_C' with ClassGeneratedBy '/Game/__MyContent/Maps/Level_1.Level_1:PersistentLevel.Level_1'
[2019.09.25-14.01.01:680][587]LogBlueprintUserMessages: Early EndPlayMap Detection: Level '/Game/__MyContent/Maps/Level_1.Level_1:PersistentLevel' has LevelScriptBlueprint '/Game/__MyContent/Maps/Level_1.Level_1:PersistentLevel.Level_1' with GeneratedClass '/Game/__MyContent/Maps/Level_1.Level_1_C' with ClassGeneratedBy '/Game/__MyContent/Maps/Level_1.Level_1:PersistentLevel.Level_1'
[2019.09.25-14.01.01:680][587]LogSlate: Updating window title bar state: overlay mode, drag disabled, window buttons hidden, title bar hidden
[2019.09.25-14.01.01:692][587]LogSlate: Window 'MyProject2 Game Preview Standalone (64-bit/PCD3D_SM5)' being destroyed
[2019.09.25-14.01.01:743][587]LogPlayLevel: Display: Shutting down PIE online subsystems
[2019.09.25-14.01.01:744][587]LogBlueprintUserMessages: Late EndPlayMap Detection: Level '/Game/__MyContent/Maps/Level_1.Level_1:PersistentLevel' has LevelScriptBlueprint '/Game/__MyContent/Maps/Level_1.Level_1:PersistentLevel.Level_1' with GeneratedClass '/Game/__MyContent/Maps/Level_1.Level_1_C' with ClassGeneratedBy '/Game/__MyContent/Maps/Level_1.Level_1:PersistentLevel.Level_1'
[2019.09.25-14.01.01:839][587]LogUObjectHash: Compacting FUObjectHashTables data took   4.00ms
[2019.09.25-14.01.01:865][588]LogPlayLevel: Display: Destroying online subsystem :Context_10
[2019.09.25-14.01.17:467][522]LogEditorViewport: Clicking on Actor (LMB): BP_Sky_Sphere_C (Sky Sphere)
[2019.09.25-14.01.19:015][612]LogSlate: FSceneViewport::OnFocusLost() reason 0
