Log file open, 09/21/19 12:16:16
LogWindows: Failed to load 'aqProf.dll' (GetLastError=126)
LogWindows: File 'aqProf.dll' does not exist
LogWindows: Failed to load 'VtuneApi.dll' (GetLastError=126)
LogWindows: File 'VtuneApi.dll' does not exist
LogWindows: Failed to load 'VtuneApi32e.dll' (GetLastError=126)
LogWindows: File 'VtuneApi32e.dll' does not exist
LogConsoleResponse: Display: Failed to find resolution value strings in scalability ini. Falling back to default.
LogInit: Display: Running engine for game: MyProject2
LogPakFile: Registered encryption key '00000000000000000000000000000000': 0 pak files mounted, 0 remain pending
LogPlatformFile: Not using cached read wrapper
LogTaskGraph: Started task graph with 5 named threads and 35 total threads with 3 sets of task threads.
LogStats: Stats thread started at 0.558108
LogD3D11RHI: Loaded GFSDK_Aftermath_Lib.x64.dll
LogICUInternationalization: ICU TimeZone Detection - Raw Offset: +10:00, Platform Override: ''
LogPluginManager: Mounting plugin Paper2D
LogPluginManager: Mounting plugin AISupport
LogPluginManager: Mounting plugin LightPropagationVolume
LogPluginManager: Mounting plugin ActorLayerUtilities
LogPluginManager: Mounting plugin AnimationSharing
LogPluginManager: Mounting plugin CLionSourceCodeAccess
LogPluginManager: Mounting plugin CodeLiteSourceCodeAccess
LogPluginManager: Mounting plugin GitSourceControl
LogPluginManager: Mounting plugin KDevelopSourceCodeAccess
LogPluginManager: Mounting plugin NullSourceCodeAccess
LogPluginManager: Mounting plugin PerforceSourceControl
LogPluginManager: Mounting plugin SubversionSourceControl
LogPluginManager: Mounting plugin UObjectPlugin
LogPluginManager: Mounting plugin VisualStudioCodeSourceCodeAccess
LogPluginManager: Mounting plugin VisualStudioSourceCodeAccess
LogPluginManager: Mounting plugin XCodeSourceCodeAccess
LogPluginManager: Mounting plugin AssetManagerEditor
LogPluginManager: Mounting plugin CryptoKeys
LogPluginManager: Mounting plugin DataValidation
LogPluginManager: Mounting plugin FacialAnimation
LogPluginManager: Mounting plugin GameplayTagsEditor
LogPluginManager: Mounting plugin MacGraphicsSwitching
LogPluginManager: Mounting plugin MaterialAnalyzer
LogPluginManager: Mounting plugin MobileLauncherProfileWizard
LogPluginManager: Mounting plugin PluginBrowser
LogPluginManager: Mounting plugin SpeedTreeImporter
LogPluginManager: Mounting plugin DatasmithContent
LogPluginManager: Mounting plugin VariantManagerContent
LogPluginManager: Mounting plugin AlembicImporter
LogPluginManager: Mounting plugin AppleImageUtils
LogPluginManager: Mounting plugin AppleVision
LogPluginManager: Mounting plugin BackChannel
LogPluginManager: Mounting plugin CharacterAI
LogPluginManager: Mounting plugin GeometryCache
LogPluginManager: Mounting plugin HTML5Networking
LogPluginManager: Mounting plugin ProxyLODPlugin
LogPluginManager: Mounting plugin SkeletalReduction
LogPluginManager: Mounting plugin MagicLeap
LogPluginManager: Mounting plugin MagicLeapMedia
LogPluginManager: Mounting plugin AndroidMedia
LogPluginManager: Mounting plugin AvfMedia
LogPluginManager: Mounting plugin ImgMedia
LogPluginManager: Mounting plugin LinearTimecode
LogPluginManager: Mounting plugin MediaCompositing
LogPluginManager: Mounting plugin MediaPlayerEditor
LogPluginManager: Mounting plugin WebMMedia
LogPluginManager: Mounting plugin WmfMedia
LogPluginManager: Mounting plugin TcpMessaging
LogPluginManager: Mounting plugin UdpMessaging
LogPluginManager: Mounting plugin ActorSequence
LogPluginManager: Mounting plugin LevelSequenceEditor
LogPluginManager: Mounting plugin MatineeToLevelSequence
LogPluginManager: Mounting plugin NetcodeUnitTest
LogPluginManager: Mounting plugin NUTUnrealEngine4
LogPluginManager: Mounting plugin OnlineSubsystemGooglePlay
LogPluginManager: Mounting plugin OnlineSubsystemIOS
LogPluginManager: Mounting plugin OnlineSubsystem
LogPluginManager: Mounting plugin OnlineSubsystemNull
LogPluginManager: Mounting plugin OnlineSubsystemUtils
LogPluginManager: Mounting plugin LauncherChunkInstaller
LogPluginManager: Mounting plugin AndroidDeviceProfileSelector
LogPluginManager: Mounting plugin AndroidMoviePlayer
LogPluginManager: Mounting plugin AndroidPermission
LogPluginManager: Mounting plugin AppleMoviePlayer
LogPluginManager: Mounting plugin ArchVisCharacter
LogPluginManager: Mounting plugin AudioCapture
LogPluginManager: Mounting plugin CableComponent
LogPluginManager: Mounting plugin CustomMeshComponent
LogPluginManager: Mounting plugin EditableMesh
LogPluginManager: Mounting plugin ExampleDeviceProfileSelector
LogPluginManager: Mounting plugin Firebase
LogPluginManager: Mounting plugin GoogleCloudMessaging
LogPluginManager: Mounting plugin IOSDeviceProfileSelector
LogPluginManager: Mounting plugin LinuxDeviceProfileSelector
LogPluginManager: Mounting plugin LocationServicesBPLibrary
LogPluginManager: Mounting plugin MobilePatchingUtils
LogPluginManager: Mounting plugin OculusVR
LogPluginManager: Mounting plugin PhysXVehicles
LogPluginManager: Mounting plugin ProceduralMeshComponent
LogPluginManager: Mounting plugin RuntimePhysXCooking
LogPluginManager: Mounting plugin SignificanceManager
LogPluginManager: Mounting plugin SteamVR
LogPluginManager: Mounting plugin WebMMoviePlayer
LogPluginManager: Mounting plugin WindowsMoviePlayer
LogInit: Using libcurl 7.55.1-DEV
LogInit:  - built for x86_64-pc-win32
LogInit:  - supports SSL with OpenSSL/1.1.1
LogInit:  - supports HTTP deflate (compression) using libz 1.2.8
LogInit:  - other features:
LogInit:      CURL_VERSION_SSL
LogInit:      CURL_VERSION_LIBZ
LogInit:      CURL_VERSION_IPV6
LogInit:      CURL_VERSION_ASYNCHDNS
LogInit:      CURL_VERSION_LARGEFILE
LogInit:      CURL_VERSION_IDN
LogInit:  CurlRequestOptions (configurable via config and command line):
LogInit:  - bVerifyPeer = true  - Libcurl will verify peer certificate
LogInit:  - bUseHttpProxy = false  - Libcurl will NOT use HTTP proxy
LogInit:  - bDontReuseConnections = false  - Libcurl will reuse connections
LogInit:  - MaxHostConnections = 16  - Libcurl will limit the number of connections to a host
LogInit:  - LocalHostAddr = Default
LogInit:  - BufferSize = 65536
LogInit: WinSock: version 1.1 (2.2), MaxSocks=32767, MaxUdp=65467
LogInit: Build: ++UE4+Release-4.22-CL-7053642
LogInit: Engine Version: 4.22.3-7053642+++UE4+Release-4.22
LogInit: Compatible Engine Version: 4.22.0-5660361+++UE4+Release-4.22
LogInit: Net CL: 5660361
LogInit: OS: Windows 10 (Release 1803) (), CPU: Intel(R) Core(TM) i7-8750H CPU @ 2.20GHz, GPU: Intel(R) UHD Graphics 630
LogInit: Compiled (64-bit): Jun 18 2019 03:09:11
LogInit: Compiled with Visual C++: 19.16.27025.01
LogInit: Build Configuration: Development
LogInit: Branch Name: ++UE4+Release-4.22
LogInit: Command Line: 
LogInit: Base Directory: C:/Users/ellan/Desktop/UE_4.22/Engine/Binaries/Win64/
LogInit: Installed Engine Build: 1
LogDevObjectVersion: Number of dev versions registered: 23
LogDevObjectVersion:   Dev-Blueprints (B0D832E4-1F89-4F0D-ACCF-7EB736FD4AA2): 10
LogDevObjectVersion:   Dev-Build (E1C64328-A22C-4D53-A36C-8E866417BD8C): 0
LogDevObjectVersion:   Dev-Core (375EC13C-06E4-48FB-B500-84F0262A717E): 3
LogDevObjectVersion:   Dev-Editor (E4B068ED-F494-42E9-A231-DA0B2E46BB41): 30
LogDevObjectVersion:   Dev-Framework (CFFC743F-43B0-4480-9391-14DF171D2073): 35
LogDevObjectVersion:   Dev-Mobile (B02B49B5-BB20-44E9-A304-32B752E40360): 2
LogDevObjectVersion:   Dev-Networking (A4E4105C-59A1-49B5-A7C5-40C4547EDFEE): 0
LogDevObjectVersion:   Dev-Online (39C831C9-5AE6-47DC-9A44-9C173E1C8E7C): 0
LogDevObjectVersion:   Dev-Physics (78F01B33-EBEA-4F98-B9B4-84EACCB95AA2): 0
LogDevObjectVersion:   Dev-Platform (6631380F-2D4D-43E0-8009-CF276956A95A): 0
LogDevObjectVersion:   Dev-Rendering (12F88B9F-8875-4AFC-A67C-D90C383ABD29): 28
LogDevObjectVersion:   Dev-Sequencer (7B5AE74C-D270-4C10-A958-57980B212A5A): 11
LogDevObjectVersion:   Dev-VR (D7296918-1DD6-4BDD-9DE2-64A83CC13884): 2
LogDevObjectVersion:   Dev-LoadTimes (C2A15278-BFE7-4AFE-6C17-90FF531DF755): 1
LogDevObjectVersion:   Private-Geometry (6EACA3D4-40EC-4CC1-B786-8BED09428FC5): 3
LogDevObjectVersion:   Dev-AnimPhys (29E575DD-E0A3-4627-9D10-D276232CDCEA): 17
LogDevObjectVersion:   Dev-Anim (AF43A65D-7FD3-4947-9873-3E8ED9C1BB05): 2
LogDevObjectVersion:   Dev-ReflectionCapture (6B266CEC-1EC7-4B8F-A30B-E4D90942FC07): 1
LogDevObjectVersion:   Dev-Automation (0DF73D61-A23F-47EA-B727-89E90C41499A): 1
LogDevObjectVersion:   FortniteMain (601D1886-AC64-4F84-AA16-D3DE0DEAC7D6): 25
LogDevObjectVersion:   Dev-Enterprise (9DFFBCD6-494F-0158-E221-12823C92A888): 6
LogDevObjectVersion:   Dev-Niagara (F2AED0AC-9AFE-416F-8664-AA7FFA26D6FC): 1
LogDevObjectVersion:   Dev-Destruction (174F1F0B-B4C6-45A5-B13F-2EE8D0FB917D): 2
LogInit: Presizing for max 16777216 objects, including 0 objects not considered by GC, pre-allocating 0 bytes for permanent pool.
LogInit: Object subsystem initialized
LogConfig: Setting CVar [[con.DebugEarlyDefault:1]]
LogConfig: Setting CVar [[r.setres:1280x720]]
[2019.09.21-02.16.16:908][  0]LogConfig: Setting CVar [[r.VSync:0]]
[2019.09.21-02.16.16:908][  0]LogConfig: Setting CVar [[r.RHICmdBypass:0]]
[2019.09.21-02.16.16:909][  0]LogConfig: Applying CVar settings from Section [/Script/Engine.RendererSettings] File [C:/Users/ellan/Documents/GitHub/3D-Platformer/MyProject2/Saved/Config/Windows/Engine.ini]
[2019.09.21-02.16.16:909][  0]LogConfig: Setting CVar [[r.GPUCrashDebugging:0]]
[2019.09.21-02.16.16:909][  0]LogConfig: Setting CVar [[r.DefaultFeature.AutoExposure.ExtendDefaultLuminanceRange:1]]
[2019.09.21-02.16.16:909][  0]LogConfig: Setting CVar [[r.DefaultFeature.AutoExposure:0]]
[2019.09.21-02.16.16:909][  0]LogConfig: Applying CVar settings from Section [/Script/Engine.RendererOverrideSettings] File [C:/Users/ellan/Documents/GitHub/3D-Platformer/MyProject2/Saved/Config/Windows/Engine.ini]
[2019.09.21-02.16.16:909][  0]LogConfig: Applying CVar settings from Section [/Script/Engine.StreamingSettings] File [C:/Users/ellan/Documents/GitHub/3D-Platformer/MyProject2/Saved/Config/Windows/Engine.ini]
[2019.09.21-02.16.16:909][  0]LogConfig: Setting CVar [[s.MinBulkDataSizeForAsyncLoading:131072]]
[2019.09.21-02.16.16:909][  0]LogConfig: Setting CVar [[s.AsyncLoadingThreadEnabled:0]]
[2019.09.21-02.16.16:909][  0]LogConfig: Setting CVar [[s.EventDrivenLoaderEnabled:1]]
[2019.09.21-02.16.16:909][  0]LogConfig: Setting CVar [[s.WarnIfTimeLimitExceeded:0]]
[2019.09.21-02.16.16:909][  0]LogConfig: Setting CVar [[s.TimeLimitExceededMultiplier:1.5]]
[2019.09.21-02.16.16:909][  0]LogConfig: Setting CVar [[s.TimeLimitExceededMinTime:0.005]]
[2019.09.21-02.16.16:909][  0]LogConfig: Setting CVar [[s.UseBackgroundLevelStreaming:1]]
[2019.09.21-02.16.16:909][  0]LogConfig: Setting CVar [[s.PriorityAsyncLoadingExtraTime:15.0]]
[2019.09.21-02.16.16:909][  0]LogConfig: Setting CVar [[s.LevelStreamingActorsUpdateTimeLimit:5.0]]
[2019.09.21-02.16.16:909][  0]LogConfig: Setting CVar [[s.PriorityLevelStreamingActorsUpdateExtraTime:5.0]]
[2019.09.21-02.16.16:909][  0]LogConfig: Setting CVar [[s.LevelStreamingComponentsRegistrationGranularity:10]]
[2019.09.21-02.16.16:909][  0]LogConfig: Setting CVar [[s.UnregisterComponentsTimeLimit:1.0]]
[2019.09.21-02.16.16:909][  0]LogConfig: Setting CVar [[s.LevelStreamingComponentsUnregistrationGranularity:5]]
[2019.09.21-02.16.16:909][  0]LogConfig: Applying CVar settings from Section [/Script/Engine.GarbageCollectionSettings] File [C:/Users/ellan/Documents/GitHub/3D-Platformer/MyProject2/Saved/Config/Windows/Engine.ini]
[2019.09.21-02.16.16:910][  0]LogConfig: Setting CVar [[gc.MaxObjectsNotConsideredByGC:1]]
[2019.09.21-02.16.16:910][  0]LogConfig: Setting CVar [[gc.SizeOfPermanentObjectPool:0]]
[2019.09.21-02.16.16:910][  0]LogConfig: Setting CVar [[gc.FlushStreamingOnGC:0]]
[2019.09.21-02.16.16:910][  0]LogConfig: Setting CVar [[gc.NumRetriesBeforeForcingGC:10]]
[2019.09.21-02.16.16:910][  0]LogConfig: Setting CVar [[gc.AllowParallelGC:1]]
[2019.09.21-02.16.16:910][  0]LogConfig: Setting CVar [[gc.TimeBetweenPurgingPendingKillObjects:61.1]]
[2019.09.21-02.16.16:910][  0]LogConfig: Setting CVar [[gc.MaxObjectsInEditor:16777216]]
[2019.09.21-02.16.16:910][  0]LogConfig: Setting CVar [[gc.IncrementalBeginDestroyEnabled:1]]
[2019.09.21-02.16.16:910][  0]LogConfig: Setting CVar [[gc.CreateGCClusters:1]]
[2019.09.21-02.16.16:910][  0]LogConfig: Setting CVar [[gc.MinGCClusterSize:5]]
[2019.09.21-02.16.16:910][  0]LogConfig: Setting CVar [[gc.ActorClusteringEnabled:0]]
[2019.09.21-02.16.16:910][  0]LogConfig: Setting CVar [[gc.BlueprintClusteringEnabled:0]]
[2019.09.21-02.16.16:910][  0]LogConfig: Setting CVar [[gc.UseDisregardForGCOnDedicatedServers:0]]
[2019.09.21-02.16.16:910][  0]LogConfig: Applying CVar settings from Section [/Script/Engine.NetworkSettings] File [C:/Users/ellan/Documents/GitHub/3D-Platformer/MyProject2/Saved/Config/Windows/Engine.ini]
[2019.09.21-02.16.16:910][  0]LogConfig: Applying CVar settings from Section [/Script/UnrealEd.CookerSettings] File [C:/Users/ellan/Documents/GitHub/3D-Platformer/MyProject2/Saved/Config/Windows/Engine.ini]
[2019.09.21-02.16.16:919][  0]LogConfig: Applying CVar settings from Section [ViewDistanceQuality@3] File [C:/Users/ellan/Documents/GitHub/3D-Platformer/MyProject2/Saved/Config/Windows/Scalability.ini]
[2019.09.21-02.16.16:919][  0]LogConfig: Setting CVar [[r.SkeletalMeshLODBias:0]]
[2019.09.21-02.16.16:919][  0]LogConfig: Setting CVar [[r.ViewDistanceScale:1.0]]
[2019.09.21-02.16.16:920][  0]LogConfig: Applying CVar settings from Section [AntiAliasingQuality@3] File [C:/Users/ellan/Documents/GitHub/3D-Platformer/MyProject2/Saved/Config/Windows/Scalability.ini]
[2019.09.21-02.16.16:920][  0]LogConfig: Setting CVar [[r.PostProcessAAQuality:4]]
[2019.09.21-02.16.16:920][  0]LogConfig: Applying CVar settings from Section [ShadowQuality@3] File [C:/Users/ellan/Documents/GitHub/3D-Platformer/MyProject2/Saved/Config/Windows/Scalability.ini]
[2019.09.21-02.16.16:920][  0]LogConfig: Setting CVar [[r.LightFunctionQuality:1]]
[2019.09.21-02.16.16:920][  0]LogConfig: Setting CVar [[r.ShadowQuality:5]]
[2019.09.21-02.16.16:920][  0]LogConfig: Setting CVar [[r.Shadow.CSM.MaxCascades:10]]
[2019.09.21-02.16.16:920][  0]LogConfig: Setting CVar [[r.Shadow.MaxResolution:2048]]
[2019.09.21-02.16.16:920][  0]LogConfig: Setting CVar [[r.Shadow.MaxCSMResolution:2048]]
[2019.09.21-02.16.16:920][  0]LogConfig: Setting CVar [[r.Shadow.RadiusThreshold:0.01]]
[2019.09.21-02.16.16:920][  0]LogConfig: Setting CVar [[r.Shadow.DistanceScale:1.0]]
[2019.09.21-02.16.16:920][  0]LogConfig: Setting CVar [[r.Shadow.CSM.TransitionScale:1.0]]
[2019.09.21-02.16.16:920][  0]LogConfig: Setting CVar [[r.Shadow.PreShadowResolutionFactor:1.0]]
[2019.09.21-02.16.16:920][  0]LogConfig: Setting CVar [[r.DistanceFieldShadowing:1]]
[2019.09.21-02.16.16:920][  0]LogConfig: Setting CVar [[r.DistanceFieldAO:1]]
[2019.09.21-02.16.16:920][  0]LogConfig: Setting CVar [[r.AOQuality:2]]
[2019.09.21-02.16.16:920][  0]LogConfig: Setting CVar [[r.VolumetricFog:1]]
[2019.09.21-02.16.16:920][  0]LogConfig: Setting CVar [[r.VolumetricFog.GridPixelSize:8]]
[2019.09.21-02.16.16:920][  0]LogConfig: Setting CVar [[r.VolumetricFog.GridSizeZ:128]]
[2019.09.21-02.16.16:920][  0]LogConfig: Setting CVar [[r.VolumetricFog.HistoryMissSupersampleCount:4]]
[2019.09.21-02.16.16:920][  0]LogConfig: Setting CVar [[r.LightMaxDrawDistanceScale:1]]
[2019.09.21-02.16.16:921][  0]LogConfig: Setting CVar [[r.CapsuleShadows:1]]
[2019.09.21-02.16.16:921][  0]LogConfig: Applying CVar settings from Section [PostProcessQuality@3] File [C:/Users/ellan/Documents/GitHub/3D-Platformer/MyProject2/Saved/Config/Windows/Scalability.ini]
[2019.09.21-02.16.16:921][  0]LogConfig: Setting CVar [[r.MotionBlurQuality:4]]
[2019.09.21-02.16.16:921][  0]LogConfig: Setting CVar [[r.AmbientOcclusionMipLevelFactor:0.4]]
[2019.09.21-02.16.16:921][  0]LogConfig: Setting CVar [[r.AmbientOcclusionMaxQuality:100]]
[2019.09.21-02.16.16:921][  0]LogConfig: Setting CVar [[r.AmbientOcclusionLevels:-1]]
[2019.09.21-02.16.16:921][  0]LogConfig: Setting CVar [[r.AmbientOcclusionRadiusScale:1.0]]
[2019.09.21-02.16.16:921][  0]LogConfig: Setting CVar [[r.DepthOfFieldQuality:2]]
[2019.09.21-02.16.16:921][  0]LogConfig: Setting CVar [[r.RenderTargetPoolMin:400]]
[2019.09.21-02.16.16:921][  0]LogConfig: Setting CVar [[r.LensFlareQuality:2]]
[2019.09.21-02.16.16:921][  0]LogConfig: Setting CVar [[r.SceneColorFringeQuality:1]]
[2019.09.21-02.16.16:921][  0]LogConfig: Setting CVar [[r.EyeAdaptationQuality:2]]
[2019.09.21-02.16.16:921][  0]LogConfig: Setting CVar [[r.BloomQuality:5]]
[2019.09.21-02.16.16:921][  0]LogConfig: Setting CVar [[r.FastBlurThreshold:100]]
[2019.09.21-02.16.16:921][  0]LogConfig: Setting CVar [[r.Upscale.Quality:3]]
[2019.09.21-02.16.16:921][  0]LogConfig: Setting CVar [[r.Tonemapper.GrainQuantization:1]]
[2019.09.21-02.16.16:921][  0]LogConfig: Setting CVar [[r.LightShaftQuality:1]]
[2019.09.21-02.16.16:921][  0]LogConfig: Setting CVar [[r.Filter.SizeScale:1]]
[2019.09.21-02.16.16:921][  0]LogConfig: Setting CVar [[r.Tonemapper.Quality:5]]
[2019.09.21-02.16.16:921][  0]LogConfig: Setting CVar [[r.DOF.Gather.AccumulatorQuality:1        ; higher gathering accumulator quality]]
[2019.09.21-02.16.16:921][  0]LogConfig: Setting CVar [[r.DOF.Gather.PostfilterMethod:1          ; Median3x3 postfilering method]]
[2019.09.21-02.16.16:921][  0]LogConfig: Setting CVar [[r.DOF.Gather.EnableBokehSettings:0       ; no bokeh simulation when gathering]]
[2019.09.21-02.16.16:922][  0]LogConfig: Setting CVar [[r.DOF.Gather.RingCount:4                 ; medium number of samples when gathering]]
[2019.09.21-02.16.16:922][  0]LogConfig: Setting CVar [[r.DOF.Scatter.ForegroundCompositing:1    ; additive foreground scattering]]
[2019.09.21-02.16.16:922][  0]LogConfig: Setting CVar [[r.DOF.Scatter.BackgroundCompositing:2    ; additive background scattering]]
[2019.09.21-02.16.16:922][  0]LogConfig: Setting CVar [[r.DOF.Scatter.EnableBokehSettings:1      ; bokeh simulation when scattering]]
[2019.09.21-02.16.16:922][  0]LogConfig: Setting CVar [[r.DOF.Scatter.MaxSpriteRatio:0.1         ; only a maximum of 10% of scattered bokeh]]
[2019.09.21-02.16.16:922][  0]LogConfig: Setting CVar [[r.DOF.Recombine.Quality:1                ; cheap slight out of focus]]
[2019.09.21-02.16.16:922][  0]LogConfig: Setting CVar [[r.DOF.Recombine.EnableBokehSettings:0    ; no bokeh simulation on slight out of focus]]
[2019.09.21-02.16.16:922][  0]LogConfig: Setting CVar [[r.DOF.TemporalAAQuality:1                ; more stable temporal accumulation]]
[2019.09.21-02.16.16:922][  0]LogConfig: Setting CVar [[r.DOF.Kernel.MaxForegroundRadius:0.025]]
[2019.09.21-02.16.16:922][  0]LogConfig: Setting CVar [[r.DOF.Kernel.MaxBackgroundRadius:0.025]]
[2019.09.21-02.16.16:922][  0]LogConfig: Applying CVar settings from Section [TextureQuality@3] File [C:/Users/ellan/Documents/GitHub/3D-Platformer/MyProject2/Saved/Config/Windows/Scalability.ini]
[2019.09.21-02.16.16:922][  0]LogConfig: Setting CVar [[r.Streaming.MipBias:0]]
[2019.09.21-02.16.16:922][  0]LogConfig: Setting CVar [[r.Streaming.AmortizeCPUToGPUCopy:0]]
[2019.09.21-02.16.16:922][  0]LogConfig: Setting CVar [[r.Streaming.MaxNumTexturesToStreamPerFrame:0]]
[2019.09.21-02.16.16:922][  0]LogConfig: Setting CVar [[r.Streaming.Boost:1]]
[2019.09.21-02.16.16:922][  0]LogConfig: Setting CVar [[r.MaxAnisotropy:8]]
[2019.09.21-02.16.16:922][  0]LogConfig: Setting CVar [[r.Streaming.LimitPoolSizeToVRAM:0]]
[2019.09.21-02.16.16:922][  0]LogConfig: Setting CVar [[r.Streaming.PoolSize:1000]]
[2019.09.21-02.16.16:922][  0]LogConfig: Setting CVar [[r.Streaming.MaxEffectiveScreenSize:0]]
[2019.09.21-02.16.16:922][  0]LogConfig: Applying CVar settings from Section [EffectsQuality@3] File [C:/Users/ellan/Documents/GitHub/3D-Platformer/MyProject2/Saved/Config/Windows/Scalability.ini]
[2019.09.21-02.16.16:923][  0]LogConfig: Setting CVar [[r.TranslucencyLightingVolumeDim:64]]
[2019.09.21-02.16.16:923][  0]LogConfig: Setting CVar [[r.RefractionQuality:2]]
[2019.09.21-02.16.16:923][  0]LogConfig: Setting CVar [[r.SSR.Quality:3]]
[2019.09.21-02.16.16:923][  0]LogConfig: Setting CVar [[r.SceneColorFormat:4]]
[2019.09.21-02.16.16:923][  0]LogConfig: Setting CVar [[r.DetailMode:2]]
[2019.09.21-02.16.16:923][  0]LogConfig: Setting CVar [[r.TranslucencyVolumeBlur:1]]
[2019.09.21-02.16.16:923][  0]LogConfig: Setting CVar [[r.MaterialQualityLevel:1 ; High quality]]
[2019.09.21-02.16.16:923][  0]LogConfig: Setting CVar [[r.SSS.Scale:1]]
[2019.09.21-02.16.16:923][  0]LogConfig: Setting CVar [[r.SSS.SampleSet:2]]
[2019.09.21-02.16.16:923][  0]LogConfig: Setting CVar [[r.SSS.Quality:1]]
[2019.09.21-02.16.16:923][  0]LogConfig: Setting CVar [[r.SSS.HalfRes:1]]
[2019.09.21-02.16.16:923][  0]LogConfig: Setting CVar [[r.EmitterSpawnRateScale:1.0]]
[2019.09.21-02.16.16:923][  0]LogConfig: Setting CVar [[r.ParticleLightQuality:2]]
[2019.09.21-02.16.16:923][  0]LogConfig: Applying CVar settings from Section [FoliageQuality@3] File [C:/Users/ellan/Documents/GitHub/3D-Platformer/MyProject2/Saved/Config/Windows/Scalability.ini]
[2019.09.21-02.16.16:923][  0]LogConfig: Setting CVar [[foliage.DensityScale:1.0]]
[2019.09.21-02.16.16:923][  0]LogConfig: Setting CVar [[grass.DensityScale:1.0]]
[2019.09.21-02.16.16:923][  0]LogInit: Selected Device Profile: [Windows]
[2019.09.21-02.16.16:923][  0]LogInit: Applying CVar settings loaded from the selected device profile: [Windows]
[2019.09.21-02.16.16:955][  0]LogHAL: Display: Platform has ~ 16 GB [17016786944 / 17179869184 / 16], which maps to Larger [LargestMinGB=32, LargerMinGB=12, DefaultMinGB=8, SmallerMinGB=6, SmallestMinGB=0)
[2019.09.21-02.16.16:955][  0]LogConfig: Setting CVar [[r.Vulkan.UseRealUBs:0		; Required until we fix HLR fall-out]]
[2019.09.21-02.16.16:955][  0]LogInit: Going up to parent DeviceProfile []
[2019.09.21-02.16.16:956][  0]LogConfig: Applying CVar settings from Section [ViewDistanceQuality@3] File [C:/Users/ellan/Documents/GitHub/3D-Platformer/MyProject2/Saved/Config/Windows/Scalability.ini]
[2019.09.21-02.16.16:956][  0]LogConfig: Setting CVar [[r.SkeletalMeshLODBias:0]]
[2019.09.21-02.16.16:956][  0]LogConfig: Setting CVar [[r.ViewDistanceScale:1.0]]
[2019.09.21-02.16.16:956][  0]LogConfig: Applying CVar settings from Section [AntiAliasingQuality@3] File [C:/Users/ellan/Documents/GitHub/3D-Platformer/MyProject2/Saved/Config/Windows/Scalability.ini]
[2019.09.21-02.16.16:956][  0]LogConfig: Setting CVar [[r.PostProcessAAQuality:4]]
[2019.09.21-02.16.16:956][  0]LogConfig: Applying CVar settings from Section [ShadowQuality@3] File [C:/Users/ellan/Documents/GitHub/3D-Platformer/MyProject2/Saved/Config/Windows/Scalability.ini]
[2019.09.21-02.16.16:956][  0]LogConfig: Setting CVar [[r.LightFunctionQuality:1]]
[2019.09.21-02.16.16:956][  0]LogConfig: Setting CVar [[r.ShadowQuality:5]]
[2019.09.21-02.16.16:956][  0]LogConfig: Setting CVar [[r.Shadow.CSM.MaxCascades:10]]
[2019.09.21-02.16.16:956][  0]LogConfig: Setting CVar [[r.Shadow.MaxResolution:2048]]
[2019.09.21-02.16.16:956][  0]LogConfig: Setting CVar [[r.Shadow.MaxCSMResolution:2048]]
[2019.09.21-02.16.16:956][  0]LogConfig: Setting CVar [[r.Shadow.RadiusThreshold:0.01]]
[2019.09.21-02.16.16:956][  0]LogConfig: Setting CVar [[r.Shadow.DistanceScale:1.0]]
[2019.09.21-02.16.16:956][  0]LogConfig: Setting CVar [[r.Shadow.CSM.TransitionScale:1.0]]
[2019.09.21-02.16.16:956][  0]LogConfig: Setting CVar [[r.Shadow.PreShadowResolutionFactor:1.0]]
[2019.09.21-02.16.16:956][  0]LogConfig: Setting CVar [[r.DistanceFieldShadowing:1]]
[2019.09.21-02.16.16:956][  0]LogConfig: Setting CVar [[r.DistanceFieldAO:1]]
[2019.09.21-02.16.16:956][  0]LogConfig: Setting CVar [[r.AOQuality:2]]
[2019.09.21-02.16.16:956][  0]LogConfig: Setting CVar [[r.VolumetricFog:1]]
[2019.09.21-02.16.16:956][  0]LogConfig: Setting CVar [[r.VolumetricFog.GridPixelSize:8]]
[2019.09.21-02.16.16:956][  0]LogConfig: Setting CVar [[r.VolumetricFog.GridSizeZ:128]]
[2019.09.21-02.16.16:957][  0]LogConfig: Setting CVar [[r.VolumetricFog.HistoryMissSupersampleCount:4]]
[2019.09.21-02.16.16:957][  0]LogConfig: Setting CVar [[r.LightMaxDrawDistanceScale:1]]
[2019.09.21-02.16.16:957][  0]LogConfig: Setting CVar [[r.CapsuleShadows:1]]
[2019.09.21-02.16.16:957][  0]LogConfig: Applying CVar settings from Section [PostProcessQuality@3] File [C:/Users/ellan/Documents/GitHub/3D-Platformer/MyProject2/Saved/Config/Windows/Scalability.ini]
[2019.09.21-02.16.16:957][  0]LogConfig: Setting CVar [[r.MotionBlurQuality:4]]
[2019.09.21-02.16.16:957][  0]LogConfig: Setting CVar [[r.AmbientOcclusionMipLevelFactor:0.4]]
[2019.09.21-02.16.16:957][  0]LogConfig: Setting CVar [[r.AmbientOcclusionMaxQuality:100]]
[2019.09.21-02.16.16:957][  0]LogConfig: Setting CVar [[r.AmbientOcclusionLevels:-1]]
[2019.09.21-02.16.16:957][  0]LogConfig: Setting CVar [[r.AmbientOcclusionRadiusScale:1.0]]
[2019.09.21-02.16.16:957][  0]LogConfig: Setting CVar [[r.DepthOfFieldQuality:2]]
[2019.09.21-02.16.16:957][  0]LogConfig: Setting CVar [[r.RenderTargetPoolMin:400]]
[2019.09.21-02.16.16:957][  0]LogConfig: Setting CVar [[r.LensFlareQuality:2]]
[2019.09.21-02.16.16:957][  0]LogConfig: Setting CVar [[r.SceneColorFringeQuality:1]]
[2019.09.21-02.16.16:957][  0]LogConfig: Setting CVar [[r.EyeAdaptationQuality:2]]
[2019.09.21-02.16.16:957][  0]LogConfig: Setting CVar [[r.BloomQuality:5]]
[2019.09.21-02.16.16:957][  0]LogConfig: Setting CVar [[r.FastBlurThreshold:100]]
[2019.09.21-02.16.16:957][  0]LogConfig: Setting CVar [[r.Upscale.Quality:3]]
[2019.09.21-02.16.16:957][  0]LogConfig: Setting CVar [[r.Tonemapper.GrainQuantization:1]]
[2019.09.21-02.16.16:957][  0]LogConfig: Setting CVar [[r.LightShaftQuality:1]]
[2019.09.21-02.16.16:957][  0]LogConfig: Setting CVar [[r.Filter.SizeScale:1]]
[2019.09.21-02.16.16:958][  0]LogConfig: Setting CVar [[r.Tonemapper.Quality:5]]
[2019.09.21-02.16.16:958][  0]LogConfig: Setting CVar [[r.DOF.Gather.AccumulatorQuality:1        ; higher gathering accumulator quality]]
[2019.09.21-02.16.16:958][  0]LogConfig: Setting CVar [[r.DOF.Gather.PostfilterMethod:1          ; Median3x3 postfilering method]]
[2019.09.21-02.16.16:958][  0]LogConfig: Setting CVar [[r.DOF.Gather.EnableBokehSettings:0       ; no bokeh simulation when gathering]]
[2019.09.21-02.16.16:958][  0]LogConfig: Setting CVar [[r.DOF.Gather.RingCount:4                 ; medium number of samples when gathering]]
[2019.09.21-02.16.16:958][  0]LogConfig: Setting CVar [[r.DOF.Scatter.ForegroundCompositing:1    ; additive foreground scattering]]
[2019.09.21-02.16.16:958][  0]LogConfig: Setting CVar [[r.DOF.Scatter.BackgroundCompositing:2    ; additive background scattering]]
[2019.09.21-02.16.16:958][  0]LogConfig: Setting CVar [[r.DOF.Scatter.EnableBokehSettings:1      ; bokeh simulation when scattering]]
[2019.09.21-02.16.16:958][  0]LogConfig: Setting CVar [[r.DOF.Scatter.MaxSpriteRatio:0.1         ; only a maximum of 10% of scattered bokeh]]
[2019.09.21-02.16.16:958][  0]LogConfig: Setting CVar [[r.DOF.Recombine.Quality:1                ; cheap slight out of focus]]
[2019.09.21-02.16.16:958][  0]LogConfig: Setting CVar [[r.DOF.Recombine.EnableBokehSettings:0    ; no bokeh simulation on slight out of focus]]
[2019.09.21-02.16.16:958][  0]LogConfig: Setting CVar [[r.DOF.TemporalAAQuality:1                ; more stable temporal accumulation]]
[2019.09.21-02.16.16:958][  0]LogConfig: Setting CVar [[r.DOF.Kernel.MaxForegroundRadius:0.025]]
[2019.09.21-02.16.16:958][  0]LogConfig: Setting CVar [[r.DOF.Kernel.MaxBackgroundRadius:0.025]]
[2019.09.21-02.16.16:958][  0]LogConfig: Applying CVar settings from Section [TextureQuality@3] File [C:/Users/ellan/Documents/GitHub/3D-Platformer/MyProject2/Saved/Config/Windows/Scalability.ini]
[2019.09.21-02.16.16:958][  0]LogConfig: Setting CVar [[r.Streaming.MipBias:0]]
[2019.09.21-02.16.16:958][  0]LogConfig: Setting CVar [[r.Streaming.AmortizeCPUToGPUCopy:0]]
[2019.09.21-02.16.16:958][  0]LogConfig: Setting CVar [[r.Streaming.MaxNumTexturesToStreamPerFrame:0]]
[2019.09.21-02.16.16:958][  0]LogConfig: Setting CVar [[r.Streaming.Boost:1]]
[2019.09.21-02.16.16:958][  0]LogConfig: Setting CVar [[r.MaxAnisotropy:8]]
[2019.09.21-02.16.16:958][  0]LogConfig: Setting CVar [[r.Streaming.LimitPoolSizeToVRAM:0]]
[2019.09.21-02.16.16:959][  0]LogConfig: Setting CVar [[r.Streaming.PoolSize:1000]]
[2019.09.21-02.16.16:959][  0]LogConfig: Setting CVar [[r.Streaming.MaxEffectiveScreenSize:0]]
[2019.09.21-02.16.16:959][  0]LogConfig: Applying CVar settings from Section [EffectsQuality@3] File [C:/Users/ellan/Documents/GitHub/3D-Platformer/MyProject2/Saved/Config/Windows/Scalability.ini]
[2019.09.21-02.16.16:959][  0]LogConfig: Setting CVar [[r.TranslucencyLightingVolumeDim:64]]
[2019.09.21-02.16.16:959][  0]LogConfig: Setting CVar [[r.RefractionQuality:2]]
[2019.09.21-02.16.16:959][  0]LogConfig: Setting CVar [[r.SSR.Quality:3]]
[2019.09.21-02.16.16:959][  0]LogConfig: Setting CVar [[r.SceneColorFormat:4]]
[2019.09.21-02.16.16:959][  0]LogConfig: Setting CVar [[r.DetailMode:2]]
[2019.09.21-02.16.16:959][  0]LogConfig: Setting CVar [[r.TranslucencyVolumeBlur:1]]
[2019.09.21-02.16.16:959][  0]LogConfig: Setting CVar [[r.MaterialQualityLevel:1 ; High quality]]
[2019.09.21-02.16.16:959][  0]LogConfig: Setting CVar [[r.SSS.Scale:1]]
[2019.09.21-02.16.16:959][  0]LogConfig: Setting CVar [[r.SSS.SampleSet:2]]
[2019.09.21-02.16.16:959][  0]LogConfig: Setting CVar [[r.SSS.Quality:1]]
[2019.09.21-02.16.16:959][  0]LogConfig: Setting CVar [[r.SSS.HalfRes:1]]
[2019.09.21-02.16.16:959][  0]LogConfig: Setting CVar [[r.EmitterSpawnRateScale:1.0]]
[2019.09.21-02.16.16:959][  0]LogConfig: Setting CVar [[r.ParticleLightQuality:2]]
[2019.09.21-02.16.16:959][  0]LogConfig: Applying CVar settings from Section [FoliageQuality@3] File [C:/Users/ellan/Documents/GitHub/3D-Platformer/MyProject2/Saved/Config/Windows/Scalability.ini]
[2019.09.21-02.16.16:959][  0]LogConfig: Setting CVar [[foliage.DensityScale:1.0]]
[2019.09.21-02.16.16:959][  0]LogConfig: Setting CVar [[grass.DensityScale:1.0]]
[2019.09.21-02.16.16:959][  0]LogConfig: Applying CVar settings from Section [Startup] File [../../../Engine/Config/ConsoleVariables.ini]
[2019.09.21-02.16.16:960][  0]LogConfig: Setting CVar [[net.UseAdaptiveNetUpdateFrequency:0]]
[2019.09.21-02.16.16:960][  0]LogConfig: Setting CVar [[p.chaos.AllowCreatePhysxBodies:1]]
[2019.09.21-02.16.16:960][  0]LogConfig: Applying CVar settings from Section [ConsoleVariables] File [C:/Users/ellan/Documents/GitHub/3D-Platformer/MyProject2/Saved/Config/Windows/Engine.ini]
[2019.09.21-02.16.16:961][  0]LogInit: Computer: MSI
[2019.09.21-02.16.16:961][  0]LogInit: User: ellan
[2019.09.21-02.16.16:961][  0]LogInit: CPU Page size=4096, Cores=6
[2019.09.21-02.16.16:961][  0]LogInit: High frequency timer resolution =2.156250 MHz
[2019.09.21-02.16.16:962][  0]LogMemory: Memory total: Physical=15.8GB (16GB approx)
[2019.09.21-02.16.16:962][  0]LogMemory: Platform Memory Stats for Windows
[2019.09.21-02.16.16:962][  0]LogMemory: Process Physical Memory: 96.83 MB used, 96.83 MB peak
[2019.09.21-02.16.16:962][  0]LogMemory: Process Virtual Memory: 89.86 MB used, 89.86 MB peak
[2019.09.21-02.16.16:962][  0]LogMemory: Physical Memory: 6069.03 MB used,  10159.45 MB free, 16228.47 MB total
[2019.09.21-02.16.16:962][  0]LogMemory: Virtual Memory: 4672.63 MB used,  134213056.00 MB free, 134217728.00 MB total
[2019.09.21-02.16.17:473][  0]LogInit: Using OS detected language (en-US).
[2019.09.21-02.16.17:474][  0]LogInit: Using OS detected locale (en-AU).
[2019.09.21-02.16.17:478][  0]LogTextLocalizationManager: No specific localization for 'en-US' exists, so the 'en' localization will be used.
[2019.09.21-02.16.17:695][  0]LogInit: Setting process to per monitor DPI aware
[2019.09.21-02.16.17:731][  0]LogSlate: New Slate User Created.  User Index 0, Is Virtual User: 0
[2019.09.21-02.16.17:731][  0]LogSlate: Slate User Registered.  User Index 0, Is Virtual User: 0
[2019.09.21-02.16.17:955][  0]LogHMD: Failed to initialize OpenVR with code 110
[2019.09.21-02.16.17:955][  0]LogD3D11RHI: D3D11 adapters:
[2019.09.21-02.16.18:055][  0]LogD3D11RHI:    0. 'NVIDIA GeForce RTX 2060' (Feature Level 11_0)
[2019.09.21-02.16.18:055][  0]LogD3D11RHI:       5980/0/8114 MB DedicatedVideo/DedicatedSystem/SharedSystem, Outputs:1, VendorId:0x10de
[2019.09.21-02.16.18:075][  0]LogD3D11RHI:    1. 'Intel(R) UHD Graphics 630' (Feature Level 11_0)
[2019.09.21-02.16.18:075][  0]LogD3D11RHI:       128/0/8114 MB DedicatedVideo/DedicatedSystem/SharedSystem, Outputs:0, VendorId:0x8086
[2019.09.21-02.16.18:077][  0]LogD3D11RHI:    2. 'Microsoft Basic Render Driver' (Feature Level 11_0)
[2019.09.21-02.16.18:078][  0]LogD3D11RHI:       0/0/8114 MB DedicatedVideo/DedicatedSystem/SharedSystem, Outputs:0, VendorId:0x1414
[2019.09.21-02.16.18:078][  0]LogD3D11RHI: Chosen D3D11 Adapter: 0
[2019.09.21-02.16.18:106][  0]LogD3D11RHI: Creating new Direct3DDevice
[2019.09.21-02.16.18:106][  0]LogD3D11RHI:     GPU DeviceId: 0x1f11 (for the marketing name, search the web for "GPU Device Id")
[2019.09.21-02.16.18:106][  0]LogWindows: EnumDisplayDevices:
[2019.09.21-02.16.18:107][  0]LogWindows:    0. 'Intel(R) UHD Graphics 630' (P:1 D:1)
[2019.09.21-02.16.18:107][  0]LogWindows:    1. 'Intel(R) UHD Graphics 630' (P:0 D:0)
[2019.09.21-02.16.18:107][  0]LogWindows:    2. 'Intel(R) UHD Graphics 630' (P:0 D:0)
[2019.09.21-02.16.18:108][  0]LogWindows:    3. 'NVIDIA GeForce RTX 2060' (P:0 D:0)
[2019.09.21-02.16.18:108][  0]LogWindows:    4. 'NVIDIA GeForce RTX 2060' (P:0 D:0)
[2019.09.21-02.16.18:108][  0]LogWindows:    5. 'NVIDIA GeForce RTX 2060' (P:0 D:0)
[2019.09.21-02.16.18:108][  0]LogWindows:    6. 'NVIDIA GeForce RTX 2060' (P:0 D:0)
[2019.09.21-02.16.18:108][  0]LogWindows: DebugString: PrimaryIsNotTheChoosenAdapter PrimaryIsNotTheChoosenAdapter PrimaryIsNotTheChoosenAdapter FoundDriverCount:4 
[2019.09.21-02.16.18:109][  0]LogD3D11RHI:     Adapter Name: NVIDIA GeForce RTX 2060
[2019.09.21-02.16.18:109][  0]LogD3D11RHI:   Driver Version: 417.49 (internal:25.21.14.1749, unified:417.49)
[2019.09.21-02.16.18:109][  0]LogD3D11RHI:      Driver Date: 12-17-2018
[2019.09.21-02.16.18:109][  0]LogRHI: Texture pool is 4186 MB (70% of 5980 MB)
[2019.09.21-02.16.18:254][  0]LogD3D11RHI: Async texture creation enabled
[2019.09.21-02.16.18:265][  0]LogRendererCore: FGlobalReadBuffer::InitRHI
[2019.09.21-02.16.18:266][  0]LogRendererCore: FGlobalReadBuffer::InitRHI
[2019.09.21-02.16.18:266][  0]LogRendererCore: FGlobalReadBuffer::InitRHI
[2019.09.21-02.16.18:284][  0]LogD3D11RHI: GPU Timing Frequency: 1000.000000 (Debug: 2 2)
[2019.09.21-02.16.19:076][  0]LogTemp: Display: Module 'AllDesktopTargetPlatform' loaded TargetPlatform 'AllDesktop'
[2019.09.21-02.16.19:122][  0]LogTemp: Display: Module 'MacClientTargetPlatform' loaded TargetPlatform 'MacClient'
[2019.09.21-02.16.19:168][  0]LogTemp: Display: Module 'MacNoEditorTargetPlatform' loaded TargetPlatform 'MacNoEditor'
[2019.09.21-02.16.19:209][  0]LogTemp: Display: Module 'MacServerTargetPlatform' loaded TargetPlatform 'MacServer'
[2019.09.21-02.16.19:235][  0]LogTemp: Display: Module 'MacTargetPlatform' loaded TargetPlatform 'Mac'
[2019.09.21-02.16.19:250][  0]LogTemp: Display: Module 'WindowsClientTargetPlatform' loaded TargetPlatform 'WindowsClient'
[2019.09.21-02.16.19:265][  0]LogTemp: Display: Module 'WindowsNoEditorTargetPlatform' loaded TargetPlatform 'WindowsNoEditor'
[2019.09.21-02.16.19:278][  0]LogTemp: Display: Module 'WindowsServerTargetPlatform' loaded TargetPlatform 'WindowsServer'
[2019.09.21-02.16.19:286][  0]LogTemp: Display: Module 'WindowsTargetPlatform' loaded TargetPlatform 'Windows'
[2019.09.21-02.16.19:364][  0]LogTemp: Display: Module 'AndroidTargetPlatform' loaded TargetPlatform 'Android'
[2019.09.21-02.16.19:364][  0]LogTemp: Display: Module 'AndroidTargetPlatform' loaded TargetPlatform 'Android_ASTC'
[2019.09.21-02.16.19:364][  0]LogTemp: Display: Module 'AndroidTargetPlatform' loaded TargetPlatform 'Android_ATC'
[2019.09.21-02.16.19:364][  0]LogTemp: Display: Module 'AndroidTargetPlatform' loaded TargetPlatform 'Android_DXT'
[2019.09.21-02.16.19:364][  0]LogTemp: Display: Module 'AndroidTargetPlatform' loaded TargetPlatform 'Android_ETC1'
[2019.09.21-02.16.19:364][  0]LogTemp: Display: Module 'AndroidTargetPlatform' loaded TargetPlatform 'Android_ETC1a'
[2019.09.21-02.16.19:364][  0]LogTemp: Display: Module 'AndroidTargetPlatform' loaded TargetPlatform 'Android_ETC2'
[2019.09.21-02.16.19:364][  0]LogTemp: Display: Module 'AndroidTargetPlatform' loaded TargetPlatform 'Android_PVRTC'
[2019.09.21-02.16.19:364][  0]LogTemp: Display: Module 'AndroidTargetPlatform' loaded TargetPlatform 'AndroidClient'
[2019.09.21-02.16.19:364][  0]LogTemp: Display: Module 'AndroidTargetPlatform' loaded TargetPlatform 'Android_ASTCClient'
[2019.09.21-02.16.19:364][  0]LogTemp: Display: Module 'AndroidTargetPlatform' loaded TargetPlatform 'Android_ATCClient'
[2019.09.21-02.16.19:364][  0]LogTemp: Display: Module 'AndroidTargetPlatform' loaded TargetPlatform 'Android_DXTClient'
[2019.09.21-02.16.19:364][  0]LogTemp: Display: Module 'AndroidTargetPlatform' loaded TargetPlatform 'Android_ETC1Client'
[2019.09.21-02.16.19:364][  0]LogTemp: Display: Module 'AndroidTargetPlatform' loaded TargetPlatform 'Android_ETC1aClient'
[2019.09.21-02.16.19:364][  0]LogTemp: Display: Module 'AndroidTargetPlatform' loaded TargetPlatform 'Android_ETC2Client'
[2019.09.21-02.16.19:364][  0]LogTemp: Display: Module 'AndroidTargetPlatform' loaded TargetPlatform 'Android_PVRTCClient'
[2019.09.21-02.16.19:364][  0]LogTemp: Display: Module 'AndroidTargetPlatform' loaded TargetPlatform 'Android_Multi'
[2019.09.21-02.16.19:364][  0]LogTemp: Display: Module 'AndroidTargetPlatform' loaded TargetPlatform 'Android_MultiClient'
[2019.09.21-02.16.19:366][  0]LogTemp: Display: Module 'HTML5TargetPlatform' loaded TargetPlatform 'HTML5'
[2019.09.21-02.16.19:421][  0]LogTemp: Display: Module 'IOSTargetPlatform' loaded TargetPlatform 'IOSClient'
[2019.09.21-02.16.19:421][  0]LogTemp: Display: Module 'IOSTargetPlatform' loaded TargetPlatform 'IOS'
[2019.09.21-02.16.19:449][  0]LogTemp: Display: Module 'TVOSTargetPlatform' loaded TargetPlatform 'TVOSClient'
[2019.09.21-02.16.19:449][  0]LogTemp: Display: Module 'TVOSTargetPlatform' loaded TargetPlatform 'TVOS'
[2019.09.21-02.16.19:461][  0]LogTemp: Display: Module 'LinuxClientTargetPlatform' loaded TargetPlatform 'LinuxClient'
[2019.09.21-02.16.19:474][  0]LogTemp: Display: Module 'LinuxNoEditorTargetPlatform' loaded TargetPlatform 'LinuxNoEditor'
[2019.09.21-02.16.19:486][  0]LogTemp: Display: Module 'LinuxServerTargetPlatform' loaded TargetPlatform 'LinuxServer'
[2019.09.21-02.16.19:499][  0]LogTemp: Display: Module 'LinuxTargetPlatform' loaded TargetPlatform 'Linux'
[2019.09.21-02.16.19:541][  0]LogTemp: Display: Module 'LuminTargetPlatform' loaded TargetPlatform 'Lumin'
[2019.09.21-02.16.19:541][  0]LogTemp: Display: Module 'LuminTargetPlatform' loaded TargetPlatform 'LuminClient'
[2019.09.21-02.16.19:541][  0]LogTargetPlatformManager: Display: Building Assets For Windows
[2019.09.21-02.16.19:552][  0]LogAudioDebug: Display: Lib vorbis DLL was dynamically loaded.
[2019.09.21-02.16.19:616][  0]LogShaderCompilers: Guid format shader working directory is -10 characters bigger than the processId version (../../../../../Documents/GitHub/3D-Platformer/MyProject2/Intermediate/Shaders/WorkingDirectory/7604/).
[2019.09.21-02.16.19:616][  0]LogShaderCompilers: Cleaned the shader compiler working directory 'C:/Users/ellan/AppData/Local/Temp/UnrealShaderWorkingDir/C9B4CBCB4A1BE1274672BAA90EA6D747/'.
[2019.09.21-02.16.19:619][  0]LogXGEController: Cannot use XGE Controller as Incredibuild is not installed on this machine.
[2019.09.21-02.16.19:619][  0]LogShaderCompilers: Cannot use XGE Shader Compiler as Incredibuild is not installed on this machine.
[2019.09.21-02.16.19:619][  0]LogShaderCompilers: Display: Using Local Shader Compiler.
[2019.09.21-02.16.20:168][  0]LogDerivedDataCache: Display: Max Cache Size: 512 MB
[2019.09.21-02.16.20:226][  0]LogDerivedDataCache: Loaded boot cache 0.06s 71MB C:/Users/ellan/AppData/Local/UnrealEngine/4.22/DerivedDataCache/Boot.ddc.
[2019.09.21-02.16.20:226][  0]LogDerivedDataCache: Display: Loaded Boot cache: C:/Users/ellan/AppData/Local/UnrealEngine/4.22/DerivedDataCache/Boot.ddc
[2019.09.21-02.16.20:226][  0]LogDerivedDataCache: FDerivedDataBackendGraph:  Pak pak cache file ../../../../../Documents/GitHub/3D-Platformer/MyProject2/DerivedDataCache/DDC.ddp not found, will not use a pak cache.
[2019.09.21-02.16.20:226][  0]LogDerivedDataCache: Unable to find inner node Pak for hierarchical cache Hierarchy.
[2019.09.21-02.16.20:226][  0]LogDerivedDataCache: FDerivedDataBackendGraph:  CompressedPak pak cache file ../../../../../Documents/GitHub/3D-Platformer/MyProject2/DerivedDataCache/Compressed.ddp not found, will not use a pak cache.
[2019.09.21-02.16.20:227][  0]LogDerivedDataCache: Unable to find inner node CompressedPak for hierarchical cache Hierarchy.
[2019.09.21-02.16.20:259][  0]LogDerivedDataCache: Display: Pak cache opened for reading ../../../Engine/DerivedDataCache/Compressed.ddp.
[2019.09.21-02.16.20:259][  0]LogDerivedDataCache: FDerivedDataBackendGraph:  EnterprisePak pak cache file ../../../Enterprise/DerivedDataCache/Compressed.ddp not found, will not use a pak cache.
[2019.09.21-02.16.20:259][  0]LogDerivedDataCache: Unable to find inner node EnterprisePak for hierarchical cache Hierarchy.
[2019.09.21-02.16.20:272][  0]LogDerivedDataCache: Using Local data cache path C:/Users/ellan/AppData/Local/UnrealEngine/Common/DerivedDataCache: Writable
[2019.09.21-02.16.20:272][  0]LogDerivedDataCache: Shared data cache path not found in *engine.ini, will not use an Shared cache.
[2019.09.21-02.16.20:272][  0]LogDerivedDataCache: Unable to find inner node Shared for hierarchical cache Hierarchy.
[2019.09.21-02.16.20:314][  0]LogMaterial: Verifying Global Shaders for PCD3D_SM5
[2019.09.21-02.16.20:317][  0]LogSlate: Using FreeType 2.6.0
[2019.09.21-02.16.20:319][  0]LogSlate: SlateFontServices - WITH_FREETYPE: 1, WITH_HARFBUZZ: 1
[2019.09.21-02.16.20:464][  0]LogAssetRegistry: FAssetRegistry took 0.0333 seconds to start up
[2019.09.21-02.16.20:796][  0]LogInit: Selected Device Profile: [Windows]
[2019.09.21-02.16.20:858][  0]LogMeshReduction: Using QuadricMeshReduction for automatic static mesh reduction
[2019.09.21-02.16.20:858][  0]LogMeshReduction: Using SimplygonMeshReduction for automatic skeletal mesh reduction
[2019.09.21-02.16.20:858][  0]LogMeshReduction: Using ProxyLODMeshReduction for automatic mesh merging
[2019.09.21-02.16.20:858][  0]LogMeshReduction: No distributed automatic mesh merging module available
[2019.09.21-02.16.20:858][  0]LogMeshMerging: No distributed automatic mesh merging module available
[2019.09.21-02.16.20:938][  0]LogNetVersion: MyProject2 1.0.0, NetCL: 5660361, EngineNetVer: 10, GameNetVer: 0 (Checksum: 4139302413)
[2019.09.21-02.16.21:635][  0]LogPackageLocalizationCache: Processed 10 localized package path(s) for 1 prioritized culture(s) in 0.069869 seconds
[2019.09.21-02.16.21:642][  0]LogUObjectArray: 42205 objects as part of root set at end of initial load.
[2019.09.21-02.16.21:642][  0]LogUObjectAllocator: 7325032 out of 0 bytes used by permanent object pool.
[2019.09.21-02.16.21:642][  0]LogUObjectArray: CloseDisregardForGC: 0/0 objects in disregard for GC pool
[2019.09.21-02.16.22:668][  0]LogTcpMessaging: Initializing TcpMessaging bridge
[2019.09.21-02.16.22:683][  0]LogUdpMessaging: Initializing bridge on interface 0.0.0.0:0 to multicast group 230.0.0.1:6666.
[2019.09.21-02.16.22:854][  0]SourceControl: Source control is disabled
[2019.09.21-02.16.22:854][  0]SourceControl: Source control is disabled
[2019.09.21-02.16.22:856][  0]SourceControl: Source control is disabled
[2019.09.21-02.16.22:858][  0]SourceControl: Source control is disabled
[2019.09.21-02.16.22:867][  0]LogVSAccessor: Display: Unable to create Visual Studio setup instance: 80040154
[2019.09.21-02.16.22:868][  0]LogVSAccessor: Display: Unable to create Visual Studio setup instance: 80040154
[2019.09.21-02.16.22:954][  0]LogAndroidPermission: UAndroidPermissionCallbackProxy::GetInstance
[2019.09.21-02.16.23:388][  0]LogOcInput: OculusInput pre-init called
[2019.09.21-02.16.24:904][  0]LogEngine: Initializing Engine...
[2019.09.21-02.16.24:906][  0]LogHMD: Failed to initialize OpenVR with code 110
[2019.09.21-02.16.24:909][  0]LogStats: UGameplayTagsManager::InitializeManager -  0.000 s
[2019.09.21-02.16.25:246][  0]LogInit: Initializing FReadOnlyCVARCache
[2019.09.21-02.16.25:283][  0]LogAIModule: Creating AISystem for world Untitled
[2019.09.21-02.16.25:318][  0]LogInit: XAudio2 using 'Speakers (Realtek(R) Audio)' : 6 channels at 48 kHz using 32 bits per sample (channel mask 0x3f)
[2019.09.21-02.16.25:997][  0]LogInit: FAudioDevice initialized.
[2019.09.21-02.16.25:999][  0]LogNetVersion: Set ProjectVersion to 1.0.0.0. Version Checksum will be recalculated on next use.
[2019.09.21-02.16.26:140][  0]LogDerivedDataCache: Saved boot cache 0.14s 71MB C:/Users/ellan/AppData/Local/UnrealEngine/4.22/DerivedDataCache/Boot.ddc.
[2019.09.21-02.16.26:170][  0]LogInit: Texture streaming: Enabled
[2019.09.21-02.16.26:234][  0]LogEngineSessionManager: EngineSessionManager initialized
[2019.09.21-02.16.26:287][  0]LogInit: Transaction tracking system initialized
[2019.09.21-02.16.26:389][  0]BlueprintLog: New page: Editor Load
[2019.09.21-02.16.26:515][  0]LocalizationService: Localization service is disabled
[2019.09.21-02.16.26:748][  0]LogVSAccessor: Display: Unable to create Visual Studio setup instance: 80040154
[2019.09.21-02.16.26:749][  0]LogVSAccessor: Display: Unable to create Visual Studio setup instance: 80040154
[2019.09.21-02.16.27:024][  0]LogFileCache: Scanning file cache for directory 'C:/Users/ellan/Documents/GitHub/3D-Platformer/MyProject2/Content/' took 0.02s
[2019.09.21-02.16.27:024][  0]LogCook: Display: Max memory allowance for cook 16384mb min free memory 0mb
[2019.09.21-02.16.27:024][  0]LogCook: Display: Mobile HDR setting 1
[2019.09.21-02.16.27:236][  0]SourceControl: Source control is disabled
[2019.09.21-02.16.27:236][  0]Cmd: MAP LOAD FILE="../../../../../Documents/GitHub/3D-Platformer/MyProject2/Content/__MyContent/Maps/Level_1.umap" TEMPLATE=0 SHOWPROGRESS=1 FEATURELEVEL=3
[2019.09.21-02.16.27:237][  0]LightingResults: New page: Lighting Build
[2019.09.21-02.16.27:240][  0]MapCheck: New page: Map Check
[2019.09.21-02.16.27:240][  0]LightingResults: New page: Lighting Build
[2019.09.21-02.16.27:270][  0]LogUObjectHash: Compacting FUObjectHashTables data took   1.54ms
[2019.09.21-02.16.27:584][  0]LogAIModule: Creating AISystem for world Level_1
[2019.09.21-02.16.27:591][  0]LogEditorServer: Finished looking for orphan Actors (0.000 secs)
[2019.09.21-02.16.27:625][  0]LogUObjectHash: Compacting FUObjectHashTables data took   2.08ms
[2019.09.21-02.16.27:625][  0]Cmd: MAP CHECKDEP NOCLEARLOG
[2019.09.21-02.16.27:625][  0]MapCheck: Map check complete: 0 Error(s), 0 Warning(s), took 0.167ms to complete.
[2019.09.21-02.16.27:625][  0]LogFileHelpers: Loading map 'Level_1' took 0.389
[2019.09.21-02.16.27:730][  0]LogSlate: Updating window title bar state: overlay mode, drag disabled, window buttons hidden, title bar hidden
[2019.09.21-02.16.27:738][  0]LogSlate: Updating window title bar state: overlay mode, drag disabled, window buttons hidden, title bar hidden
[2019.09.21-02.16.27:746][  0]LogSlate: Updating window title bar state: overlay mode, drag disabled, window buttons hidden, title bar hidden
[2019.09.21-02.16.27:754][  0]LogSlate: Updating window title bar state: overlay mode, drag disabled, window buttons hidden, title bar hidden
[2019.09.21-02.16.27:763][  0]LogCollectionManager: Loaded 0 collections in 0.003153 seconds
[2019.09.21-02.16.27:818][  0]LogFileCache: Scanning file cache for directory 'C:/Users/ellan/Documents/GitHub/3D-Platformer/MyProject2/Saved/Collections/' took 0.01s
[2019.09.21-02.16.27:818][  0]LogFileCache: Scanning file cache for directory 'C:/Users/ellan/Documents/GitHub/3D-Platformer/MyProject2/Content/Developers/ellan/Collections/' took 0.01s
[2019.09.21-02.16.27:818][  0]LogFileCache: Scanning file cache for directory 'C:/Users/ellan/Documents/GitHub/3D-Platformer/MyProject2/Content/Collections/' took 0.01s
[2019.09.21-02.16.27:818][  0]LogCollectionManager: Rebuilt the GUID cache for 0 collections in 0.000000 seconds
[2019.09.21-02.16.27:842][  0]LogContentBrowser: Native class hierarchy populated in 0.0243 seconds. Added 2732 classes and 659 folders.
[2019.09.21-02.16.27:859][  0]LogContentBrowser: Native class hierarchy updated for 'WidgetCarousel' in 0.0004 seconds. Added 0 classes and 0 folders.
[2019.09.21-02.16.27:863][  0]LogPakFile: Registered encryption key '00000000000000000000000000000000': 0 pak files mounted, 0 remain pending
[2019.09.21-02.16.27:864][  0]LogPakFile: Registered encryption key '00000000000000000000000000000000': 0 pak files mounted, 0 remain pending
[2019.09.21-02.16.27:865][  0]LogPakFile: Registered encryption key '00000000000000000000000000000000': 0 pak files mounted, 0 remain pending
[2019.09.21-02.16.27:866][  0]LogPakFile: Registered encryption key '00000000000000000000000000000000': 0 pak files mounted, 0 remain pending
[2019.09.21-02.16.27:867][  0]LogPakFile: Registered encryption key '00000000000000000000000000000000': 0 pak files mounted, 0 remain pending
[2019.09.21-02.16.27:868][  0]LogPakFile: Registered encryption key '00000000000000000000000000000000': 0 pak files mounted, 0 remain pending
[2019.09.21-02.16.27:869][  0]LogPakFile: Registered encryption key '00000000000000000000000000000000': 0 pak files mounted, 0 remain pending
[2019.09.21-02.16.27:870][  0]LogPakFile: Registered encryption key '00000000000000000000000000000000': 0 pak files mounted, 0 remain pending
[2019.09.21-02.16.27:871][  0]LogPakFile: Registered encryption key '00000000000000000000000000000000': 0 pak files mounted, 0 remain pending
[2019.09.21-02.16.27:872][  0]LogPakFile: Registered encryption key '00000000000000000000000000000000': 0 pak files mounted, 0 remain pending
[2019.09.21-02.16.27:872][  0]LogPakFile: Registered encryption key '00000000000000000000000000000000': 0 pak files mounted, 0 remain pending
[2019.09.21-02.16.27:873][  0]LogPakFile: Registered encryption key '00000000000000000000000000000000': 0 pak files mounted, 0 remain pending
[2019.09.21-02.16.27:874][  0]LogPakFile: Registered encryption key '00000000000000000000000000000000': 0 pak files mounted, 0 remain pending
[2019.09.21-02.16.27:874][  0]LogPakFile: Registered encryption key '00000000000000000000000000000000': 0 pak files mounted, 0 remain pending
[2019.09.21-02.16.27:875][  0]LogPakFile: Registered encryption key '00000000000000000000000000000000': 0 pak files mounted, 0 remain pending
[2019.09.21-02.16.27:876][  0]LogPakFile: Registered encryption key '00000000000000000000000000000000': 0 pak files mounted, 0 remain pending
[2019.09.21-02.16.27:876][  0]LogPakFile: Registered encryption key '00000000000000000000000000000000': 0 pak files mounted, 0 remain pending
[2019.09.21-02.16.27:877][  0]LogPakFile: Registered encryption key '00000000000000000000000000000000': 0 pak files mounted, 0 remain pending
[2019.09.21-02.16.27:877][  0]LogPakFile: Registered encryption key '00000000000000000000000000000000': 0 pak files mounted, 0 remain pending
[2019.09.21-02.16.27:878][  0]LogPakFile: Registered encryption key '00000000000000000000000000000000': 0 pak files mounted, 0 remain pending
[2019.09.21-02.16.27:879][  0]LogPakFile: Registered encryption key '00000000000000000000000000000000': 0 pak files mounted, 0 remain pending
[2019.09.21-02.16.27:879][  0]LogPakFile: Registered encryption key '00000000000000000000000000000000': 0 pak files mounted, 0 remain pending
[2019.09.21-02.16.27:880][  0]LogPakFile: Registered encryption key '00000000000000000000000000000000': 0 pak files mounted, 0 remain pending
[2019.09.21-02.16.27:880][  0]LogPakFile: Registered encryption key '00000000000000000000000000000000': 0 pak files mounted, 0 remain pending
[2019.09.21-02.16.27:881][  0]LogPakFile: Registered encryption key '00000000000000000000000000000000': 0 pak files mounted, 0 remain pending
[2019.09.21-02.16.27:881][  0]LogPakFile: Registered encryption key '00000000000000000000000000000000': 0 pak files mounted, 0 remain pending
[2019.09.21-02.16.27:928][  0]LogContentBrowser: Native class hierarchy updated for 'AddContentDialog' in 0.0002 seconds. Added 0 classes and 0 folders.
[2019.09.21-02.16.27:934][  0]LogContentBrowser: Native class hierarchy updated for 'SceneOutliner' in 0.0002 seconds. Added 1 classes and 2 folders.
[2019.09.21-02.16.28:040][  0]LogContentBrowser: Native class hierarchy updated for 'HierarchicalLODOutliner' in 0.0012 seconds. Added 0 classes and 0 folders.
[2019.09.21-02.16.28:040][  0]LogLoad: (Engine Initialization) Total time: 14.12 seconds
[2019.09.21-02.16.28:040][  0]LogLoad: (Engine Initialization) Total Blueprint compile time: 0.00 seconds
[2019.09.21-02.16.28:121][  0]LogAssetRegistry: Asset discovery search completed in 7.6783 seconds
[2019.09.21-02.16.28:125][  0]LogCollectionManager: Rebuilt the object cache for 0 collections in 0.000000 seconds (found 0 objects)
[2019.09.21-02.16.28:125][  0]LogCollectionManager: Fixed up redirectors for 0 collections in 0.000096 seconds (updated 0 objects)
[2019.09.21-02.16.28:127][  0]LogContentStreaming: Texture pool size now 1000 MB
[2019.09.21-02.16.28:145][  0]LogSlate: Took 0.000329 seconds to synchronously load lazily loaded font '../../../Engine/Content/Slate/Fonts/Roboto-Regular.ttf' (155K)
[2019.09.21-02.16.28:147][  0]LogSlate: Took 0.000211 seconds to synchronously load lazily loaded font '../../../Engine/Content/Slate/Fonts/Roboto-Bold.ttf' (160K)
[2019.09.21-02.16.28:152][  0]LogSlate: Took 0.000256 seconds to synchronously load lazily loaded font '../../../Engine/Content/Editor/Slate/Fonts/FontAwesome.ttf' (139K)
[2019.09.21-02.16.28:343][  0]LogRenderer: Reallocating scene render targets to support 372x320 Format 10 NumSamples 1 (Frame:1).
[2019.09.21-02.16.28:343][  0]LogSlate: Took 0.000435 seconds to synchronously load lazily loaded font '../../../Engine/Content/Slate/Fonts/Roboto-Light.ttf' (167K)
[2019.09.21-02.16.31:954][103]LogRenderer: Reallocating scene render targets to support 376x320 Format 10 NumSamples 1 (Frame:102).
[2019.09.21-02.16.32:064][103]LogRenderer: Reallocating scene render targets to support 384x320 Format 10 NumSamples 1 (Frame:103).
[2019.09.21-02.16.32:268][103]LogRenderer: Reallocating scene render targets to support 388x320 Format 10 NumSamples 1 (Frame:105).
[2019.09.21-02.16.32:461][103]LogRenderer: Reallocating scene render targets to support 392x320 Format 10 NumSamples 1 (Frame:107).
[2019.09.21-02.16.33:125][103]LogRenderer: Reallocating scene render targets to support 396x320 Format 10 NumSamples 1 (Frame:109).
[2019.09.21-02.16.35:185][207]LogRenderer: Reallocating scene render targets to support 396x332 Format 10 NumSamples 1 (Frame:215).
[2019.09.21-02.16.35:292][207]LogRenderer: Reallocating scene render targets to support 396x352 Format 10 NumSamples 1 (Frame:216).
[2019.09.21-02.16.35:406][207]LogRenderer: Reallocating scene render targets to support 396x360 Format 10 NumSamples 1 (Frame:217).
[2019.09.21-02.16.35:503][207]LogRenderer: Reallocating scene render targets to support 396x368 Format 10 NumSamples 1 (Frame:218).
[2019.09.21-02.16.35:600][207]LogRenderer: Reallocating scene render targets to support 396x376 Format 10 NumSamples 1 (Frame:219).
[2019.09.21-02.16.35:699][207]LogRenderer: Reallocating scene render targets to support 396x380 Format 10 NumSamples 1 (Frame:220).
[2019.09.21-02.16.43:507][545]LogSlate: FSceneViewport::OnFocusLost() reason 0
[2019.09.21-02.17.03:469][637]LogSlate: FSceneViewport::OnFocusLost() reason 0
[2019.09.21-02.17.07:411][848]LogConsoleManager: Warning: Console object named 'ActorComponents.Enable' already exists but is being registered again, but we weren't expected it to be! (FConsoleManager::AddConsoleObject)
[2019.09.21-02.17.19:199][447]LogSlate: Took 0.000584 seconds to synchronously load lazily loaded font '../../../Engine/Content/Slate/Fonts/Roboto-Light.ttf' (167K)
[2019.09.21-02.17.19:209][447]LogAssetEditorManager: Opening Asset editor for Blueprint /Game/__MyContent/Blueprints/BP_MyWayPoint.BP_MyWayPoint
[2019.09.21-02.17.19:606][447]LogContentBrowser: Native class hierarchy updated for 'BlueprintGraph' in 0.0006 seconds. Added 121 classes and 0 folders.
[2019.09.21-02.17.20:611][447]LogSlate: Took 0.000652 seconds to synchronously load lazily loaded font '../../../Engine/Content/Slate/Fonts/Roboto-BoldCondensed.ttf' (158K)
[2019.09.21-02.17.22:900][515]LogSlate: Window 'BP_MyWayPoint' being destroyed
[2019.09.21-02.17.25:021][612]LogSlate: Window 'BP_MyWayPoint' being destroyed
[2019.09.21-02.17.26:228][675]LogSlate: Took 0.000721 seconds to synchronously load lazily loaded font '../../../Engine/Content/Slate/Fonts/Roboto-Italic.ttf' (157K)
[2019.09.21-02.17.44:879][670]LogRenderer: Reallocating scene render targets to support 396x664 Format 10 NumSamples 1 (Frame:1).
[2019.09.21-02.17.58:086][416]LogSlate: Took 0.000218 seconds to synchronously load lazily loaded font '../../../Engine/Content/Slate/Fonts/Roboto-BoldCondensedItalic.ttf' (160K)
[2019.09.21-02.18.47:325][639]LogUObjectHash: Compacting FUObjectHashTables data took   3.59ms
[2019.09.21-02.18.47:480][639]LogSavePackage: Moving '../../../../../Documents/GitHub/3D-Platformer/MyProject2/Saved/Level_18214003341F92D27ED8BE5A222EB6084.tmp' to '../../../../../Documents/GitHub/3D-Platformer/MyProject2/Content/__MyContent/Maps/Level_1.umap'
[2019.09.21-02.18.47:508][639]Cmd: OBJ SAVEPACKAGE PACKAGE="/Game/__MyContent/Maps/Level_1_BuiltData" FILE="../../../../../Documents/GitHub/3D-Platformer/MyProject2/Content/__MyContent/Maps/Level_1_BuiltData.uasset" SILENT=true
[2019.09.21-02.18.47:532][639]LogSavePackage: Moving '../../../../../Documents/GitHub/3D-Platformer/MyProject2/Saved/Level_1_BuiltData85EC7BE94DE886725F9E45BD91EDAFAC.tmp' to '../../../../../Documents/GitHub/3D-Platformer/MyProject2/Content/__MyContent/Maps/Level_1_BuiltData.uasset'
[2019.09.21-02.19.36:289][629]BlueprintLog: New page: Compile BP_MyWayPoint
[2019.09.21-02.19.36:455][629]LogUObjectHash: Compacting FUObjectHashTables data took   2.32ms
[2019.09.21-02.19.36:881][649]Cmd: OBJ SAVEPACKAGE PACKAGE="/Game/__MyContent/Blueprints/BP_MyWayPoint" FILE="../../../../../Documents/GitHub/3D-Platformer/MyProject2/Content/__MyContent/Blueprints/BP_MyWayPoint.uasset" SILENT=true
[2019.09.21-02.19.36:908][649]LogSavePackage: Moving '../../../../../Documents/GitHub/3D-Platformer/MyProject2/Saved/BP_MyWayPoint1D89308644031629E23D428C6C68EB74.tmp' to '../../../../../Documents/GitHub/3D-Platformer/MyProject2/Content/__MyContent/Blueprints/BP_MyWayPoint.uasset'
[2019.09.21-02.21.12:753][278]BlueprintLog: New page: Compile BP_MyWayPoint
[2019.09.21-02.21.12:929][278]LogUObjectHash: Compacting FUObjectHashTables data took   3.06ms
[2019.09.21-02.21.13:741][355]Cmd: OBJ SAVEPACKAGE PACKAGE="/Game/__MyContent/Blueprints/BP_MyWayPoint" FILE="../../../../../Documents/GitHub/3D-Platformer/MyProject2/Content/__MyContent/Blueprints/BP_MyWayPoint.uasset" SILENT=true
[2019.09.21-02.21.13:760][355]LogSavePackage: Moving '../../../../../Documents/GitHub/3D-Platformer/MyProject2/Saved/BP_MyWayPoint6DEE1B7143819D849B03DCA1E05F9465.tmp' to '../../../../../Documents/GitHub/3D-Platformer/MyProject2/Content/__MyContent/Blueprints/BP_MyWayPoint.uasset'
[2019.09.21-02.22.12:213][870]LogUObjectHash: Compacting FUObjectHashTables data took   2.71ms
[2019.09.21-02.22.12:368][870]LogSavePackage: Moving '../../../../../Documents/GitHub/3D-Platformer/MyProject2/Saved/Level_1194A5DCB4CFE1E0422F32A83A7055517.tmp' to '../../../../../Documents/GitHub/3D-Platformer/MyProject2/Content/__MyContent/Maps/Level_1.umap'
[2019.09.21-02.22.12:396][870]Cmd: OBJ SAVEPACKAGE PACKAGE="/Game/__MyContent/Maps/Level_1_BuiltData" FILE="../../../../../Documents/GitHub/3D-Platformer/MyProject2/Content/__MyContent/Maps/Level_1_BuiltData.uasset" SILENT=true
[2019.09.21-02.22.12:413][870]LogSavePackage: Moving '../../../../../Documents/GitHub/3D-Platformer/MyProject2/Saved/Level_1_BuiltData48C267B74A6EF0E54C129AAA25B9C468.tmp' to '../../../../../Documents/GitHub/3D-Platformer/MyProject2/Content/__MyContent/Maps/Level_1_BuiltData.uasset'
[2019.09.21-02.23.19:515][900]LogEditorViewport: Clicking on Actor (LMB): BP_Sky_Sphere_C (Sky Sphere)
[2019.09.21-02.23.25:197][255]LogSlate: FSceneViewport::OnFocusLost() reason 0
[2019.09.21-02.27.02:984][231]BlueprintLog: New page: Compile BP_MyWayPoint
[2019.09.21-02.27.03:162][231]LogUObjectHash: Compacting FUObjectHashTables data took   2.96ms
[2019.09.21-02.28.15:147][363]LogUObjectHash: Compacting FUObjectHashTables data took   3.07ms
[2019.09.21-02.28.15:489][363]LogSavePackage: Moving '../../../../../Documents/GitHub/3D-Platformer/MyProject2/Saved/Level_14C5EBAF44DEC9C1FC37A9CB744F9D4B1.tmp' to '../../../../../Documents/GitHub/3D-Platformer/MyProject2/Content/__MyContent/Maps/Level_1.umap'
[2019.09.21-02.28.15:569][363]Cmd: OBJ SAVEPACKAGE PACKAGE="/Game/__MyContent/Maps/Level_1_BuiltData" FILE="../../../../../Documents/GitHub/3D-Platformer/MyProject2/Content/__MyContent/Maps/Level_1_BuiltData.uasset" SILENT=true
[2019.09.21-02.28.15:623][363]LogSavePackage: Moving '../../../../../Documents/GitHub/3D-Platformer/MyProject2/Saved/Level_1_BuiltData22816EA443D7F6A740D2779C14318C77.tmp' to '../../../../../Documents/GitHub/3D-Platformer/MyProject2/Content/__MyContent/Maps/Level_1_BuiltData.uasset'
[2019.09.21-02.29.03:722][505]LogSlate: FSceneViewport::OnFocusLost() reason 0
[2019.09.21-02.30.29:162][797]LogRHI: Error: SyncInterval 0
[2019.09.21-02.30.29:163][797]LogRHI: Error: SwapChainDesc.BufferDesc.Width 397
[2019.09.21-02.30.29:163][797]LogRHI: Error: SwapChainDesc.BufferDesc.Height 85
[2019.09.21-02.30.29:163][797]LogRHI: Error: SwapChainDesc.BufferDesc.RefreshRate.Numerator 0
[2019.09.21-02.30.29:163][797]LogRHI: Error: SwapChainDesc.BufferDesc.RefreshRate.Denominator 0
[2019.09.21-02.30.29:163][797]LogRHI: Error: SwapChainDesc.BufferDesc.Format 24
[2019.09.21-02.30.29:163][797]LogRHI: Error: SwapChainDesc.BufferDesc.ScanlineOrdering 0
[2019.09.21-02.30.29:163][797]LogRHI: Error: SwapChainDesc.BufferDesc.Scaling 0
[2019.09.21-02.30.29:163][797]LogRHI: Error: SwapChainDesc.SampleDesc.Count 1
[2019.09.21-02.30.29:163][797]LogRHI: Error: SwapChainDesc.SampleDesc.Quality 0
[2019.09.21-02.30.29:163][797]LogRHI: Error: SwapChainDesc.BufferUsage 48
[2019.09.21-02.30.29:163][797]LogRHI: Error: SwapChainDesc.BufferCount 1
[2019.09.21-02.30.29:163][797]LogRHI: Error: SwapChainDesc.OutputWindow 00000000001E055E
[2019.09.21-02.30.29:163][797]LogRHI: Error: SwapChainDesc.Windowed true
[2019.09.21-02.30.29:163][797]LogRHI: Error: SwapChainDesc.SwapEffect 0
[2019.09.21-02.30.29:163][797]LogRHI: Error: SwapChainDesc.Flags 2
[2019.09.21-02.30.29:163][797]LogD3D11RHI: Error: Result failed 
 at D:\Build\++UE4\Sync\Engine\Source\Runtime\Windows\D3D11RHI\Private\D3D11Viewport.cpp:361 
 with error E_INVALIDARG
[2019.09.21-02.30.29:163][797]LogWindows: Windows GetLastError: The operation completed successfully. (0)
[2019.09.21-02.30.31:786][797]LogThreadingWindows: Error: Runnable thread RenderThread 24 crashed.
[2019.09.21-02.30.31:786][797]LogWindows: Error: === Critical error: ===
[2019.09.21-02.30.31:786][797]LogWindows: Error: 
[2019.09.21-02.30.31:786][797]LogWindows: Error: Fatal error: [File:D:\Build\++UE4\Sync\Engine\Source\Runtime\Windows\D3D11RHI\Private\D3D11Util.cpp] [Line: 249] 
[2019.09.21-02.30.31:786][797]LogWindows: Error: Result failed 
[2019.09.21-02.30.31:787][797]LogWindows: Error:  at D:\Build\++UE4\Sync\Engine\Source\Runtime\Windows\D3D11RHI\Private\D3D11Viewport.cpp:361 
[2019.09.21-02.30.31:787][797]LogWindows: Error:  with error E_INVALIDARG
[2019.09.21-02.30.31:787][797]LogWindows: Error: 
[2019.09.21-02.30.31:787][797]LogWindows: Error: 
[2019.09.21-02.30.31:787][797]LogWindows: Error: [Callstack] 0x00007ffc6527a388 KERNELBASE.dll!UnknownFunction []
[2019.09.21-02.30.31:787][797]LogWindows: Error: [Callstack] 0x00007ffc10d51f37 UE4Editor-Core.dll!UnknownFunction []
[2019.09.21-02.30.31:787][797]LogWindows: Error: [Callstack] 0x00007ffc10d546e7 UE4Editor-Core.dll!UnknownFunction []
[2019.09.21-02.30.31:787][797]LogWindows: Error: [Callstack] 0x00007ffc10b67d1a UE4Editor-Core.dll!UnknownFunction []
[2019.09.21-02.30.31:787][797]LogWindows: Error: [Callstack] 0x00007ffc10aefe33 UE4Editor-Core.dll!UnknownFunction []
[2019.09.21-02.30.31:787][797]LogWindows: Error: [Callstack] 0x00007ffc10aefd18 UE4Editor-Core.dll!UnknownFunction []
[2019.09.21-02.30.31:787][797]LogWindows: Error: [Callstack] 0x00007ffbec8c644a UE4Editor-D3D11RHI.dll!UnknownFunction []
[2019.09.21-02.30.31:787][797]LogWindows: Error: [Callstack] 0x00007ffbec8a875e UE4Editor-D3D11RHI.dll!UnknownFunction []
[2019.09.21-02.30.31:787][797]LogWindows: Error: [Callstack] 0x00007ffbec8b480b UE4Editor-D3D11RHI.dll!UnknownFunction []
[2019.09.21-02.30.31:787][797]LogWindows: Error: [Callstack] 0x00007ffc4ae8e8e0 UE4Editor-RHI.dll!UnknownFunction []
[2019.09.21-02.30.31:787][797]LogWindows: Error: [Callstack] 0x00007ffc4ae8e4c4 UE4Editor-RHI.dll!UnknownFunction []
[2019.09.21-02.30.31:787][797]LogWindows: Error: [Callstack] 0x00007ffc4ae8f444 UE4Editor-RHI.dll!UnknownFunction []
[2019.09.21-02.30.31:787][797]LogWindows: Error: [Callstack] 0x00007ffc4ae86bb4 UE4Editor-RHI.dll!UnknownFunction []
[2019.09.21-02.30.31:787][797]LogWindows: Error: [Callstack] 0x00007ffbec67769b UE4Editor-SlateRHIRenderer.dll!UnknownFunction []
[2019.09.21-02.30.31:787][797]LogWindows: Error: [Callstack] 0x00007ffbec67e220 UE4Editor-SlateRHIRenderer.dll!UnknownFunction []
[2019.09.21-02.30.31:787][797]LogWindows: Error: [Callstack] 0x00007ffc109722d8 UE4Editor-Core.dll!UnknownFunction []
[2019.09.21-02.30.31:787][797]LogWindows: Error: [Callstack] 0x00007ffc10972563 UE4Editor-Core.dll!UnknownFunction []
[2019.09.21-02.30.31:787][797]LogWindows: Error: [Callstack] 0x00007ffc344b59f1 UE4Editor-RenderCore.dll!UnknownFunction []
[2019.09.21-02.30.31:787][797]LogWindows: Error: [Callstack] 0x00007ffc344bc184 UE4Editor-RenderCore.dll!UnknownFunction []
[2019.09.21-02.30.31:787][797]LogWindows: Error: [Callstack] 0x00007ffc10d64b3f UE4Editor-Core.dll!UnknownFunction []
[2019.09.21-02.30.31:787][797]LogWindows: Error: [Callstack] 0x00007ffc10d608a7 UE4Editor-Core.dll!UnknownFunction []
[2019.09.21-02.30.31:787][797]LogWindows: Error: [Callstack] 0x00007ffc67e24034 KERNEL32.DLL!UnknownFunction []
[2019.09.21-02.30.31:788][797]LogWindows: Error: [Callstack] 0x00007ffc681a3691 ntdll.dll!UnknownFunction []
[2019.09.21-02.30.31:788][797]LogWindows: Error: 
[2019.09.21-02.30.31:788][797]LogWindows: Error: Crash in runnable thread RenderThread 24
[2019.09.21-02.30.31:794][797]LogOutputDevice: Warning: 

Script Stack (0 frames):

[2019.09.21-02.30.31:794][797]LogWindows: Windows GetLastError: The operation completed successfully. (0)
[2019.09.21-02.30.31:794][797]LogWindows: Error: HandleError re-entered.
[2019.09.21-02.30.31:794][797]LogWindows: FPlatformMisc::RequestExit(1)
[2019.09.21-02.30.31:806][797]Log file closed, 09/21/19 12:30:31
