Log file open, 09/17/19 10:50:24
LogWindows: Failed to load 'aqProf.dll' (GetLastError=126)
LogWindows: File 'aqProf.dll' does not exist
LogWindows: Failed to load 'VtuneApi.dll' (GetLastError=126)
LogWindows: File 'VtuneApi.dll' does not exist
LogWindows: Failed to load 'VtuneApi32e.dll' (GetLastError=126)
LogWindows: File 'VtuneApi32e.dll' does not exist
LogConsoleResponse: Display: Failed to find resolution value strings in scalability ini. Falling back to default.
LogInit: Display: Running engine for game: MyProject2
LogPakFile: Registered encryption key '00000000000000000000000000000000': 0 pak files mounted, 0 remain pending
LogPlatformFile: Not using cached read wrapper
LogTaskGraph: Started task graph with 5 named threads and 35 total threads with 3 sets of task threads.
LogStats: Stats thread started at 0.421730
LogD3D11RHI: Loaded GFSDK_Aftermath_Lib.x64.dll
LogICUInternationalization: ICU TimeZone Detection - Raw Offset: +10:00, Platform Override: ''
LogPluginManager: Mounting plugin Paper2D
LogPluginManager: Mounting plugin AISupport
LogPluginManager: Mounting plugin LightPropagationVolume
LogPluginManager: Mounting plugin ActorLayerUtilities
LogPluginManager: Mounting plugin AnimationSharing
LogPluginManager: Mounting plugin CLionSourceCodeAccess
LogPluginManager: Mounting plugin CodeLiteSourceCodeAccess
LogPluginManager: Mounting plugin GitSourceControl
LogPluginManager: Mounting plugin KDevelopSourceCodeAccess
LogPluginManager: Mounting plugin NullSourceCodeAccess
LogPluginManager: Mounting plugin PerforceSourceControl
LogPluginManager: Mounting plugin SubversionSourceControl
LogPluginManager: Mounting plugin UObjectPlugin
LogPluginManager: Mounting plugin VisualStudioCodeSourceCodeAccess
LogPluginManager: Mounting plugin VisualStudioSourceCodeAccess
LogPluginManager: Mounting plugin XCodeSourceCodeAccess
LogPluginManager: Mounting plugin AssetManagerEditor
LogPluginManager: Mounting plugin CryptoKeys
LogPluginManager: Mounting plugin DataValidation
LogPluginManager: Mounting plugin FacialAnimation
LogPluginManager: Mounting plugin GameplayTagsEditor
LogPluginManager: Mounting plugin MacGraphicsSwitching
LogPluginManager: Mounting plugin MaterialAnalyzer
LogPluginManager: Mounting plugin MobileLauncherProfileWizard
LogPluginManager: Mounting plugin PluginBrowser
LogPluginManager: Mounting plugin SpeedTreeImporter
LogPluginManager: Mounting plugin DatasmithContent
LogPluginManager: Mounting plugin VariantManagerContent
LogPluginManager: Mounting plugin AlembicImporter
LogPluginManager: Mounting plugin AppleImageUtils
LogPluginManager: Mounting plugin AppleVision
LogPluginManager: Mounting plugin BackChannel
LogPluginManager: Mounting plugin CharacterAI
LogPluginManager: Mounting plugin GeometryCache
LogPluginManager: Mounting plugin HTML5Networking
LogPluginManager: Mounting plugin ProxyLODPlugin
LogPluginManager: Mounting plugin SkeletalReduction
LogPluginManager: Mounting plugin MagicLeap
LogPluginManager: Mounting plugin MagicLeapMedia
LogPluginManager: Mounting plugin AndroidMedia
LogPluginManager: Mounting plugin AvfMedia
LogPluginManager: Mounting plugin ImgMedia
LogPluginManager: Mounting plugin LinearTimecode
LogPluginManager: Mounting plugin MediaCompositing
LogPluginManager: Mounting plugin MediaPlayerEditor
LogPluginManager: Mounting plugin WebMMedia
LogPluginManager: Mounting plugin WmfMedia
LogPluginManager: Mounting plugin TcpMessaging
LogPluginManager: Mounting plugin UdpMessaging
LogPluginManager: Mounting plugin ActorSequence
LogPluginManager: Mounting plugin LevelSequenceEditor
LogPluginManager: Mounting plugin MatineeToLevelSequence
LogPluginManager: Mounting plugin NetcodeUnitTest
LogPluginManager: Mounting plugin NUTUnrealEngine4
LogPluginManager: Mounting plugin OnlineSubsystemGooglePlay
LogPluginManager: Mounting plugin OnlineSubsystemIOS
LogPluginManager: Mounting plugin OnlineSubsystem
LogPluginManager: Mounting plugin OnlineSubsystemNull
LogPluginManager: Mounting plugin OnlineSubsystemUtils
LogPluginManager: Mounting plugin LauncherChunkInstaller
LogPluginManager: Mounting plugin AndroidDeviceProfileSelector
LogPluginManager: Mounting plugin AndroidMoviePlayer
LogPluginManager: Mounting plugin AndroidPermission
LogPluginManager: Mounting plugin AppleMoviePlayer
LogPluginManager: Mounting plugin ArchVisCharacter
LogPluginManager: Mounting plugin AudioCapture
LogPluginManager: Mounting plugin CableComponent
LogPluginManager: Mounting plugin CustomMeshComponent
LogPluginManager: Mounting plugin EditableMesh
LogPluginManager: Mounting plugin ExampleDeviceProfileSelector
LogPluginManager: Mounting plugin Firebase
LogPluginManager: Mounting plugin GoogleCloudMessaging
LogPluginManager: Mounting plugin IOSDeviceProfileSelector
LogPluginManager: Mounting plugin LinuxDeviceProfileSelector
LogPluginManager: Mounting plugin LocationServicesBPLibrary
LogPluginManager: Mounting plugin MobilePatchingUtils
LogPluginManager: Mounting plugin OculusVR
LogPluginManager: Mounting plugin PhysXVehicles
LogPluginManager: Mounting plugin ProceduralMeshComponent
LogPluginManager: Mounting plugin RuntimePhysXCooking
LogPluginManager: Mounting plugin SignificanceManager
LogPluginManager: Mounting plugin SteamVR
LogPluginManager: Mounting plugin WebMMoviePlayer
LogPluginManager: Mounting plugin WindowsMoviePlayer
LogInit: Using libcurl 7.55.1-DEV
LogInit:  - built for x86_64-pc-win32
LogInit:  - supports SSL with OpenSSL/1.1.1
LogInit:  - supports HTTP deflate (compression) using libz 1.2.8
LogInit:  - other features:
LogInit:      CURL_VERSION_SSL
LogInit:      CURL_VERSION_LIBZ
LogInit:      CURL_VERSION_IPV6
LogInit:      CURL_VERSION_ASYNCHDNS
LogInit:      CURL_VERSION_LARGEFILE
LogInit:      CURL_VERSION_IDN
LogInit:  CurlRequestOptions (configurable via config and command line):
LogInit:  - bVerifyPeer = true  - Libcurl will verify peer certificate
LogInit:  - bUseHttpProxy = false  - Libcurl will NOT use HTTP proxy
LogInit:  - bDontReuseConnections = false  - Libcurl will reuse connections
LogInit:  - MaxHostConnections = 16  - Libcurl will limit the number of connections to a host
LogInit:  - LocalHostAddr = Default
LogInit:  - BufferSize = 65536
LogInit: WinSock: version 1.1 (2.2), MaxSocks=32767, MaxUdp=65467
LogInit: Build: ++UE4+Release-4.22-CL-7053642
LogInit: Engine Version: 4.22.3-7053642+++UE4+Release-4.22
LogInit: Compatible Engine Version: 4.22.0-5660361+++UE4+Release-4.22
LogInit: Net CL: 5660361
LogInit: OS: Windows 10 (Release 1803) (), CPU: Intel(R) Core(TM) i7-8750H CPU @ 2.20GHz, GPU: Intel(R) UHD Graphics 630
LogInit: Compiled (64-bit): Jun 18 2019 03:09:11
LogInit: Compiled with Visual C++: 19.16.27025.01
LogInit: Build Configuration: Development
LogInit: Branch Name: ++UE4+Release-4.22
LogInit: Command Line: 
LogInit: Base Directory: C:/Users/ellan/Desktop/UE_4.22/Engine/Binaries/Win64/
LogInit: Installed Engine Build: 1
LogDevObjectVersion: Number of dev versions registered: 23
LogDevObjectVersion:   Dev-Blueprints (B0D832E4-1F89-4F0D-ACCF-7EB736FD4AA2): 10
LogDevObjectVersion:   Dev-Build (E1C64328-A22C-4D53-A36C-8E866417BD8C): 0
LogDevObjectVersion:   Dev-Core (375EC13C-06E4-48FB-B500-84F0262A717E): 3
LogDevObjectVersion:   Dev-Editor (E4B068ED-F494-42E9-A231-DA0B2E46BB41): 30
LogDevObjectVersion:   Dev-Framework (CFFC743F-43B0-4480-9391-14DF171D2073): 35
LogDevObjectVersion:   Dev-Mobile (B02B49B5-BB20-44E9-A304-32B752E40360): 2
LogDevObjectVersion:   Dev-Networking (A4E4105C-59A1-49B5-A7C5-40C4547EDFEE): 0
LogDevObjectVersion:   Dev-Online (39C831C9-5AE6-47DC-9A44-9C173E1C8E7C): 0
LogDevObjectVersion:   Dev-Physics (78F01B33-EBEA-4F98-B9B4-84EACCB95AA2): 0
LogDevObjectVersion:   Dev-Platform (6631380F-2D4D-43E0-8009-CF276956A95A): 0
LogDevObjectVersion:   Dev-Rendering (12F88B9F-8875-4AFC-A67C-D90C383ABD29): 28
LogDevObjectVersion:   Dev-Sequencer (7B5AE74C-D270-4C10-A958-57980B212A5A): 11
LogDevObjectVersion:   Dev-VR (D7296918-1DD6-4BDD-9DE2-64A83CC13884): 2
LogDevObjectVersion:   Dev-LoadTimes (C2A15278-BFE7-4AFE-6C17-90FF531DF755): 1
LogDevObjectVersion:   Private-Geometry (6EACA3D4-40EC-4CC1-B786-8BED09428FC5): 3
LogDevObjectVersion:   Dev-AnimPhys (29E575DD-E0A3-4627-9D10-D276232CDCEA): 17
LogDevObjectVersion:   Dev-Anim (AF43A65D-7FD3-4947-9873-3E8ED9C1BB05): 2
LogDevObjectVersion:   Dev-ReflectionCapture (6B266CEC-1EC7-4B8F-A30B-E4D90942FC07): 1
LogDevObjectVersion:   Dev-Automation (0DF73D61-A23F-47EA-B727-89E90C41499A): 1
LogDevObjectVersion:   FortniteMain (601D1886-AC64-4F84-AA16-D3DE0DEAC7D6): 25
LogDevObjectVersion:   Dev-Enterprise (9DFFBCD6-494F-0158-E221-12823C92A888): 6
LogDevObjectVersion:   Dev-Niagara (F2AED0AC-9AFE-416F-8664-AA7FFA26D6FC): 1
LogDevObjectVersion:   Dev-Destruction (174F1F0B-B4C6-45A5-B13F-2EE8D0FB917D): 2
LogInit: Presizing for max 16777216 objects, including 0 objects not considered by GC, pre-allocating 0 bytes for permanent pool.
LogInit: Object subsystem initialized
LogConfig: Setting CVar [[con.DebugEarlyDefault:1]]
LogConfig: Setting CVar [[r.setres:1280x720]]
[2019.09.17-00.50.25:004][  0]LogConfig: Setting CVar [[r.VSync:0]]
[2019.09.17-00.50.25:004][  0]LogConfig: Setting CVar [[r.RHICmdBypass:0]]
[2019.09.17-00.50.25:004][  0]LogConfig: Applying CVar settings from Section [/Script/Engine.RendererSettings] File [C:/Users/ellan/Documents/GitHub/3D-Platformer/MyProject2/Saved/Config/Windows/Engine.ini]
[2019.09.17-00.50.25:004][  0]LogConfig: Setting CVar [[r.GPUCrashDebugging:0]]
[2019.09.17-00.50.25:004][  0]LogConfig: Setting CVar [[r.DefaultFeature.AutoExposure.ExtendDefaultLuminanceRange:1]]
[2019.09.17-00.50.25:004][  0]LogConfig: Applying CVar settings from Section [/Script/Engine.RendererOverrideSettings] File [C:/Users/ellan/Documents/GitHub/3D-Platformer/MyProject2/Saved/Config/Windows/Engine.ini]
[2019.09.17-00.50.25:004][  0]LogConfig: Applying CVar settings from Section [/Script/Engine.StreamingSettings] File [C:/Users/ellan/Documents/GitHub/3D-Platformer/MyProject2/Saved/Config/Windows/Engine.ini]
[2019.09.17-00.50.25:004][  0]LogConfig: Setting CVar [[s.MinBulkDataSizeForAsyncLoading:131072]]
[2019.09.17-00.50.25:004][  0]LogConfig: Setting CVar [[s.AsyncLoadingThreadEnabled:0]]
[2019.09.17-00.50.25:004][  0]LogConfig: Setting CVar [[s.EventDrivenLoaderEnabled:1]]
[2019.09.17-00.50.25:004][  0]LogConfig: Setting CVar [[s.WarnIfTimeLimitExceeded:0]]
[2019.09.17-00.50.25:004][  0]LogConfig: Setting CVar [[s.TimeLimitExceededMultiplier:1.5]]
[2019.09.17-00.50.25:004][  0]LogConfig: Setting CVar [[s.TimeLimitExceededMinTime:0.005]]
[2019.09.17-00.50.25:004][  0]LogConfig: Setting CVar [[s.UseBackgroundLevelStreaming:1]]
[2019.09.17-00.50.25:004][  0]LogConfig: Setting CVar [[s.PriorityAsyncLoadingExtraTime:15.0]]
[2019.09.17-00.50.25:005][  0]LogConfig: Setting CVar [[s.LevelStreamingActorsUpdateTimeLimit:5.0]]
[2019.09.17-00.50.25:005][  0]LogConfig: Setting CVar [[s.PriorityLevelStreamingActorsUpdateExtraTime:5.0]]
[2019.09.17-00.50.25:005][  0]LogConfig: Setting CVar [[s.LevelStreamingComponentsRegistrationGranularity:10]]
[2019.09.17-00.50.25:005][  0]LogConfig: Setting CVar [[s.UnregisterComponentsTimeLimit:1.0]]
[2019.09.17-00.50.25:005][  0]LogConfig: Setting CVar [[s.LevelStreamingComponentsUnregistrationGranularity:5]]
[2019.09.17-00.50.25:005][  0]LogConfig: Applying CVar settings from Section [/Script/Engine.GarbageCollectionSettings] File [C:/Users/ellan/Documents/GitHub/3D-Platformer/MyProject2/Saved/Config/Windows/Engine.ini]
[2019.09.17-00.50.25:005][  0]LogConfig: Setting CVar [[gc.MaxObjectsNotConsideredByGC:1]]
[2019.09.17-00.50.25:005][  0]LogConfig: Setting CVar [[gc.SizeOfPermanentObjectPool:0]]
[2019.09.17-00.50.25:005][  0]LogConfig: Setting CVar [[gc.FlushStreamingOnGC:0]]
[2019.09.17-00.50.25:005][  0]LogConfig: Setting CVar [[gc.NumRetriesBeforeForcingGC:10]]
[2019.09.17-00.50.25:005][  0]LogConfig: Setting CVar [[gc.AllowParallelGC:1]]
[2019.09.17-00.50.25:005][  0]LogConfig: Setting CVar [[gc.TimeBetweenPurgingPendingKillObjects:61.1]]
[2019.09.17-00.50.25:005][  0]LogConfig: Setting CVar [[gc.MaxObjectsInEditor:16777216]]
[2019.09.17-00.50.25:005][  0]LogConfig: Setting CVar [[gc.IncrementalBeginDestroyEnabled:1]]
[2019.09.17-00.50.25:005][  0]LogConfig: Setting CVar [[gc.CreateGCClusters:1]]
[2019.09.17-00.50.25:005][  0]LogConfig: Setting CVar [[gc.MinGCClusterSize:5]]
[2019.09.17-00.50.25:005][  0]LogConfig: Setting CVar [[gc.ActorClusteringEnabled:0]]
[2019.09.17-00.50.25:005][  0]LogConfig: Setting CVar [[gc.BlueprintClusteringEnabled:0]]
[2019.09.17-00.50.25:005][  0]LogConfig: Setting CVar [[gc.UseDisregardForGCOnDedicatedServers:0]]
[2019.09.17-00.50.25:006][  0]LogConfig: Applying CVar settings from Section [/Script/Engine.NetworkSettings] File [C:/Users/ellan/Documents/GitHub/3D-Platformer/MyProject2/Saved/Config/Windows/Engine.ini]
[2019.09.17-00.50.25:006][  0]LogConfig: Applying CVar settings from Section [/Script/UnrealEd.CookerSettings] File [C:/Users/ellan/Documents/GitHub/3D-Platformer/MyProject2/Saved/Config/Windows/Engine.ini]
[2019.09.17-00.50.25:018][  0]LogConfig: Applying CVar settings from Section [ViewDistanceQuality@3] File [C:/Users/ellan/Documents/GitHub/3D-Platformer/MyProject2/Saved/Config/Windows/Scalability.ini]
[2019.09.17-00.50.25:018][  0]LogConfig: Setting CVar [[r.SkeletalMeshLODBias:0]]
[2019.09.17-00.50.25:018][  0]LogConfig: Setting CVar [[r.ViewDistanceScale:1.0]]
[2019.09.17-00.50.25:018][  0]LogConfig: Applying CVar settings from Section [AntiAliasingQuality@3] File [C:/Users/ellan/Documents/GitHub/3D-Platformer/MyProject2/Saved/Config/Windows/Scalability.ini]
[2019.09.17-00.50.25:018][  0]LogConfig: Setting CVar [[r.PostProcessAAQuality:4]]
[2019.09.17-00.50.25:018][  0]LogConfig: Applying CVar settings from Section [ShadowQuality@3] File [C:/Users/ellan/Documents/GitHub/3D-Platformer/MyProject2/Saved/Config/Windows/Scalability.ini]
[2019.09.17-00.50.25:018][  0]LogConfig: Setting CVar [[r.LightFunctionQuality:1]]
[2019.09.17-00.50.25:018][  0]LogConfig: Setting CVar [[r.ShadowQuality:5]]
[2019.09.17-00.50.25:018][  0]LogConfig: Setting CVar [[r.Shadow.CSM.MaxCascades:10]]
[2019.09.17-00.50.25:018][  0]LogConfig: Setting CVar [[r.Shadow.MaxResolution:2048]]
[2019.09.17-00.50.25:018][  0]LogConfig: Setting CVar [[r.Shadow.MaxCSMResolution:2048]]
[2019.09.17-00.50.25:018][  0]LogConfig: Setting CVar [[r.Shadow.RadiusThreshold:0.01]]
[2019.09.17-00.50.25:018][  0]LogConfig: Setting CVar [[r.Shadow.DistanceScale:1.0]]
[2019.09.17-00.50.25:018][  0]LogConfig: Setting CVar [[r.Shadow.CSM.TransitionScale:1.0]]
[2019.09.17-00.50.25:018][  0]LogConfig: Setting CVar [[r.Shadow.PreShadowResolutionFactor:1.0]]
[2019.09.17-00.50.25:018][  0]LogConfig: Setting CVar [[r.DistanceFieldShadowing:1]]
[2019.09.17-00.50.25:019][  0]LogConfig: Setting CVar [[r.DistanceFieldAO:1]]
[2019.09.17-00.50.25:019][  0]LogConfig: Setting CVar [[r.AOQuality:2]]
[2019.09.17-00.50.25:019][  0]LogConfig: Setting CVar [[r.VolumetricFog:1]]
[2019.09.17-00.50.25:019][  0]LogConfig: Setting CVar [[r.VolumetricFog.GridPixelSize:8]]
[2019.09.17-00.50.25:019][  0]LogConfig: Setting CVar [[r.VolumetricFog.GridSizeZ:128]]
[2019.09.17-00.50.25:019][  0]LogConfig: Setting CVar [[r.VolumetricFog.HistoryMissSupersampleCount:4]]
[2019.09.17-00.50.25:019][  0]LogConfig: Setting CVar [[r.LightMaxDrawDistanceScale:1]]
[2019.09.17-00.50.25:019][  0]LogConfig: Setting CVar [[r.CapsuleShadows:1]]
[2019.09.17-00.50.25:019][  0]LogConfig: Applying CVar settings from Section [PostProcessQuality@3] File [C:/Users/ellan/Documents/GitHub/3D-Platformer/MyProject2/Saved/Config/Windows/Scalability.ini]
[2019.09.17-00.50.25:019][  0]LogConfig: Setting CVar [[r.MotionBlurQuality:4]]
[2019.09.17-00.50.25:019][  0]LogConfig: Setting CVar [[r.AmbientOcclusionMipLevelFactor:0.4]]
[2019.09.17-00.50.25:019][  0]LogConfig: Setting CVar [[r.AmbientOcclusionMaxQuality:100]]
[2019.09.17-00.50.25:019][  0]LogConfig: Setting CVar [[r.AmbientOcclusionLevels:-1]]
[2019.09.17-00.50.25:019][  0]LogConfig: Setting CVar [[r.AmbientOcclusionRadiusScale:1.0]]
[2019.09.17-00.50.25:019][  0]LogConfig: Setting CVar [[r.DepthOfFieldQuality:2]]
[2019.09.17-00.50.25:019][  0]LogConfig: Setting CVar [[r.RenderTargetPoolMin:400]]
[2019.09.17-00.50.25:019][  0]LogConfig: Setting CVar [[r.LensFlareQuality:2]]
[2019.09.17-00.50.25:019][  0]LogConfig: Setting CVar [[r.SceneColorFringeQuality:1]]
[2019.09.17-00.50.25:019][  0]LogConfig: Setting CVar [[r.EyeAdaptationQuality:2]]
[2019.09.17-00.50.25:019][  0]LogConfig: Setting CVar [[r.BloomQuality:5]]
[2019.09.17-00.50.25:020][  0]LogConfig: Setting CVar [[r.FastBlurThreshold:100]]
[2019.09.17-00.50.25:020][  0]LogConfig: Setting CVar [[r.Upscale.Quality:3]]
[2019.09.17-00.50.25:020][  0]LogConfig: Setting CVar [[r.Tonemapper.GrainQuantization:1]]
[2019.09.17-00.50.25:020][  0]LogConfig: Setting CVar [[r.LightShaftQuality:1]]
[2019.09.17-00.50.25:020][  0]LogConfig: Setting CVar [[r.Filter.SizeScale:1]]
[2019.09.17-00.50.25:020][  0]LogConfig: Setting CVar [[r.Tonemapper.Quality:5]]
[2019.09.17-00.50.25:020][  0]LogConfig: Setting CVar [[r.DOF.Gather.AccumulatorQuality:1        ; higher gathering accumulator quality]]
[2019.09.17-00.50.25:020][  0]LogConfig: Setting CVar [[r.DOF.Gather.PostfilterMethod:1          ; Median3x3 postfilering method]]
[2019.09.17-00.50.25:020][  0]LogConfig: Setting CVar [[r.DOF.Gather.EnableBokehSettings:0       ; no bokeh simulation when gathering]]
[2019.09.17-00.50.25:020][  0]LogConfig: Setting CVar [[r.DOF.Gather.RingCount:4                 ; medium number of samples when gathering]]
[2019.09.17-00.50.25:020][  0]LogConfig: Setting CVar [[r.DOF.Scatter.ForegroundCompositing:1    ; additive foreground scattering]]
[2019.09.17-00.50.25:020][  0]LogConfig: Setting CVar [[r.DOF.Scatter.BackgroundCompositing:2    ; additive background scattering]]
[2019.09.17-00.50.25:020][  0]LogConfig: Setting CVar [[r.DOF.Scatter.EnableBokehSettings:1      ; bokeh simulation when scattering]]
[2019.09.17-00.50.25:020][  0]LogConfig: Setting CVar [[r.DOF.Scatter.MaxSpriteRatio:0.1         ; only a maximum of 10% of scattered bokeh]]
[2019.09.17-00.50.25:020][  0]LogConfig: Setting CVar [[r.DOF.Recombine.Quality:1                ; cheap slight out of focus]]
[2019.09.17-00.50.25:020][  0]LogConfig: Setting CVar [[r.DOF.Recombine.EnableBokehSettings:0    ; no bokeh simulation on slight out of focus]]
[2019.09.17-00.50.25:020][  0]LogConfig: Setting CVar [[r.DOF.TemporalAAQuality:1                ; more stable temporal accumulation]]
[2019.09.17-00.50.25:020][  0]LogConfig: Setting CVar [[r.DOF.Kernel.MaxForegroundRadius:0.025]]
[2019.09.17-00.50.25:020][  0]LogConfig: Setting CVar [[r.DOF.Kernel.MaxBackgroundRadius:0.025]]
[2019.09.17-00.50.25:020][  0]LogConfig: Applying CVar settings from Section [TextureQuality@3] File [C:/Users/ellan/Documents/GitHub/3D-Platformer/MyProject2/Saved/Config/Windows/Scalability.ini]
[2019.09.17-00.50.25:021][  0]LogConfig: Setting CVar [[r.Streaming.MipBias:0]]
[2019.09.17-00.50.25:021][  0]LogConfig: Setting CVar [[r.Streaming.AmortizeCPUToGPUCopy:0]]
[2019.09.17-00.50.25:021][  0]LogConfig: Setting CVar [[r.Streaming.MaxNumTexturesToStreamPerFrame:0]]
[2019.09.17-00.50.25:021][  0]LogConfig: Setting CVar [[r.Streaming.Boost:1]]
[2019.09.17-00.50.25:021][  0]LogConfig: Setting CVar [[r.MaxAnisotropy:8]]
[2019.09.17-00.50.25:021][  0]LogConfig: Setting CVar [[r.Streaming.LimitPoolSizeToVRAM:0]]
[2019.09.17-00.50.25:021][  0]LogConfig: Setting CVar [[r.Streaming.PoolSize:1000]]
[2019.09.17-00.50.25:021][  0]LogConfig: Setting CVar [[r.Streaming.MaxEffectiveScreenSize:0]]
[2019.09.17-00.50.25:021][  0]LogConfig: Applying CVar settings from Section [EffectsQuality@3] File [C:/Users/ellan/Documents/GitHub/3D-Platformer/MyProject2/Saved/Config/Windows/Scalability.ini]
[2019.09.17-00.50.25:021][  0]LogConfig: Setting CVar [[r.TranslucencyLightingVolumeDim:64]]
[2019.09.17-00.50.25:021][  0]LogConfig: Setting CVar [[r.RefractionQuality:2]]
[2019.09.17-00.50.25:021][  0]LogConfig: Setting CVar [[r.SSR.Quality:3]]
[2019.09.17-00.50.25:021][  0]LogConfig: Setting CVar [[r.SceneColorFormat:4]]
[2019.09.17-00.50.25:021][  0]LogConfig: Setting CVar [[r.DetailMode:2]]
[2019.09.17-00.50.25:021][  0]LogConfig: Setting CVar [[r.TranslucencyVolumeBlur:1]]
[2019.09.17-00.50.25:021][  0]LogConfig: Setting CVar [[r.MaterialQualityLevel:1 ; High quality]]
[2019.09.17-00.50.25:021][  0]LogConfig: Setting CVar [[r.SSS.Scale:1]]
[2019.09.17-00.50.25:021][  0]LogConfig: Setting CVar [[r.SSS.SampleSet:2]]
[2019.09.17-00.50.25:021][  0]LogConfig: Setting CVar [[r.SSS.Quality:1]]
[2019.09.17-00.50.25:021][  0]LogConfig: Setting CVar [[r.SSS.HalfRes:1]]
[2019.09.17-00.50.25:022][  0]LogConfig: Setting CVar [[r.EmitterSpawnRateScale:1.0]]
[2019.09.17-00.50.25:022][  0]LogConfig: Setting CVar [[r.ParticleLightQuality:2]]
[2019.09.17-00.50.25:022][  0]LogConfig: Applying CVar settings from Section [FoliageQuality@3] File [C:/Users/ellan/Documents/GitHub/3D-Platformer/MyProject2/Saved/Config/Windows/Scalability.ini]
[2019.09.17-00.50.25:022][  0]LogConfig: Setting CVar [[foliage.DensityScale:1.0]]
[2019.09.17-00.50.25:022][  0]LogConfig: Setting CVar [[grass.DensityScale:1.0]]
[2019.09.17-00.50.25:022][  0]LogInit: Selected Device Profile: [Windows]
[2019.09.17-00.50.25:022][  0]LogInit: Applying CVar settings loaded from the selected device profile: [Windows]
[2019.09.17-00.50.25:042][  0]LogHAL: Display: Platform has ~ 16 GB [17016786944 / 17179869184 / 16], which maps to Larger [LargestMinGB=32, LargerMinGB=12, DefaultMinGB=8, SmallerMinGB=6, SmallestMinGB=0)
[2019.09.17-00.50.25:042][  0]LogConfig: Setting CVar [[r.Vulkan.UseRealUBs:0		; Required until we fix HLR fall-out]]
[2019.09.17-00.50.25:042][  0]LogInit: Going up to parent DeviceProfile []
[2019.09.17-00.50.25:042][  0]LogConfig: Applying CVar settings from Section [ViewDistanceQuality@3] File [C:/Users/ellan/Documents/GitHub/3D-Platformer/MyProject2/Saved/Config/Windows/Scalability.ini]
[2019.09.17-00.50.25:042][  0]LogConfig: Setting CVar [[r.SkeletalMeshLODBias:0]]
[2019.09.17-00.50.25:042][  0]LogConfig: Setting CVar [[r.ViewDistanceScale:1.0]]
[2019.09.17-00.50.25:042][  0]LogConfig: Applying CVar settings from Section [AntiAliasingQuality@3] File [C:/Users/ellan/Documents/GitHub/3D-Platformer/MyProject2/Saved/Config/Windows/Scalability.ini]
[2019.09.17-00.50.25:042][  0]LogConfig: Setting CVar [[r.PostProcessAAQuality:4]]
[2019.09.17-00.50.25:042][  0]LogConfig: Applying CVar settings from Section [ShadowQuality@3] File [C:/Users/ellan/Documents/GitHub/3D-Platformer/MyProject2/Saved/Config/Windows/Scalability.ini]
[2019.09.17-00.50.25:042][  0]LogConfig: Setting CVar [[r.LightFunctionQuality:1]]
[2019.09.17-00.50.25:042][  0]LogConfig: Setting CVar [[r.ShadowQuality:5]]
[2019.09.17-00.50.25:042][  0]LogConfig: Setting CVar [[r.Shadow.CSM.MaxCascades:10]]
[2019.09.17-00.50.25:042][  0]LogConfig: Setting CVar [[r.Shadow.MaxResolution:2048]]
[2019.09.17-00.50.25:042][  0]LogConfig: Setting CVar [[r.Shadow.MaxCSMResolution:2048]]
[2019.09.17-00.50.25:042][  0]LogConfig: Setting CVar [[r.Shadow.RadiusThreshold:0.01]]
[2019.09.17-00.50.25:043][  0]LogConfig: Setting CVar [[r.Shadow.DistanceScale:1.0]]
[2019.09.17-00.50.25:043][  0]LogConfig: Setting CVar [[r.Shadow.CSM.TransitionScale:1.0]]
[2019.09.17-00.50.25:043][  0]LogConfig: Setting CVar [[r.Shadow.PreShadowResolutionFactor:1.0]]
[2019.09.17-00.50.25:043][  0]LogConfig: Setting CVar [[r.DistanceFieldShadowing:1]]
[2019.09.17-00.50.25:043][  0]LogConfig: Setting CVar [[r.DistanceFieldAO:1]]
[2019.09.17-00.50.25:043][  0]LogConfig: Setting CVar [[r.AOQuality:2]]
[2019.09.17-00.50.25:043][  0]LogConfig: Setting CVar [[r.VolumetricFog:1]]
[2019.09.17-00.50.25:043][  0]LogConfig: Setting CVar [[r.VolumetricFog.GridPixelSize:8]]
[2019.09.17-00.50.25:043][  0]LogConfig: Setting CVar [[r.VolumetricFog.GridSizeZ:128]]
[2019.09.17-00.50.25:043][  0]LogConfig: Setting CVar [[r.VolumetricFog.HistoryMissSupersampleCount:4]]
[2019.09.17-00.50.25:043][  0]LogConfig: Setting CVar [[r.LightMaxDrawDistanceScale:1]]
[2019.09.17-00.50.25:043][  0]LogConfig: Setting CVar [[r.CapsuleShadows:1]]
[2019.09.17-00.50.25:043][  0]LogConfig: Applying CVar settings from Section [PostProcessQuality@3] File [C:/Users/ellan/Documents/GitHub/3D-Platformer/MyProject2/Saved/Config/Windows/Scalability.ini]
[2019.09.17-00.50.25:043][  0]LogConfig: Setting CVar [[r.MotionBlurQuality:4]]
[2019.09.17-00.50.25:043][  0]LogConfig: Setting CVar [[r.AmbientOcclusionMipLevelFactor:0.4]]
[2019.09.17-00.50.25:043][  0]LogConfig: Setting CVar [[r.AmbientOcclusionMaxQuality:100]]
[2019.09.17-00.50.25:043][  0]LogConfig: Setting CVar [[r.AmbientOcclusionLevels:-1]]
[2019.09.17-00.50.25:043][  0]LogConfig: Setting CVar [[r.AmbientOcclusionRadiusScale:1.0]]
[2019.09.17-00.50.25:043][  0]LogConfig: Setting CVar [[r.DepthOfFieldQuality:2]]
[2019.09.17-00.50.25:043][  0]LogConfig: Setting CVar [[r.RenderTargetPoolMin:400]]
[2019.09.17-00.50.25:043][  0]LogConfig: Setting CVar [[r.LensFlareQuality:2]]
[2019.09.17-00.50.25:043][  0]LogConfig: Setting CVar [[r.SceneColorFringeQuality:1]]
[2019.09.17-00.50.25:043][  0]LogConfig: Setting CVar [[r.EyeAdaptationQuality:2]]
[2019.09.17-00.50.25:043][  0]LogConfig: Setting CVar [[r.BloomQuality:5]]
[2019.09.17-00.50.25:043][  0]LogConfig: Setting CVar [[r.FastBlurThreshold:100]]
[2019.09.17-00.50.25:043][  0]LogConfig: Setting CVar [[r.Upscale.Quality:3]]
[2019.09.17-00.50.25:043][  0]LogConfig: Setting CVar [[r.Tonemapper.GrainQuantization:1]]
[2019.09.17-00.50.25:043][  0]LogConfig: Setting CVar [[r.LightShaftQuality:1]]
[2019.09.17-00.50.25:043][  0]LogConfig: Setting CVar [[r.Filter.SizeScale:1]]
[2019.09.17-00.50.25:043][  0]LogConfig: Setting CVar [[r.Tonemapper.Quality:5]]
[2019.09.17-00.50.25:043][  0]LogConfig: Setting CVar [[r.DOF.Gather.AccumulatorQuality:1        ; higher gathering accumulator quality]]
[2019.09.17-00.50.25:043][  0]LogConfig: Setting CVar [[r.DOF.Gather.PostfilterMethod:1          ; Median3x3 postfilering method]]
[2019.09.17-00.50.25:043][  0]LogConfig: Setting CVar [[r.DOF.Gather.EnableBokehSettings:0       ; no bokeh simulation when gathering]]
[2019.09.17-00.50.25:043][  0]LogConfig: Setting CVar [[r.DOF.Gather.RingCount:4                 ; medium number of samples when gathering]]
[2019.09.17-00.50.25:043][  0]LogConfig: Setting CVar [[r.DOF.Scatter.ForegroundCompositing:1    ; additive foreground scattering]]
[2019.09.17-00.50.25:043][  0]LogConfig: Setting CVar [[r.DOF.Scatter.BackgroundCompositing:2    ; additive background scattering]]
[2019.09.17-00.50.25:043][  0]LogConfig: Setting CVar [[r.DOF.Scatter.EnableBokehSettings:1      ; bokeh simulation when scattering]]
[2019.09.17-00.50.25:043][  0]LogConfig: Setting CVar [[r.DOF.Scatter.MaxSpriteRatio:0.1         ; only a maximum of 10% of scattered bokeh]]
[2019.09.17-00.50.25:043][  0]LogConfig: Setting CVar [[r.DOF.Recombine.Quality:1                ; cheap slight out of focus]]
[2019.09.17-00.50.25:043][  0]LogConfig: Setting CVar [[r.DOF.Recombine.EnableBokehSettings:0    ; no bokeh simulation on slight out of focus]]
[2019.09.17-00.50.25:043][  0]LogConfig: Setting CVar [[r.DOF.TemporalAAQuality:1                ; more stable temporal accumulation]]
[2019.09.17-00.50.25:043][  0]LogConfig: Setting CVar [[r.DOF.Kernel.MaxForegroundRadius:0.025]]
[2019.09.17-00.50.25:043][  0]LogConfig: Setting CVar [[r.DOF.Kernel.MaxBackgroundRadius:0.025]]
[2019.09.17-00.50.25:043][  0]LogConfig: Applying CVar settings from Section [TextureQuality@3] File [C:/Users/ellan/Documents/GitHub/3D-Platformer/MyProject2/Saved/Config/Windows/Scalability.ini]
[2019.09.17-00.50.25:044][  0]LogConfig: Setting CVar [[r.Streaming.MipBias:0]]
[2019.09.17-00.50.25:044][  0]LogConfig: Setting CVar [[r.Streaming.AmortizeCPUToGPUCopy:0]]
[2019.09.17-00.50.25:044][  0]LogConfig: Setting CVar [[r.Streaming.MaxNumTexturesToStreamPerFrame:0]]
[2019.09.17-00.50.25:044][  0]LogConfig: Setting CVar [[r.Streaming.Boost:1]]
[2019.09.17-00.50.25:044][  0]LogConfig: Setting CVar [[r.MaxAnisotropy:8]]
[2019.09.17-00.50.25:044][  0]LogConfig: Setting CVar [[r.Streaming.LimitPoolSizeToVRAM:0]]
[2019.09.17-00.50.25:044][  0]LogConfig: Setting CVar [[r.Streaming.PoolSize:1000]]
[2019.09.17-00.50.25:044][  0]LogConfig: Setting CVar [[r.Streaming.MaxEffectiveScreenSize:0]]
[2019.09.17-00.50.25:044][  0]LogConfig: Applying CVar settings from Section [EffectsQuality@3] File [C:/Users/ellan/Documents/GitHub/3D-Platformer/MyProject2/Saved/Config/Windows/Scalability.ini]
[2019.09.17-00.50.25:044][  0]LogConfig: Setting CVar [[r.TranslucencyLightingVolumeDim:64]]
[2019.09.17-00.50.25:044][  0]LogConfig: Setting CVar [[r.RefractionQuality:2]]
[2019.09.17-00.50.25:044][  0]LogConfig: Setting CVar [[r.SSR.Quality:3]]
[2019.09.17-00.50.25:044][  0]LogConfig: Setting CVar [[r.SceneColorFormat:4]]
[2019.09.17-00.50.25:044][  0]LogConfig: Setting CVar [[r.DetailMode:2]]
[2019.09.17-00.50.25:044][  0]LogConfig: Setting CVar [[r.TranslucencyVolumeBlur:1]]
[2019.09.17-00.50.25:044][  0]LogConfig: Setting CVar [[r.MaterialQualityLevel:1 ; High quality]]
[2019.09.17-00.50.25:044][  0]LogConfig: Setting CVar [[r.SSS.Scale:1]]
[2019.09.17-00.50.25:044][  0]LogConfig: Setting CVar [[r.SSS.SampleSet:2]]
[2019.09.17-00.50.25:044][  0]LogConfig: Setting CVar [[r.SSS.Quality:1]]
[2019.09.17-00.50.25:044][  0]LogConfig: Setting CVar [[r.SSS.HalfRes:1]]
[2019.09.17-00.50.25:044][  0]LogConfig: Setting CVar [[r.EmitterSpawnRateScale:1.0]]
[2019.09.17-00.50.25:044][  0]LogConfig: Setting CVar [[r.ParticleLightQuality:2]]
[2019.09.17-00.50.25:044][  0]LogConfig: Applying CVar settings from Section [FoliageQuality@3] File [C:/Users/ellan/Documents/GitHub/3D-Platformer/MyProject2/Saved/Config/Windows/Scalability.ini]
[2019.09.17-00.50.25:044][  0]LogConfig: Setting CVar [[foliage.DensityScale:1.0]]
[2019.09.17-00.50.25:044][  0]LogConfig: Setting CVar [[grass.DensityScale:1.0]]
[2019.09.17-00.50.25:044][  0]LogConfig: Applying CVar settings from Section [Startup] File [../../../Engine/Config/ConsoleVariables.ini]
[2019.09.17-00.50.25:045][  0]LogConfig: Setting CVar [[net.UseAdaptiveNetUpdateFrequency:0]]
[2019.09.17-00.50.25:045][  0]LogConfig: Setting CVar [[p.chaos.AllowCreatePhysxBodies:1]]
[2019.09.17-00.50.25:045][  0]LogConfig: Applying CVar settings from Section [ConsoleVariables] File [C:/Users/ellan/Documents/GitHub/3D-Platformer/MyProject2/Saved/Config/Windows/Engine.ini]
[2019.09.17-00.50.25:045][  0]LogInit: Computer: MSI
[2019.09.17-00.50.25:045][  0]LogInit: User: ellan
[2019.09.17-00.50.25:045][  0]LogInit: CPU Page size=4096, Cores=6
[2019.09.17-00.50.25:045][  0]LogInit: High frequency timer resolution =2.156247 MHz
[2019.09.17-00.50.25:045][  0]LogMemory: Memory total: Physical=15.8GB (16GB approx)
[2019.09.17-00.50.25:045][  0]LogMemory: Platform Memory Stats for Windows
[2019.09.17-00.50.25:045][  0]LogMemory: Process Physical Memory: 96.40 MB used, 96.40 MB peak
[2019.09.17-00.50.25:045][  0]LogMemory: Process Virtual Memory: 91.79 MB used, 91.79 MB peak
[2019.09.17-00.50.25:045][  0]LogMemory: Physical Memory: 6496.16 MB used,  9732.31 MB free, 16228.47 MB total
[2019.09.17-00.50.25:046][  0]LogMemory: Virtual Memory: 4674.18 MB used,  134213056.00 MB free, 134217728.00 MB total
[2019.09.17-00.50.25:271][  0]LogInit: Using OS detected language (en-US).
[2019.09.17-00.50.25:272][  0]LogInit: Using OS detected locale (en-AU).
[2019.09.17-00.50.25:273][  0]LogTextLocalizationManager: No specific localization for 'en-US' exists, so the 'en' localization will be used.
[2019.09.17-00.50.25:448][  0]LogInit: Setting process to per monitor DPI aware
[2019.09.17-00.50.25:490][  0]LogSlate: New Slate User Created.  User Index 0, Is Virtual User: 0
[2019.09.17-00.50.25:490][  0]LogSlate: Slate User Registered.  User Index 0, Is Virtual User: 0
[2019.09.17-00.50.25:716][  0]LogHMD: Failed to initialize OpenVR with code 110
[2019.09.17-00.50.25:717][  0]LogD3D11RHI: D3D11 adapters:
[2019.09.17-00.50.25:798][  0]LogD3D11RHI:    0. 'NVIDIA GeForce RTX 2060' (Feature Level 11_0)
[2019.09.17-00.50.25:798][  0]LogD3D11RHI:       5980/0/8114 MB DedicatedVideo/DedicatedSystem/SharedSystem, Outputs:1, VendorId:0x10de
[2019.09.17-00.50.25:814][  0]LogD3D11RHI:    1. 'Intel(R) UHD Graphics 630' (Feature Level 11_0)
[2019.09.17-00.50.25:814][  0]LogD3D11RHI:       128/0/8114 MB DedicatedVideo/DedicatedSystem/SharedSystem, Outputs:0, VendorId:0x8086
[2019.09.17-00.50.25:816][  0]LogD3D11RHI:    2. 'Microsoft Basic Render Driver' (Feature Level 11_0)
[2019.09.17-00.50.25:817][  0]LogD3D11RHI:       0/0/8114 MB DedicatedVideo/DedicatedSystem/SharedSystem, Outputs:0, VendorId:0x1414
[2019.09.17-00.50.25:817][  0]LogD3D11RHI: Chosen D3D11 Adapter: 0
[2019.09.17-00.50.25:843][  0]LogD3D11RHI: Creating new Direct3DDevice
[2019.09.17-00.50.25:843][  0]LogD3D11RHI:     GPU DeviceId: 0x1f11 (for the marketing name, search the web for "GPU Device Id")
[2019.09.17-00.50.25:843][  0]LogWindows: EnumDisplayDevices:
[2019.09.17-00.50.25:843][  0]LogWindows:    0. 'Intel(R) UHD Graphics 630' (P:1 D:1)
[2019.09.17-00.50.25:843][  0]LogWindows:    1. 'Intel(R) UHD Graphics 630' (P:0 D:0)
[2019.09.17-00.50.25:844][  0]LogWindows:    2. 'Intel(R) UHD Graphics 630' (P:0 D:0)
[2019.09.17-00.50.25:844][  0]LogWindows:    3. 'NVIDIA GeForce RTX 2060' (P:0 D:0)
[2019.09.17-00.50.25:844][  0]LogWindows:    4. 'NVIDIA GeForce RTX 2060' (P:0 D:0)
[2019.09.17-00.50.25:844][  0]LogWindows:    5. 'NVIDIA GeForce RTX 2060' (P:0 D:0)
[2019.09.17-00.50.25:844][  0]LogWindows:    6. 'NVIDIA GeForce RTX 2060' (P:0 D:0)
[2019.09.17-00.50.25:845][  0]LogWindows: DebugString: PrimaryIsNotTheChoosenAdapter PrimaryIsNotTheChoosenAdapter PrimaryIsNotTheChoosenAdapter FoundDriverCount:4 
[2019.09.17-00.50.25:845][  0]LogD3D11RHI:     Adapter Name: NVIDIA GeForce RTX 2060
[2019.09.17-00.50.25:845][  0]LogD3D11RHI:   Driver Version: 417.49 (internal:25.21.14.1749, unified:417.49)
[2019.09.17-00.50.25:845][  0]LogD3D11RHI:      Driver Date: 12-17-2018
[2019.09.17-00.50.25:845][  0]LogRHI: Texture pool is 4186 MB (70% of 5980 MB)
[2019.09.17-00.50.25:892][  0]LogD3D11RHI: Async texture creation enabled
[2019.09.17-00.50.25:895][  0]LogRendererCore: FGlobalReadBuffer::InitRHI
[2019.09.17-00.50.25:896][  0]LogRendererCore: FGlobalReadBuffer::InitRHI
[2019.09.17-00.50.25:896][  0]LogRendererCore: FGlobalReadBuffer::InitRHI
[2019.09.17-00.50.25:909][  0]LogD3D11RHI: GPU Timing Frequency: 1000.000000 (Debug: 2 2)
[2019.09.17-00.50.26:204][  0]LogTemp: Display: Module 'AllDesktopTargetPlatform' loaded TargetPlatform 'AllDesktop'
[2019.09.17-00.50.26:219][  0]LogTemp: Display: Module 'MacClientTargetPlatform' loaded TargetPlatform 'MacClient'
[2019.09.17-00.50.26:234][  0]LogTemp: Display: Module 'MacNoEditorTargetPlatform' loaded TargetPlatform 'MacNoEditor'
[2019.09.17-00.50.26:247][  0]LogTemp: Display: Module 'MacServerTargetPlatform' loaded TargetPlatform 'MacServer'
[2019.09.17-00.50.26:262][  0]LogTemp: Display: Module 'MacTargetPlatform' loaded TargetPlatform 'Mac'
[2019.09.17-00.50.26:275][  0]LogTemp: Display: Module 'WindowsClientTargetPlatform' loaded TargetPlatform 'WindowsClient'
[2019.09.17-00.50.26:289][  0]LogTemp: Display: Module 'WindowsNoEditorTargetPlatform' loaded TargetPlatform 'WindowsNoEditor'
[2019.09.17-00.50.26:303][  0]LogTemp: Display: Module 'WindowsServerTargetPlatform' loaded TargetPlatform 'WindowsServer'
[2019.09.17-00.50.26:310][  0]LogTemp: Display: Module 'WindowsTargetPlatform' loaded TargetPlatform 'Windows'
[2019.09.17-00.50.26:379][  0]LogTemp: Display: Module 'AndroidTargetPlatform' loaded TargetPlatform 'Android'
[2019.09.17-00.50.26:379][  0]LogTemp: Display: Module 'AndroidTargetPlatform' loaded TargetPlatform 'Android_ASTC'
[2019.09.17-00.50.26:379][  0]LogTemp: Display: Module 'AndroidTargetPlatform' loaded TargetPlatform 'Android_ATC'
[2019.09.17-00.50.26:379][  0]LogTemp: Display: Module 'AndroidTargetPlatform' loaded TargetPlatform 'Android_DXT'
[2019.09.17-00.50.26:379][  0]LogTemp: Display: Module 'AndroidTargetPlatform' loaded TargetPlatform 'Android_ETC1'
[2019.09.17-00.50.26:379][  0]LogTemp: Display: Module 'AndroidTargetPlatform' loaded TargetPlatform 'Android_ETC1a'
[2019.09.17-00.50.26:379][  0]LogTemp: Display: Module 'AndroidTargetPlatform' loaded TargetPlatform 'Android_ETC2'
[2019.09.17-00.50.26:379][  0]LogTemp: Display: Module 'AndroidTargetPlatform' loaded TargetPlatform 'Android_PVRTC'
[2019.09.17-00.50.26:379][  0]LogTemp: Display: Module 'AndroidTargetPlatform' loaded TargetPlatform 'AndroidClient'
[2019.09.17-00.50.26:379][  0]LogTemp: Display: Module 'AndroidTargetPlatform' loaded TargetPlatform 'Android_ASTCClient'
[2019.09.17-00.50.26:379][  0]LogTemp: Display: Module 'AndroidTargetPlatform' loaded TargetPlatform 'Android_ATCClient'
[2019.09.17-00.50.26:379][  0]LogTemp: Display: Module 'AndroidTargetPlatform' loaded TargetPlatform 'Android_DXTClient'
[2019.09.17-00.50.26:379][  0]LogTemp: Display: Module 'AndroidTargetPlatform' loaded TargetPlatform 'Android_ETC1Client'
[2019.09.17-00.50.26:379][  0]LogTemp: Display: Module 'AndroidTargetPlatform' loaded TargetPlatform 'Android_ETC1aClient'
[2019.09.17-00.50.26:379][  0]LogTemp: Display: Module 'AndroidTargetPlatform' loaded TargetPlatform 'Android_ETC2Client'
[2019.09.17-00.50.26:379][  0]LogTemp: Display: Module 'AndroidTargetPlatform' loaded TargetPlatform 'Android_PVRTCClient'
[2019.09.17-00.50.26:379][  0]LogTemp: Display: Module 'AndroidTargetPlatform' loaded TargetPlatform 'Android_Multi'
[2019.09.17-00.50.26:379][  0]LogTemp: Display: Module 'AndroidTargetPlatform' loaded TargetPlatform 'Android_MultiClient'
[2019.09.17-00.50.26:381][  0]LogTemp: Display: Module 'HTML5TargetPlatform' loaded TargetPlatform 'HTML5'
[2019.09.17-00.50.26:427][  0]LogTemp: Display: Module 'IOSTargetPlatform' loaded TargetPlatform 'IOSClient'
[2019.09.17-00.50.26:427][  0]LogTemp: Display: Module 'IOSTargetPlatform' loaded TargetPlatform 'IOS'
[2019.09.17-00.50.26:448][  0]LogTemp: Display: Module 'TVOSTargetPlatform' loaded TargetPlatform 'TVOSClient'
[2019.09.17-00.50.26:448][  0]LogTemp: Display: Module 'TVOSTargetPlatform' loaded TargetPlatform 'TVOS'
[2019.09.17-00.50.26:459][  0]LogTemp: Display: Module 'LinuxClientTargetPlatform' loaded TargetPlatform 'LinuxClient'
[2019.09.17-00.50.26:469][  0]LogTemp: Display: Module 'LinuxNoEditorTargetPlatform' loaded TargetPlatform 'LinuxNoEditor'
[2019.09.17-00.50.26:481][  0]LogTemp: Display: Module 'LinuxServerTargetPlatform' loaded TargetPlatform 'LinuxServer'
[2019.09.17-00.50.26:492][  0]LogTemp: Display: Module 'LinuxTargetPlatform' loaded TargetPlatform 'Linux'
[2019.09.17-00.50.26:530][  0]LogTemp: Display: Module 'LuminTargetPlatform' loaded TargetPlatform 'Lumin'
[2019.09.17-00.50.26:530][  0]LogTemp: Display: Module 'LuminTargetPlatform' loaded TargetPlatform 'LuminClient'
[2019.09.17-00.50.26:530][  0]LogTargetPlatformManager: Display: Building Assets For Windows
[2019.09.17-00.50.26:540][  0]LogAudioDebug: Display: Lib vorbis DLL was dynamically loaded.
[2019.09.17-00.50.26:599][  0]LogShaderCompilers: Guid format shader working directory is -11 characters bigger than the processId version (../../../../../Documents/GitHub/3D-Platformer/MyProject2/Intermediate/Shaders/WorkingDirectory/16344/).
[2019.09.17-00.50.26:599][  0]LogShaderCompilers: Cleaned the shader compiler working directory 'C:/Users/ellan/AppData/Local/Temp/UnrealShaderWorkingDir/1CB219404D88C8D2F47A5D88A7BCA8DD/'.
[2019.09.17-00.50.26:602][  0]LogXGEController: Cannot use XGE Controller as Incredibuild is not installed on this machine.
[2019.09.17-00.50.26:602][  0]LogShaderCompilers: Cannot use XGE Shader Compiler as Incredibuild is not installed on this machine.
[2019.09.17-00.50.26:602][  0]LogShaderCompilers: Display: Using Local Shader Compiler.
[2019.09.17-00.50.27:103][  0]LogDerivedDataCache: Display: Max Cache Size: 512 MB
[2019.09.17-00.50.27:158][  0]LogDerivedDataCache: Loaded boot cache 0.05s 71MB C:/Users/ellan/AppData/Local/UnrealEngine/4.22/DerivedDataCache/Boot.ddc.
[2019.09.17-00.50.27:158][  0]LogDerivedDataCache: Display: Loaded Boot cache: C:/Users/ellan/AppData/Local/UnrealEngine/4.22/DerivedDataCache/Boot.ddc
[2019.09.17-00.50.27:158][  0]LogDerivedDataCache: FDerivedDataBackendGraph:  Pak pak cache file ../../../../../Documents/GitHub/3D-Platformer/MyProject2/DerivedDataCache/DDC.ddp not found, will not use a pak cache.
[2019.09.17-00.50.27:158][  0]LogDerivedDataCache: Unable to find inner node Pak for hierarchical cache Hierarchy.
[2019.09.17-00.50.27:158][  0]LogDerivedDataCache: FDerivedDataBackendGraph:  CompressedPak pak cache file ../../../../../Documents/GitHub/3D-Platformer/MyProject2/DerivedDataCache/Compressed.ddp not found, will not use a pak cache.
[2019.09.17-00.50.27:158][  0]LogDerivedDataCache: Unable to find inner node CompressedPak for hierarchical cache Hierarchy.
[2019.09.17-00.50.27:169][  0]LogDerivedDataCache: Display: Pak cache opened for reading ../../../Engine/DerivedDataCache/Compressed.ddp.
[2019.09.17-00.50.27:169][  0]LogDerivedDataCache: FDerivedDataBackendGraph:  EnterprisePak pak cache file ../../../Enterprise/DerivedDataCache/Compressed.ddp not found, will not use a pak cache.
[2019.09.17-00.50.27:169][  0]LogDerivedDataCache: Unable to find inner node EnterprisePak for hierarchical cache Hierarchy.
[2019.09.17-00.50.27:181][  0]LogDerivedDataCache: Using Local data cache path C:/Users/ellan/AppData/Local/UnrealEngine/Common/DerivedDataCache: Writable
[2019.09.17-00.50.27:181][  0]LogDerivedDataCache: Shared data cache path not found in *engine.ini, will not use an Shared cache.
[2019.09.17-00.50.27:181][  0]LogDerivedDataCache: Unable to find inner node Shared for hierarchical cache Hierarchy.
[2019.09.17-00.50.27:202][  0]LogMaterial: Verifying Global Shaders for PCD3D_SM5
[2019.09.17-00.50.27:203][  0]LogSlate: Using FreeType 2.6.0
[2019.09.17-00.50.27:203][  0]LogSlate: SlateFontServices - WITH_FREETYPE: 1, WITH_HARFBUZZ: 1
[2019.09.17-00.50.27:315][  0]LogAssetRegistry: FAssetRegistry took 0.0319 seconds to start up
[2019.09.17-00.50.27:604][  0]LogInit: Selected Device Profile: [Windows]
[2019.09.17-00.50.27:725][  0]LogMeshReduction: Using QuadricMeshReduction for automatic static mesh reduction
[2019.09.17-00.50.27:725][  0]LogMeshReduction: Using SimplygonMeshReduction for automatic skeletal mesh reduction
[2019.09.17-00.50.27:725][  0]LogMeshReduction: Using ProxyLODMeshReduction for automatic mesh merging
[2019.09.17-00.50.27:725][  0]LogMeshReduction: No distributed automatic mesh merging module available
[2019.09.17-00.50.27:725][  0]LogMeshMerging: No distributed automatic mesh merging module available
[2019.09.17-00.50.27:750][  0]LogNetVersion: MyProject2 1.0.0, NetCL: 5660361, EngineNetVer: 10, GameNetVer: 0 (Checksum: 4139302413)
[2019.09.17-00.50.28:116][  0]LogPackageLocalizationCache: Processed 10 localized package path(s) for 1 prioritized culture(s) in 0.036202 seconds
[2019.09.17-00.50.28:122][  0]LogUObjectArray: 42205 objects as part of root set at end of initial load.
[2019.09.17-00.50.28:122][  0]LogUObjectAllocator: 7325032 out of 0 bytes used by permanent object pool.
[2019.09.17-00.50.28:122][  0]LogUObjectArray: CloseDisregardForGC: 0/0 objects in disregard for GC pool
[2019.09.17-00.50.28:987][  0]LogTcpMessaging: Initializing TcpMessaging bridge
[2019.09.17-00.50.29:002][  0]LogUdpMessaging: Initializing bridge on interface 0.0.0.0:0 to multicast group 230.0.0.1:6666.
[2019.09.17-00.50.29:131][  0]SourceControl: Source control is disabled
[2019.09.17-00.50.29:131][  0]SourceControl: Source control is disabled
[2019.09.17-00.50.29:133][  0]SourceControl: Source control is disabled
[2019.09.17-00.50.29:134][  0]SourceControl: Source control is disabled
[2019.09.17-00.50.29:146][  0]LogVSAccessor: Display: Unable to create Visual Studio setup instance: 80040154
[2019.09.17-00.50.29:146][  0]LogVSAccessor: Display: Unable to create Visual Studio setup instance: 80040154
[2019.09.17-00.50.29:243][  0]LogAndroidPermission: UAndroidPermissionCallbackProxy::GetInstance
[2019.09.17-00.50.29:625][  0]LogOcInput: OculusInput pre-init called
[2019.09.17-00.50.30:483][  0]LogEngine: Initializing Engine...
[2019.09.17-00.50.30:484][  0]LogHMD: Failed to initialize OpenVR with code 110
[2019.09.17-00.50.30:485][  0]LogStats: UGameplayTagsManager::InitializeManager -  0.000 s
[2019.09.17-00.50.30:708][  0]LogInit: Initializing FReadOnlyCVARCache
[2019.09.17-00.50.30:736][  0]LogAIModule: Creating AISystem for world Untitled
[2019.09.17-00.50.30:756][  0]LogInit: XAudio2 using 'Speakers (Realtek(R) Audio)' : 6 channels at 48 kHz using 32 bits per sample (channel mask 0x3f)
[2019.09.17-00.50.30:882][  0]LogInit: FAudioDevice initialized.
[2019.09.17-00.50.30:882][  0]LogNetVersion: Set ProjectVersion to 1.0.0.0. Version Checksum will be recalculated on next use.
[2019.09.17-00.50.30:950][  0]LogDerivedDataCache: Saved boot cache 0.07s 71MB C:/Users/ellan/AppData/Local/UnrealEngine/4.22/DerivedDataCache/Boot.ddc.
[2019.09.17-00.50.30:958][  0]LogInit: Texture streaming: Enabled
[2019.09.17-00.50.30:982][  0]LogEngineSessionManager: EngineSessionManager initialized
[2019.09.17-00.50.31:011][  0]LogInit: Transaction tracking system initialized
[2019.09.17-00.50.31:040][  0]BlueprintLog: New page: Editor Load
[2019.09.17-00.50.31:139][  0]LocalizationService: Localization service is disabled
[2019.09.17-00.50.31:312][  0]LogVSAccessor: Display: Unable to create Visual Studio setup instance: 80040154
[2019.09.17-00.50.31:312][  0]LogVSAccessor: Display: Unable to create Visual Studio setup instance: 80040154
[2019.09.17-00.50.31:490][  0]LogFileCache: Scanning file cache for directory 'C:/Users/ellan/Documents/GitHub/3D-Platformer/MyProject2/Content/' took 0.01s
[2019.09.17-00.50.31:490][  0]LogCook: Display: Max memory allowance for cook 16384mb min free memory 0mb
[2019.09.17-00.50.31:490][  0]LogCook: Display: Mobile HDR setting 1
[2019.09.17-00.50.31:679][  0]SourceControl: Source control is disabled
[2019.09.17-00.50.31:679][  0]Cmd: MAP LOAD FILE="../../../Engine/Content/Maps/Templates/Template_Default.umap" TEMPLATE=1 SHOWPROGRESS=1 FEATURELEVEL=3
[2019.09.17-00.50.31:680][  0]LightingResults: New page: Lighting Build
[2019.09.17-00.50.31:683][  0]MapCheck: New page: Map Check
[2019.09.17-00.50.31:683][  0]LightingResults: New page: Lighting Build
[2019.09.17-00.50.31:708][  0]LogUObjectHash: Compacting FUObjectHashTables data took   1.33ms
[2019.09.17-00.50.31:788][  0]LogAIModule: Creating AISystem for world Untitled_1
[2019.09.17-00.50.31:796][  0]LogEditorServer: Finished looking for orphan Actors (0.000 secs)
[2019.09.17-00.50.31:831][  0]LogUObjectHash: Compacting FUObjectHashTables data took   2.85ms
[2019.09.17-00.50.31:831][  0]Cmd: MAP CHECKDEP NOCLEARLOG
[2019.09.17-00.50.31:831][  0]MapCheck: Map check complete: 0 Error(s), 0 Warning(s), took 0.167ms to complete.
[2019.09.17-00.50.31:831][  0]LogFileHelpers: Loading map 'Template_Default' took 0.151
[2019.09.17-00.50.31:941][  0]LogSlate: Updating window title bar state: overlay mode, drag disabled, window buttons hidden, title bar hidden
[2019.09.17-00.50.31:948][  0]LogSlate: Updating window title bar state: overlay mode, drag disabled, window buttons hidden, title bar hidden
[2019.09.17-00.50.31:956][  0]LogSlate: Updating window title bar state: overlay mode, drag disabled, window buttons hidden, title bar hidden
[2019.09.17-00.50.31:962][  0]LogSlate: Updating window title bar state: overlay mode, drag disabled, window buttons hidden, title bar hidden
[2019.09.17-00.50.31:970][  0]LogCollectionManager: Loaded 0 collections in 0.002143 seconds
[2019.09.17-00.50.32:011][  0]LogFileCache: Scanning file cache for directory 'C:/Users/ellan/Documents/GitHub/3D-Platformer/MyProject2/Saved/Collections/' took 0.01s
[2019.09.17-00.50.32:011][  0]LogFileCache: Scanning file cache for directory 'C:/Users/ellan/Documents/GitHub/3D-Platformer/MyProject2/Content/Developers/ellan/Collections/' took 0.01s
[2019.09.17-00.50.32:011][  0]LogFileCache: Scanning file cache for directory 'C:/Users/ellan/Documents/GitHub/3D-Platformer/MyProject2/Content/Collections/' took 0.01s
[2019.09.17-00.50.32:011][  0]LogCollectionManager: Rebuilt the GUID cache for 0 collections in 0.000000 seconds
[2019.09.17-00.50.32:020][  0]LogContentBrowser: Native class hierarchy populated in 0.0083 seconds. Added 2732 classes and 659 folders.
[2019.09.17-00.50.32:028][  0]LogContentBrowser: Native class hierarchy updated for 'WidgetCarousel' in 0.0002 seconds. Added 0 classes and 0 folders.
[2019.09.17-00.50.32:030][  0]LogPakFile: Registered encryption key '00000000000000000000000000000000': 0 pak files mounted, 0 remain pending
[2019.09.17-00.50.32:030][  0]LogPakFile: Registered encryption key '00000000000000000000000000000000': 0 pak files mounted, 0 remain pending
[2019.09.17-00.50.32:031][  0]LogPakFile: Registered encryption key '00000000000000000000000000000000': 0 pak files mounted, 0 remain pending
[2019.09.17-00.50.32:031][  0]LogPakFile: Registered encryption key '00000000000000000000000000000000': 0 pak files mounted, 0 remain pending
[2019.09.17-00.50.32:032][  0]LogPakFile: Registered encryption key '00000000000000000000000000000000': 0 pak files mounted, 0 remain pending
[2019.09.17-00.50.32:032][  0]LogPakFile: Registered encryption key '00000000000000000000000000000000': 0 pak files mounted, 0 remain pending
[2019.09.17-00.50.32:033][  0]LogPakFile: Registered encryption key '00000000000000000000000000000000': 0 pak files mounted, 0 remain pending
[2019.09.17-00.50.32:033][  0]LogPakFile: Registered encryption key '00000000000000000000000000000000': 0 pak files mounted, 0 remain pending
[2019.09.17-00.50.32:034][  0]LogPakFile: Registered encryption key '00000000000000000000000000000000': 0 pak files mounted, 0 remain pending
[2019.09.17-00.50.32:034][  0]LogPakFile: Registered encryption key '00000000000000000000000000000000': 0 pak files mounted, 0 remain pending
[2019.09.17-00.50.32:035][  0]LogPakFile: Registered encryption key '00000000000000000000000000000000': 0 pak files mounted, 0 remain pending
[2019.09.17-00.50.32:035][  0]LogPakFile: Registered encryption key '00000000000000000000000000000000': 0 pak files mounted, 0 remain pending
[2019.09.17-00.50.32:036][  0]LogPakFile: Registered encryption key '00000000000000000000000000000000': 0 pak files mounted, 0 remain pending
[2019.09.17-00.50.32:036][  0]LogPakFile: Registered encryption key '00000000000000000000000000000000': 0 pak files mounted, 0 remain pending
[2019.09.17-00.50.32:037][  0]LogPakFile: Registered encryption key '00000000000000000000000000000000': 0 pak files mounted, 0 remain pending
[2019.09.17-00.50.32:037][  0]LogPakFile: Registered encryption key '00000000000000000000000000000000': 0 pak files mounted, 0 remain pending
[2019.09.17-00.50.32:038][  0]LogPakFile: Registered encryption key '00000000000000000000000000000000': 0 pak files mounted, 0 remain pending
[2019.09.17-00.50.32:038][  0]LogPakFile: Registered encryption key '00000000000000000000000000000000': 0 pak files mounted, 0 remain pending
[2019.09.17-00.50.32:039][  0]LogPakFile: Registered encryption key '00000000000000000000000000000000': 0 pak files mounted, 0 remain pending
[2019.09.17-00.50.32:039][  0]LogPakFile: Registered encryption key '00000000000000000000000000000000': 0 pak files mounted, 0 remain pending
[2019.09.17-00.50.32:041][  0]LogPakFile: Registered encryption key '00000000000000000000000000000000': 0 pak files mounted, 0 remain pending
[2019.09.17-00.50.32:041][  0]LogPakFile: Registered encryption key '00000000000000000000000000000000': 0 pak files mounted, 0 remain pending
[2019.09.17-00.50.32:042][  0]LogPakFile: Registered encryption key '00000000000000000000000000000000': 0 pak files mounted, 0 remain pending
[2019.09.17-00.50.32:042][  0]LogPakFile: Registered encryption key '00000000000000000000000000000000': 0 pak files mounted, 0 remain pending
[2019.09.17-00.50.32:043][  0]LogPakFile: Registered encryption key '00000000000000000000000000000000': 0 pak files mounted, 0 remain pending
[2019.09.17-00.50.32:043][  0]LogPakFile: Registered encryption key '00000000000000000000000000000000': 0 pak files mounted, 0 remain pending
[2019.09.17-00.50.32:094][  0]LogContentBrowser: Native class hierarchy updated for 'AddContentDialog' in 0.0003 seconds. Added 0 classes and 0 folders.
[2019.09.17-00.50.32:100][  0]LogContentBrowser: Native class hierarchy updated for 'SceneOutliner' in 0.0002 seconds. Added 1 classes and 2 folders.
[2019.09.17-00.50.32:198][  0]LogContentBrowser: Native class hierarchy updated for 'HierarchicalLODOutliner' in 0.0003 seconds. Added 0 classes and 0 folders.
[2019.09.17-00.50.32:198][  0]LogLoad: (Engine Initialization) Total time: 9.50 seconds
[2019.09.17-00.50.32:198][  0]LogLoad: (Engine Initialization) Total Blueprint compile time: 0.00 seconds
[2019.09.17-00.50.32:219][  0]LogWindowsTextInputMethodSystem: Display: IME system now deactivated.
[2019.09.17-00.50.32:247][  0]LogAssetRegistry: Asset discovery search completed in 4.9542 seconds
[2019.09.17-00.50.32:249][  0]LogCollectionManager: Rebuilt the object cache for 0 collections in 0.000000 seconds (found 0 objects)
[2019.09.17-00.50.32:249][  0]LogCollectionManager: Fixed up redirectors for 0 collections in 0.000034 seconds (updated 0 objects)
[2019.09.17-00.50.32:250][  0]LogContentStreaming: Texture pool size now 1000 MB
[2019.09.17-00.50.32:258][  0]LogSlate: Took 0.000266 seconds to synchronously load lazily loaded font '../../../Engine/Content/Slate/Fonts/Roboto-Regular.ttf' (155K)
[2019.09.17-00.50.32:259][  0]LogSlate: Took 0.000224 seconds to synchronously load lazily loaded font '../../../Engine/Content/Slate/Fonts/Roboto-Bold.ttf' (160K)
[2019.09.17-00.50.32:263][  0]LogSlate: Took 0.000563 seconds to synchronously load lazily loaded font '../../../Engine/Content/Editor/Slate/Fonts/FontAwesome.ttf' (139K)
[2019.09.17-00.50.32:453][  1]LogRenderer: Reallocating scene render targets to support 908x500 Format 10 NumSamples 1 (Frame:1).
[2019.09.17-00.50.37:266][180]LogRenderer: Reallocating scene render targets to support 908x516 Format 10 NumSamples 1 (Frame:183).
[2019.09.17-00.50.37:335][180]LogRenderer: Reallocating scene render targets to support 908x528 Format 10 NumSamples 1 (Frame:184).
[2019.09.17-00.50.37:450][180]LogRenderer: Reallocating scene render targets to support 908x532 Format 10 NumSamples 1 (Frame:186).
[2019.09.17-00.50.37:501][180]LogRenderer: Reallocating scene render targets to support 908x540 Format 10 NumSamples 1 (Frame:187).
[2019.09.17-00.50.37:565][180]LogRenderer: Reallocating scene render targets to support 908x544 Format 10 NumSamples 1 (Frame:188).
[2019.09.17-00.50.37:622][180]LogRenderer: Reallocating scene render targets to support 908x548 Format 10 NumSamples 1 (Frame:189).
[2019.09.17-00.50.37:672][180]LogRenderer: Reallocating scene render targets to support 908x552 Format 10 NumSamples 1 (Frame:190).
[2019.09.17-00.50.37:726][180]LogRenderer: Reallocating scene render targets to support 908x560 Format 10 NumSamples 1 (Frame:191).
[2019.09.17-00.50.37:784][180]LogRenderer: Reallocating scene render targets to support 908x568 Format 10 NumSamples 1 (Frame:192).
[2019.09.17-00.50.37:835][180]LogRenderer: Reallocating scene render targets to support 908x572 Format 10 NumSamples 1 (Frame:193).
[2019.09.17-00.50.37:935][180]LogRenderer: Reallocating scene render targets to support 908x576 Format 10 NumSamples 1 (Frame:195).
[2019.09.17-00.50.37:983][180]LogRenderer: Reallocating scene render targets to support 908x580 Format 10 NumSamples 1 (Frame:196).
[2019.09.17-00.50.38:045][180]LogRenderer: Reallocating scene render targets to support 908x584 Format 10 NumSamples 1 (Frame:197).
[2019.09.17-00.50.45:385][333]LogSlate: FSceneViewport::OnFocusLost() reason 0
[2019.09.17-00.51.06:144][493]LogConsoleManager: Warning: Console object named 'ActorComponents.Enable' already exists but is being registered again, but we weren't expected it to be! (FConsoleManager::AddConsoleObject)
[2019.09.17-00.51.28:669][696]LogSlate: Window 'Editor Preferences' being destroyed
[2019.09.17-00.52.35:724][669]LogTemp: Repeating last play command: Selected Viewport
[2019.09.17-00.52.35:733][669]LogBlueprintUserMessages: Early PlayInEditor Detection: Level '/Temp/Untitled_1.Untitled_1:PersistentLevel' has LevelScriptBlueprint '/Temp/Untitled_1.Untitled_1:PersistentLevel.Untitled' with GeneratedClass '/Temp/Untitled_1.Untitled_C' with ClassGeneratedBy '/Temp/Untitled_1.Untitled_1:PersistentLevel.Untitled'
[2019.09.17-00.52.35:734][669]LogPlayLevel: PlayLevel: No blueprints needed recompiling
[2019.09.17-00.52.35:736][669]PIE: New page: PIE session: Untitled_1 (17 Sep 2019 8:52:35 pm)
[2019.09.17-00.52.35:750][669]LogPlayLevel: Creating play world package: /Temp/UEDPIE_0_Untitled_1
[2019.09.17-00.52.35:752][669]LogPlayLevel: PIE: StaticDuplicateObject took: (0.002240s)
[2019.09.17-00.52.35:753][669]LogAIModule: Creating AISystem for world Untitled_1
[2019.09.17-00.52.35:753][669]LogPlayLevel: PIE: World Init took: (0.000596s)
[2019.09.17-00.52.35:753][669]LogPlayLevel: PIE: Created PIE world by copying editor world from /Temp/Untitled_1.Untitled_1 to /Temp/UEDPIE_0_Untitled_1.Untitled_1 (0.003152s)
[2019.09.17-00.52.35:778][669]LogUObjectHash: Compacting FUObjectHashTables data took   1.02ms
[2019.09.17-00.52.35:785][669]LogInit: XAudio2 using 'Speakers (Realtek(R) Audio)' : 6 channels at 48 kHz using 32 bits per sample (channel mask 0x3f)
[2019.09.17-00.52.35:892][669]LogInit: FAudioDevice initialized.
[2019.09.17-00.52.35:940][669]LogLoad: Game class is 'GameModeBase'
[2019.09.17-00.52.35:944][669]LogWorld: Bringing World /Temp/UEDPIE_0_Untitled_1.Untitled_1 up for play (max tick rate 60) at 2019.09.17-10.52.35
[2019.09.17-00.52.35:945][669]LogWorld: Bringing up level for play took: 0.001387
[2019.09.17-00.52.35:986][669]LogContentBrowser: Native class hierarchy updated for 'MovieSceneCapture' in 0.0007 seconds. Added 20 classes and 0 folders.
[2019.09.17-00.52.35:991][669]PIE: Play in editor start time for /Temp/UEDPIE_0_Untitled_1 -0.263
[2019.09.17-00.52.35:991][669]LogBlueprintUserMessages: Late PlayInEditor Detection: Level '/Temp/Untitled_1.Untitled_1:PersistentLevel' has LevelScriptBlueprint '/Temp/Untitled_1.Untitled_1:PersistentLevel.Untitled' with GeneratedClass '/Temp/Untitled_1.Untitled_C' with ClassGeneratedBy '/Temp/Untitled_1.Untitled_1:PersistentLevel.Untitled'
[2019.09.17-00.52.40:466][934]LogBlueprintUserMessages: Early EndPlayMap Detection: Level '/Temp/Untitled_1.Untitled_1:PersistentLevel' has LevelScriptBlueprint '/Temp/Untitled_1.Untitled_1:PersistentLevel.Untitled' with GeneratedClass '/Temp/Untitled_1.Untitled_C' with ClassGeneratedBy '/Temp/Untitled_1.Untitled_1:PersistentLevel.Untitled'
[2019.09.17-00.52.40:466][934]LogSlate: Updating window title bar state: overlay mode, drag disabled, window buttons hidden, title bar hidden
[2019.09.17-00.52.40:495][934]LogPlayLevel: Display: Shutting down PIE online subsystems
[2019.09.17-00.52.40:496][934]LogBlueprintUserMessages: Late EndPlayMap Detection: Level '/Temp/Untitled_1.Untitled_1:PersistentLevel' has LevelScriptBlueprint '/Temp/Untitled_1.Untitled_1:PersistentLevel.Untitled' with GeneratedClass '/Temp/Untitled_1.Untitled_C' with ClassGeneratedBy '/Temp/Untitled_1.Untitled_1:PersistentLevel.Untitled'
[2019.09.17-00.52.40:528][934]LogSlate: Updating window title bar state: overlay mode, drag disabled, window buttons hidden, title bar hidden
[2019.09.17-00.52.40:531][934]LogUObjectHash: Compacting FUObjectHashTables data took   1.31ms
[2019.09.17-00.52.40:566][936]LogPlayLevel: Display: Destroying online subsystem :Context_1
[2019.09.17-00.52.49:758][486]LogBlueprintUserMessages: Early PlayInEditor Detection: Level '/Temp/Untitled_1.Untitled_1:PersistentLevel' has LevelScriptBlueprint '/Temp/Untitled_1.Untitled_1:PersistentLevel.Untitled' with GeneratedClass '/Temp/Untitled_1.Untitled_C' with ClassGeneratedBy '/Temp/Untitled_1.Untitled_1:PersistentLevel.Untitled'
[2019.09.17-00.52.49:758][486]LogPlayLevel: PlayLevel: No blueprints needed recompiling
[2019.09.17-00.52.49:758][486]PIE: New page: PIE session: Untitled_1 (17 Sep 2019 8:52:49 pm)
[2019.09.17-00.52.49:758][486]LogPlayLevel: Creating play world package: /Temp/UEDPIE_0_Untitled_1
[2019.09.17-00.52.49:760][486]LogPlayLevel: PIE: StaticDuplicateObject took: (0.001811s)
[2019.09.17-00.52.49:761][486]LogAIModule: Creating AISystem for world Untitled_1
[2019.09.17-00.52.49:761][486]LogPlayLevel: PIE: World Init took: (0.000491s)
[2019.09.17-00.52.49:761][486]LogPlayLevel: PIE: Created PIE world by copying editor world from /Temp/Untitled_1.Untitled_1 to /Temp/UEDPIE_0_Untitled_1.Untitled_1 (0.002618s)
[2019.09.17-00.52.49:784][486]LogUObjectHash: Compacting FUObjectHashTables data took   0.93ms
[2019.09.17-00.52.49:790][486]LogInit: XAudio2 using 'Speakers (Realtek(R) Audio)' : 6 channels at 48 kHz using 32 bits per sample (channel mask 0x3f)
[2019.09.17-00.52.49:879][486]LogInit: FAudioDevice initialized.
[2019.09.17-00.52.49:887][486]LogSlate: Updating window title bar state: overlay mode, drag disabled, window buttons hidden, title bar hidden
[2019.09.17-00.52.49:936][486]LogLoad: Game class is 'GameModeBase'
[2019.09.17-00.52.49:939][486]LogWorld: Bringing World /Temp/UEDPIE_0_Untitled_1.Untitled_1 up for play (max tick rate 60) at 2019.09.17-10.52.49
[2019.09.17-00.52.49:939][486]LogWorld: Bringing up level for play took: 0.000650
[2019.09.17-00.52.49:954][486]PIE: Play in editor start time for /Temp/UEDPIE_0_Untitled_1 -0.299
[2019.09.17-00.52.49:955][486]LogBlueprintUserMessages: Late PlayInEditor Detection: Level '/Temp/Untitled_1.Untitled_1:PersistentLevel' has LevelScriptBlueprint '/Temp/Untitled_1.Untitled_1:PersistentLevel.Untitled' with GeneratedClass '/Temp/Untitled_1.Untitled_C' with ClassGeneratedBy '/Temp/Untitled_1.Untitled_1:PersistentLevel.Untitled'
[2019.09.17-00.52.50:078][487]LogRenderer: Reallocating scene render targets to support 1528x832 Format 10 NumSamples 1 (Frame:1).
[2019.09.17-00.52.55:810][817]LogBlueprintUserMessages: Early EndPlayMap Detection: Level '/Temp/Untitled_1.Untitled_1:PersistentLevel' has LevelScriptBlueprint '/Temp/Untitled_1.Untitled_1:PersistentLevel.Untitled' with GeneratedClass '/Temp/Untitled_1.Untitled_C' with ClassGeneratedBy '/Temp/Untitled_1.Untitled_1:PersistentLevel.Untitled'
[2019.09.17-00.52.55:810][817]LogSlate: Updating window title bar state: overlay mode, drag disabled, window buttons hidden, title bar hidden
[2019.09.17-00.52.55:822][817]LogSlate: Window 'MyProject2 Game Preview Standalone (64-bit/PCD3D_SM5)' being destroyed
[2019.09.17-00.52.55:872][817]LogPlayLevel: Display: Shutting down PIE online subsystems
[2019.09.17-00.52.55:872][817]LogBlueprintUserMessages: Late EndPlayMap Detection: Level '/Temp/Untitled_1.Untitled_1:PersistentLevel' has LevelScriptBlueprint '/Temp/Untitled_1.Untitled_1:PersistentLevel.Untitled' with GeneratedClass '/Temp/Untitled_1.Untitled_C' with ClassGeneratedBy '/Temp/Untitled_1.Untitled_1:PersistentLevel.Untitled'
[2019.09.17-00.52.55:925][817]LogUObjectHash: Compacting FUObjectHashTables data took   4.05ms
[2019.09.17-00.52.55:954][818]LogPlayLevel: Display: Destroying online subsystem :Context_2
[2019.09.17-00.53.01:493][147]Cmd: SELECT NONE
[2019.09.17-00.53.09:603][631]Cmd: SELECT NONE
[2019.09.17-00.53.13:635][872]LogSlate: FSceneViewport::OnFocusLost() reason 0
[2019.09.17-00.53.21:847][173]LogEditorViewport: Clicking on Actor (LMB): BP_Sky_Sphere_C (Sky Sphere)
[2019.09.17-00.53.26:532][450]LogEditorViewport: Clicking on Actor (LMB): BP_Sky_Sphere_C (Sky Sphere)
[2019.09.17-00.55.46:233][715]LogSlate: FSceneViewport::OnFocusLost() reason 0
[2019.09.17-00.58.40:559][605]LogSlate: FSceneViewport::OnFocusLost() reason 2
[2019.09.17-01.00.34:170][410]LogSlate: Took 0.000606 seconds to synchronously load lazily loaded font '../../../Engine/Content/Slate/Fonts/Roboto-Light.ttf' (167K)
[2019.09.17-01.02.53:775][427]LogSlate: Took 0.000248 seconds to synchronously load lazily loaded font '../../../Engine/Content/Slate/Fonts/Roboto-Light.ttf' (167K)
[2019.09.17-01.08.02:716][727]LogSlate: Window 'New Level' being destroyed
[2019.09.17-01.08.20:798][717]LogSlate: Window 'Save Level As' being destroyed
[2019.09.17-01.08.51:261][783]LogSlate: Window 'Save Level As' being destroyed
[2019.09.17-01.08.51:368][783]LogUObjectHash: Compacting FUObjectHashTables data took   4.58ms
[2019.09.17-01.08.51:417][783]LogUObjectHash: Compacting FUObjectHashTables data took   3.62ms
[2019.09.17-01.08.51:529][783]LogSavePackage: Moving '../../../../../Documents/GitHub/3D-Platformer/MyProject2/Saved/Level_1AEB59451421AAE892FF492888AEEE58F.tmp' to '../../../../../Documents/GitHub/3D-Platformer/MyProject2/Content/__MyContent/Maps/Level_1.umap'
[2019.09.17-01.08.51:553][783]Cmd: OBJ SAVEPACKAGE PACKAGE="/Game/__MyContent/Maps/Level_1_BuiltData" FILE="../../../../../Documents/GitHub/3D-Platformer/MyProject2/Content/__MyContent/Maps/Level_1_BuiltData.uasset" SILENT=true
[2019.09.17-01.08.51:569][783]LogSavePackage: Moving '../../../../../Documents/GitHub/3D-Platformer/MyProject2/Saved/Level_1_BuiltData8967AD4E438402B56E8B74B741952ED0.tmp' to '../../../../../Documents/GitHub/3D-Platformer/MyProject2/Content/__MyContent/Maps/Level_1_BuiltData.uasset'
[2019.09.17-01.08.51:581][783]LogFileHelpers: Saving map 'Level_1' took 0.307
[2019.09.17-01.08.51:581][783]Cmd: MAP LOAD FILE="../../../../../Documents/GitHub/3D-Platformer/MyProject2/Content/__MyContent/Maps/Level_1.umap" TEMPLATE=0 SHOWPROGRESS=1 FEATURELEVEL=3
[2019.09.17-01.08.51:606][783]LightingResults: New page: Lighting Build
[2019.09.17-01.08.51:607][783]LoadErrors: New page: Loading map: Level_1.umap
[2019.09.17-01.08.51:613][783]MapCheck: New page: Map Check
[2019.09.17-01.08.51:613][783]LightingResults: New page: Lighting Build
[2019.09.17-01.08.51:640][783]LogUObjectHash: Compacting FUObjectHashTables data took   1.39ms
[2019.09.17-01.08.51:656][783]LogAIModule: Creating AISystem for world Level_1
[2019.09.17-01.08.51:714][783]LogEditorServer: Finished looking for orphan Actors (0.000 secs)
[2019.09.17-01.08.51:743][783]LogUObjectHash: Compacting FUObjectHashTables data took   1.32ms
[2019.09.17-01.08.51:764][783]Cmd: MAP CHECKDEP NOCLEARLOG
[2019.09.17-01.08.51:764][783]MapCheck: Map check complete: 0 Error(s), 0 Warning(s), took 0.119ms to complete.
[2019.09.17-01.08.51:764][783]LogFileHelpers: Loading map 'Level_1' took 0.184
[2019.09.17-01.09.34:703][320]LogActorFactory: Actor Factory created Cube
[2019.09.17-01.09.35:173][347]LogActorFactory: Actor Factory created Cube
[2019.09.17-01.09.37:072][459]LogSlate: FSceneViewport::OnFocusLost() reason 0
[2019.09.17-01.09.44:024][823]LogEditorViewport: Clicking on Actor (LMB): StaticMeshActor (Floor)
[2019.09.17-01.09.47:634][ 38]LogSlate: FSceneViewport::OnFocusLost() reason 0
[2019.09.17-01.10.00:909][830]LogUObjectHash: Compacting FUObjectHashTables data took   1.26ms
[2019.09.17-01.10.00:996][830]LogSavePackage: Moving '../../../../../Documents/GitHub/3D-Platformer/MyProject2/Saved/Level_1742930B34A3665B2A64163BDCFCC030A.tmp' to '../../../../../Documents/GitHub/3D-Platformer/MyProject2/Content/__MyContent/Maps/Level_1.umap'
[2019.09.17-01.10.01:032][830]Cmd: OBJ SAVEPACKAGE PACKAGE="/Game/__MyContent/Maps/Level_1_BuiltData" FILE="../../../../../Documents/GitHub/3D-Platformer/MyProject2/Content/__MyContent/Maps/Level_1_BuiltData.uasset" SILENT=true
[2019.09.17-01.10.01:051][830]LogSavePackage: Moving '../../../../../Documents/GitHub/3D-Platformer/MyProject2/Saved/Level_1_BuiltData9318BE6B435BA1D5100AA485B9AC38FF.tmp' to '../../../../../Documents/GitHub/3D-Platformer/MyProject2/Content/__MyContent/Maps/Level_1_BuiltData.uasset'
[2019.09.17-01.10.07:287][200]LogEditorViewport: Clicking on Actor (LMB): StaticMeshActor (Cube)
[2019.09.17-01.10.15:043][663]LogEditorViewport: Clicking on Actor (LMB): BP_Sky_Sphere_C (Sky Sphere)
[2019.09.17-01.12.21:176][229]LogSlate: FSceneViewport::OnFocusLost() reason 2
[2019.09.17-01.12.26:418][490]LogSlate: Only BGRA pngs, bmps or icos are supported in by External Image Picker
[2019.09.17-01.12.26:433][490]LogSlate: FSceneViewport::OnFocusLost() reason 2
[2019.09.17-01.14.44:801][646]LogSlate: Only BGRA pngs, bmps or icos are supported in by External Image Picker
[2019.09.17-01.15.08:284][ 19]LogSlate: FSceneViewport::OnFocusLost() reason 0
[2019.09.17-01.20.11:216][721]LogUObjectHash: Compacting FUObjectHashTables data took   1.84ms
[2019.09.17-01.20.11:302][721]LogSavePackage: Moving '../../../../../Documents/GitHub/3D-Platformer/MyProject2/Saved/Level_1_Auto1E4E78BF54A6F4E0B8501D2BD8D61B922.tmp' to '../../../../../Documents/GitHub/3D-Platformer/MyProject2/Saved/Autosaves/Game/__MyContent/Maps/Level_1_Auto1.umap'
[2019.09.17-01.20.11:305][721]LogFileHelpers: Editor autosave (incl. sublevels) for '/Game/__MyContent/Maps/Level_1' took 0.115
[2019.09.17-01.20.11:305][721]LogFileHelpers: Editor autosave (incl. sublevels) for all levels took 0.115
[2019.09.17-01.21.15:992][694]LogSlate: Only BGRA pngs, bmps or icos are supported in by External Image Picker
[2019.09.17-01.23.23:888][193]LogSlate: FSceneViewport::OnFocusLost() reason 0
[2019.09.17-01.25.54:993][469]Cmd: MAP CHECK
[2019.09.17-01.25.54:994][469]MapCheck: New page: Level_1 - 17 Sep 2019 9:25:54 pm
[2019.09.17-01.25.54:997][469]MapCheck: Warning: Floor Large actor receives a pre-shadow and will cause an extreme performance hit unless bCastDynamicShadow is set to false. 
[2019.09.17-01.25.54:997][469]MapCheck: Map check complete: 0 Error(s), 1 Warning(s), took 3.464ms to complete.
[2019.09.17-01.26.22:907][275]LogSlate: Window 'Message Log' being destroyed
[2019.09.17-01.26.43:528][ 82]Cmd: MAP CHECK
[2019.09.17-01.26.43:528][ 82]MapCheck: New page: Level_1 - 17 Sep 2019 9:26:43 pm
[2019.09.17-01.26.43:529][ 82]MapCheck: Map check complete: 0 Error(s), 0 Warning(s), took 0.5ms to complete.
[2019.09.17-01.26.47:899][313]LogEditorViewport: Clicking on Actor (LMB): BP_Sky_Sphere_C (Sky Sphere)
[2019.09.17-01.26.48:515][348]LogSlate: FSceneViewport::OnFocusLost() reason 0
[2019.09.17-01.26.50:864][426]LogEditorViewport: Clicking on Actor (LMB): BP_Sky_Sphere_C (Sky Sphere)
[2019.09.17-01.27.19:216][313]LogEditorViewport: Clicking on Actor (LMB): BP_Sky_Sphere_C (Sky Sphere)
[2019.09.17-01.27.23:341][517]LogSlate: FSceneViewport::OnFocusLost() reason 0
[2019.09.17-01.30.07:963][315]LogSlate: Took 0.013120 seconds to synchronously load lazily loaded font '../../../Engine/Content/Slate/Fonts/Roboto-Italic.ttf' (157K)
[2019.09.17-01.30.36:987][973]LogRHI: Error: SyncInterval 0
[2019.09.17-01.30.36:987][973]LogRHI: Error: SwapChainDesc.BufferDesc.Width 57
[2019.09.17-01.30.36:987][973]LogRHI: Error: SwapChainDesc.BufferDesc.Height 70
[2019.09.17-01.30.36:987][973]LogRHI: Error: SwapChainDesc.BufferDesc.RefreshRate.Numerator 0
[2019.09.17-01.30.36:987][973]LogRHI: Error: SwapChainDesc.BufferDesc.RefreshRate.Denominator 0
[2019.09.17-01.30.36:987][973]LogRHI: Error: SwapChainDesc.BufferDesc.Format 24
[2019.09.17-01.30.36:987][973]LogRHI: Error: SwapChainDesc.BufferDesc.ScanlineOrdering 0
[2019.09.17-01.30.36:987][973]LogRHI: Error: SwapChainDesc.BufferDesc.Scaling 0
[2019.09.17-01.30.36:987][973]LogRHI: Error: SwapChainDesc.SampleDesc.Count 1
[2019.09.17-01.30.36:987][973]LogRHI: Error: SwapChainDesc.SampleDesc.Quality 0
[2019.09.17-01.30.36:987][973]LogRHI: Error: SwapChainDesc.BufferUsage 48
[2019.09.17-01.30.36:987][973]LogRHI: Error: SwapChainDesc.BufferCount 1
[2019.09.17-01.30.36:987][973]LogRHI: Error: SwapChainDesc.OutputWindow 00000000004B0CA6
[2019.09.17-01.30.36:987][973]LogRHI: Error: SwapChainDesc.Windowed true
[2019.09.17-01.30.36:987][973]LogRHI: Error: SwapChainDesc.SwapEffect 0
[2019.09.17-01.30.36:987][973]LogRHI: Error: SwapChainDesc.Flags 2
[2019.09.17-01.30.36:992][973]LogD3D11RHI: Error: Result failed 
 at D:\Build\++UE4\Sync\Engine\Source\Runtime\Windows\D3D11RHI\Private\D3D11Viewport.cpp:361 
 with error E_INVALIDARG
[2019.09.17-01.30.36:992][973]LogWindows: Windows GetLastError: The operation completed successfully. (0)
[2019.09.17-01.30.41:491][973]LogOutputDevice: Warning: 

Script Stack (0 frames):

[2019.09.17-01.30.41:491][973]LogWindows: Windows GetLastError: The operation completed successfully. (0)
[2019.09.17-01.30.41:492][973]LogThreadingWindows: Error: Runnable thread RenderThread 316 crashed.
[2019.09.17-01.30.41:492][973]LogWindows: Error: === Critical error: ===
[2019.09.17-01.30.41:492][973]LogWindows: Error: 
[2019.09.17-01.30.41:492][973]LogWindows: Error: Fatal error: [File:D:\Build\++UE4\Sync\Engine\Source\Runtime\RenderCore\Private\RenderingThread.cpp] [Line: 819] 
[2019.09.17-01.30.41:492][973]LogWindows: Error: Rendering thread exception:
[2019.09.17-01.30.41:492][973]LogWindows: Error: Fatal error: [File:D:\Build\++UE4\Sync\Engine\Source\Runtime\Windows\D3D11RHI\Private\D3D11Util.cpp] [Line: 249] 
[2019.09.17-01.30.41:492][973]LogWindows: Error: Result failed 
[2019.09.17-01.30.41:492][973]LogWindows: Error:  at D:\Build\++UE4\Sync\Engine\Source\Runtime\Windows\D3D11RHI\Private\D3D11Viewport.cpp:361 
[2019.09.17-01.30.41:492][973]LogWindows: Error:  with error E_INVALIDARG
[2019.09.17-01.30.41:492][973]LogWindows: Error: 
[2019.09.17-01.30.41:492][973]LogWindows: Error: 
[2019.09.17-01.30.41:492][973]LogWindows: Error: [Callstack] 0x00007ffee91ea388 KERNELBASE.dll!UnknownFunction []
[2019.09.17-01.30.41:493][973]LogWindows: Error: [Callstack] 0x00007ffe87c01f37 UE4Editor-Core.dll!UnknownFunction []
[2019.09.17-01.30.41:493][973]LogWindows: Error: [Callstack] 0x00007ffe87c046e7 UE4Editor-Core.dll!UnknownFunction []
[2019.09.17-01.30.41:493][973]LogWindows: Error: [Callstack] 0x00007ffe87a17d1a UE4Editor-Core.dll!UnknownFunction []
[2019.09.17-01.30.41:493][973]LogWindows: Error: [Callstack] 0x00007ffe8799fe33 UE4Editor-Core.dll!UnknownFunction []
[2019.09.17-01.30.41:493][973]LogWindows: Error: [Callstack] 0x00007ffe8799fd18 UE4Editor-Core.dll!UnknownFunction []
[2019.09.17-01.30.41:493][973]LogWindows: Error: [Callstack] 0x00007ffe639e644a UE4Editor-D3D11RHI.dll!UnknownFunction []
[2019.09.17-01.30.41:493][973]LogWindows: Error: [Callstack] 0x00007ffe639c875e UE4Editor-D3D11RHI.dll!UnknownFunction []
[2019.09.17-01.30.41:493][973]LogWindows: Error: [Callstack] 0x00007ffe639d480b UE4Editor-D3D11RHI.dll!UnknownFunction []
[2019.09.17-01.30.41:493][973]LogWindows: Error: [Callstack] 0x00007ffeae20e8e0 UE4Editor-RHI.dll!UnknownFunction []
[2019.09.17-01.30.41:493][973]LogWindows: Error: [Callstack] 0x00007ffeae20e4c4 UE4Editor-RHI.dll!UnknownFunction []
[2019.09.17-01.30.41:493][973]LogWindows: Error: [Callstack] 0x00007ffeae20f444 UE4Editor-RHI.dll!UnknownFunction []
[2019.09.17-01.30.41:493][973]LogWindows: Error: [Callstack] 0x00007ffeae206bb4 UE4Editor-RHI.dll!UnknownFunction []
[2019.09.17-01.30.41:493][973]LogWindows: Error: [Callstack] 0x00007ffe6379769b UE4Editor-SlateRHIRenderer.dll!UnknownFunction []
[2019.09.17-01.30.41:493][973]LogWindows: Error: [Callstack] 0x00007ffe6379e220 UE4Editor-SlateRHIRenderer.dll!UnknownFunction []
[2019.09.17-01.30.41:494][973]LogWindows: Error: [Callstack] 0x00007ffe878222d8 UE4Editor-Core.dll!UnknownFunction []
[2019.09.17-01.30.41:494][973]LogWindows: Error: [Callstack] 0x00007ffe87822563 UE4Editor-Core.dll!UnknownFunction []
[2019.09.17-01.30.41:494][973]LogWindows: Error: [Callstack] 0x00007ffeb58e59f1 UE4Editor-RenderCore.dll!UnknownFunction []
[2019.09.17-01.30.41:494][973]LogWindows: Error: [Callstack] 0x00007ffeb58ec184 UE4Editor-RenderCore.dll!UnknownFunction []
[2019.09.17-01.30.41:494][973]LogWindows: Error: [Callstack] 0x00007ffe87c14b3f UE4Editor-Core.dll!UnknownFunction []
[2019.09.17-01.30.41:494][973]LogWindows: Error: [Callstack] 0x00007ffe87c108a7 UE4Editor-Core.dll!UnknownFunction []
[2019.09.17-01.30.41:494][973]LogWindows: Error: [Callstack] 0x00007ffeeb474034 KERNEL32.DLL!UnknownFunction []
[2019.09.17-01.30.41:494][973]LogWindows: Error: [Callstack] 0x00007ffeec203691 ntdll.dll!UnknownFunction []
[2019.09.17-01.30.41:494][973]LogWindows: Error: 
[2019.09.17-01.30.41:494][973]LogWindows: Error: 
[2019.09.17-01.30.41:494][973]LogWindows: Error: 
[2019.09.17-01.30.41:494][973]LogWindows: Error: 
[2019.09.17-01.30.41:494][973]LogWindows: Error: Crash in runnable thread RenderThread 316
[2019.09.17-01.30.41:502][973]LogOutputDevice: Warning: 

Script Stack (0 frames):

[2019.09.17-01.30.41:502][973]LogWindows: Windows GetLastError: The operation completed successfully. (0)
[2019.09.17-01.30.41:502][973]LogWindows: Error: HandleError re-entered.
[2019.09.17-01.30.41:502][973]LogWindows: FPlatformMisc::RequestExit(1)
[2019.09.17-01.30.41:520][973]Log file closed, 09/17/19 11:30:41
