Log file open, 09/21/19 11:49:27
LogWindows: Failed to load 'aqProf.dll' (GetLastError=126)
LogWindows: File 'aqProf.dll' does not exist
LogWindows: Failed to load 'VtuneApi.dll' (GetLastError=126)
LogWindows: File 'VtuneApi.dll' does not exist
LogWindows: Failed to load 'VtuneApi32e.dll' (GetLastError=126)
LogWindows: File 'VtuneApi32e.dll' does not exist
LogConsoleResponse: Display: Failed to find resolution value strings in scalability ini. Falling back to default.
LogInit: Display: Running engine for game: MyProject2
LogPakFile: Registered encryption key '00000000000000000000000000000000': 0 pak files mounted, 0 remain pending
LogPlatformFile: Not using cached read wrapper
LogTaskGraph: Started task graph with 5 named threads and 35 total threads with 3 sets of task threads.
LogStats: Stats thread started at 0.615404
LogD3D11RHI: Loaded GFSDK_Aftermath_Lib.x64.dll
LogICUInternationalization: ICU TimeZone Detection - Raw Offset: +10:00, Platform Override: ''
LogPluginManager: Mounting plugin Paper2D
LogPluginManager: Mounting plugin AISupport
LogPluginManager: Mounting plugin LightPropagationVolume
LogPluginManager: Mounting plugin ActorLayerUtilities
LogPluginManager: Mounting plugin AnimationSharing
LogPluginManager: Mounting plugin CLionSourceCodeAccess
LogPluginManager: Mounting plugin CodeLiteSourceCodeAccess
LogPluginManager: Mounting plugin GitSourceControl
LogPluginManager: Mounting plugin KDevelopSourceCodeAccess
LogPluginManager: Mounting plugin NullSourceCodeAccess
LogPluginManager: Mounting plugin PerforceSourceControl
LogPluginManager: Mounting plugin SubversionSourceControl
LogPluginManager: Mounting plugin UObjectPlugin
LogPluginManager: Mounting plugin VisualStudioCodeSourceCodeAccess
LogPluginManager: Mounting plugin VisualStudioSourceCodeAccess
LogPluginManager: Mounting plugin XCodeSourceCodeAccess
LogPluginManager: Mounting plugin AssetManagerEditor
LogPluginManager: Mounting plugin CryptoKeys
LogPluginManager: Mounting plugin DataValidation
LogPluginManager: Mounting plugin FacialAnimation
LogPluginManager: Mounting plugin GameplayTagsEditor
LogPluginManager: Mounting plugin MacGraphicsSwitching
LogPluginManager: Mounting plugin MaterialAnalyzer
LogPluginManager: Mounting plugin MobileLauncherProfileWizard
LogPluginManager: Mounting plugin PluginBrowser
LogPluginManager: Mounting plugin SpeedTreeImporter
LogPluginManager: Mounting plugin DatasmithContent
LogPluginManager: Mounting plugin VariantManagerContent
LogPluginManager: Mounting plugin AlembicImporter
LogPluginManager: Mounting plugin AppleImageUtils
LogPluginManager: Mounting plugin AppleVision
LogPluginManager: Mounting plugin BackChannel
LogPluginManager: Mounting plugin CharacterAI
LogPluginManager: Mounting plugin GeometryCache
LogPluginManager: Mounting plugin HTML5Networking
LogPluginManager: Mounting plugin ProxyLODPlugin
LogPluginManager: Mounting plugin SkeletalReduction
LogPluginManager: Mounting plugin MagicLeap
LogPluginManager: Mounting plugin MagicLeapMedia
LogPluginManager: Mounting plugin AndroidMedia
LogPluginManager: Mounting plugin AvfMedia
LogPluginManager: Mounting plugin ImgMedia
LogPluginManager: Mounting plugin LinearTimecode
LogPluginManager: Mounting plugin MediaCompositing
LogPluginManager: Mounting plugin MediaPlayerEditor
LogPluginManager: Mounting plugin WebMMedia
LogPluginManager: Mounting plugin WmfMedia
LogPluginManager: Mounting plugin TcpMessaging
LogPluginManager: Mounting plugin UdpMessaging
LogPluginManager: Mounting plugin ActorSequence
LogPluginManager: Mounting plugin LevelSequenceEditor
LogPluginManager: Mounting plugin MatineeToLevelSequence
LogPluginManager: Mounting plugin NetcodeUnitTest
LogPluginManager: Mounting plugin NUTUnrealEngine4
LogPluginManager: Mounting plugin OnlineSubsystemGooglePlay
LogPluginManager: Mounting plugin OnlineSubsystemIOS
LogPluginManager: Mounting plugin OnlineSubsystem
LogPluginManager: Mounting plugin OnlineSubsystemNull
LogPluginManager: Mounting plugin OnlineSubsystemUtils
LogPluginManager: Mounting plugin LauncherChunkInstaller
LogPluginManager: Mounting plugin AndroidDeviceProfileSelector
LogPluginManager: Mounting plugin AndroidMoviePlayer
LogPluginManager: Mounting plugin AndroidPermission
LogPluginManager: Mounting plugin AppleMoviePlayer
LogPluginManager: Mounting plugin ArchVisCharacter
LogPluginManager: Mounting plugin AudioCapture
LogPluginManager: Mounting plugin CableComponent
LogPluginManager: Mounting plugin CustomMeshComponent
LogPluginManager: Mounting plugin EditableMesh
LogPluginManager: Mounting plugin ExampleDeviceProfileSelector
LogPluginManager: Mounting plugin Firebase
LogPluginManager: Mounting plugin GoogleCloudMessaging
LogPluginManager: Mounting plugin IOSDeviceProfileSelector
LogPluginManager: Mounting plugin LinuxDeviceProfileSelector
LogPluginManager: Mounting plugin LocationServicesBPLibrary
LogPluginManager: Mounting plugin MobilePatchingUtils
LogPluginManager: Mounting plugin OculusVR
LogPluginManager: Mounting plugin PhysXVehicles
LogPluginManager: Mounting plugin ProceduralMeshComponent
LogPluginManager: Mounting plugin RuntimePhysXCooking
LogPluginManager: Mounting plugin SignificanceManager
LogPluginManager: Mounting plugin SteamVR
LogPluginManager: Mounting plugin WebMMoviePlayer
LogPluginManager: Mounting plugin WindowsMoviePlayer
LogInit: Using libcurl 7.55.1-DEV
LogInit:  - built for x86_64-pc-win32
LogInit:  - supports SSL with OpenSSL/1.1.1
LogInit:  - supports HTTP deflate (compression) using libz 1.2.8
LogInit:  - other features:
LogInit:      CURL_VERSION_SSL
LogInit:      CURL_VERSION_LIBZ
LogInit:      CURL_VERSION_IPV6
LogInit:      CURL_VERSION_ASYNCHDNS
LogInit:      CURL_VERSION_LARGEFILE
LogInit:      CURL_VERSION_IDN
LogInit:  CurlRequestOptions (configurable via config and command line):
LogInit:  - bVerifyPeer = true  - Libcurl will verify peer certificate
LogInit:  - bUseHttpProxy = false  - Libcurl will NOT use HTTP proxy
LogInit:  - bDontReuseConnections = false  - Libcurl will reuse connections
LogInit:  - MaxHostConnections = 16  - Libcurl will limit the number of connections to a host
LogInit:  - LocalHostAddr = Default
LogInit:  - BufferSize = 65536
LogInit: WinSock: version 1.1 (2.2), MaxSocks=32767, MaxUdp=65467
LogInit: Build: ++UE4+Release-4.22-CL-7053642
LogInit: Engine Version: 4.22.3-7053642+++UE4+Release-4.22
LogInit: Compatible Engine Version: 4.22.0-5660361+++UE4+Release-4.22
LogInit: Net CL: 5660361
LogInit: OS: Windows 10 (Release 1803) (), CPU: Intel(R) Core(TM) i7-8750H CPU @ 2.20GHz, GPU: Intel(R) UHD Graphics 630
LogInit: Compiled (64-bit): Jun 18 2019 03:09:11
LogInit: Compiled with Visual C++: 19.16.27025.01
LogInit: Build Configuration: Development
LogInit: Branch Name: ++UE4+Release-4.22
LogInit: Command Line: 
LogInit: Base Directory: C:/Users/ellan/Desktop/UE_4.22/Engine/Binaries/Win64/
LogInit: Installed Engine Build: 1
LogDevObjectVersion: Number of dev versions registered: 23
LogDevObjectVersion:   Dev-Blueprints (B0D832E4-1F89-4F0D-ACCF-7EB736FD4AA2): 10
LogDevObjectVersion:   Dev-Build (E1C64328-A22C-4D53-A36C-8E866417BD8C): 0
LogDevObjectVersion:   Dev-Core (375EC13C-06E4-48FB-B500-84F0262A717E): 3
LogDevObjectVersion:   Dev-Editor (E4B068ED-F494-42E9-A231-DA0B2E46BB41): 30
LogDevObjectVersion:   Dev-Framework (CFFC743F-43B0-4480-9391-14DF171D2073): 35
LogDevObjectVersion:   Dev-Mobile (B02B49B5-BB20-44E9-A304-32B752E40360): 2
LogDevObjectVersion:   Dev-Networking (A4E4105C-59A1-49B5-A7C5-40C4547EDFEE): 0
LogDevObjectVersion:   Dev-Online (39C831C9-5AE6-47DC-9A44-9C173E1C8E7C): 0
LogDevObjectVersion:   Dev-Physics (78F01B33-EBEA-4F98-B9B4-84EACCB95AA2): 0
LogDevObjectVersion:   Dev-Platform (6631380F-2D4D-43E0-8009-CF276956A95A): 0
LogDevObjectVersion:   Dev-Rendering (12F88B9F-8875-4AFC-A67C-D90C383ABD29): 28
LogDevObjectVersion:   Dev-Sequencer (7B5AE74C-D270-4C10-A958-57980B212A5A): 11
LogDevObjectVersion:   Dev-VR (D7296918-1DD6-4BDD-9DE2-64A83CC13884): 2
LogDevObjectVersion:   Dev-LoadTimes (C2A15278-BFE7-4AFE-6C17-90FF531DF755): 1
LogDevObjectVersion:   Private-Geometry (6EACA3D4-40EC-4CC1-B786-8BED09428FC5): 3
LogDevObjectVersion:   Dev-AnimPhys (29E575DD-E0A3-4627-9D10-D276232CDCEA): 17
LogDevObjectVersion:   Dev-Anim (AF43A65D-7FD3-4947-9873-3E8ED9C1BB05): 2
LogDevObjectVersion:   Dev-ReflectionCapture (6B266CEC-1EC7-4B8F-A30B-E4D90942FC07): 1
LogDevObjectVersion:   Dev-Automation (0DF73D61-A23F-47EA-B727-89E90C41499A): 1
LogDevObjectVersion:   FortniteMain (601D1886-AC64-4F84-AA16-D3DE0DEAC7D6): 25
LogDevObjectVersion:   Dev-Enterprise (9DFFBCD6-494F-0158-E221-12823C92A888): 6
LogDevObjectVersion:   Dev-Niagara (F2AED0AC-9AFE-416F-8664-AA7FFA26D6FC): 1
LogDevObjectVersion:   Dev-Destruction (174F1F0B-B4C6-45A5-B13F-2EE8D0FB917D): 2
LogInit: Presizing for max 16777216 objects, including 0 objects not considered by GC, pre-allocating 0 bytes for permanent pool.
LogInit: Object subsystem initialized
LogConfig: Setting CVar [[con.DebugEarlyDefault:1]]
LogConfig: Setting CVar [[r.setres:1280x720]]
[2019.09.21-01.49.27:651][  0]LogConfig: Setting CVar [[r.VSync:0]]
[2019.09.21-01.49.27:651][  0]LogConfig: Setting CVar [[r.RHICmdBypass:0]]
[2019.09.21-01.49.27:651][  0]LogConfig: Applying CVar settings from Section [/Script/Engine.RendererSettings] File [C:/Users/ellan/Documents/GitHub/3D-Platformer/MyProject2/Saved/Config/Windows/Engine.ini]
[2019.09.21-01.49.27:651][  0]LogConfig: Setting CVar [[r.GPUCrashDebugging:0]]
[2019.09.21-01.49.27:651][  0]LogConfig: Setting CVar [[r.DefaultFeature.AutoExposure.ExtendDefaultLuminanceRange:1]]
[2019.09.21-01.49.27:651][  0]LogConfig: Setting CVar [[r.DefaultFeature.AutoExposure:0]]
[2019.09.21-01.49.27:651][  0]LogConfig: Applying CVar settings from Section [/Script/Engine.RendererOverrideSettings] File [C:/Users/ellan/Documents/GitHub/3D-Platformer/MyProject2/Saved/Config/Windows/Engine.ini]
[2019.09.21-01.49.27:651][  0]LogConfig: Applying CVar settings from Section [/Script/Engine.StreamingSettings] File [C:/Users/ellan/Documents/GitHub/3D-Platformer/MyProject2/Saved/Config/Windows/Engine.ini]
[2019.09.21-01.49.27:651][  0]LogConfig: Setting CVar [[s.MinBulkDataSizeForAsyncLoading:131072]]
[2019.09.21-01.49.27:651][  0]LogConfig: Setting CVar [[s.AsyncLoadingThreadEnabled:0]]
[2019.09.21-01.49.27:651][  0]LogConfig: Setting CVar [[s.EventDrivenLoaderEnabled:1]]
[2019.09.21-01.49.27:651][  0]LogConfig: Setting CVar [[s.WarnIfTimeLimitExceeded:0]]
[2019.09.21-01.49.27:651][  0]LogConfig: Setting CVar [[s.TimeLimitExceededMultiplier:1.5]]
[2019.09.21-01.49.27:651][  0]LogConfig: Setting CVar [[s.TimeLimitExceededMinTime:0.005]]
[2019.09.21-01.49.27:651][  0]LogConfig: Setting CVar [[s.UseBackgroundLevelStreaming:1]]
[2019.09.21-01.49.27:651][  0]LogConfig: Setting CVar [[s.PriorityAsyncLoadingExtraTime:15.0]]
[2019.09.21-01.49.27:651][  0]LogConfig: Setting CVar [[s.LevelStreamingActorsUpdateTimeLimit:5.0]]
[2019.09.21-01.49.27:651][  0]LogConfig: Setting CVar [[s.PriorityLevelStreamingActorsUpdateExtraTime:5.0]]
[2019.09.21-01.49.27:651][  0]LogConfig: Setting CVar [[s.LevelStreamingComponentsRegistrationGranularity:10]]
[2019.09.21-01.49.27:651][  0]LogConfig: Setting CVar [[s.UnregisterComponentsTimeLimit:1.0]]
[2019.09.21-01.49.27:651][  0]LogConfig: Setting CVar [[s.LevelStreamingComponentsUnregistrationGranularity:5]]
[2019.09.21-01.49.27:651][  0]LogConfig: Applying CVar settings from Section [/Script/Engine.GarbageCollectionSettings] File [C:/Users/ellan/Documents/GitHub/3D-Platformer/MyProject2/Saved/Config/Windows/Engine.ini]
[2019.09.21-01.49.27:651][  0]LogConfig: Setting CVar [[gc.MaxObjectsNotConsideredByGC:1]]
[2019.09.21-01.49.27:651][  0]LogConfig: Setting CVar [[gc.SizeOfPermanentObjectPool:0]]
[2019.09.21-01.49.27:651][  0]LogConfig: Setting CVar [[gc.FlushStreamingOnGC:0]]
[2019.09.21-01.49.27:651][  0]LogConfig: Setting CVar [[gc.NumRetriesBeforeForcingGC:10]]
[2019.09.21-01.49.27:651][  0]LogConfig: Setting CVar [[gc.AllowParallelGC:1]]
[2019.09.21-01.49.27:651][  0]LogConfig: Setting CVar [[gc.TimeBetweenPurgingPendingKillObjects:61.1]]
[2019.09.21-01.49.27:651][  0]LogConfig: Setting CVar [[gc.MaxObjectsInEditor:16777216]]
[2019.09.21-01.49.27:651][  0]LogConfig: Setting CVar [[gc.IncrementalBeginDestroyEnabled:1]]
[2019.09.21-01.49.27:652][  0]LogConfig: Setting CVar [[gc.CreateGCClusters:1]]
[2019.09.21-01.49.27:652][  0]LogConfig: Setting CVar [[gc.MinGCClusterSize:5]]
[2019.09.21-01.49.27:652][  0]LogConfig: Setting CVar [[gc.ActorClusteringEnabled:0]]
[2019.09.21-01.49.27:652][  0]LogConfig: Setting CVar [[gc.BlueprintClusteringEnabled:0]]
[2019.09.21-01.49.27:652][  0]LogConfig: Setting CVar [[gc.UseDisregardForGCOnDedicatedServers:0]]
[2019.09.21-01.49.27:652][  0]LogConfig: Applying CVar settings from Section [/Script/Engine.NetworkSettings] File [C:/Users/ellan/Documents/GitHub/3D-Platformer/MyProject2/Saved/Config/Windows/Engine.ini]
[2019.09.21-01.49.27:652][  0]LogConfig: Applying CVar settings from Section [/Script/UnrealEd.CookerSettings] File [C:/Users/ellan/Documents/GitHub/3D-Platformer/MyProject2/Saved/Config/Windows/Engine.ini]
[2019.09.21-01.49.27:656][  0]LogConfig: Applying CVar settings from Section [ViewDistanceQuality@3] File [C:/Users/ellan/Documents/GitHub/3D-Platformer/MyProject2/Saved/Config/Windows/Scalability.ini]
[2019.09.21-01.49.27:656][  0]LogConfig: Setting CVar [[r.SkeletalMeshLODBias:0]]
[2019.09.21-01.49.27:656][  0]LogConfig: Setting CVar [[r.ViewDistanceScale:1.0]]
[2019.09.21-01.49.27:656][  0]LogConfig: Applying CVar settings from Section [AntiAliasingQuality@3] File [C:/Users/ellan/Documents/GitHub/3D-Platformer/MyProject2/Saved/Config/Windows/Scalability.ini]
[2019.09.21-01.49.27:656][  0]LogConfig: Setting CVar [[r.PostProcessAAQuality:4]]
[2019.09.21-01.49.27:656][  0]LogConfig: Applying CVar settings from Section [ShadowQuality@3] File [C:/Users/ellan/Documents/GitHub/3D-Platformer/MyProject2/Saved/Config/Windows/Scalability.ini]
[2019.09.21-01.49.27:656][  0]LogConfig: Setting CVar [[r.LightFunctionQuality:1]]
[2019.09.21-01.49.27:656][  0]LogConfig: Setting CVar [[r.ShadowQuality:5]]
[2019.09.21-01.49.27:656][  0]LogConfig: Setting CVar [[r.Shadow.CSM.MaxCascades:10]]
[2019.09.21-01.49.27:656][  0]LogConfig: Setting CVar [[r.Shadow.MaxResolution:2048]]
[2019.09.21-01.49.27:656][  0]LogConfig: Setting CVar [[r.Shadow.MaxCSMResolution:2048]]
[2019.09.21-01.49.27:656][  0]LogConfig: Setting CVar [[r.Shadow.RadiusThreshold:0.01]]
[2019.09.21-01.49.27:656][  0]LogConfig: Setting CVar [[r.Shadow.DistanceScale:1.0]]
[2019.09.21-01.49.27:656][  0]LogConfig: Setting CVar [[r.Shadow.CSM.TransitionScale:1.0]]
[2019.09.21-01.49.27:656][  0]LogConfig: Setting CVar [[r.Shadow.PreShadowResolutionFactor:1.0]]
[2019.09.21-01.49.27:656][  0]LogConfig: Setting CVar [[r.DistanceFieldShadowing:1]]
[2019.09.21-01.49.27:656][  0]LogConfig: Setting CVar [[r.DistanceFieldAO:1]]
[2019.09.21-01.49.27:656][  0]LogConfig: Setting CVar [[r.AOQuality:2]]
[2019.09.21-01.49.27:656][  0]LogConfig: Setting CVar [[r.VolumetricFog:1]]
[2019.09.21-01.49.27:656][  0]LogConfig: Setting CVar [[r.VolumetricFog.GridPixelSize:8]]
[2019.09.21-01.49.27:656][  0]LogConfig: Setting CVar [[r.VolumetricFog.GridSizeZ:128]]
[2019.09.21-01.49.27:656][  0]LogConfig: Setting CVar [[r.VolumetricFog.HistoryMissSupersampleCount:4]]
[2019.09.21-01.49.27:656][  0]LogConfig: Setting CVar [[r.LightMaxDrawDistanceScale:1]]
[2019.09.21-01.49.27:656][  0]LogConfig: Setting CVar [[r.CapsuleShadows:1]]
[2019.09.21-01.49.27:656][  0]LogConfig: Applying CVar settings from Section [PostProcessQuality@3] File [C:/Users/ellan/Documents/GitHub/3D-Platformer/MyProject2/Saved/Config/Windows/Scalability.ini]
[2019.09.21-01.49.27:656][  0]LogConfig: Setting CVar [[r.MotionBlurQuality:4]]
[2019.09.21-01.49.27:656][  0]LogConfig: Setting CVar [[r.AmbientOcclusionMipLevelFactor:0.4]]
[2019.09.21-01.49.27:656][  0]LogConfig: Setting CVar [[r.AmbientOcclusionMaxQuality:100]]
[2019.09.21-01.49.27:656][  0]LogConfig: Setting CVar [[r.AmbientOcclusionLevels:-1]]
[2019.09.21-01.49.27:656][  0]LogConfig: Setting CVar [[r.AmbientOcclusionRadiusScale:1.0]]
[2019.09.21-01.49.27:656][  0]LogConfig: Setting CVar [[r.DepthOfFieldQuality:2]]
[2019.09.21-01.49.27:656][  0]LogConfig: Setting CVar [[r.RenderTargetPoolMin:400]]
[2019.09.21-01.49.27:656][  0]LogConfig: Setting CVar [[r.LensFlareQuality:2]]
[2019.09.21-01.49.27:656][  0]LogConfig: Setting CVar [[r.SceneColorFringeQuality:1]]
[2019.09.21-01.49.27:656][  0]LogConfig: Setting CVar [[r.EyeAdaptationQuality:2]]
[2019.09.21-01.49.27:656][  0]LogConfig: Setting CVar [[r.BloomQuality:5]]
[2019.09.21-01.49.27:656][  0]LogConfig: Setting CVar [[r.FastBlurThreshold:100]]
[2019.09.21-01.49.27:656][  0]LogConfig: Setting CVar [[r.Upscale.Quality:3]]
[2019.09.21-01.49.27:656][  0]LogConfig: Setting CVar [[r.Tonemapper.GrainQuantization:1]]
[2019.09.21-01.49.27:656][  0]LogConfig: Setting CVar [[r.LightShaftQuality:1]]
[2019.09.21-01.49.27:656][  0]LogConfig: Setting CVar [[r.Filter.SizeScale:1]]
[2019.09.21-01.49.27:656][  0]LogConfig: Setting CVar [[r.Tonemapper.Quality:5]]
[2019.09.21-01.49.27:656][  0]LogConfig: Setting CVar [[r.DOF.Gather.AccumulatorQuality:1        ; higher gathering accumulator quality]]
[2019.09.21-01.49.27:656][  0]LogConfig: Setting CVar [[r.DOF.Gather.PostfilterMethod:1          ; Median3x3 postfilering method]]
[2019.09.21-01.49.27:656][  0]LogConfig: Setting CVar [[r.DOF.Gather.EnableBokehSettings:0       ; no bokeh simulation when gathering]]
[2019.09.21-01.49.27:656][  0]LogConfig: Setting CVar [[r.DOF.Gather.RingCount:4                 ; medium number of samples when gathering]]
[2019.09.21-01.49.27:656][  0]LogConfig: Setting CVar [[r.DOF.Scatter.ForegroundCompositing:1    ; additive foreground scattering]]
[2019.09.21-01.49.27:656][  0]LogConfig: Setting CVar [[r.DOF.Scatter.BackgroundCompositing:2    ; additive background scattering]]
[2019.09.21-01.49.27:656][  0]LogConfig: Setting CVar [[r.DOF.Scatter.EnableBokehSettings:1      ; bokeh simulation when scattering]]
[2019.09.21-01.49.27:656][  0]LogConfig: Setting CVar [[r.DOF.Scatter.MaxSpriteRatio:0.1         ; only a maximum of 10% of scattered bokeh]]
[2019.09.21-01.49.27:656][  0]LogConfig: Setting CVar [[r.DOF.Recombine.Quality:1                ; cheap slight out of focus]]
[2019.09.21-01.49.27:656][  0]LogConfig: Setting CVar [[r.DOF.Recombine.EnableBokehSettings:0    ; no bokeh simulation on slight out of focus]]
[2019.09.21-01.49.27:656][  0]LogConfig: Setting CVar [[r.DOF.TemporalAAQuality:1                ; more stable temporal accumulation]]
[2019.09.21-01.49.27:656][  0]LogConfig: Setting CVar [[r.DOF.Kernel.MaxForegroundRadius:0.025]]
[2019.09.21-01.49.27:656][  0]LogConfig: Setting CVar [[r.DOF.Kernel.MaxBackgroundRadius:0.025]]
[2019.09.21-01.49.27:656][  0]LogConfig: Applying CVar settings from Section [TextureQuality@3] File [C:/Users/ellan/Documents/GitHub/3D-Platformer/MyProject2/Saved/Config/Windows/Scalability.ini]
[2019.09.21-01.49.27:656][  0]LogConfig: Setting CVar [[r.Streaming.MipBias:0]]
[2019.09.21-01.49.27:656][  0]LogConfig: Setting CVar [[r.Streaming.AmortizeCPUToGPUCopy:0]]
[2019.09.21-01.49.27:656][  0]LogConfig: Setting CVar [[r.Streaming.MaxNumTexturesToStreamPerFrame:0]]
[2019.09.21-01.49.27:656][  0]LogConfig: Setting CVar [[r.Streaming.Boost:1]]
[2019.09.21-01.49.27:656][  0]LogConfig: Setting CVar [[r.MaxAnisotropy:8]]
[2019.09.21-01.49.27:656][  0]LogConfig: Setting CVar [[r.Streaming.LimitPoolSizeToVRAM:0]]
[2019.09.21-01.49.27:656][  0]LogConfig: Setting CVar [[r.Streaming.PoolSize:1000]]
[2019.09.21-01.49.27:656][  0]LogConfig: Setting CVar [[r.Streaming.MaxEffectiveScreenSize:0]]
[2019.09.21-01.49.27:656][  0]LogConfig: Applying CVar settings from Section [EffectsQuality@3] File [C:/Users/ellan/Documents/GitHub/3D-Platformer/MyProject2/Saved/Config/Windows/Scalability.ini]
[2019.09.21-01.49.27:656][  0]LogConfig: Setting CVar [[r.TranslucencyLightingVolumeDim:64]]
[2019.09.21-01.49.27:656][  0]LogConfig: Setting CVar [[r.RefractionQuality:2]]
[2019.09.21-01.49.27:656][  0]LogConfig: Setting CVar [[r.SSR.Quality:3]]
[2019.09.21-01.49.27:656][  0]LogConfig: Setting CVar [[r.SceneColorFormat:4]]
[2019.09.21-01.49.27:656][  0]LogConfig: Setting CVar [[r.DetailMode:2]]
[2019.09.21-01.49.27:656][  0]LogConfig: Setting CVar [[r.TranslucencyVolumeBlur:1]]
[2019.09.21-01.49.27:656][  0]LogConfig: Setting CVar [[r.MaterialQualityLevel:1 ; High quality]]
[2019.09.21-01.49.27:656][  0]LogConfig: Setting CVar [[r.SSS.Scale:1]]
[2019.09.21-01.49.27:656][  0]LogConfig: Setting CVar [[r.SSS.SampleSet:2]]
[2019.09.21-01.49.27:656][  0]LogConfig: Setting CVar [[r.SSS.Quality:1]]
[2019.09.21-01.49.27:656][  0]LogConfig: Setting CVar [[r.SSS.HalfRes:1]]
[2019.09.21-01.49.27:656][  0]LogConfig: Setting CVar [[r.EmitterSpawnRateScale:1.0]]
[2019.09.21-01.49.27:656][  0]LogConfig: Setting CVar [[r.ParticleLightQuality:2]]
[2019.09.21-01.49.27:656][  0]LogConfig: Applying CVar settings from Section [FoliageQuality@3] File [C:/Users/ellan/Documents/GitHub/3D-Platformer/MyProject2/Saved/Config/Windows/Scalability.ini]
[2019.09.21-01.49.27:657][  0]LogConfig: Setting CVar [[foliage.DensityScale:1.0]]
[2019.09.21-01.49.27:657][  0]LogConfig: Setting CVar [[grass.DensityScale:1.0]]
[2019.09.21-01.49.27:657][  0]LogInit: Selected Device Profile: [Windows]
[2019.09.21-01.49.27:657][  0]LogInit: Applying CVar settings loaded from the selected device profile: [Windows]
[2019.09.21-01.49.27:678][  0]LogHAL: Display: Platform has ~ 16 GB [17016786944 / 17179869184 / 16], which maps to Larger [LargestMinGB=32, LargerMinGB=12, DefaultMinGB=8, SmallerMinGB=6, SmallestMinGB=0)
[2019.09.21-01.49.27:678][  0]LogConfig: Setting CVar [[r.Vulkan.UseRealUBs:0		; Required until we fix HLR fall-out]]
[2019.09.21-01.49.27:678][  0]LogInit: Going up to parent DeviceProfile []
[2019.09.21-01.49.27:678][  0]LogConfig: Applying CVar settings from Section [ViewDistanceQuality@3] File [C:/Users/ellan/Documents/GitHub/3D-Platformer/MyProject2/Saved/Config/Windows/Scalability.ini]
[2019.09.21-01.49.27:678][  0]LogConfig: Setting CVar [[r.SkeletalMeshLODBias:0]]
[2019.09.21-01.49.27:678][  0]LogConfig: Setting CVar [[r.ViewDistanceScale:1.0]]
[2019.09.21-01.49.27:678][  0]LogConfig: Applying CVar settings from Section [AntiAliasingQuality@3] File [C:/Users/ellan/Documents/GitHub/3D-Platformer/MyProject2/Saved/Config/Windows/Scalability.ini]
[2019.09.21-01.49.27:678][  0]LogConfig: Setting CVar [[r.PostProcessAAQuality:4]]
[2019.09.21-01.49.27:678][  0]LogConfig: Applying CVar settings from Section [ShadowQuality@3] File [C:/Users/ellan/Documents/GitHub/3D-Platformer/MyProject2/Saved/Config/Windows/Scalability.ini]
[2019.09.21-01.49.27:678][  0]LogConfig: Setting CVar [[r.LightFunctionQuality:1]]
[2019.09.21-01.49.27:678][  0]LogConfig: Setting CVar [[r.ShadowQuality:5]]
[2019.09.21-01.49.27:678][  0]LogConfig: Setting CVar [[r.Shadow.CSM.MaxCascades:10]]
[2019.09.21-01.49.27:678][  0]LogConfig: Setting CVar [[r.Shadow.MaxResolution:2048]]
[2019.09.21-01.49.27:678][  0]LogConfig: Setting CVar [[r.Shadow.MaxCSMResolution:2048]]
[2019.09.21-01.49.27:678][  0]LogConfig: Setting CVar [[r.Shadow.RadiusThreshold:0.01]]
[2019.09.21-01.49.27:678][  0]LogConfig: Setting CVar [[r.Shadow.DistanceScale:1.0]]
[2019.09.21-01.49.27:678][  0]LogConfig: Setting CVar [[r.Shadow.CSM.TransitionScale:1.0]]
[2019.09.21-01.49.27:678][  0]LogConfig: Setting CVar [[r.Shadow.PreShadowResolutionFactor:1.0]]
[2019.09.21-01.49.27:678][  0]LogConfig: Setting CVar [[r.DistanceFieldShadowing:1]]
[2019.09.21-01.49.27:678][  0]LogConfig: Setting CVar [[r.DistanceFieldAO:1]]
[2019.09.21-01.49.27:678][  0]LogConfig: Setting CVar [[r.AOQuality:2]]
[2019.09.21-01.49.27:678][  0]LogConfig: Setting CVar [[r.VolumetricFog:1]]
[2019.09.21-01.49.27:678][  0]LogConfig: Setting CVar [[r.VolumetricFog.GridPixelSize:8]]
[2019.09.21-01.49.27:678][  0]LogConfig: Setting CVar [[r.VolumetricFog.GridSizeZ:128]]
[2019.09.21-01.49.27:678][  0]LogConfig: Setting CVar [[r.VolumetricFog.HistoryMissSupersampleCount:4]]
[2019.09.21-01.49.27:678][  0]LogConfig: Setting CVar [[r.LightMaxDrawDistanceScale:1]]
[2019.09.21-01.49.27:678][  0]LogConfig: Setting CVar [[r.CapsuleShadows:1]]
[2019.09.21-01.49.27:678][  0]LogConfig: Applying CVar settings from Section [PostProcessQuality@3] File [C:/Users/ellan/Documents/GitHub/3D-Platformer/MyProject2/Saved/Config/Windows/Scalability.ini]
[2019.09.21-01.49.27:678][  0]LogConfig: Setting CVar [[r.MotionBlurQuality:4]]
[2019.09.21-01.49.27:678][  0]LogConfig: Setting CVar [[r.AmbientOcclusionMipLevelFactor:0.4]]
[2019.09.21-01.49.27:678][  0]LogConfig: Setting CVar [[r.AmbientOcclusionMaxQuality:100]]
[2019.09.21-01.49.27:678][  0]LogConfig: Setting CVar [[r.AmbientOcclusionLevels:-1]]
[2019.09.21-01.49.27:678][  0]LogConfig: Setting CVar [[r.AmbientOcclusionRadiusScale:1.0]]
[2019.09.21-01.49.27:678][  0]LogConfig: Setting CVar [[r.DepthOfFieldQuality:2]]
[2019.09.21-01.49.27:678][  0]LogConfig: Setting CVar [[r.RenderTargetPoolMin:400]]
[2019.09.21-01.49.27:678][  0]LogConfig: Setting CVar [[r.LensFlareQuality:2]]
[2019.09.21-01.49.27:678][  0]LogConfig: Setting CVar [[r.SceneColorFringeQuality:1]]
[2019.09.21-01.49.27:678][  0]LogConfig: Setting CVar [[r.EyeAdaptationQuality:2]]
[2019.09.21-01.49.27:679][  0]LogConfig: Setting CVar [[r.BloomQuality:5]]
[2019.09.21-01.49.27:679][  0]LogConfig: Setting CVar [[r.FastBlurThreshold:100]]
[2019.09.21-01.49.27:679][  0]LogConfig: Setting CVar [[r.Upscale.Quality:3]]
[2019.09.21-01.49.27:679][  0]LogConfig: Setting CVar [[r.Tonemapper.GrainQuantization:1]]
[2019.09.21-01.49.27:679][  0]LogConfig: Setting CVar [[r.LightShaftQuality:1]]
[2019.09.21-01.49.27:679][  0]LogConfig: Setting CVar [[r.Filter.SizeScale:1]]
[2019.09.21-01.49.27:679][  0]LogConfig: Setting CVar [[r.Tonemapper.Quality:5]]
[2019.09.21-01.49.27:679][  0]LogConfig: Setting CVar [[r.DOF.Gather.AccumulatorQuality:1        ; higher gathering accumulator quality]]
[2019.09.21-01.49.27:679][  0]LogConfig: Setting CVar [[r.DOF.Gather.PostfilterMethod:1          ; Median3x3 postfilering method]]
[2019.09.21-01.49.27:679][  0]LogConfig: Setting CVar [[r.DOF.Gather.EnableBokehSettings:0       ; no bokeh simulation when gathering]]
[2019.09.21-01.49.27:679][  0]LogConfig: Setting CVar [[r.DOF.Gather.RingCount:4                 ; medium number of samples when gathering]]
[2019.09.21-01.49.27:679][  0]LogConfig: Setting CVar [[r.DOF.Scatter.ForegroundCompositing:1    ; additive foreground scattering]]
[2019.09.21-01.49.27:679][  0]LogConfig: Setting CVar [[r.DOF.Scatter.BackgroundCompositing:2    ; additive background scattering]]
[2019.09.21-01.49.27:679][  0]LogConfig: Setting CVar [[r.DOF.Scatter.EnableBokehSettings:1      ; bokeh simulation when scattering]]
[2019.09.21-01.49.27:679][  0]LogConfig: Setting CVar [[r.DOF.Scatter.MaxSpriteRatio:0.1         ; only a maximum of 10% of scattered bokeh]]
[2019.09.21-01.49.27:679][  0]LogConfig: Setting CVar [[r.DOF.Recombine.Quality:1                ; cheap slight out of focus]]
[2019.09.21-01.49.27:679][  0]LogConfig: Setting CVar [[r.DOF.Recombine.EnableBokehSettings:0    ; no bokeh simulation on slight out of focus]]
[2019.09.21-01.49.27:679][  0]LogConfig: Setting CVar [[r.DOF.TemporalAAQuality:1                ; more stable temporal accumulation]]
[2019.09.21-01.49.27:679][  0]LogConfig: Setting CVar [[r.DOF.Kernel.MaxForegroundRadius:0.025]]
[2019.09.21-01.49.27:679][  0]LogConfig: Setting CVar [[r.DOF.Kernel.MaxBackgroundRadius:0.025]]
[2019.09.21-01.49.27:679][  0]LogConfig: Applying CVar settings from Section [TextureQuality@3] File [C:/Users/ellan/Documents/GitHub/3D-Platformer/MyProject2/Saved/Config/Windows/Scalability.ini]
[2019.09.21-01.49.27:679][  0]LogConfig: Setting CVar [[r.Streaming.MipBias:0]]
[2019.09.21-01.49.27:679][  0]LogConfig: Setting CVar [[r.Streaming.AmortizeCPUToGPUCopy:0]]
[2019.09.21-01.49.27:679][  0]LogConfig: Setting CVar [[r.Streaming.MaxNumTexturesToStreamPerFrame:0]]
[2019.09.21-01.49.27:679][  0]LogConfig: Setting CVar [[r.Streaming.Boost:1]]
[2019.09.21-01.49.27:679][  0]LogConfig: Setting CVar [[r.MaxAnisotropy:8]]
[2019.09.21-01.49.27:679][  0]LogConfig: Setting CVar [[r.Streaming.LimitPoolSizeToVRAM:0]]
[2019.09.21-01.49.27:679][  0]LogConfig: Setting CVar [[r.Streaming.PoolSize:1000]]
[2019.09.21-01.49.27:679][  0]LogConfig: Setting CVar [[r.Streaming.MaxEffectiveScreenSize:0]]
[2019.09.21-01.49.27:679][  0]LogConfig: Applying CVar settings from Section [EffectsQuality@3] File [C:/Users/ellan/Documents/GitHub/3D-Platformer/MyProject2/Saved/Config/Windows/Scalability.ini]
[2019.09.21-01.49.27:679][  0]LogConfig: Setting CVar [[r.TranslucencyLightingVolumeDim:64]]
[2019.09.21-01.49.27:679][  0]LogConfig: Setting CVar [[r.RefractionQuality:2]]
[2019.09.21-01.49.27:679][  0]LogConfig: Setting CVar [[r.SSR.Quality:3]]
[2019.09.21-01.49.27:679][  0]LogConfig: Setting CVar [[r.SceneColorFormat:4]]
[2019.09.21-01.49.27:679][  0]LogConfig: Setting CVar [[r.DetailMode:2]]
[2019.09.21-01.49.27:679][  0]LogConfig: Setting CVar [[r.TranslucencyVolumeBlur:1]]
[2019.09.21-01.49.27:679][  0]LogConfig: Setting CVar [[r.MaterialQualityLevel:1 ; High quality]]
[2019.09.21-01.49.27:679][  0]LogConfig: Setting CVar [[r.SSS.Scale:1]]
[2019.09.21-01.49.27:679][  0]LogConfig: Setting CVar [[r.SSS.SampleSet:2]]
[2019.09.21-01.49.27:679][  0]LogConfig: Setting CVar [[r.SSS.Quality:1]]
[2019.09.21-01.49.27:679][  0]LogConfig: Setting CVar [[r.SSS.HalfRes:1]]
[2019.09.21-01.49.27:679][  0]LogConfig: Setting CVar [[r.EmitterSpawnRateScale:1.0]]
[2019.09.21-01.49.27:679][  0]LogConfig: Setting CVar [[r.ParticleLightQuality:2]]
[2019.09.21-01.49.27:679][  0]LogConfig: Applying CVar settings from Section [FoliageQuality@3] File [C:/Users/ellan/Documents/GitHub/3D-Platformer/MyProject2/Saved/Config/Windows/Scalability.ini]
[2019.09.21-01.49.27:679][  0]LogConfig: Setting CVar [[foliage.DensityScale:1.0]]
[2019.09.21-01.49.27:679][  0]LogConfig: Setting CVar [[grass.DensityScale:1.0]]
[2019.09.21-01.49.27:679][  0]LogConfig: Applying CVar settings from Section [Startup] File [../../../Engine/Config/ConsoleVariables.ini]
[2019.09.21-01.49.27:680][  0]LogConfig: Setting CVar [[net.UseAdaptiveNetUpdateFrequency:0]]
[2019.09.21-01.49.27:680][  0]LogConfig: Setting CVar [[p.chaos.AllowCreatePhysxBodies:1]]
[2019.09.21-01.49.27:680][  0]LogConfig: Applying CVar settings from Section [ConsoleVariables] File [C:/Users/ellan/Documents/GitHub/3D-Platformer/MyProject2/Saved/Config/Windows/Engine.ini]
[2019.09.21-01.49.27:680][  0]LogInit: Computer: MSI
[2019.09.21-01.49.27:680][  0]LogInit: User: ellan
[2019.09.21-01.49.27:680][  0]LogInit: CPU Page size=4096, Cores=6
[2019.09.21-01.49.27:680][  0]LogInit: High frequency timer resolution =2.156250 MHz
[2019.09.21-01.49.27:680][  0]LogMemory: Memory total: Physical=15.8GB (16GB approx)
[2019.09.21-01.49.27:680][  0]LogMemory: Platform Memory Stats for Windows
[2019.09.21-01.49.27:680][  0]LogMemory: Process Physical Memory: 96.68 MB used, 96.68 MB peak
[2019.09.21-01.49.27:680][  0]LogMemory: Process Virtual Memory: 89.80 MB used, 89.80 MB peak
[2019.09.21-01.49.27:680][  0]LogMemory: Physical Memory: 5965.30 MB used,  10263.17 MB free, 16228.47 MB total
[2019.09.21-01.49.27:680][  0]LogMemory: Virtual Memory: 4672.63 MB used,  134213056.00 MB free, 134217728.00 MB total
[2019.09.21-01.49.28:317][  0]LogInit: Using OS detected language (en-US).
[2019.09.21-01.49.28:317][  0]LogInit: Using OS detected locale (en-AU).
[2019.09.21-01.49.28:321][  0]LogTextLocalizationManager: No specific localization for 'en-US' exists, so the 'en' localization will be used.
[2019.09.21-01.49.28:776][  0]LogInit: Setting process to per monitor DPI aware
[2019.09.21-01.49.28:823][  0]LogSlate: New Slate User Created.  User Index 0, Is Virtual User: 0
[2019.09.21-01.49.28:823][  0]LogSlate: Slate User Registered.  User Index 0, Is Virtual User: 0
[2019.09.21-01.49.29:070][  0]LogHMD: Failed to initialize OpenVR with code 110
[2019.09.21-01.49.29:070][  0]LogD3D11RHI: D3D11 adapters:
[2019.09.21-01.49.29:219][  0]LogD3D11RHI:    0. 'NVIDIA GeForce RTX 2060' (Feature Level 11_0)
[2019.09.21-01.49.29:219][  0]LogD3D11RHI:       5980/0/8114 MB DedicatedVideo/DedicatedSystem/SharedSystem, Outputs:1, VendorId:0x10de
[2019.09.21-01.49.29:271][  0]LogD3D11RHI:    1. 'Intel(R) UHD Graphics 630' (Feature Level 11_0)
[2019.09.21-01.49.29:271][  0]LogD3D11RHI:       128/0/8114 MB DedicatedVideo/DedicatedSystem/SharedSystem, Outputs:0, VendorId:0x8086
[2019.09.21-01.49.29:279][  0]LogD3D11RHI:    2. 'Microsoft Basic Render Driver' (Feature Level 11_0)
[2019.09.21-01.49.29:279][  0]LogD3D11RHI:       0/0/8114 MB DedicatedVideo/DedicatedSystem/SharedSystem, Outputs:0, VendorId:0x1414
[2019.09.21-01.49.29:279][  0]LogD3D11RHI: Chosen D3D11 Adapter: 0
[2019.09.21-01.49.29:367][  0]LogD3D11RHI: Creating new Direct3DDevice
[2019.09.21-01.49.29:367][  0]LogD3D11RHI:     GPU DeviceId: 0x1f11 (for the marketing name, search the web for "GPU Device Id")
[2019.09.21-01.49.29:367][  0]LogWindows: EnumDisplayDevices:
[2019.09.21-01.49.29:368][  0]LogWindows:    0. 'Intel(R) UHD Graphics 630' (P:1 D:1)
[2019.09.21-01.49.29:368][  0]LogWindows:    1. 'Intel(R) UHD Graphics 630' (P:0 D:0)
[2019.09.21-01.49.29:369][  0]LogWindows:    2. 'Intel(R) UHD Graphics 630' (P:0 D:0)
[2019.09.21-01.49.29:369][  0]LogWindows:    3. 'NVIDIA GeForce RTX 2060' (P:0 D:0)
[2019.09.21-01.49.29:370][  0]LogWindows:    4. 'NVIDIA GeForce RTX 2060' (P:0 D:0)
[2019.09.21-01.49.29:370][  0]LogWindows:    5. 'NVIDIA GeForce RTX 2060' (P:0 D:0)
[2019.09.21-01.49.29:371][  0]LogWindows:    6. 'NVIDIA GeForce RTX 2060' (P:0 D:0)
[2019.09.21-01.49.29:371][  0]LogWindows: DebugString: PrimaryIsNotTheChoosenAdapter PrimaryIsNotTheChoosenAdapter PrimaryIsNotTheChoosenAdapter FoundDriverCount:4 
[2019.09.21-01.49.29:371][  0]LogD3D11RHI:     Adapter Name: NVIDIA GeForce RTX 2060
[2019.09.21-01.49.29:371][  0]LogD3D11RHI:   Driver Version: 417.49 (internal:25.21.14.1749, unified:417.49)
[2019.09.21-01.49.29:371][  0]LogD3D11RHI:      Driver Date: 12-17-2018
[2019.09.21-01.49.29:371][  0]LogRHI: Texture pool is 4186 MB (70% of 5980 MB)
[2019.09.21-01.49.29:437][  0]LogD3D11RHI: Async texture creation enabled
[2019.09.21-01.49.29:441][  0]LogRendererCore: FGlobalReadBuffer::InitRHI
[2019.09.21-01.49.29:442][  0]LogRendererCore: FGlobalReadBuffer::InitRHI
[2019.09.21-01.49.29:442][  0]LogRendererCore: FGlobalReadBuffer::InitRHI
[2019.09.21-01.49.29:456][  0]LogD3D11RHI: GPU Timing Frequency: 1000.000000 (Debug: 2 2)
[2019.09.21-01.49.30:628][  0]LogTemp: Display: Module 'AllDesktopTargetPlatform' loaded TargetPlatform 'AllDesktop'
[2019.09.21-01.49.30:683][  0]LogTemp: Display: Module 'MacClientTargetPlatform' loaded TargetPlatform 'MacClient'
[2019.09.21-01.49.30:721][  0]LogTemp: Display: Module 'MacNoEditorTargetPlatform' loaded TargetPlatform 'MacNoEditor'
[2019.09.21-01.49.30:740][  0]LogTemp: Display: Module 'MacServerTargetPlatform' loaded TargetPlatform 'MacServer'
[2019.09.21-01.49.30:758][  0]LogTemp: Display: Module 'MacTargetPlatform' loaded TargetPlatform 'Mac'
[2019.09.21-01.49.30:775][  0]LogTemp: Display: Module 'WindowsClientTargetPlatform' loaded TargetPlatform 'WindowsClient'
[2019.09.21-01.49.30:792][  0]LogTemp: Display: Module 'WindowsNoEditorTargetPlatform' loaded TargetPlatform 'WindowsNoEditor'
[2019.09.21-01.49.30:808][  0]LogTemp: Display: Module 'WindowsServerTargetPlatform' loaded TargetPlatform 'WindowsServer'
[2019.09.21-01.49.30:818][  0]LogTemp: Display: Module 'WindowsTargetPlatform' loaded TargetPlatform 'Windows'
[2019.09.21-01.49.30:923][  0]LogTemp: Display: Module 'AndroidTargetPlatform' loaded TargetPlatform 'Android'
[2019.09.21-01.49.30:923][  0]LogTemp: Display: Module 'AndroidTargetPlatform' loaded TargetPlatform 'Android_ASTC'
[2019.09.21-01.49.30:923][  0]LogTemp: Display: Module 'AndroidTargetPlatform' loaded TargetPlatform 'Android_ATC'
[2019.09.21-01.49.30:923][  0]LogTemp: Display: Module 'AndroidTargetPlatform' loaded TargetPlatform 'Android_DXT'
[2019.09.21-01.49.30:923][  0]LogTemp: Display: Module 'AndroidTargetPlatform' loaded TargetPlatform 'Android_ETC1'
[2019.09.21-01.49.30:923][  0]LogTemp: Display: Module 'AndroidTargetPlatform' loaded TargetPlatform 'Android_ETC1a'
[2019.09.21-01.49.30:923][  0]LogTemp: Display: Module 'AndroidTargetPlatform' loaded TargetPlatform 'Android_ETC2'
[2019.09.21-01.49.30:923][  0]LogTemp: Display: Module 'AndroidTargetPlatform' loaded TargetPlatform 'Android_PVRTC'
[2019.09.21-01.49.30:923][  0]LogTemp: Display: Module 'AndroidTargetPlatform' loaded TargetPlatform 'AndroidClient'
[2019.09.21-01.49.30:923][  0]LogTemp: Display: Module 'AndroidTargetPlatform' loaded TargetPlatform 'Android_ASTCClient'
[2019.09.21-01.49.30:923][  0]LogTemp: Display: Module 'AndroidTargetPlatform' loaded TargetPlatform 'Android_ATCClient'
[2019.09.21-01.49.30:923][  0]LogTemp: Display: Module 'AndroidTargetPlatform' loaded TargetPlatform 'Android_DXTClient'
[2019.09.21-01.49.30:923][  0]LogTemp: Display: Module 'AndroidTargetPlatform' loaded TargetPlatform 'Android_ETC1Client'
[2019.09.21-01.49.30:923][  0]LogTemp: Display: Module 'AndroidTargetPlatform' loaded TargetPlatform 'Android_ETC1aClient'
[2019.09.21-01.49.30:923][  0]LogTemp: Display: Module 'AndroidTargetPlatform' loaded TargetPlatform 'Android_ETC2Client'
[2019.09.21-01.49.30:923][  0]LogTemp: Display: Module 'AndroidTargetPlatform' loaded TargetPlatform 'Android_PVRTCClient'
[2019.09.21-01.49.30:923][  0]LogTemp: Display: Module 'AndroidTargetPlatform' loaded TargetPlatform 'Android_Multi'
[2019.09.21-01.49.30:924][  0]LogTemp: Display: Module 'AndroidTargetPlatform' loaded TargetPlatform 'Android_MultiClient'
[2019.09.21-01.49.30:926][  0]LogTemp: Display: Module 'HTML5TargetPlatform' loaded TargetPlatform 'HTML5'
[2019.09.21-01.49.30:979][  0]LogTemp: Display: Module 'IOSTargetPlatform' loaded TargetPlatform 'IOSClient'
[2019.09.21-01.49.30:979][  0]LogTemp: Display: Module 'IOSTargetPlatform' loaded TargetPlatform 'IOS'
[2019.09.21-01.49.31:035][  0]LogTemp: Display: Module 'TVOSTargetPlatform' loaded TargetPlatform 'TVOSClient'
[2019.09.21-01.49.31:035][  0]LogTemp: Display: Module 'TVOSTargetPlatform' loaded TargetPlatform 'TVOS'
[2019.09.21-01.49.31:060][  0]LogTemp: Display: Module 'LinuxClientTargetPlatform' loaded TargetPlatform 'LinuxClient'
[2019.09.21-01.49.31:074][  0]LogTemp: Display: Module 'LinuxNoEditorTargetPlatform' loaded TargetPlatform 'LinuxNoEditor'
[2019.09.21-01.49.31:087][  0]LogTemp: Display: Module 'LinuxServerTargetPlatform' loaded TargetPlatform 'LinuxServer'
[2019.09.21-01.49.31:101][  0]LogTemp: Display: Module 'LinuxTargetPlatform' loaded TargetPlatform 'Linux'
[2019.09.21-01.49.31:148][  0]LogTemp: Display: Module 'LuminTargetPlatform' loaded TargetPlatform 'Lumin'
[2019.09.21-01.49.31:148][  0]LogTemp: Display: Module 'LuminTargetPlatform' loaded TargetPlatform 'LuminClient'
[2019.09.21-01.49.31:148][  0]LogTargetPlatformManager: Display: Building Assets For Windows
[2019.09.21-01.49.31:163][  0]LogAudioDebug: Display: Lib vorbis DLL was dynamically loaded.
[2019.09.21-01.49.31:244][  0]LogShaderCompilers: Guid format shader working directory is -11 characters bigger than the processId version (../../../../../Documents/GitHub/3D-Platformer/MyProject2/Intermediate/Shaders/WorkingDirectory/17568/).
[2019.09.21-01.49.31:244][  0]LogShaderCompilers: Cleaned the shader compiler working directory 'C:/Users/ellan/AppData/Local/Temp/UnrealShaderWorkingDir/61AA241846C57D9B305FFE8FE238632B/'.
[2019.09.21-01.49.31:248][  0]LogXGEController: Cannot use XGE Controller as Incredibuild is not installed on this machine.
[2019.09.21-01.49.31:248][  0]LogShaderCompilers: Cannot use XGE Shader Compiler as Incredibuild is not installed on this machine.
[2019.09.21-01.49.31:248][  0]LogShaderCompilers: Display: Using Local Shader Compiler.
[2019.09.21-01.49.31:912][  0]LogDerivedDataCache: Display: Max Cache Size: 512 MB
[2019.09.21-01.49.31:985][  0]LogDerivedDataCache: Loaded boot cache 0.07s 71MB C:/Users/ellan/AppData/Local/UnrealEngine/4.22/DerivedDataCache/Boot.ddc.
[2019.09.21-01.49.31:985][  0]LogDerivedDataCache: Display: Loaded Boot cache: C:/Users/ellan/AppData/Local/UnrealEngine/4.22/DerivedDataCache/Boot.ddc
[2019.09.21-01.49.31:985][  0]LogDerivedDataCache: FDerivedDataBackendGraph:  Pak pak cache file ../../../../../Documents/GitHub/3D-Platformer/MyProject2/DerivedDataCache/DDC.ddp not found, will not use a pak cache.
[2019.09.21-01.49.31:985][  0]LogDerivedDataCache: Unable to find inner node Pak for hierarchical cache Hierarchy.
[2019.09.21-01.49.31:985][  0]LogDerivedDataCache: FDerivedDataBackendGraph:  CompressedPak pak cache file ../../../../../Documents/GitHub/3D-Platformer/MyProject2/DerivedDataCache/Compressed.ddp not found, will not use a pak cache.
[2019.09.21-01.49.31:985][  0]LogDerivedDataCache: Unable to find inner node CompressedPak for hierarchical cache Hierarchy.
[2019.09.21-01.49.32:000][  0]LogDerivedDataCache: Display: Pak cache opened for reading ../../../Engine/DerivedDataCache/Compressed.ddp.
[2019.09.21-01.49.32:000][  0]LogDerivedDataCache: FDerivedDataBackendGraph:  EnterprisePak pak cache file ../../../Enterprise/DerivedDataCache/Compressed.ddp not found, will not use a pak cache.
[2019.09.21-01.49.32:000][  0]LogDerivedDataCache: Unable to find inner node EnterprisePak for hierarchical cache Hierarchy.
[2019.09.21-01.49.32:014][  0]LogDerivedDataCache: Using Local data cache path C:/Users/ellan/AppData/Local/UnrealEngine/Common/DerivedDataCache: Writable
[2019.09.21-01.49.32:014][  0]LogDerivedDataCache: Shared data cache path not found in *engine.ini, will not use an Shared cache.
[2019.09.21-01.49.32:014][  0]LogDerivedDataCache: Unable to find inner node Shared for hierarchical cache Hierarchy.
[2019.09.21-01.49.32:046][  0]LogMaterial: Verifying Global Shaders for PCD3D_SM5
[2019.09.21-01.49.32:050][  0]LogSlate: Using FreeType 2.6.0
[2019.09.21-01.49.32:052][  0]LogSlate: SlateFontServices - WITH_FREETYPE: 1, WITH_HARFBUZZ: 1
[2019.09.21-01.49.32:199][  0]LogAssetRegistry: FAssetRegistry took 0.0360 seconds to start up
[2019.09.21-01.49.32:613][  0]LogInit: Selected Device Profile: [Windows]
[2019.09.21-01.49.32:766][  0]LogMeshReduction: Using QuadricMeshReduction for automatic static mesh reduction
[2019.09.21-01.49.32:766][  0]LogMeshReduction: Using SimplygonMeshReduction for automatic skeletal mesh reduction
[2019.09.21-01.49.32:766][  0]LogMeshReduction: Using ProxyLODMeshReduction for automatic mesh merging
[2019.09.21-01.49.32:766][  0]LogMeshReduction: No distributed automatic mesh merging module available
[2019.09.21-01.49.32:767][  0]LogMeshMerging: No distributed automatic mesh merging module available
[2019.09.21-01.49.32:785][  0]LogNetVersion: MyProject2 1.0.0, NetCL: 5660361, EngineNetVer: 10, GameNetVer: 0 (Checksum: 4139302413)
[2019.09.21-01.49.33:411][  0]LogPackageLocalizationCache: Processed 10 localized package path(s) for 1 prioritized culture(s) in 0.085256 seconds
[2019.09.21-01.49.33:427][  0]LogUObjectArray: 42205 objects as part of root set at end of initial load.
[2019.09.21-01.49.33:428][  0]LogUObjectAllocator: 7325032 out of 0 bytes used by permanent object pool.
[2019.09.21-01.49.33:428][  0]LogUObjectArray: CloseDisregardForGC: 0/0 objects in disregard for GC pool
[2019.09.21-01.49.34:999][  0]LogTcpMessaging: Initializing TcpMessaging bridge
[2019.09.21-01.49.35:016][  0]LogUdpMessaging: Initializing bridge on interface 0.0.0.0:0 to multicast group 230.0.0.1:6666.
[2019.09.21-01.49.35:197][  0]SourceControl: Source control is disabled
[2019.09.21-01.49.35:197][  0]SourceControl: Source control is disabled
[2019.09.21-01.49.35:200][  0]SourceControl: Source control is disabled
[2019.09.21-01.49.35:201][  0]SourceControl: Source control is disabled
[2019.09.21-01.49.35:211][  0]LogVSAccessor: Display: Unable to create Visual Studio setup instance: 80040154
[2019.09.21-01.49.35:212][  0]LogVSAccessor: Display: Unable to create Visual Studio setup instance: 80040154
[2019.09.21-01.49.35:307][  0]LogAndroidPermission: UAndroidPermissionCallbackProxy::GetInstance
[2019.09.21-01.49.36:060][  0]LogOcInput: OculusInput pre-init called
[2019.09.21-01.49.37:270][  0]LogEngine: Initializing Engine...
[2019.09.21-01.49.37:273][  0]LogHMD: Failed to initialize OpenVR with code 110
[2019.09.21-01.49.37:276][  0]LogStats: UGameplayTagsManager::InitializeManager -  0.000 s
[2019.09.21-01.49.37:723][  0]LogInit: Initializing FReadOnlyCVARCache
[2019.09.21-01.49.37:744][  0]LogAIModule: Creating AISystem for world Untitled
[2019.09.21-01.49.37:765][  0]LogInit: XAudio2 using 'Speakers (Realtek(R) Audio)' : 6 channels at 48 kHz using 32 bits per sample (channel mask 0x3f)
[2019.09.21-01.49.37:998][  0]LogInit: FAudioDevice initialized.
[2019.09.21-01.49.37:999][  0]LogNetVersion: Set ProjectVersion to 1.0.0.0. Version Checksum will be recalculated on next use.
[2019.09.21-01.49.38:114][  0]LogDerivedDataCache: Saved boot cache 0.12s 71MB C:/Users/ellan/AppData/Local/UnrealEngine/4.22/DerivedDataCache/Boot.ddc.
[2019.09.21-01.49.38:134][  0]LogInit: Texture streaming: Enabled
[2019.09.21-01.49.38:177][  0]LogEngineSessionManager: EngineSessionManager initialized
[2019.09.21-01.49.38:208][  0]LogInit: Transaction tracking system initialized
[2019.09.21-01.49.38:249][  0]BlueprintLog: New page: Editor Load
[2019.09.21-01.49.38:532][  0]LocalizationService: Localization service is disabled
[2019.09.21-01.49.38:757][  0]LogVSAccessor: Display: Unable to create Visual Studio setup instance: 80040154
[2019.09.21-01.49.38:758][  0]LogVSAccessor: Display: Unable to create Visual Studio setup instance: 80040154
[2019.09.21-01.49.39:024][  0]LogFileCache: Scanning file cache for directory 'C:/Users/ellan/Documents/GitHub/3D-Platformer/MyProject2/Content/' took 0.01s
[2019.09.21-01.49.39:024][  0]LogCook: Display: Max memory allowance for cook 16384mb min free memory 0mb
[2019.09.21-01.49.39:025][  0]LogCook: Display: Mobile HDR setting 1
[2019.09.21-01.49.39:283][  0]SourceControl: Source control is disabled
[2019.09.21-01.49.39:283][  0]Cmd: MAP LOAD FILE="../../../../../Documents/GitHub/3D-Platformer/MyProject2/Content/__MyContent/Maps/Level_1.umap" TEMPLATE=0 SHOWPROGRESS=1 FEATURELEVEL=3
[2019.09.21-01.49.39:284][  0]LightingResults: New page: Lighting Build
[2019.09.21-01.49.39:287][  0]MapCheck: New page: Map Check
[2019.09.21-01.49.39:287][  0]LightingResults: New page: Lighting Build
[2019.09.21-01.49.39:318][  0]LogUObjectHash: Compacting FUObjectHashTables data took   1.76ms
[2019.09.21-01.49.39:601][  0]LogAIModule: Creating AISystem for world Level_1
[2019.09.21-01.49.39:615][  0]LogEditorServer: Finished looking for orphan Actors (0.000 secs)
[2019.09.21-01.49.39:649][  0]LogUObjectHash: Compacting FUObjectHashTables data took   1.87ms
[2019.09.21-01.49.39:649][  0]Cmd: MAP CHECKDEP NOCLEARLOG
[2019.09.21-01.49.39:649][  0]MapCheck: Map check complete: 0 Error(s), 0 Warning(s), took 0.187ms to complete.
[2019.09.21-01.49.39:649][  0]LogFileHelpers: Loading map 'Level_1' took 0.366
[2019.09.21-01.49.39:807][  0]LogSlate: Updating window title bar state: overlay mode, drag disabled, window buttons hidden, title bar hidden
[2019.09.21-01.49.39:828][  0]LogSlate: Updating window title bar state: overlay mode, drag disabled, window buttons hidden, title bar hidden
[2019.09.21-01.49.39:851][  0]LogSlate: Updating window title bar state: overlay mode, drag disabled, window buttons hidden, title bar hidden
[2019.09.21-01.49.39:871][  0]LogSlate: Updating window title bar state: overlay mode, drag disabled, window buttons hidden, title bar hidden
[2019.09.21-01.49.39:898][  0]LogCollectionManager: Loaded 0 collections in 0.006249 seconds
[2019.09.21-01.49.39:981][  0]LogFileCache: Scanning file cache for directory 'C:/Users/ellan/Documents/GitHub/3D-Platformer/MyProject2/Saved/Collections/' took 0.01s
[2019.09.21-01.49.39:981][  0]LogFileCache: Scanning file cache for directory 'C:/Users/ellan/Documents/GitHub/3D-Platformer/MyProject2/Content/Developers/ellan/Collections/' took 0.01s
[2019.09.21-01.49.39:981][  0]LogFileCache: Scanning file cache for directory 'C:/Users/ellan/Documents/GitHub/3D-Platformer/MyProject2/Content/Collections/' took 0.01s
[2019.09.21-01.49.39:981][  0]LogCollectionManager: Rebuilt the GUID cache for 0 collections in 0.000001 seconds
[2019.09.21-01.49.40:021][  0]LogContentBrowser: Native class hierarchy populated in 0.0373 seconds. Added 2732 classes and 659 folders.
[2019.09.21-01.49.40:052][  0]LogContentBrowser: Native class hierarchy updated for 'WidgetCarousel' in 0.0006 seconds. Added 0 classes and 0 folders.
[2019.09.21-01.49.40:065][  0]LogPakFile: Registered encryption key '00000000000000000000000000000000': 0 pak files mounted, 0 remain pending
[2019.09.21-01.49.40:071][  0]LogPakFile: Registered encryption key '00000000000000000000000000000000': 0 pak files mounted, 0 remain pending
[2019.09.21-01.49.40:075][  0]LogPakFile: Registered encryption key '00000000000000000000000000000000': 0 pak files mounted, 0 remain pending
[2019.09.21-01.49.40:079][  0]LogPakFile: Registered encryption key '00000000000000000000000000000000': 0 pak files mounted, 0 remain pending
[2019.09.21-01.49.40:082][  0]LogPakFile: Registered encryption key '00000000000000000000000000000000': 0 pak files mounted, 0 remain pending
[2019.09.21-01.49.40:086][  0]LogPakFile: Registered encryption key '00000000000000000000000000000000': 0 pak files mounted, 0 remain pending
[2019.09.21-01.49.40:090][  0]LogPakFile: Registered encryption key '00000000000000000000000000000000': 0 pak files mounted, 0 remain pending
[2019.09.21-01.49.40:092][  0]LogPakFile: Registered encryption key '00000000000000000000000000000000': 0 pak files mounted, 0 remain pending
[2019.09.21-01.49.40:096][  0]LogPakFile: Registered encryption key '00000000000000000000000000000000': 0 pak files mounted, 0 remain pending
[2019.09.21-01.49.40:100][  0]LogPakFile: Registered encryption key '00000000000000000000000000000000': 0 pak files mounted, 0 remain pending
[2019.09.21-01.49.40:103][  0]LogPakFile: Registered encryption key '00000000000000000000000000000000': 0 pak files mounted, 0 remain pending
[2019.09.21-01.49.40:107][  0]LogPakFile: Registered encryption key '00000000000000000000000000000000': 0 pak files mounted, 0 remain pending
[2019.09.21-01.49.40:111][  0]LogPakFile: Registered encryption key '00000000000000000000000000000000': 0 pak files mounted, 0 remain pending
[2019.09.21-01.49.40:114][  0]LogPakFile: Registered encryption key '00000000000000000000000000000000': 0 pak files mounted, 0 remain pending
[2019.09.21-01.49.40:118][  0]LogPakFile: Registered encryption key '00000000000000000000000000000000': 0 pak files mounted, 0 remain pending
[2019.09.21-01.49.40:121][  0]LogPakFile: Registered encryption key '00000000000000000000000000000000': 0 pak files mounted, 0 remain pending
[2019.09.21-01.49.40:124][  0]LogPakFile: Registered encryption key '00000000000000000000000000000000': 0 pak files mounted, 0 remain pending
[2019.09.21-01.49.40:127][  0]LogPakFile: Registered encryption key '00000000000000000000000000000000': 0 pak files mounted, 0 remain pending
[2019.09.21-01.49.40:130][  0]LogPakFile: Registered encryption key '00000000000000000000000000000000': 0 pak files mounted, 0 remain pending
[2019.09.21-01.49.40:134][  0]LogPakFile: Registered encryption key '00000000000000000000000000000000': 0 pak files mounted, 0 remain pending
[2019.09.21-01.49.40:138][  0]LogPakFile: Registered encryption key '00000000000000000000000000000000': 0 pak files mounted, 0 remain pending
[2019.09.21-01.49.40:141][  0]LogPakFile: Registered encryption key '00000000000000000000000000000000': 0 pak files mounted, 0 remain pending
[2019.09.21-01.49.40:145][  0]LogPakFile: Registered encryption key '00000000000000000000000000000000': 0 pak files mounted, 0 remain pending
[2019.09.21-01.49.40:149][  0]LogPakFile: Registered encryption key '00000000000000000000000000000000': 0 pak files mounted, 0 remain pending
[2019.09.21-01.49.40:152][  0]LogPakFile: Registered encryption key '00000000000000000000000000000000': 0 pak files mounted, 0 remain pending
[2019.09.21-01.49.40:156][  0]LogPakFile: Registered encryption key '00000000000000000000000000000000': 0 pak files mounted, 0 remain pending
[2019.09.21-01.49.40:286][  0]LogContentBrowser: Native class hierarchy updated for 'AddContentDialog' in 0.0006 seconds. Added 0 classes and 0 folders.
[2019.09.21-01.49.40:321][  0]LogContentBrowser: Native class hierarchy updated for 'SceneOutliner' in 0.0007 seconds. Added 1 classes and 2 folders.
[2019.09.21-01.49.40:656][  0]LogContentBrowser: Native class hierarchy updated for 'HierarchicalLODOutliner' in 0.0003 seconds. Added 0 classes and 0 folders.
[2019.09.21-01.49.40:656][  0]LogLoad: (Engine Initialization) Total time: 16.61 seconds
[2019.09.21-01.49.40:656][  0]LogLoad: (Engine Initialization) Total Blueprint compile time: 0.00 seconds
[2019.09.21-01.49.40:676][  0]LogWindowsTextInputMethodSystem: Display: IME system now deactivated.
[2019.09.21-01.49.40:701][  0]LogAssetRegistry: Asset discovery search completed in 8.5251 seconds
[2019.09.21-01.49.40:704][  0]LogCollectionManager: Rebuilt the object cache for 0 collections in 0.000000 seconds (found 0 objects)
[2019.09.21-01.49.40:704][  0]LogCollectionManager: Fixed up redirectors for 0 collections in 0.000055 seconds (updated 0 objects)
[2019.09.21-01.49.40:706][  0]LogContentStreaming: Texture pool size now 1000 MB
[2019.09.21-01.49.40:717][  0]LogSlate: Took 0.000658 seconds to synchronously load lazily loaded font '../../../Engine/Content/Slate/Fonts/Roboto-Regular.ttf' (155K)
[2019.09.21-01.49.40:719][  0]LogSlate: Took 0.000184 seconds to synchronously load lazily loaded font '../../../Engine/Content/Slate/Fonts/Roboto-Bold.ttf' (160K)
[2019.09.21-01.49.40:731][  0]LogSlate: Took 0.008231 seconds to synchronously load lazily loaded font '../../../Engine/Content/Editor/Slate/Fonts/FontAwesome.ttf' (139K)
[2019.09.21-01.49.40:968][  0]LogRenderer: Reallocating scene render targets to support 480x320 Format 10 NumSamples 1 (Frame:1).
[2019.09.21-01.49.40:968][  0]LogSlate: Took 0.002728 seconds to synchronously load lazily loaded font '../../../Engine/Content/Slate/Fonts/Roboto-Light.ttf' (167K)
[2019.09.21-01.49.45:225][219]LogRenderer: Reallocating scene render targets to support 480x332 Format 10 NumSamples 1 (Frame:221).
[2019.09.21-01.49.45:286][219]LogRenderer: Reallocating scene render targets to support 480x344 Format 10 NumSamples 1 (Frame:222).
[2019.09.21-01.49.45:361][219]LogRenderer: Reallocating scene render targets to support 480x348 Format 10 NumSamples 1 (Frame:223).
[2019.09.21-01.49.45:434][219]LogRenderer: Reallocating scene render targets to support 480x364 Format 10 NumSamples 1 (Frame:224).
[2019.09.21-01.49.45:506][219]LogRenderer: Reallocating scene render targets to support 480x372 Format 10 NumSamples 1 (Frame:225).
[2019.09.21-01.49.45:574][219]LogRenderer: Reallocating scene render targets to support 480x380 Format 10 NumSamples 1 (Frame:226).
[2019.09.21-01.49.50:528][306]LogSlate: FSceneViewport::OnFocusLost() reason 0
[2019.09.21-01.49.52:521][383]LogRenderer: Reallocating scene render targets to support 484x380 Format 10 NumSamples 1 (Frame:383).
[2019.09.21-01.49.52:737][383]LogRenderer: Reallocating scene render targets to support 488x380 Format 10 NumSamples 1 (Frame:386).
[2019.09.21-01.49.52:830][383]LogRenderer: Reallocating scene render targets to support 492x380 Format 10 NumSamples 1 (Frame:387).
[2019.09.21-01.49.53:276][383]LogRenderer: Reallocating scene render targets to support 496x380 Format 10 NumSamples 1 (Frame:390).
[2019.09.21-01.49.53:401][383]LogRenderer: Reallocating scene render targets to support 500x380 Format 10 NumSamples 1 (Frame:392).
[2019.09.21-01.49.53:512][383]LogRenderer: Reallocating scene render targets to support 504x380 Format 10 NumSamples 1 (Frame:394).
[2019.09.21-01.54.01:263][495]LogSlate: Only BGRA pngs, bmps or icos are supported in by External Image Picker
[2019.09.21-01.56.58:029][223]LogTemp: Repeating last play command: New Editor Window (PIE)
[2019.09.21-01.56.58:043][223]LogBlueprintUserMessages: Early PlayInEditor Detection: Level '/Game/__MyContent/Maps/Level_1.Level_1:PersistentLevel' has LevelScriptBlueprint '/Game/__MyContent/Maps/Level_1.Level_1:PersistentLevel.Level_1' with GeneratedClass '/Game/__MyContent/Maps/Level_1.Level_1_C' with ClassGeneratedBy '/Game/__MyContent/Maps/Level_1.Level_1:PersistentLevel.Level_1'
[2019.09.21-01.56.58:045][223]LogPlayLevel: PlayLevel: No blueprints needed recompiling
[2019.09.21-01.56.58:047][223]PIE: New page: PIE session: Level_1 (21 Sep 2019 9:56:58 pm)
[2019.09.21-01.56.58:062][223]LogPlayLevel: Creating play world package: /Game/__MyContent/Maps/UEDPIE_0_Level_1
[2019.09.21-01.56.58:065][223]LogPlayLevel: PIE: StaticDuplicateObject took: (0.003994s)
[2019.09.21-01.56.58:066][223]LogAIModule: Creating AISystem for world Level_1
[2019.09.21-01.56.58:066][223]LogPlayLevel: PIE: World Init took: (0.000934s)
[2019.09.21-01.56.58:066][223]LogPlayLevel: PIE: Created PIE world by copying editor world from /Game/__MyContent/Maps/Level_1.Level_1 to /Game/__MyContent/Maps/UEDPIE_0_Level_1.Level_1 (0.005393s)
[2019.09.21-01.56.58:111][223]LogUObjectHash: Compacting FUObjectHashTables data took   1.99ms
[2019.09.21-01.56.58:124][223]LogInit: XAudio2 using 'Speakers (Realtek(R) Audio)' : 6 channels at 48 kHz using 32 bits per sample (channel mask 0x3f)
[2019.09.21-01.56.58:463][223]LogInit: FAudioDevice initialized.
[2019.09.21-01.56.58:485][223]LogSlate: Updating window title bar state: overlay mode, drag disabled, window buttons hidden, title bar hidden
[2019.09.21-01.56.58:582][223]LogLoad: Game class is 'GameModeBase'
[2019.09.21-01.56.58:597][223]LogWorld: Bringing World /Game/__MyContent/Maps/UEDPIE_0_Level_1.Level_1 up for play (max tick rate 60) at 2019.09.21-11.56.58
[2019.09.21-01.56.58:599][223]LogWorld: Bringing up level for play took: 0.008698
[2019.09.21-01.56.58:659][223]LogContentBrowser: Native class hierarchy updated for 'MovieSceneCapture' in 0.0013 seconds. Added 20 classes and 0 folders.
[2019.09.21-01.56.58:667][223]PIE: Play in editor start time for /Game/__MyContent/Maps/UEDPIE_0_Level_1 0.968
[2019.09.21-01.56.58:669][223]LogBlueprintUserMessages: Late PlayInEditor Detection: Level '/Game/__MyContent/Maps/Level_1.Level_1:PersistentLevel' has LevelScriptBlueprint '/Game/__MyContent/Maps/Level_1.Level_1:PersistentLevel.Level_1' with GeneratedClass '/Game/__MyContent/Maps/Level_1.Level_1_C' with ClassGeneratedBy '/Game/__MyContent/Maps/Level_1.Level_1:PersistentLevel.Level_1'
[2019.09.21-01.56.58:762][223]LogRenderer: Reallocating scene render targets to support 1528x832 Format 10 NumSamples 1 (Frame:1).
[2019.09.21-01.57.01:490][347]LogBlueprintUserMessages: Early EndPlayMap Detection: Level '/Game/__MyContent/Maps/Level_1.Level_1:PersistentLevel' has LevelScriptBlueprint '/Game/__MyContent/Maps/Level_1.Level_1:PersistentLevel.Level_1' with GeneratedClass '/Game/__MyContent/Maps/Level_1.Level_1_C' with ClassGeneratedBy '/Game/__MyContent/Maps/Level_1.Level_1:PersistentLevel.Level_1'
[2019.09.21-01.57.01:494][347]LogSlate: Updating window title bar state: overlay mode, drag disabled, window buttons hidden, title bar hidden
[2019.09.21-01.57.01:530][347]LogSlate: Window 'MyProject2 Game Preview Standalone (64-bit/PCD3D_SM5)' being destroyed
[2019.09.21-01.57.01:582][347]LogPlayLevel: Display: Shutting down PIE online subsystems
[2019.09.21-01.57.01:582][347]LogBlueprintUserMessages: Late EndPlayMap Detection: Level '/Game/__MyContent/Maps/Level_1.Level_1:PersistentLevel' has LevelScriptBlueprint '/Game/__MyContent/Maps/Level_1.Level_1:PersistentLevel.Level_1' with GeneratedClass '/Game/__MyContent/Maps/Level_1.Level_1_C' with ClassGeneratedBy '/Game/__MyContent/Maps/Level_1.Level_1:PersistentLevel.Level_1'
[2019.09.21-01.57.01:665][347]LogUObjectHash: Compacting FUObjectHashTables data took   5.47ms
[2019.09.21-01.57.01:713][348]LogPlayLevel: Display: Destroying online subsystem :Context_3
[2019.09.21-02.00.21:701][643]LogSlate: Took 0.000327 seconds to synchronously load lazily loaded font '../../../Engine/Content/Slate/Fonts/Roboto-Light.ttf' (167K)
[2019.09.21-02.00.31:568][643]LogSlate: Window 'Pick Parent Class' being destroyed
[2019.09.21-02.00.34:623][824]LogSlate: Warning: Ignoring SetUserFocus because it's not an active modal Window (user 0 not set to SAssetTileView [SAssetView.cpp(1745)].
[2019.09.21-02.00.34:763][824]LogUObjectHash: Compacting FUObjectHashTables data took   1.71ms
[2019.09.21-02.00.34:962][824]LogSavePackage: Moving '../../../../../Documents/GitHub/3D-Platformer/MyProject2/Saved/Level_1_Auto10219EFF04975B8BB724E308B95A2C858.tmp' to '../../../../../Documents/GitHub/3D-Platformer/MyProject2/Saved/Autosaves/Game/__MyContent/Maps/Level_1_Auto1.umap'
[2019.09.21-02.00.34:975][824]LogFileHelpers: Editor autosave (incl. sublevels) for '/Game/__MyContent/Maps/Level_1' took 0.265
[2019.09.21-02.00.34:976][824]LogFileHelpers: Editor autosave (incl. sublevels) for all levels took 0.265
[2019.09.21-02.00.34:985][824]OBJ SavePackage: Generating thumbnails for [0] asset(s) in package [/Game/__MyContent/Blueprints/NewBlueprint] ([1] browsable assets)...
[2019.09.21-02.00.34:985][824]OBJ SavePackage: Finished generating thumbnails for package [/Game/__MyContent/Blueprints/NewBlueprint]
[2019.09.21-02.00.35:024][824]LogSavePackage: Moving '../../../../../Documents/GitHub/3D-Platformer/MyProject2/Saved/NewBlueprint_Auto1F505313A405168649201D2B763C5624D.tmp' to '../../../../../Documents/GitHub/3D-Platformer/MyProject2/Saved/Autosaves/Game/__MyContent/Blueprints/NewBlueprint_Auto1.uasset'
[2019.09.21-02.00.35:028][824]LogFileHelpers: Auto-saving content packages took 0.046
[2019.09.21-02.01.07:684][ 90]LogUObjectHash: Compacting FUObjectHashTables data took   1.68ms
[2019.09.21-02.01.07:684][ 90]LogMetaData: Removing '/Game/__MyContent/Blueprints/BP_MyWayPoint.BP_MyWayPoint:UserConstructionScript.K2Node_FunctionEntry_0' ref from Metadata '/Game/__MyContent/Blueprints/NewBlueprint.PackageMetaData'
[2019.09.21-02.01.07:684][ 90]LogMetaData: Removing '/Game/__MyContent/Blueprints/BP_MyWayPoint.SKEL_BP_MyWayPoint_C' ref from Metadata '/Game/__MyContent/Blueprints/NewBlueprint.PackageMetaData'
[2019.09.21-02.01.07:685][ 90]LogMetaData: Removing '/Game/__MyContent/Blueprints/BP_MyWayPoint.BP_MyWayPoint_C' ref from Metadata '/Game/__MyContent/Blueprints/NewBlueprint.PackageMetaData'
[2019.09.21-02.01.07:685][ 90]LogMetaData: Removing '/Game/__MyContent/Blueprints/BP_MyWayPoint.BP_MyWayPoint:EventGraph.K2Node_Event_0' ref from Metadata '/Game/__MyContent/Blueprints/NewBlueprint.PackageMetaData'
[2019.09.21-02.01.07:685][ 90]LogMetaData: Removing '/Game/__MyContent/Blueprints/BP_MyWayPoint.BP_MyWayPoint:EventGraph.K2Node_Event_1' ref from Metadata '/Game/__MyContent/Blueprints/NewBlueprint.PackageMetaData'
[2019.09.21-02.01.07:685][ 90]LogMetaData: Removing '/Game/__MyContent/Blueprints/BP_MyWayPoint.BP_MyWayPoint:EventGraph.K2Node_Event_2' ref from Metadata '/Game/__MyContent/Blueprints/NewBlueprint.PackageMetaData'
[2019.09.21-02.01.07:720][ 90]Cmd: OBJ SAVEPACKAGE PACKAGE="/Game/__MyContent/Blueprints/BP_MyWayPoint" FILE="../../../../../Documents/GitHub/3D-Platformer/MyProject2/Content/__MyContent/Blueprints/BP_MyWayPoint.uasset" SILENT=true
[2019.09.21-02.01.07:732][ 90]LogSavePackage: Moving '../../../../../Documents/GitHub/3D-Platformer/MyProject2/Saved/BP_MyWayPointEE76AC264D1257F395A4A2ABA2C91D04.tmp' to '../../../../../Documents/GitHub/3D-Platformer/MyProject2/Content/__MyContent/Blueprints/BP_MyWayPoint.uasset'
[2019.09.21-02.01.07:928][ 90]LogUObjectHash: Compacting FUObjectHashTables data took   1.61ms
[2019.09.21-02.01.07:967][ 90]LogUObjectHash: Compacting FUObjectHashTables data took   3.56ms
[2019.09.21-02.01.07:995][ 90]LogUObjectHash: Compacting FUObjectHashTables data took   0.55ms
[2019.09.21-02.01.16:841][375]LogAssetEditorManager: Opening Asset editor for Blueprint /Game/__MyContent/Blueprints/BP_MyWayPoint.BP_MyWayPoint
[2019.09.21-02.01.17:276][375]LogContentBrowser: Native class hierarchy updated for 'BlueprintGraph' in 0.0019 seconds. Added 121 classes and 0 folders.
[2019.09.21-02.01.21:089][467]LogSlate: Window 'BP_MyWayPoint' being destroyed
[2019.09.21-02.01.33:340][183]LogSlate: Took 0.009230 seconds to synchronously load lazily loaded font '../../../Engine/Content/Slate/Fonts/Roboto-Italic.ttf' (157K)
[2019.09.21-02.01.51:160][158]BlueprintLog: New page: Compile BP_MyWayPoint
[2019.09.21-02.01.51:420][158]LogUObjectHash: Compacting FUObjectHashTables data took   7.44ms
[2019.09.21-02.01.53:491][226]Cmd: OBJ SAVEPACKAGE PACKAGE="/Game/__MyContent/Blueprints/BP_MyWayPoint" FILE="../../../../../Documents/GitHub/3D-Platformer/MyProject2/Content/__MyContent/Blueprints/BP_MyWayPoint.uasset" SILENT=true
[2019.09.21-02.01.53:518][226]LogSavePackage: Moving '../../../../../Documents/GitHub/3D-Platformer/MyProject2/Saved/BP_MyWayPointBAA4FC51438B9BC81E505692A1DB4072.tmp' to '../../../../../Documents/GitHub/3D-Platformer/MyProject2/Content/__MyContent/Blueprints/BP_MyWayPoint.uasset'
[2019.09.21-02.02.39:448][682]LogSlate: FSceneViewport::OnFocusLost() reason 0
[2019.09.21-02.05.08:133][329]LogSlate: Took 0.005861 seconds to synchronously load lazily loaded font '../../../Engine/Content/Slate/Fonts/Roboto-BoldCondensedItalic.ttf' (160K)
[2019.09.21-02.06.25:774][246]BlueprintLog: New page: Compile BP_MyWayPoint
[2019.09.21-02.06.25:954][246]LogUObjectHash: Compacting FUObjectHashTables data took   2.81ms
[2019.09.21-02.10.04:486][421]LogConsoleManager: Warning: Console object named 'ActorComponents.Enable' already exists but is being registered again, but we weren't expected it to be! (FConsoleManager::AddConsoleObject)
[2019.09.21-02.10.16:057][984]LogSlate: Took 0.003702 seconds to synchronously load lazily loaded font '../../../Engine/Content/Slate/Fonts/Roboto-BoldCondensed.ttf' (158K)
[2019.09.21-02.11.53:226][561]BlueprintLog: New page: Compile BP_MyWayPoint
[2019.09.21-02.11.53:406][561]LogUObjectHash: Compacting FUObjectHashTables data took   2.83ms
[2019.09.21-02.12.06:252][276]LogSlate: FSceneViewport::OnFocusLost() reason 0
[2019.09.21-02.12.10:483][490]BlueprintLog: New page: Compile BP_MyWayPoint
[2019.09.21-02.12.10:698][490]LogUObjectHash: Compacting FUObjectHashTables data took   2.62ms
[2019.09.21-02.12.13:317][636]LogEditorViewport: Clicking on Actor (LMB): BP_Sky_Sphere_C (Sky Sphere)
[2019.09.21-02.12.26:525][367]LogSlate: FSceneViewport::OnFocusLost() reason 2
[2019.09.21-02.12.28:254][432]LogTemp: Repeating last play command: New Editor Window (PIE)
[2019.09.21-02.12.28:277][432]LogBlueprintUserMessages: Early PlayInEditor Detection: Level '/Game/__MyContent/Maps/Level_1.Level_1:PersistentLevel' has LevelScriptBlueprint '/Game/__MyContent/Maps/Level_1.Level_1:PersistentLevel.Level_1' with GeneratedClass '/Game/__MyContent/Maps/Level_1.Level_1_C' with ClassGeneratedBy '/Game/__MyContent/Maps/Level_1.Level_1:PersistentLevel.Level_1'
[2019.09.21-02.12.28:277][432]LogPlayLevel: PlayLevel: No blueprints needed recompiling
[2019.09.21-02.12.28:278][432]PIE: New page: PIE session: Level_1 (21 Sep 2019 10:12:28 pm)
[2019.09.21-02.12.28:278][432]LogPlayLevel: Creating play world package: /Game/__MyContent/Maps/UEDPIE_0_Level_1
[2019.09.21-02.12.28:281][432]LogPlayLevel: PIE: StaticDuplicateObject took: (0.003849s)
[2019.09.21-02.12.28:282][432]LogAIModule: Creating AISystem for world Level_1
[2019.09.21-02.12.28:282][432]LogPlayLevel: PIE: World Init took: (0.000789s)
[2019.09.21-02.12.28:282][432]LogPlayLevel: PIE: Created PIE world by copying editor world from /Game/__MyContent/Maps/Level_1.Level_1 to /Game/__MyContent/Maps/UEDPIE_0_Level_1.Level_1 (0.004786s)
[2019.09.21-02.12.28:323][432]LogUObjectHash: Compacting FUObjectHashTables data took   2.64ms
[2019.09.21-02.12.28:332][432]LogInit: XAudio2 using 'Speakers (Realtek(R) Audio)' : 6 channels at 48 kHz using 32 bits per sample (channel mask 0x3f)
[2019.09.21-02.12.28:560][432]LogInit: FAudioDevice initialized.
[2019.09.21-02.12.28:566][432]LogSlate: FSceneViewport::OnFocusLost() reason 2
[2019.09.21-02.12.28:574][432]LogSlate: Updating window title bar state: overlay mode, drag disabled, window buttons hidden, title bar hidden
[2019.09.21-02.12.28:619][432]LogLoad: Game class is 'GameModeBase'
[2019.09.21-02.12.28:623][432]LogWorld: Bringing World /Game/__MyContent/Maps/UEDPIE_0_Level_1.Level_1 up for play (max tick rate 60) at 2019.09.21-12.12.28
[2019.09.21-02.12.28:624][432]LogWorld: Bringing up level for play took: 0.002840
[2019.09.21-02.12.28:645][432]PIE: Play in editor start time for /Game/__MyContent/Maps/UEDPIE_0_Level_1 0.946
[2019.09.21-02.12.28:646][432]LogBlueprintUserMessages: Late PlayInEditor Detection: Level '/Game/__MyContent/Maps/Level_1.Level_1:PersistentLevel' has LevelScriptBlueprint '/Game/__MyContent/Maps/Level_1.Level_1:PersistentLevel.Level_1' with GeneratedClass '/Game/__MyContent/Maps/Level_1.Level_1_C' with ClassGeneratedBy '/Game/__MyContent/Maps/Level_1.Level_1:PersistentLevel.Level_1'
[2019.09.21-02.12.35:913][712]LogBlueprintUserMessages: Early EndPlayMap Detection: Level '/Game/__MyContent/Maps/Level_1.Level_1:PersistentLevel' has LevelScriptBlueprint '/Game/__MyContent/Maps/Level_1.Level_1:PersistentLevel.Level_1' with GeneratedClass '/Game/__MyContent/Maps/Level_1.Level_1_C' with ClassGeneratedBy '/Game/__MyContent/Maps/Level_1.Level_1:PersistentLevel.Level_1'
[2019.09.21-02.12.35:913][712]LogSlate: Updating window title bar state: overlay mode, drag disabled, window buttons hidden, title bar hidden
[2019.09.21-02.12.35:937][712]LogSlate: Window 'MyProject2 Game Preview Standalone (64-bit/PCD3D_SM5)' being destroyed
[2019.09.21-02.12.36:011][712]LogPlayLevel: Display: Shutting down PIE online subsystems
[2019.09.21-02.12.36:011][712]LogBlueprintUserMessages: Late EndPlayMap Detection: Level '/Game/__MyContent/Maps/Level_1.Level_1:PersistentLevel' has LevelScriptBlueprint '/Game/__MyContent/Maps/Level_1.Level_1:PersistentLevel.Level_1' with GeneratedClass '/Game/__MyContent/Maps/Level_1.Level_1_C' with ClassGeneratedBy '/Game/__MyContent/Maps/Level_1.Level_1:PersistentLevel.Level_1'
[2019.09.21-02.12.36:116][712]LogUObjectHash: Compacting FUObjectHashTables data took   3.56ms
[2019.09.21-02.12.36:137][713]LogPlayLevel: Display: Destroying online subsystem :Context_7
[2019.09.21-02.12.40:315][947]LogSlate: FSceneViewport::OnFocusLost() reason 0
[2019.09.21-02.12.45:808][217]LogEditorViewport: Clicking on Actor (LMB): BP_Sky_Sphere_C (Sky Sphere)
[2019.09.21-02.13.26:790][889]LogRHI: Error: SyncInterval 0
[2019.09.21-02.13.26:790][889]LogRHI: Error: SwapChainDesc.BufferDesc.Width 8
[2019.09.21-02.13.26:790][889]LogRHI: Error: SwapChainDesc.BufferDesc.Height 70
[2019.09.21-02.13.26:790][889]LogRHI: Error: SwapChainDesc.BufferDesc.RefreshRate.Numerator 0
[2019.09.21-02.13.26:790][889]LogRHI: Error: SwapChainDesc.BufferDesc.RefreshRate.Denominator 0
[2019.09.21-02.13.26:790][889]LogRHI: Error: SwapChainDesc.BufferDesc.Format 24
[2019.09.21-02.13.26:790][889]LogRHI: Error: SwapChainDesc.BufferDesc.ScanlineOrdering 0
[2019.09.21-02.13.26:790][889]LogRHI: Error: SwapChainDesc.BufferDesc.Scaling 0
[2019.09.21-02.13.26:790][889]LogRHI: Error: SwapChainDesc.SampleDesc.Count 1
[2019.09.21-02.13.26:790][889]LogRHI: Error: SwapChainDesc.SampleDesc.Quality 0
[2019.09.21-02.13.26:790][889]LogRHI: Error: SwapChainDesc.BufferUsage 48
[2019.09.21-02.13.26:790][889]LogRHI: Error: SwapChainDesc.BufferCount 1
[2019.09.21-02.13.26:791][889]LogRHI: Error: SwapChainDesc.OutputWindow 00000000002305A0
[2019.09.21-02.13.26:791][889]LogRHI: Error: SwapChainDesc.Windowed true
[2019.09.21-02.13.26:791][889]LogRHI: Error: SwapChainDesc.SwapEffect 0
[2019.09.21-02.13.26:791][889]LogRHI: Error: SwapChainDesc.Flags 2
[2019.09.21-02.13.26:791][889]LogD3D11RHI: Error: Result failed 
 at D:\Build\++UE4\Sync\Engine\Source\Runtime\Windows\D3D11RHI\Private\D3D11Viewport.cpp:361 
 with error E_INVALIDARG
[2019.09.21-02.13.26:795][889]LogWindows: Windows GetLastError: The operation completed successfully. (0)
[2019.09.21-02.13.31:707][889]LogOutputDevice: Warning: 

Script Stack (0 frames):

[2019.09.21-02.13.31:707][889]LogWindows: Windows GetLastError: The operation completed successfully. (0)
[2019.09.21-02.13.31:707][889]LogThreadingWindows: Error: Runnable thread RenderThread 101 crashed.
[2019.09.21-02.13.31:707][889]LogWindows: Error: === Critical error: ===
[2019.09.21-02.13.31:707][889]LogWindows: Error: 
[2019.09.21-02.13.31:707][889]LogWindows: Error: Fatal error: [File:D:\Build\++UE4\Sync\Engine\Source\Runtime\RenderCore\Private\RenderingThread.cpp] [Line: 819] 
[2019.09.21-02.13.31:707][889]LogWindows: Error: Rendering thread exception:
[2019.09.21-02.13.31:707][889]LogWindows: Error: Fatal error: [File:D:\Build\++UE4\Sync\Engine\Source\Runtime\Windows\D3D11RHI\Private\D3D11Util.cpp] [Line: 249] 
[2019.09.21-02.13.31:707][889]LogWindows: Error: Result failed 
[2019.09.21-02.13.31:707][889]LogWindows: Error:  at D:\Build\++UE4\Sync\Engine\Source\Runtime\Windows\D3D11RHI\Private\D3D11Viewport.cpp:361 
[2019.09.21-02.13.31:707][889]LogWindows: Error:  with error E_INVALIDARG
[2019.09.21-02.13.31:707][889]LogWindows: Error: 
[2019.09.21-02.13.31:707][889]LogWindows: Error: 
[2019.09.21-02.13.31:707][889]LogWindows: Error: [Callstack] 0x00007ffc6527a388 KERNELBASE.dll!UnknownFunction []
[2019.09.21-02.13.31:707][889]LogWindows: Error: [Callstack] 0x00007ffc10d51f37 UE4Editor-Core.dll!UnknownFunction []
[2019.09.21-02.13.31:707][889]LogWindows: Error: [Callstack] 0x00007ffc10d546e7 UE4Editor-Core.dll!UnknownFunction []
[2019.09.21-02.13.31:707][889]LogWindows: Error: [Callstack] 0x00007ffc10b67d1a UE4Editor-Core.dll!UnknownFunction []
[2019.09.21-02.13.31:707][889]LogWindows: Error: [Callstack] 0x00007ffc10aefe33 UE4Editor-Core.dll!UnknownFunction []
[2019.09.21-02.13.31:707][889]LogWindows: Error: [Callstack] 0x00007ffc10aefd18 UE4Editor-Core.dll!UnknownFunction []
[2019.09.21-02.13.31:707][889]LogWindows: Error: [Callstack] 0x00007ffbec72644a UE4Editor-D3D11RHI.dll!UnknownFunction []
[2019.09.21-02.13.31:707][889]LogWindows: Error: [Callstack] 0x00007ffbec70875e UE4Editor-D3D11RHI.dll!UnknownFunction []
[2019.09.21-02.13.31:707][889]LogWindows: Error: [Callstack] 0x00007ffbec71480b UE4Editor-D3D11RHI.dll!UnknownFunction []
[2019.09.21-02.13.31:707][889]LogWindows: Error: [Callstack] 0x00007ffc48e5e8e0 UE4Editor-RHI.dll!UnknownFunction []
[2019.09.21-02.13.31:707][889]LogWindows: Error: [Callstack] 0x00007ffc48e5e4c4 UE4Editor-RHI.dll!UnknownFunction []
[2019.09.21-02.13.31:707][889]LogWindows: Error: [Callstack] 0x00007ffc48e5f444 UE4Editor-RHI.dll!UnknownFunction []
[2019.09.21-02.13.31:707][889]LogWindows: Error: [Callstack] 0x00007ffc48e56bb4 UE4Editor-RHI.dll!UnknownFunction []
[2019.09.21-02.13.31:708][889]LogWindows: Error: [Callstack] 0x00007ffbec4d769b UE4Editor-SlateRHIRenderer.dll!UnknownFunction []
[2019.09.21-02.13.31:708][889]LogWindows: Error: [Callstack] 0x00007ffbec4de220 UE4Editor-SlateRHIRenderer.dll!UnknownFunction []
[2019.09.21-02.13.31:708][889]LogWindows: Error: [Callstack] 0x00007ffc109722d8 UE4Editor-Core.dll!UnknownFunction []
[2019.09.21-02.13.31:708][889]LogWindows: Error: [Callstack] 0x00007ffc10972563 UE4Editor-Core.dll!UnknownFunction []
[2019.09.21-02.13.31:708][889]LogWindows: Error: [Callstack] 0x00007ffc33b659f1 UE4Editor-RenderCore.dll!UnknownFunction []
[2019.09.21-02.13.31:708][889]LogWindows: Error: [Callstack] 0x00007ffc33b6c184 UE4Editor-RenderCore.dll!UnknownFunction []
[2019.09.21-02.13.31:708][889]LogWindows: Error: [Callstack] 0x00007ffc10d64b3f UE4Editor-Core.dll!UnknownFunction []
[2019.09.21-02.13.31:708][889]LogWindows: Error: [Callstack] 0x00007ffc10d608a7 UE4Editor-Core.dll!UnknownFunction []
[2019.09.21-02.13.31:708][889]LogWindows: Error: [Callstack] 0x00007ffc67e24034 KERNEL32.DLL!UnknownFunction []
[2019.09.21-02.13.31:708][889]LogWindows: Error: [Callstack] 0x00007ffc681a3691 ntdll.dll!UnknownFunction []
[2019.09.21-02.13.31:708][889]LogWindows: Error: 
[2019.09.21-02.13.31:708][889]LogWindows: Error: 
[2019.09.21-02.13.31:708][889]LogWindows: Error: 
[2019.09.21-02.13.31:708][889]LogWindows: Error: 
[2019.09.21-02.13.31:708][889]LogWindows: Error: Crash in runnable thread RenderThread 101
[2019.09.21-02.13.31:711][889]LogOutputDevice: Warning: 

Script Stack (0 frames):

[2019.09.21-02.13.31:711][889]LogWindows: Windows GetLastError: The operation completed successfully. (0)
[2019.09.21-02.13.31:711][889]LogWindows: Error: HandleError re-entered.
[2019.09.21-02.13.31:711][889]LogWindows: FPlatformMisc::RequestExit(1)
[2019.09.21-02.13.31:727][889]Log file closed, 09/21/19 12:13:31
