Log file open, 09/17/19 11:54:33
LogWindows: Failed to load 'aqProf.dll' (GetLastError=126)
LogWindows: File 'aqProf.dll' does not exist
LogWindows: Failed to load 'VtuneApi.dll' (GetLastError=126)
LogWindows: File 'VtuneApi.dll' does not exist
LogWindows: Failed to load 'VtuneApi32e.dll' (GetLastError=126)
LogWindows: File 'VtuneApi32e.dll' does not exist
LogConsoleResponse: Display: Failed to find resolution value strings in scalability ini. Falling back to default.
LogInit: Display: Running engine for game: MyProject2
LogPakFile: Registered encryption key '00000000000000000000000000000000': 0 pak files mounted, 0 remain pending
LogPlatformFile: Not using cached read wrapper
LogTaskGraph: Started task graph with 5 named threads and 35 total threads with 3 sets of task threads.
LogStats: Stats thread started at 0.679230
LogD3D11RHI: Loaded GFSDK_Aftermath_Lib.x64.dll
LogICUInternationalization: ICU TimeZone Detection - Raw Offset: +10:00, Platform Override: ''
LogPluginManager: Mounting plugin Paper2D
LogPluginManager: Mounting plugin AISupport
LogPluginManager: Mounting plugin LightPropagationVolume
LogPluginManager: Mounting plugin ActorLayerUtilities
LogPluginManager: Mounting plugin AnimationSharing
LogPluginManager: Mounting plugin CLionSourceCodeAccess
LogPluginManager: Mounting plugin CodeLiteSourceCodeAccess
LogPluginManager: Mounting plugin GitSourceControl
LogPluginManager: Mounting plugin KDevelopSourceCodeAccess
LogPluginManager: Mounting plugin NullSourceCodeAccess
LogPluginManager: Mounting plugin PerforceSourceControl
LogPluginManager: Mounting plugin SubversionSourceControl
LogPluginManager: Mounting plugin UObjectPlugin
LogPluginManager: Mounting plugin VisualStudioCodeSourceCodeAccess
LogPluginManager: Mounting plugin VisualStudioSourceCodeAccess
LogPluginManager: Mounting plugin XCodeSourceCodeAccess
LogPluginManager: Mounting plugin AssetManagerEditor
LogPluginManager: Mounting plugin CryptoKeys
LogPluginManager: Mounting plugin DataValidation
LogPluginManager: Mounting plugin FacialAnimation
LogPluginManager: Mounting plugin GameplayTagsEditor
LogPluginManager: Mounting plugin MacGraphicsSwitching
LogPluginManager: Mounting plugin MaterialAnalyzer
LogPluginManager: Mounting plugin MobileLauncherProfileWizard
LogPluginManager: Mounting plugin PluginBrowser
LogPluginManager: Mounting plugin SpeedTreeImporter
LogPluginManager: Mounting plugin DatasmithContent
LogPluginManager: Mounting plugin VariantManagerContent
LogPluginManager: Mounting plugin AlembicImporter
LogPluginManager: Mounting plugin AppleImageUtils
LogPluginManager: Mounting plugin AppleVision
LogPluginManager: Mounting plugin BackChannel
LogPluginManager: Mounting plugin CharacterAI
LogPluginManager: Mounting plugin GeometryCache
LogPluginManager: Mounting plugin HTML5Networking
LogPluginManager: Mounting plugin ProxyLODPlugin
LogPluginManager: Mounting plugin SkeletalReduction
LogPluginManager: Mounting plugin MagicLeap
LogPluginManager: Mounting plugin MagicLeapMedia
LogPluginManager: Mounting plugin AndroidMedia
LogPluginManager: Mounting plugin AvfMedia
LogPluginManager: Mounting plugin ImgMedia
LogPluginManager: Mounting plugin LinearTimecode
LogPluginManager: Mounting plugin MediaCompositing
LogPluginManager: Mounting plugin MediaPlayerEditor
LogPluginManager: Mounting plugin WebMMedia
LogPluginManager: Mounting plugin WmfMedia
LogPluginManager: Mounting plugin TcpMessaging
LogPluginManager: Mounting plugin UdpMessaging
LogPluginManager: Mounting plugin ActorSequence
LogPluginManager: Mounting plugin LevelSequenceEditor
LogPluginManager: Mounting plugin MatineeToLevelSequence
LogPluginManager: Mounting plugin NetcodeUnitTest
LogPluginManager: Mounting plugin NUTUnrealEngine4
LogPluginManager: Mounting plugin OnlineSubsystemGooglePlay
LogPluginManager: Mounting plugin OnlineSubsystemIOS
LogPluginManager: Mounting plugin OnlineSubsystem
LogPluginManager: Mounting plugin OnlineSubsystemNull
LogPluginManager: Mounting plugin OnlineSubsystemUtils
LogPluginManager: Mounting plugin LauncherChunkInstaller
LogPluginManager: Mounting plugin AndroidDeviceProfileSelector
LogPluginManager: Mounting plugin AndroidMoviePlayer
LogPluginManager: Mounting plugin AndroidPermission
LogPluginManager: Mounting plugin AppleMoviePlayer
LogPluginManager: Mounting plugin ArchVisCharacter
LogPluginManager: Mounting plugin AudioCapture
LogPluginManager: Mounting plugin CableComponent
LogPluginManager: Mounting plugin CustomMeshComponent
LogPluginManager: Mounting plugin EditableMesh
LogPluginManager: Mounting plugin ExampleDeviceProfileSelector
LogPluginManager: Mounting plugin Firebase
LogPluginManager: Mounting plugin GoogleCloudMessaging
LogPluginManager: Mounting plugin IOSDeviceProfileSelector
LogPluginManager: Mounting plugin LinuxDeviceProfileSelector
LogPluginManager: Mounting plugin LocationServicesBPLibrary
LogPluginManager: Mounting plugin MobilePatchingUtils
LogPluginManager: Mounting plugin OculusVR
LogPluginManager: Mounting plugin PhysXVehicles
LogPluginManager: Mounting plugin ProceduralMeshComponent
LogPluginManager: Mounting plugin RuntimePhysXCooking
LogPluginManager: Mounting plugin SignificanceManager
LogPluginManager: Mounting plugin SteamVR
LogPluginManager: Mounting plugin WebMMoviePlayer
LogPluginManager: Mounting plugin WindowsMoviePlayer
LogInit: Using libcurl 7.55.1-DEV
LogInit:  - built for x86_64-pc-win32
LogInit:  - supports SSL with OpenSSL/1.1.1
LogInit:  - supports HTTP deflate (compression) using libz 1.2.8
LogInit:  - other features:
LogInit:      CURL_VERSION_SSL
LogInit:      CURL_VERSION_LIBZ
LogInit:      CURL_VERSION_IPV6
LogInit:      CURL_VERSION_ASYNCHDNS
LogInit:      CURL_VERSION_LARGEFILE
LogInit:      CURL_VERSION_IDN
LogInit:  CurlRequestOptions (configurable via config and command line):
LogInit:  - bVerifyPeer = true  - Libcurl will verify peer certificate
LogInit:  - bUseHttpProxy = false  - Libcurl will NOT use HTTP proxy
LogInit:  - bDontReuseConnections = false  - Libcurl will reuse connections
LogInit:  - MaxHostConnections = 16  - Libcurl will limit the number of connections to a host
LogInit:  - LocalHostAddr = Default
LogInit:  - BufferSize = 65536
LogInit: WinSock: version 1.1 (2.2), MaxSocks=32767, MaxUdp=65467
LogInit: Build: ++UE4+Release-4.22-CL-7053642
LogInit: Engine Version: 4.22.3-7053642+++UE4+Release-4.22
LogInit: Compatible Engine Version: 4.22.0-5660361+++UE4+Release-4.22
LogInit: Net CL: 5660361
LogInit: OS: Windows 10 (Release 1803) (), CPU: Intel(R) Core(TM) i7-8750H CPU @ 2.20GHz, GPU: Intel(R) UHD Graphics 630
LogInit: Compiled (64-bit): Jun 18 2019 03:09:11
LogInit: Compiled with Visual C++: 19.16.27025.01
LogInit: Build Configuration: Development
LogInit: Branch Name: ++UE4+Release-4.22
LogInit: Command Line: 
LogInit: Base Directory: C:/Users/ellan/Desktop/UE_4.22/Engine/Binaries/Win64/
LogInit: Installed Engine Build: 1
LogDevObjectVersion: Number of dev versions registered: 23
LogDevObjectVersion:   Dev-Blueprints (B0D832E4-1F89-4F0D-ACCF-7EB736FD4AA2): 10
LogDevObjectVersion:   Dev-Build (E1C64328-A22C-4D53-A36C-8E866417BD8C): 0
LogDevObjectVersion:   Dev-Core (375EC13C-06E4-48FB-B500-84F0262A717E): 3
LogDevObjectVersion:   Dev-Editor (E4B068ED-F494-42E9-A231-DA0B2E46BB41): 30
LogDevObjectVersion:   Dev-Framework (CFFC743F-43B0-4480-9391-14DF171D2073): 35
LogDevObjectVersion:   Dev-Mobile (B02B49B5-BB20-44E9-A304-32B752E40360): 2
LogDevObjectVersion:   Dev-Networking (A4E4105C-59A1-49B5-A7C5-40C4547EDFEE): 0
LogDevObjectVersion:   Dev-Online (39C831C9-5AE6-47DC-9A44-9C173E1C8E7C): 0
LogDevObjectVersion:   Dev-Physics (78F01B33-EBEA-4F98-B9B4-84EACCB95AA2): 0
LogDevObjectVersion:   Dev-Platform (6631380F-2D4D-43E0-8009-CF276956A95A): 0
LogDevObjectVersion:   Dev-Rendering (12F88B9F-8875-4AFC-A67C-D90C383ABD29): 28
LogDevObjectVersion:   Dev-Sequencer (7B5AE74C-D270-4C10-A958-57980B212A5A): 11
LogDevObjectVersion:   Dev-VR (D7296918-1DD6-4BDD-9DE2-64A83CC13884): 2
LogDevObjectVersion:   Dev-LoadTimes (C2A15278-BFE7-4AFE-6C17-90FF531DF755): 1
LogDevObjectVersion:   Private-Geometry (6EACA3D4-40EC-4CC1-B786-8BED09428FC5): 3
LogDevObjectVersion:   Dev-AnimPhys (29E575DD-E0A3-4627-9D10-D276232CDCEA): 17
LogDevObjectVersion:   Dev-Anim (AF43A65D-7FD3-4947-9873-3E8ED9C1BB05): 2
LogDevObjectVersion:   Dev-ReflectionCapture (6B266CEC-1EC7-4B8F-A30B-E4D90942FC07): 1
LogDevObjectVersion:   Dev-Automation (0DF73D61-A23F-47EA-B727-89E90C41499A): 1
LogDevObjectVersion:   FortniteMain (601D1886-AC64-4F84-AA16-D3DE0DEAC7D6): 25
LogDevObjectVersion:   Dev-Enterprise (9DFFBCD6-494F-0158-E221-12823C92A888): 6
LogDevObjectVersion:   Dev-Niagara (F2AED0AC-9AFE-416F-8664-AA7FFA26D6FC): 1
LogDevObjectVersion:   Dev-Destruction (174F1F0B-B4C6-45A5-B13F-2EE8D0FB917D): 2
LogInit: Presizing for max 16777216 objects, including 0 objects not considered by GC, pre-allocating 0 bytes for permanent pool.
LogInit: Object subsystem initialized
LogConfig: Setting CVar [[con.DebugEarlyDefault:1]]
LogConfig: Setting CVar [[r.setres:1280x720]]
[2019.09.17-01.54.34:143][  0]LogConfig: Setting CVar [[r.VSync:0]]
[2019.09.17-01.54.34:143][  0]LogConfig: Setting CVar [[r.RHICmdBypass:0]]
[2019.09.17-01.54.34:143][  0]LogConfig: Applying CVar settings from Section [/Script/Engine.RendererSettings] File [C:/Users/ellan/Documents/GitHub/3D-Platformer/MyProject2/Saved/Config/Windows/Engine.ini]
[2019.09.17-01.54.34:143][  0]LogConfig: Setting CVar [[r.GPUCrashDebugging:0]]
[2019.09.17-01.54.34:143][  0]LogConfig: Setting CVar [[r.DefaultFeature.AutoExposure.ExtendDefaultLuminanceRange:1]]
[2019.09.17-01.54.34:143][  0]LogConfig: Setting CVar [[r.DefaultFeature.AutoExposure:0]]
[2019.09.17-01.54.34:143][  0]LogConfig: Applying CVar settings from Section [/Script/Engine.RendererOverrideSettings] File [C:/Users/ellan/Documents/GitHub/3D-Platformer/MyProject2/Saved/Config/Windows/Engine.ini]
[2019.09.17-01.54.34:143][  0]LogConfig: Applying CVar settings from Section [/Script/Engine.StreamingSettings] File [C:/Users/ellan/Documents/GitHub/3D-Platformer/MyProject2/Saved/Config/Windows/Engine.ini]
[2019.09.17-01.54.34:143][  0]LogConfig: Setting CVar [[s.MinBulkDataSizeForAsyncLoading:131072]]
[2019.09.17-01.54.34:143][  0]LogConfig: Setting CVar [[s.AsyncLoadingThreadEnabled:0]]
[2019.09.17-01.54.34:143][  0]LogConfig: Setting CVar [[s.EventDrivenLoaderEnabled:1]]
[2019.09.17-01.54.34:143][  0]LogConfig: Setting CVar [[s.WarnIfTimeLimitExceeded:0]]
[2019.09.17-01.54.34:143][  0]LogConfig: Setting CVar [[s.TimeLimitExceededMultiplier:1.5]]
[2019.09.17-01.54.34:143][  0]LogConfig: Setting CVar [[s.TimeLimitExceededMinTime:0.005]]
[2019.09.17-01.54.34:143][  0]LogConfig: Setting CVar [[s.UseBackgroundLevelStreaming:1]]
[2019.09.17-01.54.34:143][  0]LogConfig: Setting CVar [[s.PriorityAsyncLoadingExtraTime:15.0]]
[2019.09.17-01.54.34:144][  0]LogConfig: Setting CVar [[s.LevelStreamingActorsUpdateTimeLimit:5.0]]
[2019.09.17-01.54.34:144][  0]LogConfig: Setting CVar [[s.PriorityLevelStreamingActorsUpdateExtraTime:5.0]]
[2019.09.17-01.54.34:144][  0]LogConfig: Setting CVar [[s.LevelStreamingComponentsRegistrationGranularity:10]]
[2019.09.17-01.54.34:144][  0]LogConfig: Setting CVar [[s.UnregisterComponentsTimeLimit:1.0]]
[2019.09.17-01.54.34:144][  0]LogConfig: Setting CVar [[s.LevelStreamingComponentsUnregistrationGranularity:5]]
[2019.09.17-01.54.34:144][  0]LogConfig: Applying CVar settings from Section [/Script/Engine.GarbageCollectionSettings] File [C:/Users/ellan/Documents/GitHub/3D-Platformer/MyProject2/Saved/Config/Windows/Engine.ini]
[2019.09.17-01.54.34:144][  0]LogConfig: Setting CVar [[gc.MaxObjectsNotConsideredByGC:1]]
[2019.09.17-01.54.34:144][  0]LogConfig: Setting CVar [[gc.SizeOfPermanentObjectPool:0]]
[2019.09.17-01.54.34:144][  0]LogConfig: Setting CVar [[gc.FlushStreamingOnGC:0]]
[2019.09.17-01.54.34:144][  0]LogConfig: Setting CVar [[gc.NumRetriesBeforeForcingGC:10]]
[2019.09.17-01.54.34:144][  0]LogConfig: Setting CVar [[gc.AllowParallelGC:1]]
[2019.09.17-01.54.34:144][  0]LogConfig: Setting CVar [[gc.TimeBetweenPurgingPendingKillObjects:61.1]]
[2019.09.17-01.54.34:144][  0]LogConfig: Setting CVar [[gc.MaxObjectsInEditor:16777216]]
[2019.09.17-01.54.34:144][  0]LogConfig: Setting CVar [[gc.IncrementalBeginDestroyEnabled:1]]
[2019.09.17-01.54.34:144][  0]LogConfig: Setting CVar [[gc.CreateGCClusters:1]]
[2019.09.17-01.54.34:144][  0]LogConfig: Setting CVar [[gc.MinGCClusterSize:5]]
[2019.09.17-01.54.34:144][  0]LogConfig: Setting CVar [[gc.ActorClusteringEnabled:0]]
[2019.09.17-01.54.34:144][  0]LogConfig: Setting CVar [[gc.BlueprintClusteringEnabled:0]]
[2019.09.17-01.54.34:144][  0]LogConfig: Setting CVar [[gc.UseDisregardForGCOnDedicatedServers:0]]
[2019.09.17-01.54.34:144][  0]LogConfig: Applying CVar settings from Section [/Script/Engine.NetworkSettings] File [C:/Users/ellan/Documents/GitHub/3D-Platformer/MyProject2/Saved/Config/Windows/Engine.ini]
[2019.09.17-01.54.34:144][  0]LogConfig: Applying CVar settings from Section [/Script/UnrealEd.CookerSettings] File [C:/Users/ellan/Documents/GitHub/3D-Platformer/MyProject2/Saved/Config/Windows/Engine.ini]
[2019.09.17-01.54.34:157][  0]LogConfig: Applying CVar settings from Section [ViewDistanceQuality@3] File [C:/Users/ellan/Documents/GitHub/3D-Platformer/MyProject2/Saved/Config/Windows/Scalability.ini]
[2019.09.17-01.54.34:157][  0]LogConfig: Setting CVar [[r.SkeletalMeshLODBias:0]]
[2019.09.17-01.54.34:157][  0]LogConfig: Setting CVar [[r.ViewDistanceScale:1.0]]
[2019.09.17-01.54.34:157][  0]LogConfig: Applying CVar settings from Section [AntiAliasingQuality@3] File [C:/Users/ellan/Documents/GitHub/3D-Platformer/MyProject2/Saved/Config/Windows/Scalability.ini]
[2019.09.17-01.54.34:157][  0]LogConfig: Setting CVar [[r.PostProcessAAQuality:4]]
[2019.09.17-01.54.34:157][  0]LogConfig: Applying CVar settings from Section [ShadowQuality@3] File [C:/Users/ellan/Documents/GitHub/3D-Platformer/MyProject2/Saved/Config/Windows/Scalability.ini]
[2019.09.17-01.54.34:157][  0]LogConfig: Setting CVar [[r.LightFunctionQuality:1]]
[2019.09.17-01.54.34:157][  0]LogConfig: Setting CVar [[r.ShadowQuality:5]]
[2019.09.17-01.54.34:157][  0]LogConfig: Setting CVar [[r.Shadow.CSM.MaxCascades:10]]
[2019.09.17-01.54.34:157][  0]LogConfig: Setting CVar [[r.Shadow.MaxResolution:2048]]
[2019.09.17-01.54.34:157][  0]LogConfig: Setting CVar [[r.Shadow.MaxCSMResolution:2048]]
[2019.09.17-01.54.34:157][  0]LogConfig: Setting CVar [[r.Shadow.RadiusThreshold:0.01]]
[2019.09.17-01.54.34:157][  0]LogConfig: Setting CVar [[r.Shadow.DistanceScale:1.0]]
[2019.09.17-01.54.34:158][  0]LogConfig: Setting CVar [[r.Shadow.CSM.TransitionScale:1.0]]
[2019.09.17-01.54.34:158][  0]LogConfig: Setting CVar [[r.Shadow.PreShadowResolutionFactor:1.0]]
[2019.09.17-01.54.34:158][  0]LogConfig: Setting CVar [[r.DistanceFieldShadowing:1]]
[2019.09.17-01.54.34:158][  0]LogConfig: Setting CVar [[r.DistanceFieldAO:1]]
[2019.09.17-01.54.34:158][  0]LogConfig: Setting CVar [[r.AOQuality:2]]
[2019.09.17-01.54.34:158][  0]LogConfig: Setting CVar [[r.VolumetricFog:1]]
[2019.09.17-01.54.34:158][  0]LogConfig: Setting CVar [[r.VolumetricFog.GridPixelSize:8]]
[2019.09.17-01.54.34:158][  0]LogConfig: Setting CVar [[r.VolumetricFog.GridSizeZ:128]]
[2019.09.17-01.54.34:158][  0]LogConfig: Setting CVar [[r.VolumetricFog.HistoryMissSupersampleCount:4]]
[2019.09.17-01.54.34:158][  0]LogConfig: Setting CVar [[r.LightMaxDrawDistanceScale:1]]
[2019.09.17-01.54.34:158][  0]LogConfig: Setting CVar [[r.CapsuleShadows:1]]
[2019.09.17-01.54.34:158][  0]LogConfig: Applying CVar settings from Section [PostProcessQuality@3] File [C:/Users/ellan/Documents/GitHub/3D-Platformer/MyProject2/Saved/Config/Windows/Scalability.ini]
[2019.09.17-01.54.34:158][  0]LogConfig: Setting CVar [[r.MotionBlurQuality:4]]
[2019.09.17-01.54.34:158][  0]LogConfig: Setting CVar [[r.AmbientOcclusionMipLevelFactor:0.4]]
[2019.09.17-01.54.34:158][  0]LogConfig: Setting CVar [[r.AmbientOcclusionMaxQuality:100]]
[2019.09.17-01.54.34:158][  0]LogConfig: Setting CVar [[r.AmbientOcclusionLevels:-1]]
[2019.09.17-01.54.34:158][  0]LogConfig: Setting CVar [[r.AmbientOcclusionRadiusScale:1.0]]
[2019.09.17-01.54.34:158][  0]LogConfig: Setting CVar [[r.DepthOfFieldQuality:2]]
[2019.09.17-01.54.34:158][  0]LogConfig: Setting CVar [[r.RenderTargetPoolMin:400]]
[2019.09.17-01.54.34:158][  0]LogConfig: Setting CVar [[r.LensFlareQuality:2]]
[2019.09.17-01.54.34:158][  0]LogConfig: Setting CVar [[r.SceneColorFringeQuality:1]]
[2019.09.17-01.54.34:159][  0]LogConfig: Setting CVar [[r.EyeAdaptationQuality:2]]
[2019.09.17-01.54.34:159][  0]LogConfig: Setting CVar [[r.BloomQuality:5]]
[2019.09.17-01.54.34:159][  0]LogConfig: Setting CVar [[r.FastBlurThreshold:100]]
[2019.09.17-01.54.34:159][  0]LogConfig: Setting CVar [[r.Upscale.Quality:3]]
[2019.09.17-01.54.34:159][  0]LogConfig: Setting CVar [[r.Tonemapper.GrainQuantization:1]]
[2019.09.17-01.54.34:159][  0]LogConfig: Setting CVar [[r.LightShaftQuality:1]]
[2019.09.17-01.54.34:159][  0]LogConfig: Setting CVar [[r.Filter.SizeScale:1]]
[2019.09.17-01.54.34:159][  0]LogConfig: Setting CVar [[r.Tonemapper.Quality:5]]
[2019.09.17-01.54.34:159][  0]LogConfig: Setting CVar [[r.DOF.Gather.AccumulatorQuality:1        ; higher gathering accumulator quality]]
[2019.09.17-01.54.34:159][  0]LogConfig: Setting CVar [[r.DOF.Gather.PostfilterMethod:1          ; Median3x3 postfilering method]]
[2019.09.17-01.54.34:159][  0]LogConfig: Setting CVar [[r.DOF.Gather.EnableBokehSettings:0       ; no bokeh simulation when gathering]]
[2019.09.17-01.54.34:159][  0]LogConfig: Setting CVar [[r.DOF.Gather.RingCount:4                 ; medium number of samples when gathering]]
[2019.09.17-01.54.34:159][  0]LogConfig: Setting CVar [[r.DOF.Scatter.ForegroundCompositing:1    ; additive foreground scattering]]
[2019.09.17-01.54.34:159][  0]LogConfig: Setting CVar [[r.DOF.Scatter.BackgroundCompositing:2    ; additive background scattering]]
[2019.09.17-01.54.34:159][  0]LogConfig: Setting CVar [[r.DOF.Scatter.EnableBokehSettings:1      ; bokeh simulation when scattering]]
[2019.09.17-01.54.34:159][  0]LogConfig: Setting CVar [[r.DOF.Scatter.MaxSpriteRatio:0.1         ; only a maximum of 10% of scattered bokeh]]
[2019.09.17-01.54.34:159][  0]LogConfig: Setting CVar [[r.DOF.Recombine.Quality:1                ; cheap slight out of focus]]
[2019.09.17-01.54.34:159][  0]LogConfig: Setting CVar [[r.DOF.Recombine.EnableBokehSettings:0    ; no bokeh simulation on slight out of focus]]
[2019.09.17-01.54.34:159][  0]LogConfig: Setting CVar [[r.DOF.TemporalAAQuality:1                ; more stable temporal accumulation]]
[2019.09.17-01.54.34:159][  0]LogConfig: Setting CVar [[r.DOF.Kernel.MaxForegroundRadius:0.025]]
[2019.09.17-01.54.34:159][  0]LogConfig: Setting CVar [[r.DOF.Kernel.MaxBackgroundRadius:0.025]]
[2019.09.17-01.54.34:159][  0]LogConfig: Applying CVar settings from Section [TextureQuality@3] File [C:/Users/ellan/Documents/GitHub/3D-Platformer/MyProject2/Saved/Config/Windows/Scalability.ini]
[2019.09.17-01.54.34:160][  0]LogConfig: Setting CVar [[r.Streaming.MipBias:0]]
[2019.09.17-01.54.34:160][  0]LogConfig: Setting CVar [[r.Streaming.AmortizeCPUToGPUCopy:0]]
[2019.09.17-01.54.34:160][  0]LogConfig: Setting CVar [[r.Streaming.MaxNumTexturesToStreamPerFrame:0]]
[2019.09.17-01.54.34:160][  0]LogConfig: Setting CVar [[r.Streaming.Boost:1]]
[2019.09.17-01.54.34:160][  0]LogConfig: Setting CVar [[r.MaxAnisotropy:8]]
[2019.09.17-01.54.34:160][  0]LogConfig: Setting CVar [[r.Streaming.LimitPoolSizeToVRAM:0]]
[2019.09.17-01.54.34:160][  0]LogConfig: Setting CVar [[r.Streaming.PoolSize:1000]]
[2019.09.17-01.54.34:160][  0]LogConfig: Setting CVar [[r.Streaming.MaxEffectiveScreenSize:0]]
[2019.09.17-01.54.34:160][  0]LogConfig: Applying CVar settings from Section [EffectsQuality@3] File [C:/Users/ellan/Documents/GitHub/3D-Platformer/MyProject2/Saved/Config/Windows/Scalability.ini]
[2019.09.17-01.54.34:160][  0]LogConfig: Setting CVar [[r.TranslucencyLightingVolumeDim:64]]
[2019.09.17-01.54.34:160][  0]LogConfig: Setting CVar [[r.RefractionQuality:2]]
[2019.09.17-01.54.34:160][  0]LogConfig: Setting CVar [[r.SSR.Quality:3]]
[2019.09.17-01.54.34:160][  0]LogConfig: Setting CVar [[r.SceneColorFormat:4]]
[2019.09.17-01.54.34:160][  0]LogConfig: Setting CVar [[r.DetailMode:2]]
[2019.09.17-01.54.34:161][  0]LogConfig: Setting CVar [[r.TranslucencyVolumeBlur:1]]
[2019.09.17-01.54.34:161][  0]LogConfig: Setting CVar [[r.MaterialQualityLevel:1 ; High quality]]
[2019.09.17-01.54.34:161][  0]LogConfig: Setting CVar [[r.SSS.Scale:1]]
[2019.09.17-01.54.34:161][  0]LogConfig: Setting CVar [[r.SSS.SampleSet:2]]
[2019.09.17-01.54.34:161][  0]LogConfig: Setting CVar [[r.SSS.Quality:1]]
[2019.09.17-01.54.34:161][  0]LogConfig: Setting CVar [[r.SSS.HalfRes:1]]
[2019.09.17-01.54.34:161][  0]LogConfig: Setting CVar [[r.EmitterSpawnRateScale:1.0]]
[2019.09.17-01.54.34:161][  0]LogConfig: Setting CVar [[r.ParticleLightQuality:2]]
[2019.09.17-01.54.34:161][  0]LogConfig: Applying CVar settings from Section [FoliageQuality@3] File [C:/Users/ellan/Documents/GitHub/3D-Platformer/MyProject2/Saved/Config/Windows/Scalability.ini]
[2019.09.17-01.54.34:161][  0]LogConfig: Setting CVar [[foliage.DensityScale:1.0]]
[2019.09.17-01.54.34:161][  0]LogConfig: Setting CVar [[grass.DensityScale:1.0]]
[2019.09.17-01.54.34:161][  0]LogInit: Selected Device Profile: [Windows]
[2019.09.17-01.54.34:161][  0]LogInit: Applying CVar settings loaded from the selected device profile: [Windows]
[2019.09.17-01.54.34:193][  0]LogHAL: Display: Platform has ~ 16 GB [17016786944 / 17179869184 / 16], which maps to Larger [LargestMinGB=32, LargerMinGB=12, DefaultMinGB=8, SmallerMinGB=6, SmallestMinGB=0)
[2019.09.17-01.54.34:193][  0]LogConfig: Setting CVar [[r.Vulkan.UseRealUBs:0		; Required until we fix HLR fall-out]]
[2019.09.17-01.54.34:193][  0]LogInit: Going up to parent DeviceProfile []
[2019.09.17-01.54.34:193][  0]LogConfig: Applying CVar settings from Section [ViewDistanceQuality@3] File [C:/Users/ellan/Documents/GitHub/3D-Platformer/MyProject2/Saved/Config/Windows/Scalability.ini]
[2019.09.17-01.54.34:193][  0]LogConfig: Setting CVar [[r.SkeletalMeshLODBias:0]]
[2019.09.17-01.54.34:193][  0]LogConfig: Setting CVar [[r.ViewDistanceScale:1.0]]
[2019.09.17-01.54.34:194][  0]LogConfig: Applying CVar settings from Section [AntiAliasingQuality@3] File [C:/Users/ellan/Documents/GitHub/3D-Platformer/MyProject2/Saved/Config/Windows/Scalability.ini]
[2019.09.17-01.54.34:194][  0]LogConfig: Setting CVar [[r.PostProcessAAQuality:4]]
[2019.09.17-01.54.34:194][  0]LogConfig: Applying CVar settings from Section [ShadowQuality@3] File [C:/Users/ellan/Documents/GitHub/3D-Platformer/MyProject2/Saved/Config/Windows/Scalability.ini]
[2019.09.17-01.54.34:194][  0]LogConfig: Setting CVar [[r.LightFunctionQuality:1]]
[2019.09.17-01.54.34:194][  0]LogConfig: Setting CVar [[r.ShadowQuality:5]]
[2019.09.17-01.54.34:194][  0]LogConfig: Setting CVar [[r.Shadow.CSM.MaxCascades:10]]
[2019.09.17-01.54.34:194][  0]LogConfig: Setting CVar [[r.Shadow.MaxResolution:2048]]
[2019.09.17-01.54.34:194][  0]LogConfig: Setting CVar [[r.Shadow.MaxCSMResolution:2048]]
[2019.09.17-01.54.34:194][  0]LogConfig: Setting CVar [[r.Shadow.RadiusThreshold:0.01]]
[2019.09.17-01.54.34:194][  0]LogConfig: Setting CVar [[r.Shadow.DistanceScale:1.0]]
[2019.09.17-01.54.34:194][  0]LogConfig: Setting CVar [[r.Shadow.CSM.TransitionScale:1.0]]
[2019.09.17-01.54.34:194][  0]LogConfig: Setting CVar [[r.Shadow.PreShadowResolutionFactor:1.0]]
[2019.09.17-01.54.34:194][  0]LogConfig: Setting CVar [[r.DistanceFieldShadowing:1]]
[2019.09.17-01.54.34:194][  0]LogConfig: Setting CVar [[r.DistanceFieldAO:1]]
[2019.09.17-01.54.34:194][  0]LogConfig: Setting CVar [[r.AOQuality:2]]
[2019.09.17-01.54.34:194][  0]LogConfig: Setting CVar [[r.VolumetricFog:1]]
[2019.09.17-01.54.34:194][  0]LogConfig: Setting CVar [[r.VolumetricFog.GridPixelSize:8]]
[2019.09.17-01.54.34:194][  0]LogConfig: Setting CVar [[r.VolumetricFog.GridSizeZ:128]]
[2019.09.17-01.54.34:194][  0]LogConfig: Setting CVar [[r.VolumetricFog.HistoryMissSupersampleCount:4]]
[2019.09.17-01.54.34:194][  0]LogConfig: Setting CVar [[r.LightMaxDrawDistanceScale:1]]
[2019.09.17-01.54.34:194][  0]LogConfig: Setting CVar [[r.CapsuleShadows:1]]
[2019.09.17-01.54.34:194][  0]LogConfig: Applying CVar settings from Section [PostProcessQuality@3] File [C:/Users/ellan/Documents/GitHub/3D-Platformer/MyProject2/Saved/Config/Windows/Scalability.ini]
[2019.09.17-01.54.34:194][  0]LogConfig: Setting CVar [[r.MotionBlurQuality:4]]
[2019.09.17-01.54.34:194][  0]LogConfig: Setting CVar [[r.AmbientOcclusionMipLevelFactor:0.4]]
[2019.09.17-01.54.34:194][  0]LogConfig: Setting CVar [[r.AmbientOcclusionMaxQuality:100]]
[2019.09.17-01.54.34:195][  0]LogConfig: Setting CVar [[r.AmbientOcclusionLevels:-1]]
[2019.09.17-01.54.34:195][  0]LogConfig: Setting CVar [[r.AmbientOcclusionRadiusScale:1.0]]
[2019.09.17-01.54.34:195][  0]LogConfig: Setting CVar [[r.DepthOfFieldQuality:2]]
[2019.09.17-01.54.34:195][  0]LogConfig: Setting CVar [[r.RenderTargetPoolMin:400]]
[2019.09.17-01.54.34:195][  0]LogConfig: Setting CVar [[r.LensFlareQuality:2]]
[2019.09.17-01.54.34:195][  0]LogConfig: Setting CVar [[r.SceneColorFringeQuality:1]]
[2019.09.17-01.54.34:195][  0]LogConfig: Setting CVar [[r.EyeAdaptationQuality:2]]
[2019.09.17-01.54.34:195][  0]LogConfig: Setting CVar [[r.BloomQuality:5]]
[2019.09.17-01.54.34:195][  0]LogConfig: Setting CVar [[r.FastBlurThreshold:100]]
[2019.09.17-01.54.34:195][  0]LogConfig: Setting CVar [[r.Upscale.Quality:3]]
[2019.09.17-01.54.34:195][  0]LogConfig: Setting CVar [[r.Tonemapper.GrainQuantization:1]]
[2019.09.17-01.54.34:195][  0]LogConfig: Setting CVar [[r.LightShaftQuality:1]]
[2019.09.17-01.54.34:195][  0]LogConfig: Setting CVar [[r.Filter.SizeScale:1]]
[2019.09.17-01.54.34:195][  0]LogConfig: Setting CVar [[r.Tonemapper.Quality:5]]
[2019.09.17-01.54.34:195][  0]LogConfig: Setting CVar [[r.DOF.Gather.AccumulatorQuality:1        ; higher gathering accumulator quality]]
[2019.09.17-01.54.34:195][  0]LogConfig: Setting CVar [[r.DOF.Gather.PostfilterMethod:1          ; Median3x3 postfilering method]]
[2019.09.17-01.54.34:195][  0]LogConfig: Setting CVar [[r.DOF.Gather.EnableBokehSettings:0       ; no bokeh simulation when gathering]]
[2019.09.17-01.54.34:195][  0]LogConfig: Setting CVar [[r.DOF.Gather.RingCount:4                 ; medium number of samples when gathering]]
[2019.09.17-01.54.34:195][  0]LogConfig: Setting CVar [[r.DOF.Scatter.ForegroundCompositing:1    ; additive foreground scattering]]
[2019.09.17-01.54.34:196][  0]LogConfig: Setting CVar [[r.DOF.Scatter.BackgroundCompositing:2    ; additive background scattering]]
[2019.09.17-01.54.34:196][  0]LogConfig: Setting CVar [[r.DOF.Scatter.EnableBokehSettings:1      ; bokeh simulation when scattering]]
[2019.09.17-01.54.34:196][  0]LogConfig: Setting CVar [[r.DOF.Scatter.MaxSpriteRatio:0.1         ; only a maximum of 10% of scattered bokeh]]
[2019.09.17-01.54.34:196][  0]LogConfig: Setting CVar [[r.DOF.Recombine.Quality:1                ; cheap slight out of focus]]
[2019.09.17-01.54.34:196][  0]LogConfig: Setting CVar [[r.DOF.Recombine.EnableBokehSettings:0    ; no bokeh simulation on slight out of focus]]
[2019.09.17-01.54.34:196][  0]LogConfig: Setting CVar [[r.DOF.TemporalAAQuality:1                ; more stable temporal accumulation]]
[2019.09.17-01.54.34:196][  0]LogConfig: Setting CVar [[r.DOF.Kernel.MaxForegroundRadius:0.025]]
[2019.09.17-01.54.34:196][  0]LogConfig: Setting CVar [[r.DOF.Kernel.MaxBackgroundRadius:0.025]]
[2019.09.17-01.54.34:196][  0]LogConfig: Applying CVar settings from Section [TextureQuality@3] File [C:/Users/ellan/Documents/GitHub/3D-Platformer/MyProject2/Saved/Config/Windows/Scalability.ini]
[2019.09.17-01.54.34:196][  0]LogConfig: Setting CVar [[r.Streaming.MipBias:0]]
[2019.09.17-01.54.34:196][  0]LogConfig: Setting CVar [[r.Streaming.AmortizeCPUToGPUCopy:0]]
[2019.09.17-01.54.34:196][  0]LogConfig: Setting CVar [[r.Streaming.MaxNumTexturesToStreamPerFrame:0]]
[2019.09.17-01.54.34:196][  0]LogConfig: Setting CVar [[r.Streaming.Boost:1]]
[2019.09.17-01.54.34:196][  0]LogConfig: Setting CVar [[r.MaxAnisotropy:8]]
[2019.09.17-01.54.34:196][  0]LogConfig: Setting CVar [[r.Streaming.LimitPoolSizeToVRAM:0]]
[2019.09.17-01.54.34:196][  0]LogConfig: Setting CVar [[r.Streaming.PoolSize:1000]]
[2019.09.17-01.54.34:196][  0]LogConfig: Setting CVar [[r.Streaming.MaxEffectiveScreenSize:0]]
[2019.09.17-01.54.34:196][  0]LogConfig: Applying CVar settings from Section [EffectsQuality@3] File [C:/Users/ellan/Documents/GitHub/3D-Platformer/MyProject2/Saved/Config/Windows/Scalability.ini]
[2019.09.17-01.54.34:196][  0]LogConfig: Setting CVar [[r.TranslucencyLightingVolumeDim:64]]
[2019.09.17-01.54.34:196][  0]LogConfig: Setting CVar [[r.RefractionQuality:2]]
[2019.09.17-01.54.34:196][  0]LogConfig: Setting CVar [[r.SSR.Quality:3]]
[2019.09.17-01.54.34:197][  0]LogConfig: Setting CVar [[r.SceneColorFormat:4]]
[2019.09.17-01.54.34:197][  0]LogConfig: Setting CVar [[r.DetailMode:2]]
[2019.09.17-01.54.34:197][  0]LogConfig: Setting CVar [[r.TranslucencyVolumeBlur:1]]
[2019.09.17-01.54.34:197][  0]LogConfig: Setting CVar [[r.MaterialQualityLevel:1 ; High quality]]
[2019.09.17-01.54.34:197][  0]LogConfig: Setting CVar [[r.SSS.Scale:1]]
[2019.09.17-01.54.34:197][  0]LogConfig: Setting CVar [[r.SSS.SampleSet:2]]
[2019.09.17-01.54.34:197][  0]LogConfig: Setting CVar [[r.SSS.Quality:1]]
[2019.09.17-01.54.34:197][  0]LogConfig: Setting CVar [[r.SSS.HalfRes:1]]
[2019.09.17-01.54.34:197][  0]LogConfig: Setting CVar [[r.EmitterSpawnRateScale:1.0]]
[2019.09.17-01.54.34:197][  0]LogConfig: Setting CVar [[r.ParticleLightQuality:2]]
[2019.09.17-01.54.34:197][  0]LogConfig: Applying CVar settings from Section [FoliageQuality@3] File [C:/Users/ellan/Documents/GitHub/3D-Platformer/MyProject2/Saved/Config/Windows/Scalability.ini]
[2019.09.17-01.54.34:197][  0]LogConfig: Setting CVar [[foliage.DensityScale:1.0]]
[2019.09.17-01.54.34:197][  0]LogConfig: Setting CVar [[grass.DensityScale:1.0]]
[2019.09.17-01.54.34:197][  0]LogConfig: Applying CVar settings from Section [Startup] File [../../../Engine/Config/ConsoleVariables.ini]
[2019.09.17-01.54.34:198][  0]LogConfig: Setting CVar [[net.UseAdaptiveNetUpdateFrequency:0]]
[2019.09.17-01.54.34:198][  0]LogConfig: Setting CVar [[p.chaos.AllowCreatePhysxBodies:1]]
[2019.09.17-01.54.34:198][  0]LogConfig: Applying CVar settings from Section [ConsoleVariables] File [C:/Users/ellan/Documents/GitHub/3D-Platformer/MyProject2/Saved/Config/Windows/Engine.ini]
[2019.09.17-01.54.34:199][  0]LogInit: Computer: MSI
[2019.09.17-01.54.34:199][  0]LogInit: User: ellan
[2019.09.17-01.54.34:199][  0]LogInit: CPU Page size=4096, Cores=6
[2019.09.17-01.54.34:199][  0]LogInit: High frequency timer resolution =2.156247 MHz
[2019.09.17-01.54.34:199][  0]LogMemory: Memory total: Physical=15.8GB (16GB approx)
[2019.09.17-01.54.34:199][  0]LogMemory: Platform Memory Stats for Windows
[2019.09.17-01.54.34:200][  0]LogMemory: Process Physical Memory: 96.62 MB used, 96.62 MB peak
[2019.09.17-01.54.34:200][  0]LogMemory: Process Virtual Memory: 89.82 MB used, 89.82 MB peak
[2019.09.17-01.54.34:200][  0]LogMemory: Physical Memory: 6332.96 MB used,  9895.51 MB free, 16228.47 MB total
[2019.09.17-01.54.34:200][  0]LogMemory: Virtual Memory: 4672.62 MB used,  134213056.00 MB free, 134217728.00 MB total
[2019.09.17-01.54.35:023][  0]LogInit: Using OS detected language (en-US).
[2019.09.17-01.54.35:023][  0]LogInit: Using OS detected locale (en-AU).
[2019.09.17-01.54.35:027][  0]LogTextLocalizationManager: No specific localization for 'en-US' exists, so the 'en' localization will be used.
[2019.09.17-01.54.35:552][  0]LogInit: Setting process to per monitor DPI aware
[2019.09.17-01.54.35:661][  0]LogSlate: New Slate User Created.  User Index 0, Is Virtual User: 0
[2019.09.17-01.54.35:661][  0]LogSlate: Slate User Registered.  User Index 0, Is Virtual User: 0
[2019.09.17-01.54.36:100][  0]LogHMD: Failed to initialize OpenVR with code 110
[2019.09.17-01.54.36:100][  0]LogD3D11RHI: D3D11 adapters:
[2019.09.17-01.54.36:196][  0]LogD3D11RHI:    0. 'NVIDIA GeForce RTX 2060' (Feature Level 11_0)
[2019.09.17-01.54.36:196][  0]LogD3D11RHI:       5980/0/8114 MB DedicatedVideo/DedicatedSystem/SharedSystem, Outputs:1, VendorId:0x10de
[2019.09.17-01.54.36:234][  0]LogD3D11RHI:    1. 'Intel(R) UHD Graphics 630' (Feature Level 11_0)
[2019.09.17-01.54.36:234][  0]LogD3D11RHI:       128/0/8114 MB DedicatedVideo/DedicatedSystem/SharedSystem, Outputs:0, VendorId:0x8086
[2019.09.17-01.54.36:240][  0]LogD3D11RHI:    2. 'Microsoft Basic Render Driver' (Feature Level 11_0)
[2019.09.17-01.54.36:240][  0]LogD3D11RHI:       0/0/8114 MB DedicatedVideo/DedicatedSystem/SharedSystem, Outputs:0, VendorId:0x1414
[2019.09.17-01.54.36:240][  0]LogD3D11RHI: Chosen D3D11 Adapter: 0
[2019.09.17-01.54.36:330][  0]LogD3D11RHI: Creating new Direct3DDevice
[2019.09.17-01.54.36:330][  0]LogD3D11RHI:     GPU DeviceId: 0x1f11 (for the marketing name, search the web for "GPU Device Id")
[2019.09.17-01.54.36:330][  0]LogWindows: EnumDisplayDevices:
[2019.09.17-01.54.36:330][  0]LogWindows:    0. 'Intel(R) UHD Graphics 630' (P:1 D:1)
[2019.09.17-01.54.36:330][  0]LogWindows:    1. 'Intel(R) UHD Graphics 630' (P:0 D:0)
[2019.09.17-01.54.36:331][  0]LogWindows:    2. 'Intel(R) UHD Graphics 630' (P:0 D:0)
[2019.09.17-01.54.36:331][  0]LogWindows:    3. 'NVIDIA GeForce RTX 2060' (P:0 D:0)
[2019.09.17-01.54.36:332][  0]LogWindows:    4. 'NVIDIA GeForce RTX 2060' (P:0 D:0)
[2019.09.17-01.54.36:332][  0]LogWindows:    5. 'NVIDIA GeForce RTX 2060' (P:0 D:0)
[2019.09.17-01.54.36:332][  0]LogWindows:    6. 'NVIDIA GeForce RTX 2060' (P:0 D:0)
[2019.09.17-01.54.36:333][  0]LogWindows: DebugString: PrimaryIsNotTheChoosenAdapter PrimaryIsNotTheChoosenAdapter PrimaryIsNotTheChoosenAdapter FoundDriverCount:4 
[2019.09.17-01.54.36:333][  0]LogD3D11RHI:     Adapter Name: NVIDIA GeForce RTX 2060
[2019.09.17-01.54.36:333][  0]LogD3D11RHI:   Driver Version: 417.49 (internal:25.21.14.1749, unified:417.49)
[2019.09.17-01.54.36:333][  0]LogD3D11RHI:      Driver Date: 12-17-2018
[2019.09.17-01.54.36:333][  0]LogRHI: Texture pool is 4186 MB (70% of 5980 MB)
[2019.09.17-01.54.36:471][  0]LogD3D11RHI: Async texture creation enabled
[2019.09.17-01.54.36:483][  0]LogRendererCore: FGlobalReadBuffer::InitRHI
[2019.09.17-01.54.36:484][  0]LogRendererCore: FGlobalReadBuffer::InitRHI
[2019.09.17-01.54.36:484][  0]LogRendererCore: FGlobalReadBuffer::InitRHI
[2019.09.17-01.54.36:502][  0]LogD3D11RHI: GPU Timing Frequency: 1000.000000 (Debug: 2 2)
[2019.09.17-01.54.37:575][  0]LogTemp: Display: Module 'AllDesktopTargetPlatform' loaded TargetPlatform 'AllDesktop'
[2019.09.17-01.54.37:608][  0]LogTemp: Display: Module 'MacClientTargetPlatform' loaded TargetPlatform 'MacClient'
[2019.09.17-01.54.37:641][  0]LogTemp: Display: Module 'MacNoEditorTargetPlatform' loaded TargetPlatform 'MacNoEditor'
[2019.09.17-01.54.37:682][  0]LogTemp: Display: Module 'MacServerTargetPlatform' loaded TargetPlatform 'MacServer'
[2019.09.17-01.54.37:716][  0]LogTemp: Display: Module 'MacTargetPlatform' loaded TargetPlatform 'Mac'
[2019.09.17-01.54.37:735][  0]LogTemp: Display: Module 'WindowsClientTargetPlatform' loaded TargetPlatform 'WindowsClient'
[2019.09.17-01.54.37:750][  0]LogTemp: Display: Module 'WindowsNoEditorTargetPlatform' loaded TargetPlatform 'WindowsNoEditor'
[2019.09.17-01.54.37:764][  0]LogTemp: Display: Module 'WindowsServerTargetPlatform' loaded TargetPlatform 'WindowsServer'
[2019.09.17-01.54.37:772][  0]LogTemp: Display: Module 'WindowsTargetPlatform' loaded TargetPlatform 'Windows'
[2019.09.17-01.54.37:872][  0]LogTemp: Display: Module 'AndroidTargetPlatform' loaded TargetPlatform 'Android'
[2019.09.17-01.54.37:872][  0]LogTemp: Display: Module 'AndroidTargetPlatform' loaded TargetPlatform 'Android_ASTC'
[2019.09.17-01.54.37:872][  0]LogTemp: Display: Module 'AndroidTargetPlatform' loaded TargetPlatform 'Android_ATC'
[2019.09.17-01.54.37:872][  0]LogTemp: Display: Module 'AndroidTargetPlatform' loaded TargetPlatform 'Android_DXT'
[2019.09.17-01.54.37:872][  0]LogTemp: Display: Module 'AndroidTargetPlatform' loaded TargetPlatform 'Android_ETC1'
[2019.09.17-01.54.37:872][  0]LogTemp: Display: Module 'AndroidTargetPlatform' loaded TargetPlatform 'Android_ETC1a'
[2019.09.17-01.54.37:872][  0]LogTemp: Display: Module 'AndroidTargetPlatform' loaded TargetPlatform 'Android_ETC2'
[2019.09.17-01.54.37:872][  0]LogTemp: Display: Module 'AndroidTargetPlatform' loaded TargetPlatform 'Android_PVRTC'
[2019.09.17-01.54.37:872][  0]LogTemp: Display: Module 'AndroidTargetPlatform' loaded TargetPlatform 'AndroidClient'
[2019.09.17-01.54.37:872][  0]LogTemp: Display: Module 'AndroidTargetPlatform' loaded TargetPlatform 'Android_ASTCClient'
[2019.09.17-01.54.37:872][  0]LogTemp: Display: Module 'AndroidTargetPlatform' loaded TargetPlatform 'Android_ATCClient'
[2019.09.17-01.54.37:872][  0]LogTemp: Display: Module 'AndroidTargetPlatform' loaded TargetPlatform 'Android_DXTClient'
[2019.09.17-01.54.37:872][  0]LogTemp: Display: Module 'AndroidTargetPlatform' loaded TargetPlatform 'Android_ETC1Client'
[2019.09.17-01.54.37:872][  0]LogTemp: Display: Module 'AndroidTargetPlatform' loaded TargetPlatform 'Android_ETC1aClient'
[2019.09.17-01.54.37:872][  0]LogTemp: Display: Module 'AndroidTargetPlatform' loaded TargetPlatform 'Android_ETC2Client'
[2019.09.17-01.54.37:872][  0]LogTemp: Display: Module 'AndroidTargetPlatform' loaded TargetPlatform 'Android_PVRTCClient'
[2019.09.17-01.54.37:872][  0]LogTemp: Display: Module 'AndroidTargetPlatform' loaded TargetPlatform 'Android_Multi'
[2019.09.17-01.54.37:872][  0]LogTemp: Display: Module 'AndroidTargetPlatform' loaded TargetPlatform 'Android_MultiClient'
[2019.09.17-01.54.37:879][  0]LogTemp: Display: Module 'HTML5TargetPlatform' loaded TargetPlatform 'HTML5'
[2019.09.17-01.54.37:972][  0]LogTemp: Display: Module 'IOSTargetPlatform' loaded TargetPlatform 'IOSClient'
[2019.09.17-01.54.37:972][  0]LogTemp: Display: Module 'IOSTargetPlatform' loaded TargetPlatform 'IOS'
[2019.09.17-01.54.38:046][  0]LogTemp: Display: Module 'TVOSTargetPlatform' loaded TargetPlatform 'TVOSClient'
[2019.09.17-01.54.38:046][  0]LogTemp: Display: Module 'TVOSTargetPlatform' loaded TargetPlatform 'TVOS'
[2019.09.17-01.54.38:074][  0]LogTemp: Display: Module 'LinuxClientTargetPlatform' loaded TargetPlatform 'LinuxClient'
[2019.09.17-01.54.38:112][  0]LogTemp: Display: Module 'LinuxNoEditorTargetPlatform' loaded TargetPlatform 'LinuxNoEditor'
[2019.09.17-01.54.38:138][  0]LogTemp: Display: Module 'LinuxServerTargetPlatform' loaded TargetPlatform 'LinuxServer'
[2019.09.17-01.54.38:156][  0]LogTemp: Display: Module 'LinuxTargetPlatform' loaded TargetPlatform 'Linux'
[2019.09.17-01.54.38:199][  0]LogTemp: Display: Module 'LuminTargetPlatform' loaded TargetPlatform 'Lumin'
[2019.09.17-01.54.38:199][  0]LogTemp: Display: Module 'LuminTargetPlatform' loaded TargetPlatform 'LuminClient'
[2019.09.17-01.54.38:199][  0]LogTargetPlatformManager: Display: Building Assets For Windows
[2019.09.17-01.54.38:212][  0]LogAudioDebug: Display: Lib vorbis DLL was dynamically loaded.
[2019.09.17-01.54.38:284][  0]LogShaderCompilers: Guid format shader working directory is -10 characters bigger than the processId version (../../../../../Documents/GitHub/3D-Platformer/MyProject2/Intermediate/Shaders/WorkingDirectory/4236/).
[2019.09.17-01.54.38:284][  0]LogShaderCompilers: Cleaned the shader compiler working directory 'C:/Users/ellan/AppData/Local/Temp/UnrealShaderWorkingDir/48A1B25641E32DF77396699612066277/'.
[2019.09.17-01.54.38:288][  0]LogXGEController: Cannot use XGE Controller as Incredibuild is not installed on this machine.
[2019.09.17-01.54.38:288][  0]LogShaderCompilers: Cannot use XGE Shader Compiler as Incredibuild is not installed on this machine.
[2019.09.17-01.54.38:288][  0]LogShaderCompilers: Display: Using Local Shader Compiler.
[2019.09.17-01.54.39:022][  0]LogDerivedDataCache: Display: Max Cache Size: 512 MB
[2019.09.17-01.54.39:080][  0]LogDerivedDataCache: Loaded boot cache 0.06s 71MB C:/Users/ellan/AppData/Local/UnrealEngine/4.22/DerivedDataCache/Boot.ddc.
[2019.09.17-01.54.39:080][  0]LogDerivedDataCache: Display: Loaded Boot cache: C:/Users/ellan/AppData/Local/UnrealEngine/4.22/DerivedDataCache/Boot.ddc
[2019.09.17-01.54.39:080][  0]LogDerivedDataCache: FDerivedDataBackendGraph:  Pak pak cache file ../../../../../Documents/GitHub/3D-Platformer/MyProject2/DerivedDataCache/DDC.ddp not found, will not use a pak cache.
[2019.09.17-01.54.39:080][  0]LogDerivedDataCache: Unable to find inner node Pak for hierarchical cache Hierarchy.
[2019.09.17-01.54.39:080][  0]LogDerivedDataCache: FDerivedDataBackendGraph:  CompressedPak pak cache file ../../../../../Documents/GitHub/3D-Platformer/MyProject2/DerivedDataCache/Compressed.ddp not found, will not use a pak cache.
[2019.09.17-01.54.39:080][  0]LogDerivedDataCache: Unable to find inner node CompressedPak for hierarchical cache Hierarchy.
[2019.09.17-01.54.39:093][  0]LogDerivedDataCache: Display: Pak cache opened for reading ../../../Engine/DerivedDataCache/Compressed.ddp.
[2019.09.17-01.54.39:093][  0]LogDerivedDataCache: FDerivedDataBackendGraph:  EnterprisePak pak cache file ../../../Enterprise/DerivedDataCache/Compressed.ddp not found, will not use a pak cache.
[2019.09.17-01.54.39:093][  0]LogDerivedDataCache: Unable to find inner node EnterprisePak for hierarchical cache Hierarchy.
[2019.09.17-01.54.39:106][  0]LogDerivedDataCache: Using Local data cache path C:/Users/ellan/AppData/Local/UnrealEngine/Common/DerivedDataCache: Writable
[2019.09.17-01.54.39:106][  0]LogDerivedDataCache: Shared data cache path not found in *engine.ini, will not use an Shared cache.
[2019.09.17-01.54.39:106][  0]LogDerivedDataCache: Unable to find inner node Shared for hierarchical cache Hierarchy.
[2019.09.17-01.54.39:176][  0]LogMaterial: Verifying Global Shaders for PCD3D_SM5
[2019.09.17-01.54.39:179][  0]LogSlate: Using FreeType 2.6.0
[2019.09.17-01.54.39:180][  0]LogSlate: SlateFontServices - WITH_FREETYPE: 1, WITH_HARFBUZZ: 1
[2019.09.17-01.54.39:343][  0]LogAssetRegistry: FAssetRegistry took 0.0508 seconds to start up
[2019.09.17-01.54.39:736][  0]LogInit: Selected Device Profile: [Windows]
[2019.09.17-01.54.39:863][  0]LogMeshReduction: Using QuadricMeshReduction for automatic static mesh reduction
[2019.09.17-01.54.39:863][  0]LogMeshReduction: Using SimplygonMeshReduction for automatic skeletal mesh reduction
[2019.09.17-01.54.39:863][  0]LogMeshReduction: Using ProxyLODMeshReduction for automatic mesh merging
[2019.09.17-01.54.39:863][  0]LogMeshReduction: No distributed automatic mesh merging module available
[2019.09.17-01.54.39:863][  0]LogMeshMerging: No distributed automatic mesh merging module available
[2019.09.17-01.54.40:018][  0]LogNetVersion: MyProject2 1.0.0, NetCL: 5660361, EngineNetVer: 10, GameNetVer: 0 (Checksum: 4139302413)
[2019.09.17-01.54.40:563][  0]LogPackageLocalizationCache: Processed 10 localized package path(s) for 1 prioritized culture(s) in 0.086026 seconds
[2019.09.17-01.54.40:571][  0]LogUObjectArray: 42205 objects as part of root set at end of initial load.
[2019.09.17-01.54.40:571][  0]LogUObjectAllocator: 7325032 out of 0 bytes used by permanent object pool.
[2019.09.17-01.54.40:571][  0]LogUObjectArray: CloseDisregardForGC: 0/0 objects in disregard for GC pool
[2019.09.17-01.54.41:552][  0]LogTcpMessaging: Initializing TcpMessaging bridge
[2019.09.17-01.54.41:567][  0]LogUdpMessaging: Initializing bridge on interface 0.0.0.0:0 to multicast group 230.0.0.1:6666.
[2019.09.17-01.54.41:754][  0]SourceControl: Source control is disabled
[2019.09.17-01.54.41:754][  0]SourceControl: Source control is disabled
[2019.09.17-01.54.41:757][  0]SourceControl: Source control is disabled
[2019.09.17-01.54.41:758][  0]SourceControl: Source control is disabled
[2019.09.17-01.54.41:769][  0]LogVSAccessor: Display: Unable to create Visual Studio setup instance: 80040154
[2019.09.17-01.54.41:769][  0]LogVSAccessor: Display: Unable to create Visual Studio setup instance: 80040154
[2019.09.17-01.54.41:855][  0]LogAndroidPermission: UAndroidPermissionCallbackProxy::GetInstance
[2019.09.17-01.54.42:294][  0]LogOcInput: OculusInput pre-init called
[2019.09.17-01.54.43:468][  0]LogEngine: Initializing Engine...
[2019.09.17-01.54.43:469][  0]LogHMD: Failed to initialize OpenVR with code 110
[2019.09.17-01.54.43:471][  0]LogStats: UGameplayTagsManager::InitializeManager -  0.000 s
[2019.09.17-01.54.43:912][  0]LogInit: Initializing FReadOnlyCVARCache
[2019.09.17-01.54.43:941][  0]LogAIModule: Creating AISystem for world Untitled
[2019.09.17-01.54.43:960][  0]LogInit: XAudio2 using 'Speakers (Realtek(R) Audio)' : 6 channels at 48 kHz using 32 bits per sample (channel mask 0x3f)
[2019.09.17-01.54.44:339][  0]LogInit: FAudioDevice initialized.
[2019.09.17-01.54.44:339][  0]LogNetVersion: Set ProjectVersion to 1.0.0.0. Version Checksum will be recalculated on next use.
[2019.09.17-01.54.44:496][  0]LogDerivedDataCache: Saved boot cache 0.16s 71MB C:/Users/ellan/AppData/Local/UnrealEngine/4.22/DerivedDataCache/Boot.ddc.
[2019.09.17-01.54.44:518][  0]LogInit: Texture streaming: Enabled
[2019.09.17-01.54.44:565][  0]LogEngineSessionManager: EngineSessionManager initialized
[2019.09.17-01.54.44:596][  0]LogInit: Transaction tracking system initialized
[2019.09.17-01.54.44:646][  0]BlueprintLog: New page: Editor Load
[2019.09.17-01.54.44:937][  0]LocalizationService: Localization service is disabled
[2019.09.17-01.54.45:194][  0]LogVSAccessor: Display: Unable to create Visual Studio setup instance: 80040154
[2019.09.17-01.54.45:194][  0]LogVSAccessor: Display: Unable to create Visual Studio setup instance: 80040154
[2019.09.17-01.54.45:682][  0]LogFileCache: Scanning file cache for directory 'C:/Users/ellan/Documents/GitHub/3D-Platformer/MyProject2/Content/' took 0.02s
[2019.09.17-01.54.45:682][  0]LogCook: Display: Max memory allowance for cook 16384mb min free memory 0mb
[2019.09.17-01.54.45:683][  0]LogCook: Display: Mobile HDR setting 1
[2019.09.17-01.54.46:092][  0]SourceControl: Source control is disabled
[2019.09.17-01.54.46:174][  0]LogWindowsTextInputMethodSystem: Display: IME system now deactivated.
[2019.09.17-01.54.46:177][  0]LogSlate: Took 0.000467 seconds to synchronously load lazily loaded font '../../../Engine/Content/Slate/Fonts/Roboto-Regular.ttf' (155K)
[2019.09.17-01.54.48:344][  0]LogSlate: Window 'Restore Packages' being destroyed
[2019.09.17-01.54.48:345][  0]LogWindowsTextInputMethodSystem: Display: IME system now deactivated.
[2019.09.17-01.54.48:367][  0]LogWindowsTextInputMethodSystem: Display: IME system now deactivated.
[2019.09.17-01.54.48:369][  0]Cmd: MAP LOAD FILE="../../../../../Documents/GitHub/3D-Platformer/MyProject2/Content/__MyContent/Maps/Level_1.umap" TEMPLATE=0 SHOWPROGRESS=1 FEATURELEVEL=3
[2019.09.17-01.54.48:372][  0]LightingResults: New page: Lighting Build
[2019.09.17-01.54.48:380][  0]MapCheck: New page: Map Check
[2019.09.17-01.54.48:380][  0]LightingResults: New page: Lighting Build
[2019.09.17-01.54.48:421][  0]LogUObjectHash: Compacting FUObjectHashTables data took   1.91ms
[2019.09.17-01.54.48:537][  0]LogAIModule: Creating AISystem for world Level_1
[2019.09.17-01.54.48:544][  0]LogEditorServer: Finished looking for orphan Actors (0.000 secs)
[2019.09.17-01.54.48:584][  0]LogUObjectHash: Compacting FUObjectHashTables data took   2.18ms
[2019.09.17-01.54.48:585][  0]Cmd: MAP CHECKDEP NOCLEARLOG
[2019.09.17-01.54.48:585][  0]MapCheck: Map check complete: 0 Error(s), 0 Warning(s), took 0.205ms to complete.
[2019.09.17-01.54.48:585][  0]LogFileHelpers: Loading map 'Level_1' took 0.216
[2019.09.17-01.54.48:662][  0]LogSlate: Updating window title bar state: overlay mode, drag disabled, window buttons hidden, title bar hidden
[2019.09.17-01.54.48:673][  0]LogSlate: Updating window title bar state: overlay mode, drag disabled, window buttons hidden, title bar hidden
[2019.09.17-01.54.48:681][  0]LogSlate: Updating window title bar state: overlay mode, drag disabled, window buttons hidden, title bar hidden
[2019.09.17-01.54.48:688][  0]LogSlate: Updating window title bar state: overlay mode, drag disabled, window buttons hidden, title bar hidden
[2019.09.17-01.54.48:697][  0]LogCollectionManager: Loaded 0 collections in 0.002723 seconds
[2019.09.17-01.54.48:752][  0]LogFileCache: Scanning file cache for directory 'C:/Users/ellan/Documents/GitHub/3D-Platformer/MyProject2/Saved/Collections/' took 0.01s
[2019.09.17-01.54.48:752][  0]LogFileCache: Scanning file cache for directory 'C:/Users/ellan/Documents/GitHub/3D-Platformer/MyProject2/Content/Developers/ellan/Collections/' took 0.01s
[2019.09.17-01.54.48:752][  0]LogFileCache: Scanning file cache for directory 'C:/Users/ellan/Documents/GitHub/3D-Platformer/MyProject2/Content/Collections/' took 0.01s
[2019.09.17-01.54.48:752][  0]LogCollectionManager: Rebuilt the GUID cache for 0 collections in 0.000001 seconds
[2019.09.17-01.54.48:782][  0]LogContentBrowser: Native class hierarchy populated in 0.0292 seconds. Added 2732 classes and 659 folders.
[2019.09.17-01.54.48:814][  0]LogContentBrowser: Native class hierarchy updated for 'WidgetCarousel' in 0.0007 seconds. Added 0 classes and 0 folders.
[2019.09.17-01.54.48:819][  0]LogPakFile: Registered encryption key '00000000000000000000000000000000': 0 pak files mounted, 0 remain pending
[2019.09.17-01.54.48:822][  0]LogPakFile: Registered encryption key '00000000000000000000000000000000': 0 pak files mounted, 0 remain pending
[2019.09.17-01.54.48:824][  0]LogPakFile: Registered encryption key '00000000000000000000000000000000': 0 pak files mounted, 0 remain pending
[2019.09.17-01.54.48:826][  0]LogPakFile: Registered encryption key '00000000000000000000000000000000': 0 pak files mounted, 0 remain pending
[2019.09.17-01.54.48:829][  0]LogPakFile: Registered encryption key '00000000000000000000000000000000': 0 pak files mounted, 0 remain pending
[2019.09.17-01.54.48:830][  0]LogPakFile: Registered encryption key '00000000000000000000000000000000': 0 pak files mounted, 0 remain pending
[2019.09.17-01.54.48:833][  0]LogPakFile: Registered encryption key '00000000000000000000000000000000': 0 pak files mounted, 0 remain pending
[2019.09.17-01.54.48:834][  0]LogPakFile: Registered encryption key '00000000000000000000000000000000': 0 pak files mounted, 0 remain pending
[2019.09.17-01.54.48:837][  0]LogPakFile: Registered encryption key '00000000000000000000000000000000': 0 pak files mounted, 0 remain pending
[2019.09.17-01.54.48:838][  0]LogPakFile: Registered encryption key '00000000000000000000000000000000': 0 pak files mounted, 0 remain pending
[2019.09.17-01.54.48:840][  0]LogPakFile: Registered encryption key '00000000000000000000000000000000': 0 pak files mounted, 0 remain pending
[2019.09.17-01.54.48:842][  0]LogPakFile: Registered encryption key '00000000000000000000000000000000': 0 pak files mounted, 0 remain pending
[2019.09.17-01.54.48:844][  0]LogPakFile: Registered encryption key '00000000000000000000000000000000': 0 pak files mounted, 0 remain pending
[2019.09.17-01.54.48:846][  0]LogPakFile: Registered encryption key '00000000000000000000000000000000': 0 pak files mounted, 0 remain pending
[2019.09.17-01.54.48:848][  0]LogPakFile: Registered encryption key '00000000000000000000000000000000': 0 pak files mounted, 0 remain pending
[2019.09.17-01.54.48:851][  0]LogPakFile: Registered encryption key '00000000000000000000000000000000': 0 pak files mounted, 0 remain pending
[2019.09.17-01.54.48:852][  0]LogPakFile: Registered encryption key '00000000000000000000000000000000': 0 pak files mounted, 0 remain pending
[2019.09.17-01.54.48:854][  0]LogPakFile: Registered encryption key '00000000000000000000000000000000': 0 pak files mounted, 0 remain pending
[2019.09.17-01.54.48:856][  0]LogPakFile: Registered encryption key '00000000000000000000000000000000': 0 pak files mounted, 0 remain pending
[2019.09.17-01.54.48:858][  0]LogPakFile: Registered encryption key '00000000000000000000000000000000': 0 pak files mounted, 0 remain pending
[2019.09.17-01.54.48:860][  0]LogPakFile: Registered encryption key '00000000000000000000000000000000': 0 pak files mounted, 0 remain pending
[2019.09.17-01.54.48:862][  0]LogPakFile: Registered encryption key '00000000000000000000000000000000': 0 pak files mounted, 0 remain pending
[2019.09.17-01.54.48:864][  0]LogPakFile: Registered encryption key '00000000000000000000000000000000': 0 pak files mounted, 0 remain pending
[2019.09.17-01.54.48:866][  0]LogPakFile: Registered encryption key '00000000000000000000000000000000': 0 pak files mounted, 0 remain pending
[2019.09.17-01.54.48:869][  0]LogPakFile: Registered encryption key '00000000000000000000000000000000': 0 pak files mounted, 0 remain pending
[2019.09.17-01.54.48:871][  0]LogPakFile: Registered encryption key '00000000000000000000000000000000': 0 pak files mounted, 0 remain pending
[2019.09.17-01.54.48:989][  0]LogContentBrowser: Native class hierarchy updated for 'AddContentDialog' in 0.0004 seconds. Added 0 classes and 0 folders.
[2019.09.17-01.54.49:003][  0]LogContentBrowser: Native class hierarchy updated for 'SceneOutliner' in 0.0008 seconds. Added 1 classes and 2 folders.
[2019.09.17-01.54.49:208][  0]LogContentBrowser: Native class hierarchy updated for 'HierarchicalLODOutliner' in 0.0009 seconds. Added 0 classes and 0 folders.
[2019.09.17-01.54.49:209][  0]LogLoad: (Engine Initialization) Total time: 18.81 seconds
[2019.09.17-01.54.49:209][  0]LogLoad: (Engine Initialization) Total Blueprint compile time: 0.00 seconds
[2019.09.17-01.54.49:279][  0]LogAssetRegistry: Asset discovery search completed in 9.9593 seconds
[2019.09.17-01.54.49:282][  0]LogCollectionManager: Rebuilt the object cache for 0 collections in 0.000000 seconds (found 0 objects)
[2019.09.17-01.54.49:283][  0]LogCollectionManager: Fixed up redirectors for 0 collections in 0.000051 seconds (updated 0 objects)
[2019.09.17-01.54.49:284][  0]LogContentStreaming: Texture pool size now 1000 MB
[2019.09.17-01.54.49:293][  0]LogSlate: Took 0.000542 seconds to synchronously load lazily loaded font '../../../Engine/Content/Slate/Fonts/Roboto-Bold.ttf' (160K)
[2019.09.17-01.54.49:296][  0]LogSlate: Took 0.000192 seconds to synchronously load lazily loaded font '../../../Engine/Content/Editor/Slate/Fonts/FontAwesome.ttf' (139K)
[2019.09.17-01.54.49:470][  0]LogRenderer: Reallocating scene render targets to support 844x320 Format 10 NumSamples 1 (Frame:1).
[2019.09.17-01.54.49:470][  0]LogSlate: Took 0.000435 seconds to synchronously load lazily loaded font '../../../Engine/Content/Slate/Fonts/Roboto-Light.ttf' (167K)
[2019.09.17-01.54.55:343][155]LogRenderer: Reallocating scene render targets to support 844x324 Format 10 NumSamples 1 (Frame:156).
[2019.09.17-01.54.55:462][155]LogRenderer: Reallocating scene render targets to support 844x328 Format 10 NumSamples 1 (Frame:157).
[2019.09.17-01.54.55:577][155]LogRenderer: Reallocating scene render targets to support 844x332 Format 10 NumSamples 1 (Frame:158).
[2019.09.17-01.54.55:695][155]LogRenderer: Reallocating scene render targets to support 844x340 Format 10 NumSamples 1 (Frame:159).
[2019.09.17-01.54.55:779][155]LogRenderer: Reallocating scene render targets to support 844x352 Format 10 NumSamples 1 (Frame:160).
[2019.09.17-01.54.55:861][155]LogRenderer: Reallocating scene render targets to support 844x356 Format 10 NumSamples 1 (Frame:161).
[2019.09.17-01.54.55:957][155]LogRenderer: Reallocating scene render targets to support 844x360 Format 10 NumSamples 1 (Frame:162).
[2019.09.17-01.54.56:070][155]LogRenderer: Reallocating scene render targets to support 844x364 Format 10 NumSamples 1 (Frame:163).
[2019.09.17-01.54.56:164][155]LogRenderer: Reallocating scene render targets to support 844x372 Format 10 NumSamples 1 (Frame:164).
[2019.09.17-01.54.56:258][155]LogRenderer: Reallocating scene render targets to support 844x380 Format 10 NumSamples 1 (Frame:165).
[2019.09.17-01.54.58:289][224]LogSlate: FSceneViewport::OnFocusLost() reason 2
[2019.09.17-01.54.58:552][235]LogConsoleManager: Warning: Console object named 'ActorComponents.Enable' already exists but is being registered again, but we weren't expected it to be! (FConsoleManager::AddConsoleObject)
[2019.09.17-01.54.59:335][257]LogTemp: Repeating last play command: New Editor Window (PIE)
[2019.09.17-01.54.59:345][257]LogBlueprintUserMessages: Early PlayInEditor Detection: Level '/Game/__MyContent/Maps/Level_1.Level_1:PersistentLevel' has LevelScriptBlueprint '/Game/__MyContent/Maps/Level_1.Level_1:PersistentLevel.Level_1' with GeneratedClass '/Game/__MyContent/Maps/Level_1.Level_1_C' with ClassGeneratedBy '/Game/__MyContent/Maps/Level_1.Level_1:PersistentLevel.Level_1'
[2019.09.17-01.54.59:345][257]LogPlayLevel: PlayLevel: No blueprints needed recompiling
[2019.09.17-01.54.59:346][257]PIE: New page: PIE session: Level_1 (17 Sep 2019 9:54:59 pm)
[2019.09.17-01.54.59:360][257]LogPlayLevel: Creating play world package: /Game/__MyContent/Maps/UEDPIE_0_Level_1
[2019.09.17-01.54.59:363][257]LogPlayLevel: PIE: StaticDuplicateObject took: (0.003036s)
[2019.09.17-01.54.59:364][257]LogAIModule: Creating AISystem for world Level_1
[2019.09.17-01.54.59:364][257]LogPlayLevel: PIE: World Init took: (0.000782s)
[2019.09.17-01.54.59:364][257]LogPlayLevel: PIE: Created PIE world by copying editor world from /Game/__MyContent/Maps/Level_1.Level_1 to /Game/__MyContent/Maps/UEDPIE_0_Level_1.Level_1 (0.004295s)
[2019.09.17-01.54.59:409][257]LogUObjectHash: Compacting FUObjectHashTables data took   1.27ms
[2019.09.17-01.54.59:419][257]LogInit: XAudio2 using 'Speakers (Realtek(R) Audio)' : 6 channels at 48 kHz using 32 bits per sample (channel mask 0x3f)
[2019.09.17-01.54.59:711][257]LogInit: FAudioDevice initialized.
[2019.09.17-01.54.59:724][257]LogSlate: FSceneViewport::OnFocusLost() reason 2
[2019.09.17-01.54.59:742][257]LogSlate: Updating window title bar state: overlay mode, drag disabled, window buttons hidden, title bar hidden
[2019.09.17-01.54.59:836][257]LogLoad: Game class is 'GameModeBase'
[2019.09.17-01.54.59:842][257]LogWorld: Bringing World /Game/__MyContent/Maps/UEDPIE_0_Level_1.Level_1 up for play (max tick rate 60) at 2019.09.17-11.54.59
[2019.09.17-01.54.59:843][257]LogWorld: Bringing up level for play took: 0.002766
[2019.09.17-01.54.59:880][257]LogContentBrowser: Native class hierarchy updated for 'MovieSceneCapture' in 0.0008 seconds. Added 20 classes and 0 folders.
[2019.09.17-01.54.59:882][257]PIE: Play in editor start time for /Game/__MyContent/Maps/UEDPIE_0_Level_1 -0.372
[2019.09.17-01.54.59:882][257]LogBlueprintUserMessages: Late PlayInEditor Detection: Level '/Game/__MyContent/Maps/Level_1.Level_1:PersistentLevel' has LevelScriptBlueprint '/Game/__MyContent/Maps/Level_1.Level_1:PersistentLevel.Level_1' with GeneratedClass '/Game/__MyContent/Maps/Level_1.Level_1_C' with ClassGeneratedBy '/Game/__MyContent/Maps/Level_1.Level_1:PersistentLevel.Level_1'
[2019.09.17-01.54.59:960][258]LogRenderer: Reallocating scene render targets to support 1528x832 Format 10 NumSamples 1 (Frame:1).
[2019.09.17-01.55.03:593][408]LogBlueprintUserMessages: Early EndPlayMap Detection: Level '/Game/__MyContent/Maps/Level_1.Level_1:PersistentLevel' has LevelScriptBlueprint '/Game/__MyContent/Maps/Level_1.Level_1:PersistentLevel.Level_1' with GeneratedClass '/Game/__MyContent/Maps/Level_1.Level_1_C' with ClassGeneratedBy '/Game/__MyContent/Maps/Level_1.Level_1:PersistentLevel.Level_1'
[2019.09.17-01.55.03:594][408]LogSlate: Updating window title bar state: overlay mode, drag disabled, window buttons hidden, title bar hidden
[2019.09.17-01.55.03:627][408]LogSlate: Window 'MyProject2 Game Preview Standalone (64-bit/PCD3D_SM5)' being destroyed
[2019.09.17-01.55.03:700][408]LogPlayLevel: Display: Shutting down PIE online subsystems
[2019.09.17-01.55.03:701][408]LogBlueprintUserMessages: Late EndPlayMap Detection: Level '/Game/__MyContent/Maps/Level_1.Level_1:PersistentLevel' has LevelScriptBlueprint '/Game/__MyContent/Maps/Level_1.Level_1:PersistentLevel.Level_1' with GeneratedClass '/Game/__MyContent/Maps/Level_1.Level_1_C' with ClassGeneratedBy '/Game/__MyContent/Maps/Level_1.Level_1:PersistentLevel.Level_1'
[2019.09.17-01.55.03:811][408]LogUObjectHash: Compacting FUObjectHashTables data took   5.13ms
[2019.09.17-01.55.03:839][409]LogPlayLevel: Display: Destroying online subsystem :Context_1
[2019.09.17-01.55.05:101][478]LogEditorViewport: Clicking on Actor (context menu): StaticMeshActor (Floor)
[2019.09.17-01.55.05:156][478]LogSlate: FSceneViewport::OnFocusLost() reason 2
[2019.09.17-01.55.05:860][506]LogEditorViewport: Clicking on Actor (LMB): BP_Sky_Sphere_C (Sky Sphere)
[2019.09.17-01.55.06:653][552]LogEditorViewport: Clicking on Actor (context menu): BP_Sky_Sphere_C (Sky Sphere)
[2019.09.17-01.55.06:678][552]LogSlate: FSceneViewport::OnFocusLost() reason 2
[2019.09.17-01.55.22:439][350]LogSlate: Only BGRA pngs, bmps or icos are supported in by External Image Picker
[2019.09.17-01.56.04:266][478]LogUObjectHash: Compacting FUObjectHashTables data took   1.02ms
[2019.09.17-01.56.04:321][478]LogSlate: Window 'MyProject2 - Unreal Editor' being destroyed
[2019.09.17-01.56.04:323][478]LogWindowsTextInputMethodSystem: Display: IME system now deactivated.
[2019.09.17-01.56.04:643][479]Cmd: QUIT_EDITOR
[2019.09.17-01.56.05:050][479]LogExit: Preparing to exit.
[2019.09.17-01.56.05:733][479]LogExit: Editor shut down
[2019.09.17-01.56.05:733][479]LogExit: Transaction tracking system shut down
[2019.09.17-01.56.06:006][479]LogExit: Object subsystem successfully closed.
[2019.09.17-01.56.06:028][479]LogShaderCompilers: Display: Shaders left to compile 0
[2019.09.17-01.56.06:032][479]LogD3D11RHI: Shutdown
[2019.09.17-01.56.06:032][479]LogD3D11RHI: CleanupD3DDevice
[2019.09.17-01.56.06:032][479]LogRendererCore: FGlobalReadBuffer::ReleaseRHI
[2019.09.17-01.56.06:032][479]LogRendererCore: FGlobalDynamicReadBuffer::Cleanup()
[2019.09.17-01.56.06:032][479]LogRendererCore: FGlobalReadBuffer::ReleaseRHI
[2019.09.17-01.56.06:032][479]LogRendererCore: FGlobalDynamicReadBuffer::Cleanup()
[2019.09.17-01.56.06:032][479]LogRendererCore: FGlobalReadBuffer::ReleaseRHI
[2019.09.17-01.56.06:032][479]LogRendererCore: FGlobalDynamicReadBuffer::Cleanup()
[2019.09.17-01.56.06:386][479]LogD3D11RHI: ~FD3D11DynamicRHI
[2019.09.17-01.56.06:455][479]LogModuleManager: Shutting down and abandoning module ExternalImagePicker (648)
[2019.09.17-01.56.06:456][479]LogModuleManager: Shutting down and abandoning module MovieSceneCapture (646)
[2019.09.17-01.56.06:456][479]LogModuleManager: Shutting down and abandoning module Voice (644)
[2019.09.17-01.56.06:456][479]LogModuleManager: Shutting down and abandoning module HierarchicalLODOutliner (642)
[2019.09.17-01.56.06:456][479]LogModuleManager: Shutting down and abandoning module SceneOutliner (640)
[2019.09.17-01.56.06:456][479]LogModuleManager: Shutting down and abandoning module AddContentDialog (638)
[2019.09.17-01.56.06:456][479]LogModuleManager: Shutting down and abandoning module WidgetCarousel (637)
[2019.09.17-01.56.06:456][479]LogModuleManager: Shutting down and abandoning module EditorWidgets (634)
[2019.09.17-01.56.06:456][479]LogModuleManager: Shutting down and abandoning module CollectionManager (632)
[2019.09.17-01.56.06:456][479]LogModuleManager: Shutting down and abandoning module StatsViewer (630)
[2019.09.17-01.56.06:456][479]LogModuleManager: Shutting down and abandoning module FoliageEdit (628)
[2019.09.17-01.56.06:456][479]LogModuleManager: Shutting down and abandoning module LandscapeEditor (626)
[2019.09.17-01.56.06:456][479]LogModuleManager: Shutting down and abandoning module MeshPaintMode (624)
[2019.09.17-01.56.06:456][479]LogModuleManager: Shutting down and abandoning module SceneDepthPickerMode (622)
[2019.09.17-01.56.06:456][479]LogModuleManager: Shutting down and abandoning module ActorPickerMode (620)
[2019.09.17-01.56.06:456][479]LogModuleManager: Shutting down and abandoning module GeometryMode (618)
[2019.09.17-01.56.06:456][479]LogModuleManager: Shutting down and abandoning module TextureAlignMode (616)
[2019.09.17-01.56.06:456][479]LogModuleManager: Shutting down and abandoning module BspMode (614)
[2019.09.17-01.56.06:456][479]LogModuleManager: Shutting down and abandoning module PIEPreviewDeviceProfileSelector (612)
[2019.09.17-01.56.06:456][479]LogModuleManager: Shutting down and abandoning module SequenceRecorderSections (610)
[2019.09.17-01.56.06:457][479]LogModuleManager: Shutting down and abandoning module AutomationWorker (608)
[2019.09.17-01.56.06:457][479]LogModuleManager: Shutting down and abandoning module OculusMR (606)
[2019.09.17-01.56.06:457][479]LogModuleManager: Shutting down and abandoning module AudioCaptureEditor (604)
[2019.09.17-01.56.06:457][479]LogModuleManager: Shutting down and abandoning module MatineeToLevelSequence (602)
[2019.09.17-01.56.06:457][479]LogModuleManager: Shutting down and abandoning module LevelSequenceEditor (600)
[2019.09.17-01.56.06:457][479]LogModuleManager: Shutting down and abandoning module PlacementMode (599)
[2019.09.17-01.56.06:457][479]LogModuleManager: Shutting down and abandoning module MaterialEditor (598)
[2019.09.17-01.56.06:457][479]LogModuleManager: Shutting down and abandoning module ActorSequenceEditor (594)
[2019.09.17-01.56.06:457][479]LogModuleManager: Shutting down and abandoning module WmfMediaFactory (592)
[2019.09.17-01.56.06:457][479]LogModuleManager: Shutting down and abandoning module WmfMediaEditor (590)
[2019.09.17-01.56.06:457][479]LogModuleManager: Shutting down and abandoning module WebMMediaFactory (588)
[2019.09.17-01.56.06:457][479]LogModuleManager: Shutting down and abandoning module WebMMediaEditor (586)
[2019.09.17-01.56.06:457][479]LogModuleManager: Shutting down and abandoning module WebMMedia (584)
[2019.09.17-01.56.06:457][479]LogModuleManager: Shutting down and abandoning module MediaPlayerEditor (582)
[2019.09.17-01.56.06:457][479]LogModuleManager: Shutting down and abandoning module MediaCompositingEditor (580)
[2019.09.17-01.56.06:457][479]LogModuleManager: Shutting down and abandoning module SequenceRecorder (579)
[2019.09.17-01.56.06:457][479]LogModuleManager: Shutting down and abandoning module OpenExrWrapper (576)
[2019.09.17-01.56.06:457][479]LogModuleManager: Shutting down and abandoning module ImgMediaFactory (574)
[2019.09.17-01.56.06:457][479]LogModuleManager: Shutting down and abandoning module ImgMediaEditor (572)
[2019.09.17-01.56.06:457][479]LogModuleManager: Shutting down and abandoning module AvfMediaFactory (570)
[2019.09.17-01.56.06:457][479]LogModuleManager: Shutting down and abandoning module AvfMediaEditor (568)
[2019.09.17-01.56.06:457][479]LogModuleManager: Shutting down and abandoning module AndroidMediaFactory (566)
[2019.09.17-01.56.06:457][479]LogModuleManager: Shutting down and abandoning module AndroidMediaEditor (564)
[2019.09.17-01.56.06:457][479]LogModuleManager: Shutting down and abandoning module MagicLeapCameraPreviewFactory (562)
[2019.09.17-01.56.06:457][479]LogModuleManager: Shutting down and abandoning module MagicLeapMediaCodecFactory (560)
[2019.09.17-01.56.06:457][479]LogModuleManager: Shutting down and abandoning module MagicLeapMediaFactory (558)
[2019.09.17-01.56.06:457][479]LogModuleManager: Shutting down and abandoning module MagicLeapMediaEditor (556)
[2019.09.17-01.56.06:457][479]LogModuleManager: Shutting down and abandoning module CharacterAI (554)
[2019.09.17-01.56.06:457][479]LogModuleManager: Shutting down and abandoning module SmartSnapping (552)
[2019.09.17-01.56.06:457][479]LogModuleManager: Shutting down and abandoning module SessionServices (550)
[2019.09.17-01.56.06:457][479]LogModuleManager: Shutting down and abandoning module MeshPaint (548)
[2019.09.17-01.56.06:457][479]LogModuleManager: Shutting down and abandoning module ViewportSnapping (546)
[2019.09.17-01.56.06:457][479]LogModuleManager: Shutting down and abandoning module ViewportInteraction (544)
[2019.09.17-01.56.06:457][479]LogModuleManager: Shutting down and abandoning module ClothPainter (542)
[2019.09.17-01.56.06:457][479]LogModuleManager: Shutting down and abandoning module SkeletalMeshEditor (541)
[2019.09.17-01.56.06:457][479]LogModuleManager: Shutting down and abandoning module LogVisualizer (538)
[2019.09.17-01.56.06:458][479]LogModuleManager: Shutting down and abandoning module IntroTutorials (536)
[2019.09.17-01.56.06:458][479]LogModuleManager: Shutting down and abandoning module GameProjectGeneration (535)
[2019.09.17-01.56.06:458][479]LogModuleManager: Shutting down and abandoning module LuminPlatformEditor (532)
[2019.09.17-01.56.06:458][479]LogModuleManager: Shutting down and abandoning module IOSPlatformEditor (530)
[2019.09.17-01.56.06:458][479]LogModuleManager: Shutting down and abandoning module HTML5PlatformEditor (528)
[2019.09.17-01.56.06:458][479]LogModuleManager: Shutting down and abandoning module AndroidPlatformEditor (526)
[2019.09.17-01.56.06:458][479]LogModuleManager: Shutting down and abandoning module AndroidDeviceDetection (525)
[2019.09.17-01.56.07:124][479]LogModuleManager: Shutting down and abandoning module WindowsPlatformEditor (522)
[2019.09.17-01.56.07:124][479]LogModuleManager: Shutting down and abandoning module LuminRuntimeSettings (520)
[2019.09.17-01.56.07:125][479]LogModuleManager: Shutting down and abandoning module IOSRuntimeSettings (518)
[2019.09.17-01.56.07:125][479]LogModuleManager: Shutting down and abandoning module AndroidRuntimeSettings (516)
[2019.09.17-01.56.07:125][479]LogModuleManager: Shutting down and abandoning module TimeManagementEditor (514)
[2019.09.17-01.56.07:125][479]LogModuleManager: Shutting down and abandoning module InputBindingEditor (512)
[2019.09.17-01.56.07:125][479]LogModuleManager: Shutting down and abandoning module MergeActors (510)
[2019.09.17-01.56.07:125][479]LogModuleManager: Shutting down and abandoning module LocalizationDashboard (508)
[2019.09.17-01.56.07:125][479]LogModuleManager: Shutting down and abandoning module LocalizationService (507)
[2019.09.17-01.56.07:125][479]LogModuleManager: Shutting down and abandoning module HardwareTargeting (504)
[2019.09.17-01.56.07:125][479]LogModuleManager: Shutting down and abandoning module DeviceProfileEditor (502)
[2019.09.17-01.56.07:125][479]LogModuleManager: Shutting down and abandoning module UndoHistory (500)
[2019.09.17-01.56.07:125][479]LogModuleManager: Shutting down and abandoning module XmlParser (498)
[2019.09.17-01.56.07:125][479]LogModuleManager: Shutting down and abandoning module Blutility (496)
[2019.09.17-01.56.07:125][479]LogModuleManager: Shutting down and abandoning module ProjectSettingsViewer (494)
[2019.09.17-01.56.07:126][479]LogModuleManager: Shutting down and abandoning module ProjectTargetPlatformEditor (493)
[2019.09.17-01.56.07:126][479]LogModuleManager: Shutting down and abandoning module EditorSettingsViewer (490)
[2019.09.17-01.56.07:126][479]LogModuleManager: Shutting down and abandoning module SettingsEditor (488)
[2019.09.17-01.56.07:126][479]LogModuleManager: Shutting down and abandoning module ProjectLauncher (486)
[2019.09.17-01.56.07:126][479]LogModuleManager: Shutting down and abandoning module SessionFrontend (484)
[2019.09.17-01.56.07:126][479]LogModuleManager: Shutting down and abandoning module ProfilerClient (482)
[2019.09.17-01.56.07:126][479]LogModuleManager: Shutting down and abandoning module DeviceManager (480)
[2019.09.17-01.56.07:126][479]LogModuleManager: Shutting down and abandoning module TargetDeviceServices (479)
[2019.09.17-01.56.07:160][479]LogModuleManager: Shutting down and abandoning module AutomationController (476)
[2019.09.17-01.56.07:160][479]LogModuleManager: Shutting down and abandoning module AutomationWindow (474)
[2019.09.17-01.56.07:160][479]LogModuleManager: Shutting down and abandoning module Layers (472)
[2019.09.17-01.56.07:160][479]LogModuleManager: Shutting down and abandoning module ComponentVisualizers (470)
[2019.09.17-01.56.07:160][479]LogModuleManager: Shutting down and abandoning module DetailCustomizations (468)
[2019.09.17-01.56.07:160][479]LogModuleManager: Shutting down and abandoning module PackagesDialog (466)
[2019.09.17-01.56.07:160][479]LogModuleManager: Shutting down and abandoning module AnimationBlueprintEditor (464)
[2019.09.17-01.56.07:161][479]LogModuleManager: Shutting down and abandoning module Persona (462)
[2019.09.17-01.56.07:161][479]LogModuleManager: Shutting down and abandoning module AdvancedPreviewScene (461)
[2019.09.17-01.56.07:161][479]LogModuleManager: Shutting down and abandoning module AnimGraph (459)
[2019.09.17-01.56.07:161][479]LogModuleManager: Shutting down and abandoning module Kismet (456)
[2019.09.17-01.56.07:161][479]LogModuleManager: Shutting down and abandoning module GraphEditor (454)
[2019.09.17-01.56.07:162][479]LogModuleManager: Shutting down and abandoning module ClassViewer (452)
[2019.09.17-01.56.07:162][479]LogModuleManager: Shutting down and abandoning module Toolbox (450)
[2019.09.17-01.56.07:162][479]LogModuleManager: Shutting down and abandoning module ModuleUI (448)
[2019.09.17-01.56.07:162][479]LogModuleManager: Shutting down and abandoning module MovieSceneTools (446)
[2019.09.17-01.56.07:162][479]LogModuleManager: Shutting down and abandoning module OutputLog (444)
[2019.09.17-01.56.07:162][479]LogModuleManager: Shutting down and abandoning module GammaUI (442)
[2019.09.17-01.56.07:162][479]LogModuleManager: Shutting down and abandoning module Documentation (440)
[2019.09.17-01.56.07:162][479]LogModuleManager: Shutting down and abandoning module LiveCoding (438)
[2019.09.17-01.56.07:162][479]LogModuleManager: Shutting down and abandoning module LevelSequence (436)
[2019.09.17-01.56.07:162][479]LogModuleManager: Shutting down and abandoning module MovieSceneTracks (434)
[2019.09.17-01.56.07:162][479]LogModuleManager: Shutting down and abandoning module MovieScene (432)
[2019.09.17-01.56.07:162][479]LogModuleManager: Shutting down and abandoning module StreamingPauseRendering (430)
[2019.09.17-01.56.07:163][479]LogModuleManager: Shutting down and abandoning module LauncherPlatform (428)
[2019.09.17-01.56.07:163][479]LogModuleManager: Shutting down and abandoning module AnalyticsET (426)
[2019.09.17-01.56.07:163][479]LogModuleManager: Shutting down and abandoning module PortalServices (424)
[2019.09.17-01.56.07:163][479]LogModuleManager: Shutting down and abandoning module PortalRpc (422)
[2019.09.17-01.56.07:163][479]LogModuleManager: Shutting down and abandoning module MessagingRpc (420)
[2019.09.17-01.56.07:163][479]LogModuleManager: Shutting down and abandoning module AIModule (418)
[2019.09.17-01.56.07:163][479]LogModuleManager: Shutting down and abandoning module GameplayDebugger (417)
[2019.09.17-01.56.07:163][479]LogModuleManager: Shutting down and abandoning module AITestSuite (415)
[2019.09.17-01.56.07:163][479]LogModuleManager: Shutting down and abandoning module NavigationSystem (413)
[2019.09.17-01.56.07:163][479]LogModuleManager: Shutting down and abandoning module DesktopPlatform (410)
[2019.09.17-01.56.07:163][479]LogModuleManager: Shutting down and abandoning module ImageWriteQueue (408)
[2019.09.17-01.56.07:172][479]LogModuleManager: Shutting down and abandoning module ProfilerService (406)
[2019.09.17-01.56.07:418][479]LogModuleManager: Shutting down and abandoning module TaskGraph (404)
[2019.09.17-01.56.07:418][479]LogModuleManager: Shutting down and abandoning module SteamVRController (402)
[2019.09.17-01.56.07:418][479]LogModuleManager: Shutting down and abandoning module ProceduralMeshComponentEditor (400)
[2019.09.17-01.56.07:418][479]LogModuleManager: Shutting down and abandoning module ProceduralMeshComponent (398)
[2019.09.17-01.56.07:418][479]LogModuleManager: Shutting down and abandoning module OculusEditor (396)
[2019.09.17-01.56.07:418][479]LogModuleManager: Shutting down and abandoning module OculusInput (394)
[2019.09.17-01.56.07:418][479]LogModuleManager: Shutting down and abandoning module MobilePatchingUtils (392)
[2019.09.17-01.56.07:418][479]LogModuleManager: Shutting down and abandoning module EditableMesh (390)
[2019.09.17-01.56.07:418][479]LogModuleManager: Shutting down and abandoning module CustomMeshComponent (388)
[2019.09.17-01.56.07:418][479]LogModuleManager: Shutting down and abandoning module CableComponent (386)
[2019.09.17-01.56.07:418][479]LogModuleManager: Shutting down and abandoning module AudioCapture (384)
[2019.09.17-01.56.07:418][479]LogModuleManager: Shutting down and abandoning module ArchVisCharacter (382)
[2019.09.17-01.56.07:418][479]LogModuleManager: Shutting down and abandoning module AndroidPermission (380)
[2019.09.17-01.56.07:418][479]LogModuleManager: Shutting down and abandoning module NUTUnrealEngine4 (378)
[2019.09.17-01.56.07:418][479]LogModuleManager: Shutting down and abandoning module NetcodeUnitTest (376)
[2019.09.17-01.56.07:419][479]LogModuleManager: Shutting down and abandoning module MediaCompositing (374)
[2019.09.17-01.56.07:419][479]LogModuleManager: Shutting down and abandoning module LinearTimecode (372)
[2019.09.17-01.56.07:419][479]LogModuleManager: Shutting down and abandoning module ImgMedia (370)
[2019.09.17-01.56.07:419][479]LogModuleManager: Shutting down and abandoning module MagicLeapHelperVulkan (368)
[2019.09.17-01.56.07:419][479]LogModuleManager: Shutting down and abandoning module MagicLeapHelperOpenGL (366)
[2019.09.17-01.56.07:419][479]LogModuleManager: Shutting down and abandoning module MagicLeapAudio (364)
[2019.09.17-01.56.07:419][479]LogModuleManager: Shutting down and abandoning module HTML5Networking (362)
[2019.09.17-01.56.07:419][479]LogModuleManager: Shutting down and abandoning module GeometryCacheTracks (360)
[2019.09.17-01.56.07:419][479]LogModuleManager: Shutting down and abandoning module GeometryCacheSequencer (358)
[2019.09.17-01.56.07:419][479]LogModuleManager: Shutting down and abandoning module BackChannel (356)
[2019.09.17-01.56.07:419][479]LogModuleManager: Shutting down and abandoning module AppleVision (354)
[2019.09.17-01.56.07:419][479]LogModuleManager: Shutting down and abandoning module AppleImageUtilsBlueprintSupport (352)
[2019.09.17-01.56.07:419][479]LogModuleManager: Shutting down and abandoning module AppleImageUtils (350)
[2019.09.17-01.56.07:419][479]LogModuleManager: Shutting down and abandoning module AlembicImporter (348)
[2019.09.17-01.56.07:419][479]LogModuleManager: Shutting down and abandoning module AlembicLibrary (347)
[2019.09.17-01.56.07:419][479]LogModuleManager: Shutting down and abandoning module GeometryCache (346)
[2019.09.17-01.56.07:419][479]LogModuleManager: Shutting down and abandoning module GeometryCacheEd (345)
[2019.09.17-01.56.07:419][479]LogModuleManager: Shutting down and abandoning module VariantManagerContent (340)
[2019.09.17-01.56.07:419][479]LogModuleManager: Shutting down and abandoning module DatasmithContentEditor (338)
[2019.09.17-01.56.07:420][479]LogModuleManager: Shutting down and abandoning module SpeedTreeImporter (336)
[2019.09.17-01.56.07:420][479]LogModuleManager: Shutting down and abandoning module PluginBrowser (334)
[2019.09.17-01.56.07:420][479]LogModuleManager: Shutting down and abandoning module MobileLauncherProfileWizard (332)
[2019.09.17-01.56.07:420][479]LogModuleManager: Shutting down and abandoning module MaterialAnalyzer (330)
[2019.09.17-01.56.07:420][479]LogModuleManager: Shutting down and abandoning module CryptoKeysOpenSSL (328)
[2019.09.17-01.56.07:420][479]LogModuleManager: Shutting down and abandoning module CryptoKeys (326)
[2019.09.17-01.56.07:420][479]LogModuleManager: Shutting down and abandoning module VisualStudioSourceCodeAccess (324)
[2019.09.17-01.56.07:420][479]LogModuleManager: Shutting down and abandoning module VisualStudioCodeSourceCodeAccess (322)
[2019.09.17-01.56.07:420][479]LogModuleManager: Shutting down and abandoning module UObjectPlugin (320)
[2019.09.17-01.56.07:420][479]LogModuleManager: Shutting down and abandoning module SubversionSourceControl (318)
[2019.09.17-01.56.07:420][479]LogModuleManager: Shutting down and abandoning module PerforceSourceControl (316)
[2019.09.17-01.56.07:420][479]LogModuleManager: Shutting down and abandoning module GitSourceControl (314)
[2019.09.17-01.56.07:421][479]LogModuleManager: Shutting down and abandoning module SourceControl (313)
[2019.09.17-01.56.07:421][479]LogModuleManager: Shutting down and abandoning module CLionSourceCodeAccess (310)
[2019.09.17-01.56.07:421][479]LogModuleManager: Shutting down and abandoning module AnimationSharingEd (308)
[2019.09.17-01.56.07:421][479]LogModuleManager: Shutting down and abandoning module ActorLayerUtilitiesEditor (306)
[2019.09.17-01.56.07:421][479]LogModuleManager: Shutting down and abandoning module ActorLayerUtilities (304)
[2019.09.17-01.56.07:421][479]LogModuleManager: Shutting down and abandoning module LightPropagationVolumeEditor (302)
[2019.09.17-01.56.07:421][479]LogModuleManager: Shutting down and abandoning module PaperTiledImporter (300)
[2019.09.17-01.56.07:421][479]LogModuleManager: Shutting down and abandoning module PaperSpriteSheetImporter (298)
[2019.09.17-01.56.07:421][479]LogModuleManager: Shutting down and abandoning module Paper2DEditor (296)
[2019.09.17-01.56.07:421][479]LogModuleManager: Shutting down and abandoning module SignificanceManager (294)
[2019.09.17-01.56.07:421][479]LogModuleManager: Shutting down and abandoning module RuntimePhysXCooking (292)
[2019.09.17-01.56.07:421][479]LogModuleManager: Shutting down and abandoning module PhysXVehiclesEditor (290)
[2019.09.17-01.56.07:421][479]LogModuleManager: Shutting down and abandoning module PhysXVehicles (288)
[2019.09.17-01.56.07:421][479]LogModuleManager: Shutting down and abandoning module LocationServicesBPLibrary (286)
[2019.09.17-01.56.07:422][479]LogModuleManager: Shutting down and abandoning module ActorSequence (284)
[2019.09.17-01.56.07:422][479]LogModuleManager: Shutting down and abandoning module UdpMessaging (282)
[2019.09.17-01.56.07:523][479]LogModuleManager: Shutting down and abandoning module TcpMessaging (280)
[2019.09.17-01.56.07:624][479]LogModuleManager: Shutting down and abandoning module MagicLeapIdentity (278)
[2019.09.17-01.56.07:624][479]LogModuleManager: Shutting down and abandoning module MagicLeapSecureStorage (276)
[2019.09.17-01.56.07:624][479]LogModuleManager: Shutting down and abandoning module MagicLeapHandTracking (274)
[2019.09.17-01.56.07:624][479]LogModuleManager: Shutting down and abandoning module MagicLeapEyeTracker (272)
[2019.09.17-01.56.07:624][479]LogModuleManager: Shutting down and abandoning module MagicLeapController (270)
[2019.09.17-01.56.07:624][479]LogSlate: Slate User Destroyed.  User Index 0, Is Virtual User: 0
[2019.09.17-01.56.07:624][479]LogModuleManager: Shutting down and abandoning module MagicLeapAR (268)
[2019.09.17-01.56.07:624][479]LogModuleManager: Shutting down and abandoning module AugmentedReality (267)
[2019.09.17-01.56.07:624][479]LogModuleManager: Shutting down and abandoning module GameplayTagsEditor (264)
[2019.09.17-01.56.07:625][479]LogModuleManager: Shutting down and abandoning module FacialAnimationEditor (262)
[2019.09.17-01.56.07:625][479]LogModuleManager: Shutting down and abandoning module FacialAnimation (260)
[2019.09.17-01.56.07:625][479]LogModuleManager: Shutting down and abandoning module DataValidation (258)
[2019.09.17-01.56.07:625][479]LogModuleManager: Shutting down and abandoning module AssetManagerEditor (256)
[2019.09.17-01.56.07:625][479]LogModuleManager: Shutting down and abandoning module LevelEditor (255)
[2019.09.17-01.56.07:627][479]LogModuleManager: Shutting down and abandoning module PixelInspectorModule (254)
[2019.09.17-01.56.07:627][479]LogModuleManager: Shutting down and abandoning module CommonMenuExtensions (252)
[2019.09.17-01.56.07:628][479]LogModuleManager: Shutting down and abandoning module MainFrame (250)
[2019.09.17-01.56.07:628][479]LogModuleManager: Shutting down and abandoning module HotReload (249)
[2019.09.17-01.56.07:629][479]LogModuleManager: Shutting down and abandoning module ContentBrowser (245)
[2019.09.17-01.56.07:632][479]LogModuleManager: Shutting down and abandoning module TreeMap (243)
[2019.09.17-01.56.07:632][479]LogModuleManager: Shutting down and abandoning module AnimationSharing (240)
[2019.09.17-01.56.07:632][479]LogModuleManager: Shutting down and abandoning module LightPropagationVolumeRuntime (238)
[2019.09.17-01.56.07:632][479]LogModuleManager: Shutting down and abandoning module AISupportModule (236)
[2019.09.17-01.56.07:632][479]LogModuleManager: Shutting down and abandoning module Paper2D (234)
[2019.09.17-01.56.07:632][479]LogModuleManager: Shutting down and abandoning module WindowsMoviePlayer (232)
[2019.09.17-01.56.07:632][479]LogModuleManager: Shutting down and abandoning module WebMMoviePlayer (230)
[2019.09.17-01.56.07:632][479]LogModuleManager: Shutting down and abandoning module PacketHandler (228)
[2019.09.17-01.56.07:632][479]LogModuleManager: Shutting down and abandoning module ClothingSystemEditor (226)
[2019.09.17-01.56.07:632][479]LogModuleManager: Shutting down and abandoning module ClothingSystemRuntime (224)
[2019.09.17-01.56.07:632][479]LogModuleManager: Shutting down and abandoning module MediaAssets (222)
[2019.09.17-01.56.07:632][479]LogModuleManager: Shutting down and abandoning module Overlay (220)
[2019.09.17-01.56.07:632][479]LogModuleManager: Shutting down and abandoning module OverlayEditor (219)
[2019.09.17-01.56.07:632][479]LogModuleManager: Shutting down and abandoning module VREditor (216)
[2019.09.17-01.56.07:633][479]LogModuleManager: Shutting down and abandoning module StringTableEditor (214)
[2019.09.17-01.56.07:633][479]LogModuleManager: Shutting down and abandoning module GameplayTasksEditor (212)
[2019.09.17-01.56.07:633][479]LogModuleManager: Shutting down and abandoning module BehaviorTreeEditor (210)
[2019.09.17-01.56.07:633][479]LogModuleManager: Shutting down and abandoning module FunctionalTesting (208)
[2019.09.17-01.56.07:633][479]LogModuleManager: Shutting down and abandoning module CollisionAnalyzer (206)
[2019.09.17-01.56.07:633][479]LogModuleManager: Shutting down and abandoning module WorkspaceMenuStructure (205)
[2019.09.17-01.56.07:633][479]LogModuleManager: Shutting down and abandoning module UMG (202)
[2019.09.17-01.56.07:633][479]LogModuleManager: Shutting down and abandoning module UMGEditor (201)
[2019.09.17-01.56.07:634][479]LogModuleManager: Shutting down and abandoning module Sequencer (200)
[2019.09.17-01.56.07:634][479]LogModuleManager: Shutting down and abandoning module MessageLog (197)
[2019.09.17-01.56.07:634][479]LogModuleManager: Shutting down and abandoning module SlateReflector (192)
[2019.09.17-01.56.07:635][479]LogModuleManager: Shutting down and abandoning module Slate (190)
[2019.09.17-01.56.07:635][479]LogModuleManager: Shutting down and abandoning module EditorStyle (188)
[2019.09.17-01.56.07:639][479]LogModuleManager: Shutting down and abandoning module UnrealEd (186)
[2019.09.17-01.56.07:640][479]LogModuleManager: Shutting down and abandoning module MRMesh (184)
[2019.09.17-01.56.07:640][479]LogModuleManager: Shutting down and abandoning module SourceCodeAccess (182)
[2019.09.17-01.56.07:640][479]LogModuleManager: Shutting down and abandoning module HeadMountedDisplay (180)
[2019.09.17-01.56.07:640][479]LogModuleManager: Shutting down and abandoning module XAudio2 (178)
[2019.09.17-01.56.07:640][479]LogModuleManager: Shutting down and abandoning module Networking (176)
[2019.09.17-01.56.07:640][479]LogModuleManager: Shutting down and abandoning module Core (174)
[2019.09.17-01.56.07:640][479]LogModuleManager: Shutting down and abandoning module KismetCompiler (172)
[2019.09.17-01.56.07:640][479]LogModuleManager: Shutting down and abandoning module MeshUtilities (170)
[2019.09.17-01.56.07:640][479]LogModuleManager: Shutting down and abandoning module MeshMergeUtilities (169)
[2019.09.17-01.56.07:641][479]LogModuleManager: Shutting down and abandoning module MeshReductionInterface (168)
[2019.09.17-01.56.07:641][479]LogModuleManager: Shutting down and abandoning module SkeletalMeshReduction (167)
[2019.09.17-01.56.07:641][479]LogModuleManager: Shutting down and abandoning module ProxyLODMeshReduction (165)
[2019.09.17-01.56.07:641][479]LogModuleManager: Shutting down and abandoning module QuadricMeshReduction (163)
[2019.09.17-01.56.07:641][479]LogModuleManager: Shutting down and abandoning module MaterialBaking (159)
[2019.09.17-01.56.07:642][479]LogModuleManager: Shutting down and abandoning module DerivedDataCache (154)
[2019.09.17-01.56.07:707][479]LogDerivedDataCache: Shutdown
[2019.09.17-01.56.07:707][479]LogModuleManager: Shutting down and abandoning module XGEController (152)
[2019.09.17-01.56.07:707][479]LogModuleManager: Shutting down and abandoning module TargetPlatform (150)
[2019.09.17-01.56.07:707][479]LogModuleManager: Shutting down and abandoning module VulkanShaderFormat (149)
[2019.09.17-01.56.07:707][479]LogModuleManager: Shutting down and abandoning module ShaderFormatVectorVM (147)
[2019.09.17-01.56.07:707][479]LogModuleManager: Shutting down and abandoning module ShaderFormatOpenGL (145)
[2019.09.17-01.56.07:707][479]LogModuleManager: Shutting down and abandoning module ShaderFormatD3D (143)
[2019.09.17-01.56.07:707][479]LogModuleManager: Shutting down and abandoning module MetalShaderFormat (141)
[2019.09.17-01.56.07:707][479]LogModuleManager: Shutting down and abandoning module TextureFormatUncompressed (139)
[2019.09.17-01.56.07:708][479]LogModuleManager: Shutting down and abandoning module TextureFormatPVR (137)
[2019.09.17-01.56.07:708][479]LogModuleManager: Shutting down and abandoning module TextureFormatDXT (135)
[2019.09.17-01.56.07:708][479]LogModuleManager: Shutting down and abandoning module TextureFormatIntelISPCTexComp (133)
[2019.09.17-01.56.07:708][479]LogModuleManager: Shutting down and abandoning module TextureFormatASTC (131)
[2019.09.17-01.56.07:708][479]LogModuleManager: Shutting down and abandoning module ImageWrapper (130)
[2019.09.17-01.56.07:708][479]LogModuleManager: Shutting down and abandoning module TextureFormatAndroid (127)
[2019.09.17-01.56.07:708][479]LogModuleManager: Shutting down and abandoning module AudioFormatOpus (125)
[2019.09.17-01.56.07:709][479]LogModuleManager: Shutting down and abandoning module AudioFormatOgg (123)
[2019.09.17-01.56.07:709][479]LogModuleManager: Shutting down and abandoning module AudioFormatADPCM (121)
[2019.09.17-01.56.07:709][479]LogModuleManager: Shutting down and abandoning module LuminTargetPlatform (119)
[2019.09.17-01.56.07:712][479]LogModuleManager: Shutting down and abandoning module LinuxTargetPlatform (117)
[2019.09.17-01.56.07:712][479]LogModuleManager: Shutting down and abandoning module LinuxServerTargetPlatform (115)
[2019.09.17-01.56.07:712][479]LogModuleManager: Shutting down and abandoning module LinuxNoEditorTargetPlatform (113)
[2019.09.17-01.56.07:712][479]LogModuleManager: Shutting down and abandoning module LinuxClientTargetPlatform (111)
[2019.09.17-01.56.07:712][479]LogModuleManager: Shutting down and abandoning module TVOSTargetPlatform (109)
[2019.09.17-01.56.07:714][479]LogModuleManager: Shutting down and abandoning module Messaging (107)
[2019.09.17-01.56.07:714][479]LogModuleManager: Shutting down and abandoning module IOSTargetPlatform (105)
[2019.09.17-01.56.07:716][479]LogModuleManager: Shutting down and abandoning module HTML5TargetPlatform (103)
[2019.09.17-01.56.07:716][479]LogModuleManager: Shutting down and abandoning module AndroidTargetPlatform (101)
[2019.09.17-01.56.07:734][479]LogModuleManager: Shutting down and abandoning module WindowsTargetPlatform (99)
[2019.09.17-01.56.07:734][479]LogModuleManager: Shutting down and abandoning module WindowsServerTargetPlatform (97)
[2019.09.17-01.56.07:734][479]LogModuleManager: Shutting down and abandoning module WindowsNoEditorTargetPlatform (95)
[2019.09.17-01.56.07:734][479]LogModuleManager: Shutting down and abandoning module WindowsClientTargetPlatform (93)
[2019.09.17-01.56.07:734][479]LogModuleManager: Shutting down and abandoning module MacTargetPlatform (91)
[2019.09.17-01.56.07:734][479]LogModuleManager: Shutting down and abandoning module MacServerTargetPlatform (89)
[2019.09.17-01.56.07:734][479]LogModuleManager: Shutting down and abandoning module MacNoEditorTargetPlatform (87)
[2019.09.17-01.56.07:735][479]LogModuleManager: Shutting down and abandoning module MacClientTargetPlatform (85)
[2019.09.17-01.56.07:735][479]LogModuleManager: Shutting down and abandoning module AllDesktopTargetPlatform (83)
[2019.09.17-01.56.07:735][479]LogModuleManager: Shutting down and abandoning module InputCore (80)
[2019.09.17-01.56.07:735][479]LogModuleManager: Shutting down and abandoning module Settings (78)
[2019.09.17-01.56.07:735][479]LogModuleManager: Shutting down and abandoning module DirectoryWatcher (76)
[2019.09.17-01.56.07:736][479]LogModuleManager: Shutting down and abandoning module PhysXCooking (74)
[2019.09.17-01.56.07:737][479]LogModuleManager: Shutting down and abandoning module SteamVR (72)
[2019.09.17-01.56.07:737][479]LogHMD: Freeing OpenVRDLLHandle.
[2019.09.17-01.56.07:737][479]LogModuleManager: Shutting down and abandoning module OculusHMD (70)
[2019.09.17-01.56.07:737][479]LogModuleManager: Shutting down and abandoning module ExampleDeviceProfileSelector (68)
[2019.09.17-01.56.07:737][479]LogModuleManager: Shutting down and abandoning module LauncherChunkInstaller (66)
[2019.09.17-01.56.07:737][479]LogModuleManager: Shutting down and abandoning module OnlineBlueprintSupport (64)
[2019.09.17-01.56.07:737][479]LogModuleManager: Shutting down and abandoning module OnlineSubsystem (60)
[2019.09.17-01.56.07:739][479]LogModuleManager: Shutting down and abandoning module XMPP (55)
[2019.09.17-01.56.07:739][479]LogModuleManager: Shutting down and abandoning module WebSockets (54)
[2019.09.17-01.56.07:763][479]LogModuleManager: Shutting down and abandoning module HTTP (51)
[2019.09.17-01.56.07:764][479]LogHttp: Display: Http module shutting down, but needs to wait on 1 outstanding Http requests:
[2019.09.17-01.56.07:764][479]LogHttp: Display: 	verb=[POST] url=[https://datarouter.ol.epicgames.com/datarouter/api/v1/public/data?SessionID=%7BFBE3B25B-4A8A-87C3-88EF-A69FF220A881%7D&AppID=UEEditor.Rocket.Release&AppVersion=4.22.3-7053642%2B%2B%2BUE4%2BRelease-4.22&UserID=3a8ac49344d672b508376c8126610053%7Ce3fc7ebc0dd94a948bf96baf5b37e0ef%7C413838b7-f4e5-471d-be36-b559758f5568&AppEnvironment=datacollector-binary&UploadType=eteventstream] status=Processing
[2019.09.17-01.56.07:769][479]LogModuleManager: Shutting down and abandoning module SSL (50)
[2019.09.17-01.56.07:771][479]LogModuleManager: Shutting down and abandoning module WmfMedia (46)
[2019.09.17-01.56.07:773][479]LogModuleManager: Shutting down and abandoning module Media (45)
[2019.09.17-01.56.07:779][479]LogModuleManager: Shutting down and abandoning module MagicLeap (42)
[2019.09.17-01.56.07:780][479]LogModuleManager: Shutting down and abandoning module DatasmithContent (40)
[2019.09.17-01.56.07:780][479]LogModuleManager: Shutting down and abandoning module AnimationModifiers (38)
[2019.09.17-01.56.07:780][479]LogModuleManager: Shutting down and abandoning module PropertyEditor (37)
[2019.09.17-01.56.07:780][479]LogModuleManager: Shutting down and abandoning module AudioEditor (34)
[2019.09.17-01.56.07:780][479]LogModuleManager: Shutting down and abandoning module TextureCompressor (32)
[2019.09.17-01.56.07:780][479]LogModuleManager: Shutting down and abandoning module RenderCore (30)
[2019.09.17-01.56.07:781][479]LogModuleManager: Shutting down and abandoning module Landscape (28)
[2019.09.17-01.56.07:781][479]LogModuleManager: Shutting down and abandoning module SlateRHIRenderer (26)
[2019.09.17-01.56.07:781][479]LogModuleManager: Shutting down and abandoning module OpenGLDrv (24)
[2019.09.17-01.56.07:781][479]LogModuleManager: Shutting down and abandoning module D3D11RHI (22)
[2019.09.17-01.56.07:781][479]LogModuleManager: Shutting down and abandoning module AnimGraphRuntime (20)
[2019.09.17-01.56.07:781][479]LogModuleManager: Shutting down and abandoning module Renderer (18)
[2019.09.17-01.56.07:781][479]LogModuleManager: Shutting down and abandoning module Engine (16)
[2019.09.17-01.56.07:781][479]LogModuleManager: Shutting down and abandoning module CoreUObject (14)
[2019.09.17-01.56.07:781][479]LogModuleManager: Shutting down and abandoning module NetworkFile (12)
[2019.09.17-01.56.07:781][479]LogModuleManager: Shutting down and abandoning module CookedIterativeFile (10)
[2019.09.17-01.56.07:781][479]LogModuleManager: Shutting down and abandoning module StreamingFile (8)
[2019.09.17-01.56.07:781][479]LogModuleManager: Shutting down and abandoning module SandboxFile (6)
[2019.09.17-01.56.07:781][479]LogModuleManager: Shutting down and abandoning module PakFile (4)
[2019.09.17-01.56.07:781][479]LogModuleManager: Shutting down and abandoning module RSA (3)
[2019.09.17-01.56.07:793][479]LogExit: Exiting.
[2019.09.17-01.56.07:810][479]Log file closed, 09/17/19 11:56:07
